mode: set
cryptoutil/internal/shared/barrier/rootkeysservice/root_keys_service.go:33.289,34.29 1 1
cryptoutil/internal/shared/barrier/rootkeysservice/root_keys_service.go:34.29,36.3 1 1
cryptoutil/internal/shared/barrier/rootkeysservice/root_keys_service.go:36.8,36.33 1 1
cryptoutil/internal/shared/barrier/rootkeysservice/root_keys_service.go:36.33,38.3 1 1
cryptoutil/internal/shared/barrier/rootkeysservice/root_keys_service.go:38.8,38.33 1 1
cryptoutil/internal/shared/barrier/rootkeysservice/root_keys_service.go:38.33,40.3 1 1
cryptoutil/internal/shared/barrier/rootkeysservice/root_keys_service.go:40.8,40.37 1 1
cryptoutil/internal/shared/barrier/rootkeysservice/root_keys_service.go:40.37,42.3 1 1
cryptoutil/internal/shared/barrier/rootkeysservice/root_keys_service.go:44.2,45.16 2 1
cryptoutil/internal/shared/barrier/rootkeysservice/root_keys_service.go:45.16,47.3 1 1
cryptoutil/internal/shared/barrier/rootkeysservice/root_keys_service.go:49.2,49.164 1 1
cryptoutil/internal/shared/barrier/rootkeysservice/root_keys_service.go:52.211,57.162 3 1
cryptoutil/internal/shared/barrier/rootkeysservice/root_keys_service.go:57.162,60.60 2 1
cryptoutil/internal/shared/barrier/rootkeysservice/root_keys_service.go:60.60,62.4 1 0
cryptoutil/internal/shared/barrier/rootkeysservice/root_keys_service.go:64.3,64.13 1 1
cryptoutil/internal/shared/barrier/rootkeysservice/root_keys_service.go:68.2,71.40 3 1
cryptoutil/internal/shared/barrier/rootkeysservice/root_keys_service.go:71.40,73.3 1 0
cryptoutil/internal/shared/barrier/rootkeysservice/root_keys_service.go:75.2,75.35 1 1
cryptoutil/internal/shared/barrier/rootkeysservice/root_keys_service.go:75.35,79.17 3 1
cryptoutil/internal/shared/barrier/rootkeysservice/root_keys_service.go:79.17,83.4 2 0
cryptoutil/internal/shared/barrier/rootkeysservice/root_keys_service.go:85.3,88.17 3 1
cryptoutil/internal/shared/barrier/rootkeysservice/root_keys_service.go:88.17,92.4 2 1
cryptoutil/internal/shared/barrier/rootkeysservice/root_keys_service.go:94.3,98.163 3 1
cryptoutil/internal/shared/barrier/rootkeysservice/root_keys_service.go:98.163,100.4 1 1
cryptoutil/internal/shared/barrier/rootkeysservice/root_keys_service.go:101.3,101.17 1 1
cryptoutil/internal/shared/barrier/rootkeysservice/root_keys_service.go:101.17,105.4 2 0
cryptoutil/internal/shared/barrier/rootkeysservice/root_keys_service.go:107.3,107.82 1 1
cryptoutil/internal/shared/barrier/rootkeysservice/root_keys_service.go:110.2,110.12 1 1
cryptoutil/internal/shared/barrier/rootkeysservice/root_keys_service.go:114.162,116.16 2 1
cryptoutil/internal/shared/barrier/rootkeysservice/root_keys_service.go:116.16,118.3 1 0
cryptoutil/internal/shared/barrier/rootkeysservice/root_keys_service.go:120.2,123.16 3 1
cryptoutil/internal/shared/barrier/rootkeysservice/root_keys_service.go:123.16,125.3 1 0
cryptoutil/internal/shared/barrier/rootkeysservice/root_keys_service.go:127.2,128.16 2 1
cryptoutil/internal/shared/barrier/rootkeysservice/root_keys_service.go:128.16,130.3 1 0
cryptoutil/internal/shared/barrier/rootkeysservice/root_keys_service.go:132.2,132.66 1 1
cryptoutil/internal/shared/barrier/rootkeysservice/root_keys_service.go:136.153,138.16 2 1
cryptoutil/internal/shared/barrier/rootkeysservice/root_keys_service.go:138.16,140.3 1 1
cryptoutil/internal/shared/barrier/rootkeysservice/root_keys_service.go:142.2,145.16 3 1
cryptoutil/internal/shared/barrier/rootkeysservice/root_keys_service.go:145.16,147.3 1 0
cryptoutil/internal/shared/barrier/rootkeysservice/root_keys_service.go:149.2,150.16 2 1
cryptoutil/internal/shared/barrier/rootkeysservice/root_keys_service.go:150.16,152.3 1 0
cryptoutil/internal/shared/barrier/rootkeysservice/root_keys_service.go:154.2,155.16 2 1
cryptoutil/internal/shared/barrier/rootkeysservice/root_keys_service.go:155.16,157.3 1 0
cryptoutil/internal/shared/barrier/rootkeysservice/root_keys_service.go:159.2,160.16 2 1
cryptoutil/internal/shared/barrier/rootkeysservice/root_keys_service.go:160.16,162.3 1 0
cryptoutil/internal/shared/barrier/rootkeysservice/root_keys_service.go:164.2,165.16 2 1
cryptoutil/internal/shared/barrier/rootkeysservice/root_keys_service.go:165.16,167.3 1 0
cryptoutil/internal/shared/barrier/rootkeysservice/root_keys_service.go:169.2,169.38 1 1
cryptoutil/internal/shared/barrier/rootkeysservice/root_keys_service.go:173.38,178.2 4 1
cryptoutil/internal/shared/barrier/rootkeysservice/root_keys_service_test_util.go:16.279,21.2 3 0
cryptoutil/internal/shared/barrier/barrier_service.go:36.301,37.16 1 1
cryptoutil/internal/shared/barrier/barrier_service.go:37.16,39.3 1 1
cryptoutil/internal/shared/barrier/barrier_service.go:39.8,39.36 1 1
cryptoutil/internal/shared/barrier/barrier_service.go:39.36,41.3 1 1
cryptoutil/internal/shared/barrier/barrier_service.go:41.8,41.33 1 1
cryptoutil/internal/shared/barrier/barrier_service.go:41.33,43.3 1 1
cryptoutil/internal/shared/barrier/barrier_service.go:43.8,43.33 1 1
cryptoutil/internal/shared/barrier/barrier_service.go:43.33,45.3 1 1
cryptoutil/internal/shared/barrier/barrier_service.go:45.8,45.37 1 1
cryptoutil/internal/shared/barrier/barrier_service.go:45.37,47.3 1 1
cryptoutil/internal/shared/barrier/barrier_service.go:49.2,50.16 2 1
cryptoutil/internal/shared/barrier/barrier_service.go:50.16,52.3 1 0
cryptoutil/internal/shared/barrier/barrier_service.go:54.2,55.16 2 1
cryptoutil/internal/shared/barrier/barrier_service.go:55.16,59.3 2 0
cryptoutil/internal/shared/barrier/barrier_service.go:61.2,62.16 2 1
cryptoutil/internal/shared/barrier/barrier_service.go:62.16,67.3 3 0
cryptoutil/internal/shared/barrier/barrier_service.go:69.2,78.8 1 1
cryptoutil/internal/shared/barrier/barrier_service.go:82.132,83.14 1 1
cryptoutil/internal/shared/barrier/barrier_service.go:83.14,85.3 1 1
cryptoutil/internal/shared/barrier/barrier_service.go:87.2,88.16 2 1
cryptoutil/internal/shared/barrier/barrier_service.go:88.16,90.3 1 0
cryptoutil/internal/shared/barrier/barrier_service.go:92.2,92.45 1 1
cryptoutil/internal/shared/barrier/barrier_service.go:96.153,97.14 1 1
cryptoutil/internal/shared/barrier/barrier_service.go:97.14,99.3 1 1
cryptoutil/internal/shared/barrier/barrier_service.go:101.2,102.16 2 1
cryptoutil/internal/shared/barrier/barrier_service.go:102.16,104.3 1 1
cryptoutil/internal/shared/barrier/barrier_service.go:106.2,106.28 1 1
cryptoutil/internal/shared/barrier/barrier_service.go:110.37,111.27 1 1
cryptoutil/internal/shared/barrier/barrier_service.go:111.27,113.34 2 1
cryptoutil/internal/shared/barrier/barrier_service.go:113.34,116.4 2 1
cryptoutil/internal/shared/barrier/barrier_service.go:118.3,118.39 1 1
cryptoutil/internal/shared/barrier/barrier_service.go:118.39,121.4 2 1
cryptoutil/internal/shared/barrier/barrier_service.go:123.3,123.31 1 1
cryptoutil/internal/shared/barrier/barrier_service.go:123.31,126.4 2 1
cryptoutil/internal/shared/barrier/barrier_service.go:128.3,130.27 3 1
cryptoutil/internal/shared/barrier/contentkeysservice/content_keys_service.go:31.314,32.29 1 1
cryptoutil/internal/shared/barrier/contentkeysservice/content_keys_service.go:32.29,34.3 1 1
cryptoutil/internal/shared/barrier/contentkeysservice/content_keys_service.go:34.8,34.33 1 1
cryptoutil/internal/shared/barrier/contentkeysservice/content_keys_service.go:34.33,36.3 1 1
cryptoutil/internal/shared/barrier/contentkeysservice/content_keys_service.go:36.8,36.33 1 1
cryptoutil/internal/shared/barrier/contentkeysservice/content_keys_service.go:36.33,38.3 1 1
cryptoutil/internal/shared/barrier/contentkeysservice/content_keys_service.go:38.8,38.43 1 1
cryptoutil/internal/shared/barrier/contentkeysservice/content_keys_service.go:38.43,40.3 1 1
cryptoutil/internal/shared/barrier/contentkeysservice/content_keys_service.go:42.2,42.179 1 1
cryptoutil/internal/shared/barrier/contentkeysservice/content_keys_service.go:46.161,48.16 2 1
cryptoutil/internal/shared/barrier/contentkeysservice/content_keys_service.go:48.16,50.3 1 0
cryptoutil/internal/shared/barrier/contentkeysservice/content_keys_service.go:52.2,53.16 2 1
cryptoutil/internal/shared/barrier/contentkeysservice/content_keys_service.go:53.16,55.3 1 0
cryptoutil/internal/shared/barrier/contentkeysservice/content_keys_service.go:57.2,58.16 2 1
cryptoutil/internal/shared/barrier/contentkeysservice/content_keys_service.go:58.16,60.3 1 0
cryptoutil/internal/shared/barrier/contentkeysservice/content_keys_service.go:62.2,63.16 2 1
cryptoutil/internal/shared/barrier/contentkeysservice/content_keys_service.go:63.16,65.3 1 0
cryptoutil/internal/shared/barrier/contentkeysservice/content_keys_service.go:67.2,67.64 1 1
cryptoutil/internal/shared/barrier/contentkeysservice/content_keys_service.go:71.157,73.16 2 1
cryptoutil/internal/shared/barrier/contentkeysservice/content_keys_service.go:73.16,75.3 1 1
cryptoutil/internal/shared/barrier/contentkeysservice/content_keys_service.go:77.2,80.16 3 1
cryptoutil/internal/shared/barrier/contentkeysservice/content_keys_service.go:80.16,82.3 1 0
cryptoutil/internal/shared/barrier/contentkeysservice/content_keys_service.go:84.2,85.16 2 1
cryptoutil/internal/shared/barrier/contentkeysservice/content_keys_service.go:85.16,87.3 1 0
cryptoutil/internal/shared/barrier/contentkeysservice/content_keys_service.go:89.2,90.16 2 1
cryptoutil/internal/shared/barrier/contentkeysservice/content_keys_service.go:90.16,92.3 1 0
cryptoutil/internal/shared/barrier/contentkeysservice/content_keys_service.go:94.2,95.16 2 1
cryptoutil/internal/shared/barrier/contentkeysservice/content_keys_service.go:95.16,97.3 1 0
cryptoutil/internal/shared/barrier/contentkeysservice/content_keys_service.go:99.2,100.16 2 1
cryptoutil/internal/shared/barrier/contentkeysservice/content_keys_service.go:100.16,102.3 1 0
cryptoutil/internal/shared/barrier/contentkeysservice/content_keys_service.go:104.2,104.28 1 1
cryptoutil/internal/shared/barrier/contentkeysservice/content_keys_service.go:108.41,112.2 3 1
cryptoutil/internal/shared/barrier/contentkeysservice/content_keys_service_test_util.go:13.76,14.14 1 1
cryptoutil/internal/shared/barrier/contentkeysservice/content_keys_service_test_util.go:14.14,16.3 1 1
cryptoutil/internal/shared/barrier/contentkeysservice/content_keys_service_test_util.go:18.2,19.9 2 1
cryptoutil/internal/shared/barrier/contentkeysservice/content_keys_service_test_util.go:19.9,21.3 1 0
cryptoutil/internal/shared/barrier/contentkeysservice/content_keys_service_test_util.go:23.2,23.16 1 1
cryptoutil/internal/shared/barrier/contentkeysservice/content_keys_service_test_util.go:26.71,27.14 1 1
cryptoutil/internal/shared/barrier/contentkeysservice/content_keys_service_test_util.go:27.14,29.3 1 1
cryptoutil/internal/shared/barrier/contentkeysservice/content_keys_service_test_util.go:31.2,32.9 2 1
cryptoutil/internal/shared/barrier/contentkeysservice/content_keys_service_test_util.go:32.9,34.3 1 0
cryptoutil/internal/shared/barrier/contentkeysservice/content_keys_service_test_util.go:36.2,36.16 1 1
cryptoutil/internal/shared/barrier/contentkeysservice/content_keys_service_test_util.go:39.68,40.14 1 1
cryptoutil/internal/shared/barrier/contentkeysservice/content_keys_service_test_util.go:40.14,42.3 1 1
cryptoutil/internal/shared/barrier/contentkeysservice/content_keys_service_test_util.go:44.2,45.9 2 1
cryptoutil/internal/shared/barrier/contentkeysservice/content_keys_service_test_util.go:45.9,47.3 1 0
cryptoutil/internal/shared/barrier/contentkeysservice/content_keys_service_test_util.go:49.2,49.13 1 1
cryptoutil/internal/shared/barrier/contentkeysservice/content_keys_service_test_util.go:52.98,53.14 1 1
cryptoutil/internal/shared/barrier/contentkeysservice/content_keys_service_test_util.go:53.14,55.3 1 1
cryptoutil/internal/shared/barrier/contentkeysservice/content_keys_service_test_util.go:57.2,58.9 2 1
cryptoutil/internal/shared/barrier/contentkeysservice/content_keys_service_test_util.go:58.9,60.3 1 0
cryptoutil/internal/shared/barrier/contentkeysservice/content_keys_service_test_util.go:62.2,62.16 1 1
cryptoutil/internal/shared/barrier/unsealkeysservice/unseal_keys_service.go:29.89,31.16 2 1
cryptoutil/internal/shared/barrier/unsealkeysservice/unseal_keys_service.go:31.16,33.3 1 1
cryptoutil/internal/shared/barrier/unsealkeysservice/unseal_keys_service.go:33.8,33.35 1 1
cryptoutil/internal/shared/barrier/unsealkeysservice/unseal_keys_service.go:33.35,35.3 1 1
cryptoutil/internal/shared/barrier/unsealkeysservice/unseal_keys_service.go:37.2,42.43 2 1
cryptoutil/internal/shared/barrier/unsealkeysservice/unseal_keys_service.go:42.43,44.50 2 1
cryptoutil/internal/shared/barrier/unsealkeysservice/unseal_keys_service.go:44.50,46.4 1 1
cryptoutil/internal/shared/barrier/unsealkeysservice/unseal_keys_service.go:50.3,54.17 4 1
cryptoutil/internal/shared/barrier/unsealkeysservice/unseal_keys_service.go:54.17,56.4 1 0
cryptoutil/internal/shared/barrier/unsealkeysservice/unseal_keys_service.go:58.3,59.17 2 1
cryptoutil/internal/shared/barrier/unsealkeysservice/unseal_keys_service.go:59.17,61.4 1 0
cryptoutil/internal/shared/barrier/unsealkeysservice/unseal_keys_service.go:65.3,69.17 4 1
cryptoutil/internal/shared/barrier/unsealkeysservice/unseal_keys_service.go:69.17,71.4 1 0
cryptoutil/internal/shared/barrier/unsealkeysservice/unseal_keys_service.go:76.3,80.17 4 1
cryptoutil/internal/shared/barrier/unsealkeysservice/unseal_keys_service.go:80.17,82.4 1 0
cryptoutil/internal/shared/barrier/unsealkeysservice/unseal_keys_service.go:84.3,84.60 1 1
cryptoutil/internal/shared/barrier/unsealkeysservice/unseal_keys_service.go:87.2,87.31 1 1
cryptoutil/internal/shared/barrier/unsealkeysservice/unseal_keys_service.go:90.85,92.16 2 1
cryptoutil/internal/shared/barrier/unsealkeysservice/unseal_keys_service.go:92.16,94.3 1 0
cryptoutil/internal/shared/barrier/unsealkeysservice/unseal_keys_service.go:96.2,96.35 1 1
cryptoutil/internal/shared/barrier/unsealkeysservice/unseal_keys_service.go:99.94,101.16 2 1
cryptoutil/internal/shared/barrier/unsealkeysservice/unseal_keys_service.go:101.16,103.3 1 1
cryptoutil/internal/shared/barrier/unsealkeysservice/unseal_keys_service.go:105.2,105.30 1 1
cryptoutil/internal/shared/barrier/unsealkeysservice/unseal_keys_service.go:108.78,110.16 2 1
cryptoutil/internal/shared/barrier/unsealkeysservice/unseal_keys_service.go:110.16,112.3 1 1
cryptoutil/internal/shared/barrier/unsealkeysservice/unseal_keys_service.go:114.2,114.32 1 1
cryptoutil/internal/shared/barrier/unsealkeysservice/unseal_keys_service.go:117.87,119.16 2 1
cryptoutil/internal/shared/barrier/unsealkeysservice/unseal_keys_service.go:119.16,121.3 1 1
cryptoutil/internal/shared/barrier/unsealkeysservice/unseal_keys_service.go:123.2,123.27 1 1
cryptoutil/internal/shared/barrier/unsealkeysservice/unseal_keys_service_from_settings.go:27.94,29.2 1 0
cryptoutil/internal/shared/barrier/unsealkeysservice/unseal_keys_service_from_settings.go:32.103,34.2 1 0
cryptoutil/internal/shared/barrier/unsealkeysservice/unseal_keys_service_from_settings.go:37.52,39.2 1 0
cryptoutil/internal/shared/barrier/unsealkeysservice/unseal_keys_service_from_settings.go:42.224,43.22 1 1
cryptoutil/internal/shared/barrier/unsealkeysservice/unseal_keys_service_from_settings.go:43.22,45.17 2 1
cryptoutil/internal/shared/barrier/unsealkeysservice/unseal_keys_service_from_settings.go:45.17,47.4 1 0
cryptoutil/internal/shared/barrier/unsealkeysservice/unseal_keys_service_from_settings.go:49.3,52.80 3 1
cryptoutil/internal/shared/barrier/unsealkeysservice/unseal_keys_service_from_settings.go:55.2,55.34 1 1
cryptoutil/internal/shared/barrier/unsealkeysservice/unseal_keys_service_from_settings.go:55.34,57.3 1 0
cryptoutil/internal/shared/barrier/unsealkeysservice/unseal_keys_service_from_settings.go:59.2,59.9 1 1
cryptoutil/internal/shared/barrier/unsealkeysservice/unseal_keys_service_from_settings.go:60.40,61.96 1 1
cryptoutil/internal/shared/barrier/unsealkeysservice/unseal_keys_service_from_settings.go:63.53,65.22 2 1
cryptoutil/internal/shared/barrier/unsealkeysservice/unseal_keys_service_from_settings.go:65.22,67.4 1 1
cryptoutil/internal/shared/barrier/unsealkeysservice/unseal_keys_service_from_settings.go:69.3,70.17 2 1
cryptoutil/internal/shared/barrier/unsealkeysservice/unseal_keys_service_from_settings.go:70.17,72.4 1 1
cryptoutil/internal/shared/barrier/unsealkeysservice/unseal_keys_service_from_settings.go:74.3,75.17 2 1
cryptoutil/internal/shared/barrier/unsealkeysservice/unseal_keys_service_from_settings.go:75.17,77.4 1 1
cryptoutil/internal/shared/barrier/unsealkeysservice/unseal_keys_service_from_settings.go:79.3,79.32 1 1
cryptoutil/internal/shared/barrier/unsealkeysservice/unseal_keys_service_from_settings.go:79.32,81.4 1 1
cryptoutil/internal/shared/barrier/unsealkeysservice/unseal_keys_service_from_settings.go:83.3,84.17 2 1
cryptoutil/internal/shared/barrier/unsealkeysservice/unseal_keys_service_from_settings.go:84.17,86.4 1 1
cryptoutil/internal/shared/barrier/unsealkeysservice/unseal_keys_service_from_settings.go:86.9,86.37 1 1
cryptoutil/internal/shared/barrier/unsealkeysservice/unseal_keys_service_from_settings.go:86.37,88.4 1 1
cryptoutil/internal/shared/barrier/unsealkeysservice/unseal_keys_service_from_settings.go:90.3,90.61 1 1
cryptoutil/internal/shared/barrier/unsealkeysservice/unseal_keys_service_from_settings.go:91.10,93.17 2 1
cryptoutil/internal/shared/barrier/unsealkeysservice/unseal_keys_service_from_settings.go:93.17,95.4 1 1
cryptoutil/internal/shared/barrier/unsealkeysservice/unseal_keys_service_from_settings.go:97.3,97.13 1 1
cryptoutil/internal/shared/barrier/unsealkeysservice/unseal_keys_service_from_settings.go:97.13,99.4 1 1
cryptoutil/internal/shared/barrier/unsealkeysservice/unseal_keys_service_from_settings.go:101.3,102.17 2 1
cryptoutil/internal/shared/barrier/unsealkeysservice/unseal_keys_service_from_settings.go:102.17,104.4 1 1
cryptoutil/internal/shared/barrier/unsealkeysservice/unseal_keys_service_from_settings.go:104.9,104.37 1 1
cryptoutil/internal/shared/barrier/unsealkeysservice/unseal_keys_service_from_settings.go:104.37,106.4 1 1
cryptoutil/internal/shared/barrier/unsealkeysservice/unseal_keys_service_from_settings.go:108.3,110.46 2 1
cryptoutil/internal/shared/barrier/unsealkeysservice/unseal_keys_service_from_settings.go:110.46,112.18 2 1
cryptoutil/internal/shared/barrier/unsealkeysservice/unseal_keys_service_from_settings.go:112.18,114.5 1 1
cryptoutil/internal/shared/barrier/unsealkeysservice/unseal_keys_service_from_settings.go:116.4,116.40 1 1
cryptoutil/internal/shared/barrier/unsealkeysservice/unseal_keys_service_from_settings.go:119.3,119.48 1 1
cryptoutil/internal/shared/barrier/unsealkeysservice/unseal_keys_service_sharedsecrets.go:21.91,23.2 1 1
cryptoutil/internal/shared/barrier/unsealkeysservice/unseal_keys_service_sharedsecrets.go:26.100,28.2 1 1
cryptoutil/internal/shared/barrier/unsealkeysservice/unseal_keys_service_sharedsecrets.go:31.88,33.2 1 1
cryptoutil/internal/shared/barrier/unsealkeysservice/unseal_keys_service_sharedsecrets.go:36.97,38.2 1 1
cryptoutil/internal/shared/barrier/unsealkeysservice/unseal_keys_service_sharedsecrets.go:41.53,43.2 1 1
cryptoutil/internal/shared/barrier/unsealkeysservice/unseal_keys_service_sharedsecrets.go:46.105,47.27 1 1
cryptoutil/internal/shared/barrier/unsealkeysservice/unseal_keys_service_sharedsecrets.go:47.27,49.3 1 1
cryptoutil/internal/shared/barrier/unsealkeysservice/unseal_keys_service_sharedsecrets.go:51.2,52.17 2 1
cryptoutil/internal/shared/barrier/unsealkeysservice/unseal_keys_service_sharedsecrets.go:52.17,54.3 1 1
cryptoutil/internal/shared/barrier/unsealkeysservice/unseal_keys_service_sharedsecrets.go:54.8,54.67 1 1
cryptoutil/internal/shared/barrier/unsealkeysservice/unseal_keys_service_sharedsecrets.go:54.67,56.3 1 1
cryptoutil/internal/shared/barrier/unsealkeysservice/unseal_keys_service_sharedsecrets.go:56.8,56.25 1 1
cryptoutil/internal/shared/barrier/unsealkeysservice/unseal_keys_service_sharedsecrets.go:56.25,58.3 1 1
cryptoutil/internal/shared/barrier/unsealkeysservice/unseal_keys_service_sharedsecrets.go:58.8,58.24 1 1
cryptoutil/internal/shared/barrier/unsealkeysservice/unseal_keys_service_sharedsecrets.go:58.24,60.3 1 1
cryptoutil/internal/shared/barrier/unsealkeysservice/unseal_keys_service_sharedsecrets.go:60.8,60.29 1 1
cryptoutil/internal/shared/barrier/unsealkeysservice/unseal_keys_service_sharedsecrets.go:60.29,62.3 1 1
cryptoutil/internal/shared/barrier/unsealkeysservice/unseal_keys_service_sharedsecrets.go:64.2,64.46 1 1
cryptoutil/internal/shared/barrier/unsealkeysservice/unseal_keys_service_sharedsecrets.go:64.46,65.26 1 1
cryptoutil/internal/shared/barrier/unsealkeysservice/unseal_keys_service_sharedsecrets.go:65.26,67.4 1 1
cryptoutil/internal/shared/barrier/unsealkeysservice/unseal_keys_service_sharedsecrets.go:67.9,67.77 1 1
cryptoutil/internal/shared/barrier/unsealkeysservice/unseal_keys_service_sharedsecrets.go:67.77,69.4 1 1
cryptoutil/internal/shared/barrier/unsealkeysservice/unseal_keys_service_sharedsecrets.go:69.9,69.77 1 1
cryptoutil/internal/shared/barrier/unsealkeysservice/unseal_keys_service_sharedsecrets.go:69.77,71.4 1 1
cryptoutil/internal/shared/barrier/unsealkeysservice/unseal_keys_service_sharedsecrets.go:74.2,75.16 2 1
cryptoutil/internal/shared/barrier/unsealkeysservice/unseal_keys_service_sharedsecrets.go:75.16,77.3 1 0
cryptoutil/internal/shared/barrier/unsealkeysservice/unseal_keys_service_sharedsecrets.go:79.2,79.69 1 1
cryptoutil/internal/shared/barrier/unsealkeysservice/unseal_keys_service_simple.go:19.84,21.2 1 1
cryptoutil/internal/shared/barrier/unsealkeysservice/unseal_keys_service_simple.go:24.93,26.2 1 1
cryptoutil/internal/shared/barrier/unsealkeysservice/unseal_keys_service_simple.go:29.81,31.2 1 1
cryptoutil/internal/shared/barrier/unsealkeysservice/unseal_keys_service_simple.go:34.90,36.2 1 1
cryptoutil/internal/shared/barrier/unsealkeysservice/unseal_keys_service_simple.go:39.46,41.2 1 1
cryptoutil/internal/shared/barrier/unsealkeysservice/unseal_keys_service_simple.go:44.86,45.23 1 1
cryptoutil/internal/shared/barrier/unsealkeysservice/unseal_keys_service_simple.go:45.23,47.3 1 1
cryptoutil/internal/shared/barrier/unsealkeysservice/unseal_keys_service_simple.go:47.8,47.33 1 1
cryptoutil/internal/shared/barrier/unsealkeysservice/unseal_keys_service_simple.go:47.33,49.3 1 1
cryptoutil/internal/shared/barrier/unsealkeysservice/unseal_keys_service_simple.go:51.2,51.62 1 1
cryptoutil/internal/shared/barrier/unsealkeysservice/unseal_keys_service_simple_test_util.go:12.74,14.2 1 0
cryptoutil/internal/shared/barrier/unsealkeysservice/unseal_keys_service_sysinfo.go:24.89,26.2 1 1
cryptoutil/internal/shared/barrier/unsealkeysservice/unseal_keys_service_sysinfo.go:29.98,31.2 1 1
cryptoutil/internal/shared/barrier/unsealkeysservice/unseal_keys_service_sysinfo.go:34.86,36.2 1 1
cryptoutil/internal/shared/barrier/unsealkeysservice/unseal_keys_service_sysinfo.go:39.95,41.2 1 1
cryptoutil/internal/shared/barrier/unsealkeysservice/unseal_keys_service_sysinfo.go:44.51,46.2 1 1
cryptoutil/internal/shared/barrier/unsealkeysservice/unseal_keys_service_sysinfo.go:49.126,51.16 2 1
cryptoutil/internal/shared/barrier/unsealkeysservice/unseal_keys_service_sysinfo.go:51.16,53.3 1 0
cryptoutil/internal/shared/barrier/unsealkeysservice/unseal_keys_service_sysinfo.go:55.2,56.22 2 1
cryptoutil/internal/shared/barrier/unsealkeysservice/unseal_keys_service_sysinfo.go:56.22,58.3 1 0
cryptoutil/internal/shared/barrier/unsealkeysservice/unseal_keys_service_sysinfo.go:60.2,61.22 2 1
cryptoutil/internal/shared/barrier/unsealkeysservice/unseal_keys_service_sysinfo.go:61.22,63.3 1 0
cryptoutil/internal/shared/barrier/unsealkeysservice/unseal_keys_service_sysinfo.go:63.8,65.3 1 1
cryptoutil/internal/shared/barrier/unsealkeysservice/unseal_keys_service_sysinfo.go:67.2,68.16 2 1
cryptoutil/internal/shared/barrier/unsealkeysservice/unseal_keys_service_sysinfo.go:68.16,70.3 1 0
cryptoutil/internal/shared/barrier/unsealkeysservice/unseal_keys_service_sysinfo.go:72.2,72.67 1 1
cryptoutil/internal/shared/barrier/unsealkeysservice/unseal_keys_service_sysinfo_test_util.go:14.55,20.2 4 1
cryptoutil/internal/shared/barrier/intermediatekeysservice/intermediate_keys_service.go:35.300,36.29 1 1
cryptoutil/internal/shared/barrier/intermediatekeysservice/intermediate_keys_service.go:36.29,38.3 1 1
cryptoutil/internal/shared/barrier/intermediatekeysservice/intermediate_keys_service.go:38.8,38.33 1 1
cryptoutil/internal/shared/barrier/intermediatekeysservice/intermediate_keys_service.go:38.33,40.3 1 1
cryptoutil/internal/shared/barrier/intermediatekeysservice/intermediate_keys_service.go:40.8,40.33 1 1
cryptoutil/internal/shared/barrier/intermediatekeysservice/intermediate_keys_service.go:40.33,42.3 1 1
cryptoutil/internal/shared/barrier/intermediatekeysservice/intermediate_keys_service.go:42.8,42.35 1 1
cryptoutil/internal/shared/barrier/intermediatekeysservice/intermediate_keys_service.go:42.35,44.3 1 1
cryptoutil/internal/shared/barrier/intermediatekeysservice/intermediate_keys_service.go:46.2,47.16 2 1
cryptoutil/internal/shared/barrier/intermediatekeysservice/intermediate_keys_service.go:47.16,49.3 1 0
cryptoutil/internal/shared/barrier/intermediatekeysservice/intermediate_keys_service.go:51.2,51.168 1 1
cryptoutil/internal/shared/barrier/intermediatekeysservice/intermediate_keys_service.go:54.214,59.162 3 1
cryptoutil/internal/shared/barrier/intermediatekeysservice/intermediate_keys_service.go:59.162,62.60 2 1
cryptoutil/internal/shared/barrier/intermediatekeysservice/intermediate_keys_service.go:62.60,64.4 1 0
cryptoutil/internal/shared/barrier/intermediatekeysservice/intermediate_keys_service.go:66.3,66.13 1 1
cryptoutil/internal/shared/barrier/intermediatekeysservice/intermediate_keys_service.go:70.2,73.40 3 1
cryptoutil/internal/shared/barrier/intermediatekeysservice/intermediate_keys_service.go:73.40,75.3 1 0
cryptoutil/internal/shared/barrier/intermediatekeysservice/intermediate_keys_service.go:77.2,77.43 1 1
cryptoutil/internal/shared/barrier/intermediatekeysservice/intermediate_keys_service.go:77.43,81.17 3 1
cryptoutil/internal/shared/barrier/intermediatekeysservice/intermediate_keys_service.go:81.17,85.4 2 0
cryptoutil/internal/shared/barrier/intermediatekeysservice/intermediate_keys_service.go:87.3,93.163 4 1
cryptoutil/internal/shared/barrier/intermediatekeysservice/intermediate_keys_service.go:93.163,95.18 2 1
cryptoutil/internal/shared/barrier/intermediatekeysservice/intermediate_keys_service.go:95.18,99.5 2 0
cryptoutil/internal/shared/barrier/intermediatekeysservice/intermediate_keys_service.go:101.4,106.18 4 1
cryptoutil/internal/shared/barrier/intermediatekeysservice/intermediate_keys_service.go:106.18,110.5 2 0
cryptoutil/internal/shared/barrier/intermediatekeysservice/intermediate_keys_service.go:112.4,114.14 2 1
cryptoutil/internal/shared/barrier/intermediatekeysservice/intermediate_keys_service.go:116.3,116.17 1 1
cryptoutil/internal/shared/barrier/intermediatekeysservice/intermediate_keys_service.go:116.17,120.4 2 0
cryptoutil/internal/shared/barrier/intermediatekeysservice/intermediate_keys_service.go:122.3,122.98 1 1
cryptoutil/internal/shared/barrier/intermediatekeysservice/intermediate_keys_service.go:125.2,125.12 1 1
cryptoutil/internal/shared/barrier/intermediatekeysservice/intermediate_keys_service.go:129.165,131.16 2 1
cryptoutil/internal/shared/barrier/intermediatekeysservice/intermediate_keys_service.go:131.16,133.3 1 0
cryptoutil/internal/shared/barrier/intermediatekeysservice/intermediate_keys_service.go:135.2,138.16 3 1
cryptoutil/internal/shared/barrier/intermediatekeysservice/intermediate_keys_service.go:138.16,140.3 1 0
cryptoutil/internal/shared/barrier/intermediatekeysservice/intermediate_keys_service.go:142.2,143.16 2 1
cryptoutil/internal/shared/barrier/intermediatekeysservice/intermediate_keys_service.go:143.16,145.3 1 0
cryptoutil/internal/shared/barrier/intermediatekeysservice/intermediate_keys_service.go:147.2,147.69 1 1
cryptoutil/internal/shared/barrier/intermediatekeysservice/intermediate_keys_service.go:151.156,153.16 2 1
cryptoutil/internal/shared/barrier/intermediatekeysservice/intermediate_keys_service.go:153.16,155.3 1 1
cryptoutil/internal/shared/barrier/intermediatekeysservice/intermediate_keys_service.go:157.2,160.16 3 1
cryptoutil/internal/shared/barrier/intermediatekeysservice/intermediate_keys_service.go:160.16,162.3 1 0
cryptoutil/internal/shared/barrier/intermediatekeysservice/intermediate_keys_service.go:164.2,165.16 2 1
cryptoutil/internal/shared/barrier/intermediatekeysservice/intermediate_keys_service.go:165.16,167.3 1 0
cryptoutil/internal/shared/barrier/intermediatekeysservice/intermediate_keys_service.go:170.2,171.16 2 1
cryptoutil/internal/shared/barrier/intermediatekeysservice/intermediate_keys_service.go:171.16,173.3 1 0
cryptoutil/internal/shared/barrier/intermediatekeysservice/intermediate_keys_service.go:175.2,176.16 2 1
cryptoutil/internal/shared/barrier/intermediatekeysservice/intermediate_keys_service.go:176.16,178.3 1 0
cryptoutil/internal/shared/barrier/intermediatekeysservice/intermediate_keys_service.go:180.2,181.16 2 1
cryptoutil/internal/shared/barrier/intermediatekeysservice/intermediate_keys_service.go:181.16,183.3 1 0
cryptoutil/internal/shared/barrier/intermediatekeysservice/intermediate_keys_service.go:185.2,185.33 1 1
cryptoutil/internal/shared/barrier/intermediatekeysservice/intermediate_keys_service.go:189.46,194.2 4 1
cryptoutil/internal/shared/barrier/intermediatekeysservice/intermediate_keys_service_test_util.go:16.282,21.2 3 0
cryptoutil/internal/shared/barrier/intermediatekeysservice/intermediate_keys_service_test_util.go:24.76,25.14 1 1
cryptoutil/internal/shared/barrier/intermediatekeysservice/intermediate_keys_service_test_util.go:25.14,27.3 1 1
cryptoutil/internal/shared/barrier/intermediatekeysservice/intermediate_keys_service_test_util.go:29.2,30.9 2 1
cryptoutil/internal/shared/barrier/intermediatekeysservice/intermediate_keys_service_test_util.go:30.9,32.3 1 0
cryptoutil/internal/shared/barrier/intermediatekeysservice/intermediate_keys_service_test_util.go:34.2,34.16 1 1
cryptoutil/internal/shared/barrier/intermediatekeysservice/intermediate_keys_service_test_util.go:37.71,38.14 1 1
cryptoutil/internal/shared/barrier/intermediatekeysservice/intermediate_keys_service_test_util.go:38.14,40.3 1 1
cryptoutil/internal/shared/barrier/intermediatekeysservice/intermediate_keys_service_test_util.go:42.2,43.9 2 1
cryptoutil/internal/shared/barrier/intermediatekeysservice/intermediate_keys_service_test_util.go:43.9,45.3 1 0
cryptoutil/internal/shared/barrier/intermediatekeysservice/intermediate_keys_service_test_util.go:47.2,47.16 1 1
cryptoutil/internal/shared/barrier/intermediatekeysservice/intermediate_keys_service_test_util.go:50.68,51.14 1 1
cryptoutil/internal/shared/barrier/intermediatekeysservice/intermediate_keys_service_test_util.go:51.14,53.3 1 1
cryptoutil/internal/shared/barrier/intermediatekeysservice/intermediate_keys_service_test_util.go:55.2,56.9 2 1
cryptoutil/internal/shared/barrier/intermediatekeysservice/intermediate_keys_service_test_util.go:56.9,58.3 1 0
cryptoutil/internal/shared/barrier/intermediatekeysservice/intermediate_keys_service_test_util.go:60.2,60.13 1 1
cryptoutil/internal/shared/barrier/intermediatekeysservice/intermediate_keys_service_test_util.go:63.74,64.14 1 1
cryptoutil/internal/shared/barrier/intermediatekeysservice/intermediate_keys_service_test_util.go:64.14,66.3 1 1
cryptoutil/internal/shared/barrier/intermediatekeysservice/intermediate_keys_service_test_util.go:68.2,69.9 2 1
cryptoutil/internal/shared/barrier/intermediatekeysservice/intermediate_keys_service_test_util.go:69.9,71.3 1 0
cryptoutil/internal/shared/barrier/intermediatekeysservice/intermediate_keys_service_test_util.go:73.2,73.16 1 1
