mode: set
cryptoutil/internal/apps/cipher/im/repository/message_recipient_jwk_repository.go:26.151,31.2 1 1
cryptoutil/internal/apps/cipher/im/repository/message_recipient_jwk_repository.go:35.146,36.138 1 1
cryptoutil/internal/apps/cipher/im/repository/message_recipient_jwk_repository.go:36.138,38.3 1 1
cryptoutil/internal/apps/cipher/im/repository/message_recipient_jwk_repository.go:40.2,40.12 1 1
cryptoutil/internal/apps/cipher/im/repository/message_recipient_jwk_repository.go:45.187,50.49 2 1
cryptoutil/internal/apps/cipher/im/repository/message_recipient_jwk_repository.go:50.49,52.3 1 1
cryptoutil/internal/apps/cipher/im/repository/message_recipient_jwk_repository.go:54.2,54.34 1 1
cryptoutil/internal/apps/cipher/im/repository/message_recipient_jwk_repository.go:59.165,64.49 2 1
cryptoutil/internal/apps/cipher/im/repository/message_recipient_jwk_repository.go:64.49,66.3 1 0
cryptoutil/internal/apps/cipher/im/repository/message_recipient_jwk_repository.go:68.2,68.34 1 1
cryptoutil/internal/apps/cipher/im/repository/message_recipient_jwk_repository.go:72.95,73.184 1 1
cryptoutil/internal/apps/cipher/im/repository/message_recipient_jwk_repository.go:73.184,75.3 1 0
cryptoutil/internal/apps/cipher/im/repository/message_recipient_jwk_repository.go:77.2,77.12 1 1
cryptoutil/internal/apps/cipher/im/repository/message_recipient_jwk_repository.go:81.113,84.81 1 1
cryptoutil/internal/apps/cipher/im/repository/message_recipient_jwk_repository.go:84.81,86.3 1 0
cryptoutil/internal/apps/cipher/im/repository/message_recipient_jwk_repository.go:88.2,88.12 1 1
cryptoutil/internal/apps/cipher/im/repository/message_repository.go:24.59,26.2 1 1
cryptoutil/internal/apps/cipher/im/repository/message_repository.go:29.110,30.126 1 1
cryptoutil/internal/apps/cipher/im/repository/message_repository.go:30.126,32.3 1 1
cryptoutil/internal/apps/cipher/im/repository/message_repository.go:34.2,34.12 1 1
cryptoutil/internal/apps/cipher/im/repository/message_repository.go:38.126,40.140 2 1
cryptoutil/internal/apps/cipher/im/repository/message_repository.go:40.140,42.3 1 1
cryptoutil/internal/apps/cipher/im/repository/message_repository.go:44.2,44.22 1 1
cryptoutil/internal/apps/cipher/im/repository/message_repository.go:49.145,59.37 2 1
cryptoutil/internal/apps/cipher/im/repository/message_repository.go:59.37,61.3 1 0
cryptoutil/internal/apps/cipher/im/repository/message_repository.go:63.2,63.22 1 1
cryptoutil/internal/apps/cipher/im/repository/message_repository.go:67.94,71.71 1 1
cryptoutil/internal/apps/cipher/im/repository/message_repository.go:71.71,73.3 1 0
cryptoutil/internal/apps/cipher/im/repository/message_repository.go:75.2,75.12 1 1
cryptoutil/internal/apps/cipher/im/repository/message_repository.go:79.83,80.172 1 1
cryptoutil/internal/apps/cipher/im/repository/message_repository.go:80.172,82.3 1 0
cryptoutil/internal/apps/cipher/im/repository/message_repository.go:84.2,84.12 1 1
cryptoutil/internal/apps/cipher/im/repository/migrations.go:46.55,49.16 2 1
cryptoutil/internal/apps/cipher/im/repository/migrations.go:49.16,51.3 1 1
cryptoutil/internal/apps/cipher/im/repository/migrations.go:54.2,55.16 2 1
cryptoutil/internal/apps/cipher/im/repository/migrations.go:55.16,57.3 1 1
cryptoutil/internal/apps/cipher/im/repository/migrations.go:59.2,59.18 1 1
cryptoutil/internal/apps/cipher/im/repository/migrations.go:62.64,68.16 3 1
cryptoutil/internal/apps/cipher/im/repository/migrations.go:68.16,70.3 1 1
cryptoutil/internal/apps/cipher/im/repository/migrations.go:73.2,74.16 2 1
cryptoutil/internal/apps/cipher/im/repository/migrations.go:74.16,76.3 1 1
cryptoutil/internal/apps/cipher/im/repository/migrations.go:78.2,78.23 1 1
cryptoutil/internal/apps/cipher/im/repository/migrations.go:78.23,80.3 1 0
cryptoutil/internal/apps/cipher/im/repository/migrations.go:82.2,82.21 1 1
cryptoutil/internal/apps/cipher/im/repository/migrations.go:85.58,88.16 2 1
cryptoutil/internal/apps/cipher/im/repository/migrations.go:88.16,90.3 1 1
cryptoutil/internal/apps/cipher/im/repository/migrations.go:93.2,94.16 2 1
cryptoutil/internal/apps/cipher/im/repository/migrations.go:94.16,96.3 1 1
cryptoutil/internal/apps/cipher/im/repository/migrations.go:98.2,98.18 1 1
cryptoutil/internal/apps/cipher/im/repository/migrations.go:101.59,104.16 2 1
cryptoutil/internal/apps/cipher/im/repository/migrations.go:104.16,106.3 1 1
cryptoutil/internal/apps/cipher/im/repository/migrations.go:109.2,110.16 2 1
cryptoutil/internal/apps/cipher/im/repository/migrations.go:110.16,112.3 1 1
cryptoutil/internal/apps/cipher/im/repository/migrations.go:114.2,114.18 1 1
cryptoutil/internal/apps/cipher/im/repository/migrations.go:119.36,124.2 1 1
cryptoutil/internal/apps/cipher/im/repository/migrations.go:141.69,145.49 2 1
cryptoutil/internal/apps/cipher/im/repository/migrations.go:145.49,147.3 1 0
cryptoutil/internal/apps/cipher/im/repository/migrations.go:149.2,149.12 1 1
cryptoutil/internal/apps/cipher/im/repository/user_repository.go:24.53,26.2 1 1
cryptoutil/internal/apps/cipher/im/repository/user_repository.go:29.118,30.123 1 1
cryptoutil/internal/apps/cipher/im/repository/user_repository.go:30.123,32.3 1 1
cryptoutil/internal/apps/cipher/im/repository/user_repository.go:34.2,34.12 1 1
cryptoutil/internal/apps/cipher/im/repository/user_repository.go:38.137,40.137 2 1
cryptoutil/internal/apps/cipher/im/repository/user_repository.go:40.137,42.3 1 1
cryptoutil/internal/apps/cipher/im/repository/user_repository.go:44.2,44.19 1 1
cryptoutil/internal/apps/cipher/im/repository/user_repository.go:48.140,50.149 2 1
cryptoutil/internal/apps/cipher/im/repository/user_repository.go:50.149,52.3 1 1
cryptoutil/internal/apps/cipher/im/repository/user_repository.go:54.2,54.19 1 1
cryptoutil/internal/apps/cipher/im/repository/user_repository.go:58.118,59.121 1 1
cryptoutil/internal/apps/cipher/im/repository/user_repository.go:59.121,61.3 1 0
cryptoutil/internal/apps/cipher/im/repository/user_repository.go:63.2,63.12 1 1
cryptoutil/internal/apps/cipher/im/repository/user_repository.go:67.80,68.186 1 1
cryptoutil/internal/apps/cipher/im/repository/user_repository.go:68.186,70.3 1 0
cryptoutil/internal/apps/cipher/im/repository/user_repository.go:72.2,72.12 1 1
cryptoutil/internal/apps/cipher/im/repository/user_repository_adapter.go:24.76,26.2 1 1
cryptoutil/internal/apps/cipher/im/repository/user_repository_adapter.go:30.125,33.9 2 1
cryptoutil/internal/apps/cipher/im/repository/user_repository_adapter.go:33.9,35.67 1 0
cryptoutil/internal/apps/cipher/im/repository/user_repository_adapter.go:38.2,38.41 1 1
cryptoutil/internal/apps/cipher/im/repository/user_repository_adapter.go:43.147,45.16 2 1
cryptoutil/internal/apps/cipher/im/repository/user_repository_adapter.go:45.16,47.3 1 1
cryptoutil/internal/apps/cipher/im/repository/user_repository_adapter.go:49.2,49.18 1 1
cryptoutil/internal/apps/cipher/im/repository/user_repository_adapter.go:54.144,56.16 2 1
cryptoutil/internal/apps/cipher/im/repository/user_repository_adapter.go:56.16,58.3 1 1
cryptoutil/internal/apps/cipher/im/repository/user_repository_adapter.go:60.2,60.18 1 1
