mode: set
cryptoutil/internal/shared/barrier/contentkeysservice/content_keys_service.go:31.314,32.29 1 1
cryptoutil/internal/shared/barrier/contentkeysservice/content_keys_service.go:32.29,34.3 1 1
cryptoutil/internal/shared/barrier/contentkeysservice/content_keys_service.go:34.8,34.33 1 1
cryptoutil/internal/shared/barrier/contentkeysservice/content_keys_service.go:34.33,36.3 1 1
cryptoutil/internal/shared/barrier/contentkeysservice/content_keys_service.go:36.8,36.33 1 1
cryptoutil/internal/shared/barrier/contentkeysservice/content_keys_service.go:36.33,38.3 1 1
cryptoutil/internal/shared/barrier/contentkeysservice/content_keys_service.go:38.8,38.43 1 1
cryptoutil/internal/shared/barrier/contentkeysservice/content_keys_service.go:38.43,40.3 1 1
cryptoutil/internal/shared/barrier/contentkeysservice/content_keys_service.go:42.2,42.179 1 1
cryptoutil/internal/shared/barrier/contentkeysservice/content_keys_service.go:46.161,48.16 2 1
cryptoutil/internal/shared/barrier/contentkeysservice/content_keys_service.go:48.16,50.3 1 0
cryptoutil/internal/shared/barrier/contentkeysservice/content_keys_service.go:52.2,53.16 2 1
cryptoutil/internal/shared/barrier/contentkeysservice/content_keys_service.go:53.16,55.3 1 0
cryptoutil/internal/shared/barrier/contentkeysservice/content_keys_service.go:57.2,58.16 2 1
cryptoutil/internal/shared/barrier/contentkeysservice/content_keys_service.go:58.16,60.3 1 0
cryptoutil/internal/shared/barrier/contentkeysservice/content_keys_service.go:62.2,63.16 2 1
cryptoutil/internal/shared/barrier/contentkeysservice/content_keys_service.go:63.16,65.3 1 0
cryptoutil/internal/shared/barrier/contentkeysservice/content_keys_service.go:67.2,67.64 1 1
cryptoutil/internal/shared/barrier/contentkeysservice/content_keys_service.go:71.157,73.16 2 1
cryptoutil/internal/shared/barrier/contentkeysservice/content_keys_service.go:73.16,75.3 1 1
cryptoutil/internal/shared/barrier/contentkeysservice/content_keys_service.go:77.2,80.16 3 1
cryptoutil/internal/shared/barrier/contentkeysservice/content_keys_service.go:80.16,82.3 1 0
cryptoutil/internal/shared/barrier/contentkeysservice/content_keys_service.go:84.2,85.16 2 1
cryptoutil/internal/shared/barrier/contentkeysservice/content_keys_service.go:85.16,87.3 1 0
cryptoutil/internal/shared/barrier/contentkeysservice/content_keys_service.go:89.2,90.16 2 1
cryptoutil/internal/shared/barrier/contentkeysservice/content_keys_service.go:90.16,92.3 1 0
cryptoutil/internal/shared/barrier/contentkeysservice/content_keys_service.go:94.2,95.16 2 1
cryptoutil/internal/shared/barrier/contentkeysservice/content_keys_service.go:95.16,97.3 1 0
cryptoutil/internal/shared/barrier/contentkeysservice/content_keys_service.go:99.2,100.16 2 1
cryptoutil/internal/shared/barrier/contentkeysservice/content_keys_service.go:100.16,102.3 1 0
cryptoutil/internal/shared/barrier/contentkeysservice/content_keys_service.go:104.2,104.28 1 1
cryptoutil/internal/shared/barrier/contentkeysservice/content_keys_service.go:108.41,112.2 3 1
cryptoutil/internal/shared/barrier/contentkeysservice/content_keys_service_test_util.go:13.76,14.14 1 1
cryptoutil/internal/shared/barrier/contentkeysservice/content_keys_service_test_util.go:14.14,16.3 1 1
cryptoutil/internal/shared/barrier/contentkeysservice/content_keys_service_test_util.go:18.2,19.9 2 1
cryptoutil/internal/shared/barrier/contentkeysservice/content_keys_service_test_util.go:19.9,21.3 1 0
cryptoutil/internal/shared/barrier/contentkeysservice/content_keys_service_test_util.go:23.2,23.16 1 1
cryptoutil/internal/shared/barrier/contentkeysservice/content_keys_service_test_util.go:26.71,27.14 1 1
cryptoutil/internal/shared/barrier/contentkeysservice/content_keys_service_test_util.go:27.14,29.3 1 1
cryptoutil/internal/shared/barrier/contentkeysservice/content_keys_service_test_util.go:31.2,32.9 2 1
cryptoutil/internal/shared/barrier/contentkeysservice/content_keys_service_test_util.go:32.9,34.3 1 0
cryptoutil/internal/shared/barrier/contentkeysservice/content_keys_service_test_util.go:36.2,36.16 1 1
cryptoutil/internal/shared/barrier/contentkeysservice/content_keys_service_test_util.go:39.68,40.14 1 1
cryptoutil/internal/shared/barrier/contentkeysservice/content_keys_service_test_util.go:40.14,42.3 1 1
cryptoutil/internal/shared/barrier/contentkeysservice/content_keys_service_test_util.go:44.2,45.9 2 1
cryptoutil/internal/shared/barrier/contentkeysservice/content_keys_service_test_util.go:45.9,47.3 1 0
cryptoutil/internal/shared/barrier/contentkeysservice/content_keys_service_test_util.go:49.2,49.13 1 1
cryptoutil/internal/shared/barrier/contentkeysservice/content_keys_service_test_util.go:52.98,53.14 1 1
cryptoutil/internal/shared/barrier/contentkeysservice/content_keys_service_test_util.go:53.14,55.3 1 1
cryptoutil/internal/shared/barrier/contentkeysservice/content_keys_service_test_util.go:57.2,58.9 2 1
cryptoutil/internal/shared/barrier/contentkeysservice/content_keys_service_test_util.go:58.9,60.3 1 0
cryptoutil/internal/shared/barrier/contentkeysservice/content_keys_service_test_util.go:62.2,62.16 1 1
