mode: set
cryptoutil/internal/common/util/cached_getters.go:5.81,8.12 2 0
cryptoutil/internal/common/util/cached_getters.go:8.12,9.22 1 0
cryptoutil/internal/common/util/cached_getters.go:9.22,11.4 1 0
cryptoutil/internal/common/util/cached_getters.go:13.3,13.15 1 0
cryptoutil/internal/common/util/cached_getters.go:16.2,16.21 1 0
cryptoutil/internal/common/util/cached_getters.go:16.21,18.3 1 0
cryptoutil/internal/common/util/cached_getters.go:20.2,20.14 1 0
cryptoutil/internal/common/util/cached_getters.go:23.108,28.12 3 0
cryptoutil/internal/common/util/cached_getters.go:28.12,29.22 1 0
cryptoutil/internal/common/util/cached_getters.go:29.22,31.4 1 0
cryptoutil/internal/common/util/cached_getters.go:33.3,33.20 1 0
cryptoutil/internal/common/util/cached_getters.go:36.2,36.21 1 0
cryptoutil/internal/common/util/cached_getters.go:36.21,38.3 1 0
cryptoutil/internal/common/util/cached_getters.go:40.2,40.19 1 0
cryptoutil/internal/common/util/files.go:9.59,10.25 1 0
cryptoutil/internal/common/util/files.go:10.25,12.3 1 0
cryptoutil/internal/common/util/files.go:14.2,14.37 1 0
cryptoutil/internal/common/util/files.go:14.37,16.21 2 0
cryptoutil/internal/common/util/files.go:16.21,18.4 1 0
cryptoutil/internal/common/util/files.go:21.2,23.37 2 0
cryptoutil/internal/common/util/files.go:23.37,27.17 3 0
cryptoutil/internal/common/util/files.go:27.17,29.4 1 0
cryptoutil/internal/common/util/files.go:31.3,31.54 1 0
cryptoutil/internal/common/util/files.go:34.2,34.27 1 0
cryptoutil/internal/common/util/files.go:37.53,39.16 2 0
cryptoutil/internal/common/util/files.go:39.16,41.3 1 0
cryptoutil/internal/common/util/files.go:43.2,43.22 1 0
cryptoutil/internal/common/util/files.go:46.97,47.25 1 0
cryptoutil/internal/common/util/files.go:47.25,49.3 1 0
cryptoutil/internal/common/util/files.go:49.8,49.43 1 0
cryptoutil/internal/common/util/files.go:49.43,51.3 1 0
cryptoutil/internal/common/util/files.go:53.2,53.37 1 0
cryptoutil/internal/common/util/files.go:53.37,55.21 2 0
cryptoutil/internal/common/util/files.go:55.21,57.4 1 0
cryptoutil/internal/common/util/files.go:60.2,62.37 2 0
cryptoutil/internal/common/util/files.go:62.37,66.17 3 0
cryptoutil/internal/common/util/files.go:66.17,68.4 1 0
cryptoutil/internal/common/util/files.go:70.3,70.54 1 0
cryptoutil/internal/common/util/files.go:73.2,73.27 1 0
cryptoutil/internal/common/util/files.go:76.74,77.19 1 0
cryptoutil/internal/common/util/files.go:77.19,80.3 1 0
cryptoutil/internal/common/util/files.go:83.2,84.16 2 0
cryptoutil/internal/common/util/files.go:84.16,86.3 1 0
cryptoutil/internal/common/util/files.go:88.2,88.15 1 0
cryptoutil/internal/common/util/files.go:88.15,89.48 1 0
cryptoutil/internal/common/util/files.go:89.48,92.4 1 0
cryptoutil/internal/common/util/files.go:96.2,97.16 2 0
cryptoutil/internal/common/util/files.go:97.16,99.3 1 0
cryptoutil/internal/common/util/files.go:102.2,103.32 2 0
cryptoutil/internal/common/util/files.go:103.32,105.3 1 0
cryptoutil/internal/common/util/files.go:108.2,111.16 3 0
cryptoutil/internal/common/util/files.go:111.16,113.3 1 0
cryptoutil/internal/common/util/files.go:115.2,115.24 1 0
cryptoutil/internal/common/util/random.go:10.49,14.16 3 0
cryptoutil/internal/common/util/random.go:14.16,16.3 1 0
cryptoutil/internal/common/util/random.go:18.2,18.54 1 0
cryptoutil/internal/common/util/random.go:21.53,25.16 3 0
cryptoutil/internal/common/util/random.go:25.16,27.3 1 0
cryptoutil/internal/common/util/random.go:29.2,29.19 1 0
cryptoutil/internal/common/util/random.go:32.70,33.15 1 1
cryptoutil/internal/common/util/random.go:33.15,35.3 1 1
cryptoutil/internal/common/util/random.go:35.8,35.28 1 1
cryptoutil/internal/common/util/random.go:35.28,37.3 1 1
cryptoutil/internal/common/util/random.go:39.2,42.16 3 1
cryptoutil/internal/common/util/random.go:42.16,44.3 1 0
cryptoutil/internal/common/util/random.go:46.2,48.23 2 1
cryptoutil/internal/common/util/random.go:48.23,51.3 2 1
cryptoutil/internal/common/util/random.go:53.2,53.20 1 1
cryptoutil/internal/common/util/random.go:56.40,58.25 2 0
cryptoutil/internal/common/util/random.go:58.25,60.3 1 0
cryptoutil/internal/common/util/random.go:62.2,62.17 1 0
cryptoutil/internal/common/util/random.go:65.48,67.27 2 0
cryptoutil/internal/common/util/random.go:67.27,69.3 1 0
cryptoutil/internal/common/util/random.go:71.2,71.15 1 0
cryptoutil/internal/common/util/random.go:74.56,77.27 2 0
cryptoutil/internal/common/util/random.go:77.27,78.15 1 0
cryptoutil/internal/common/util/random.go:78.15,80.4 1 0
cryptoutil/internal/common/util/random.go:83.2,83.15 1 0
cryptoutil/internal/common/util/random.go:86.39,91.2 3 0
cryptoutil/internal/common/util/random.go:93.39,98.2 3 0
cryptoutil/internal/common/util/random.go:100.39,105.2 3 0
cryptoutil/internal/common/util/random.go:109.40,113.2 1 0
cryptoutil/internal/common/util/random.go:117.40,121.2 1 0
cryptoutil/internal/common/util/random.go:125.40,129.2 1 0
cryptoutil/internal/common/util/random.go:131.37,135.2 1 0
cryptoutil/internal/common/util/random.go:137.37,141.2 1 0
cryptoutil/internal/common/util/random.go:143.37,147.2 1 0
cryptoutil/internal/common/util/slice.go:3.55,4.32 1 0
cryptoutil/internal/common/util/slice.go:4.32,5.24 1 0
cryptoutil/internal/common/util/slice.go:5.24,7.4 1 0
cryptoutil/internal/common/util/slice.go:10.2,10.14 1 0
cryptoutil/internal/common/util/uuid.go:11.64,12.42 1 0
cryptoutil/internal/common/util/uuid.go:12.42,12.69 1 0
cryptoutil/internal/common/util/uuid.go:15.49,17.16 2 0
cryptoutil/internal/common/util/uuid.go:17.16,19.3 1 0
cryptoutil/internal/common/util/uuid.go:21.2,21.21 1 0
cryptoutil/internal/common/util/uuid.go:24.61,25.17 1 0
cryptoutil/internal/common/util/uuid.go:25.17,27.3 1 0
cryptoutil/internal/common/util/uuid.go:27.8,27.36 1 0
cryptoutil/internal/common/util/uuid.go:27.36,29.3 1 0
cryptoutil/internal/common/util/uuid.go:29.8,29.36 1 0
cryptoutil/internal/common/util/uuid.go:29.36,31.3 1 0
cryptoutil/internal/common/util/uuid.go:33.2,33.12 1 0
cryptoutil/internal/common/util/uuid.go:36.64,37.18 1 0
cryptoutil/internal/common/util/uuid.go:37.18,39.3 1 0
cryptoutil/internal/common/util/uuid.go:39.8,39.28 1 0
cryptoutil/internal/common/util/uuid.go:39.28,41.3 1 0
cryptoutil/internal/common/util/uuid.go:43.2,43.29 1 0
cryptoutil/internal/common/util/uuid.go:43.29,44.50 1 0
cryptoutil/internal/common/util/uuid.go:44.50,46.4 1 0
cryptoutil/internal/common/util/uuid.go:49.2,49.12 1 0
cryptoutil/internal/common/util/yml_json.go:10.42,12.16 2 1
cryptoutil/internal/common/util/yml_json.go:12.16,14.3 1 1
cryptoutil/internal/common/util/yml_json.go:16.2,16.27 1 1
cryptoutil/internal/common/util/yml_json.go:19.42,21.16 2 1
cryptoutil/internal/common/util/yml_json.go:21.16,23.3 1 1
cryptoutil/internal/common/util/yml_json.go:25.2,25.27 1 1
cryptoutil/internal/common/util/yml_json.go:28.39,30.59 2 1
cryptoutil/internal/common/util/yml_json.go:30.59,32.3 1 1
cryptoutil/internal/common/util/yml_json.go:34.2,34.20 1 1
cryptoutil/internal/common/util/yml_json.go:37.39,39.59 2 1
cryptoutil/internal/common/util/yml_json.go:39.59,41.3 1 1
cryptoutil/internal/common/util/yml_json.go:43.2,43.20 1 1
cryptoutil/internal/common/util/yml_json.go:46.45,48.16 2 1
cryptoutil/internal/common/util/yml_json.go:48.16,50.3 1 1
cryptoutil/internal/common/util/yml_json.go:52.2,52.33 1 1
cryptoutil/internal/common/util/yml_json.go:55.45,57.16 2 1
cryptoutil/internal/common/util/yml_json.go:57.16,59.3 1 1
cryptoutil/internal/common/util/yml_json.go:61.2,61.33 1 1
