mode: set
cryptoutil/internal/common/crypto/asn1/der_pem.go:21.45,22.35 1 0
cryptoutil/internal/common/crypto/asn1/der_pem.go:23.27,26.32 2 0
cryptoutil/internal/common/crypto/asn1/der_pem.go:26.32,28.18 2 0
cryptoutil/internal/common/crypto/asn1/der_pem.go:28.18,30.5 1 0
cryptoutil/internal/common/crypto/asn1/der_pem.go:32.4,32.49 1 0
cryptoutil/internal/common/crypto/asn1/der_pem.go:35.3,35.27 1 0
cryptoutil/internal/common/crypto/asn1/der_pem.go:36.10,37.55 1 0
cryptoutil/internal/common/crypto/asn1/der_pem.go:41.44,44.34 2 0
cryptoutil/internal/common/crypto/asn1/der_pem.go:45.27,46.32 1 0
cryptoutil/internal/common/crypto/asn1/der_pem.go:46.32,48.18 2 0
cryptoutil/internal/common/crypto/asn1/der_pem.go:48.18,50.5 1 0
cryptoutil/internal/common/crypto/asn1/der_pem.go:52.4,52.49 1 0
cryptoutil/internal/common/crypto/asn1/der_pem.go:55.3,55.27 1 0
cryptoutil/internal/common/crypto/asn1/der_pem.go:56.10,57.54 1 0
cryptoutil/internal/common/crypto/asn1/der_pem.go:61.41,63.16 2 1
cryptoutil/internal/common/crypto/asn1/der_pem.go:63.16,65.3 1 0
cryptoutil/internal/common/crypto/asn1/der_pem.go:67.2,69.22 2 1
cryptoutil/internal/common/crypto/asn1/der_pem.go:72.49,73.32 1 1
cryptoutil/internal/common/crypto/asn1/der_pem.go:74.80,76.17 2 1
cryptoutil/internal/common/crypto/asn1/der_pem.go:76.17,78.4 1 0
cryptoutil/internal/common/crypto/asn1/der_pem.go:80.3,80.76 1 1
cryptoutil/internal/common/crypto/asn1/der_pem.go:81.76,83.17 2 1
cryptoutil/internal/common/crypto/asn1/der_pem.go:83.17,85.4 1 0
cryptoutil/internal/common/crypto/asn1/der_pem.go:87.3,87.73 1 1
cryptoutil/internal/common/crypto/asn1/der_pem.go:88.25,89.69 1 1
cryptoutil/internal/common/crypto/asn1/der_pem.go:90.32,91.61 1 0
cryptoutil/internal/common/crypto/asn1/der_pem.go:92.14,94.10 2 0
cryptoutil/internal/common/crypto/asn1/der_pem.go:94.10,96.4 1 0
cryptoutil/internal/common/crypto/asn1/der_pem.go:98.3,98.62 1 0
cryptoutil/internal/common/crypto/asn1/der_pem.go:99.10,100.61 1 0
cryptoutil/internal/common/crypto/asn1/der_pem.go:104.60,109.18 3 1
cryptoutil/internal/common/crypto/asn1/der_pem.go:110.52,111.46 1 1
cryptoutil/internal/common/crypto/asn1/der_pem.go:112.50,113.44 1 1
cryptoutil/internal/common/crypto/asn1/der_pem.go:114.50,115.46 1 0
cryptoutil/internal/common/crypto/asn1/der_pem.go:116.49,117.45 1 0
cryptoutil/internal/common/crypto/asn1/der_pem.go:118.49,119.43 1 0
cryptoutil/internal/common/crypto/asn1/der_pem.go:120.48,121.42 1 1
cryptoutil/internal/common/crypto/asn1/der_pem.go:122.40,123.49 1 0
cryptoutil/internal/common/crypto/asn1/der_pem.go:124.46,125.24 1 0
cryptoutil/internal/common/crypto/asn1/der_pem.go:126.10,127.61 1 0
cryptoutil/internal/common/crypto/asn1/der_pem.go:130.2,130.16 1 1
cryptoutil/internal/common/crypto/asn1/der_pem.go:130.16,132.3 1 0
cryptoutil/internal/common/crypto/asn1/der_pem.go:134.2,134.17 1 1
cryptoutil/internal/common/crypto/asn1/der_pem.go:137.52,138.35 1 0
cryptoutil/internal/common/crypto/asn1/der_pem.go:138.35,140.17 2 0
cryptoutil/internal/common/crypto/asn1/der_pem.go:140.17,142.4 1 0
cryptoutil/internal/common/crypto/asn1/der_pem.go:145.2,145.45 1 0
cryptoutil/internal/common/crypto/asn1/der_pem.go:148.43,152.18 3 1
cryptoutil/internal/common/crypto/asn1/der_pem.go:152.18,154.3 1 0
cryptoutil/internal/common/crypto/asn1/der_pem.go:156.2,156.43 1 1
cryptoutil/internal/common/crypto/asn1/der_pem.go:159.44,161.16 2 0
cryptoutil/internal/common/crypto/asn1/der_pem.go:161.16,163.3 1 0
cryptoutil/internal/common/crypto/asn1/der_pem.go:165.2,165.28 1 0
cryptoutil/internal/common/crypto/asn1/der_pem.go:168.52,170.16 2 0
cryptoutil/internal/common/crypto/asn1/der_pem.go:170.16,172.3 1 0
cryptoutil/internal/common/crypto/asn1/der_pem.go:174.2,175.16 2 0
cryptoutil/internal/common/crypto/asn1/der_pem.go:175.16,177.3 1 0
cryptoutil/internal/common/crypto/asn1/der_pem.go:179.2,179.26 1 0
cryptoutil/internal/common/crypto/asn1/der_pem.go:182.47,184.16 2 0
cryptoutil/internal/common/crypto/asn1/der_pem.go:184.16,186.3 1 0
cryptoutil/internal/common/crypto/asn1/der_pem.go:188.2,191.16 3 0
cryptoutil/internal/common/crypto/asn1/der_pem.go:191.16,193.3 1 0
cryptoutil/internal/common/crypto/asn1/der_pem.go:195.2,196.16 2 0
cryptoutil/internal/common/crypto/asn1/der_pem.go:196.16,198.3 1 0
cryptoutil/internal/common/crypto/asn1/der_pem.go:200.2,200.12 1 0
cryptoutil/internal/common/crypto/asn1/der_pem.go:203.47,205.16 2 0
cryptoutil/internal/common/crypto/asn1/der_pem.go:205.16,207.3 1 0
cryptoutil/internal/common/crypto/asn1/der_pem.go:209.2,212.16 3 0
cryptoutil/internal/common/crypto/asn1/der_pem.go:212.16,214.3 1 0
cryptoutil/internal/common/crypto/asn1/der_pem.go:216.2,217.16 2 0
cryptoutil/internal/common/crypto/asn1/der_pem.go:217.16,219.3 1 0
cryptoutil/internal/common/crypto/asn1/der_pem.go:221.2,221.12 1 0
