mode: set
cryptoutil/internal/server/application/application_basic.go:19.125,23.16 3 1
cryptoutil/internal/server/application/application_basic.go:23.16,25.3 1 0
cryptoutil/internal/server/application/application_basic.go:27.2,30.16 3 1
cryptoutil/internal/server/application/application_basic.go:30.16,35.3 3 0
cryptoutil/internal/server/application/application_basic.go:37.2,40.16 3 1
cryptoutil/internal/server/application/application_basic.go:40.16,45.3 3 0
cryptoutil/internal/server/application/application_basic.go:47.2,49.36 2 1
cryptoutil/internal/server/application/application_basic.go:52.52,53.16 1 0
cryptoutil/internal/server/application/application_basic.go:53.16,54.32 1 0
cryptoutil/internal/server/application/application_basic.go:54.32,56.4 1 0
cryptoutil/internal/server/application/application_basic.go:58.3,58.29 1 0
cryptoutil/internal/server/application/application_basic.go:58.29,60.4 1 0
cryptoutil/internal/server/application/application_basic.go:62.3,62.33 1 0
cryptoutil/internal/server/application/application_basic.go:62.33,64.4 1 0
cryptoutil/internal/server/application/application_basic.go:66.3,66.32 1 0
cryptoutil/internal/server/application/application_basic.go:66.32,68.4 1 0
cryptoutil/internal/server/application/application_core.go:23.123,25.16 2 1
cryptoutil/internal/server/application/application_core.go:25.16,27.3 1 0
cryptoutil/internal/server/application/application_core.go:29.2,36.16 6 1
cryptoutil/internal/server/application/application_core.go:36.16,41.3 3 0
cryptoutil/internal/server/application/application_core.go:43.2,46.16 3 1
cryptoutil/internal/server/application/application_core.go:46.16,51.3 3 0
cryptoutil/internal/server/application/application_core.go:53.2,56.16 3 1
cryptoutil/internal/server/application/application_core.go:56.16,61.3 3 0
cryptoutil/internal/server/application/application_core.go:63.2,66.16 3 1
cryptoutil/internal/server/application/application_core.go:66.16,71.3 3 0
cryptoutil/internal/server/application/application_core.go:73.2,75.35 2 1
cryptoutil/internal/server/application/application_core.go:78.51,79.16 1 0
cryptoutil/internal/server/application/application_core.go:79.16,80.55 1 0
cryptoutil/internal/server/application/application_core.go:80.55,82.4 1 0
cryptoutil/internal/server/application/application_core.go:84.3,84.30 1 0
cryptoutil/internal/server/application/application_core.go:84.30,86.4 1 0
cryptoutil/internal/server/application/application_core.go:88.3,88.29 1 0
cryptoutil/internal/server/application/application_core.go:88.29,90.4 1 0
cryptoutil/internal/server/application/application_core.go:92.3,92.29 1 0
cryptoutil/internal/server/application/application_core.go:92.29,94.4 1 0
cryptoutil/internal/server/application/application_core.go:96.3,96.38 1 0
cryptoutil/internal/server/application/application_core.go:96.38,98.4 1 0
cryptoutil/internal/server/application/application_init.go:28.60,32.16 3 0
cryptoutil/internal/server/application/application_init.go:32.16,34.3 1 0
cryptoutil/internal/server/application/application_init.go:35.2,38.16 3 0
cryptoutil/internal/server/application/application_init.go:38.16,40.3 1 0
cryptoutil/internal/server/application/application_init.go:42.2,42.12 1 0
cryptoutil/internal/server/application/application_init.go:45.189,47.16 2 1
cryptoutil/internal/server/application/application_init.go:47.16,49.3 1 0
cryptoutil/internal/server/application/application_init.go:51.2,52.16 2 1
cryptoutil/internal/server/application/application_init.go:52.16,54.3 1 0
cryptoutil/internal/server/application/application_init.go:56.2,57.16 2 1
cryptoutil/internal/server/application/application_init.go:57.16,59.3 1 0
cryptoutil/internal/server/application/application_init.go:61.2,62.16 2 1
cryptoutil/internal/server/application/application_init.go:62.16,64.3 1 0
cryptoutil/internal/server/application/application_init.go:66.2,66.29 1 1
cryptoutil/internal/server/application/application_init.go:69.205,73.16 3 1
cryptoutil/internal/server/application/application_init.go:73.16,75.3 1 0
cryptoutil/internal/server/application/application_init.go:77.2,78.16 2 1
cryptoutil/internal/server/application/application_init.go:78.16,80.3 1 0
cryptoutil/internal/server/application/application_init.go:83.2,84.16 2 1
cryptoutil/internal/server/application/application_init.go:84.16,86.3 1 0
cryptoutil/internal/server/application/application_init.go:88.2,88.56 1 1
cryptoutil/internal/server/application/application_init.go:88.56,90.77 2 1
cryptoutil/internal/server/application/application_init.go:90.77,92.4 1 0
cryptoutil/internal/server/application/application_init.go:96.2,97.16 2 1
cryptoutil/internal/server/application/application_init.go:97.16,99.3 1 0
cryptoutil/internal/server/application/application_init.go:101.2,102.16 2 1
cryptoutil/internal/server/application/application_init.go:102.16,104.3 1 0
cryptoutil/internal/server/application/application_init.go:106.2,107.16 2 1
cryptoutil/internal/server/application/application_init.go:107.16,109.3 1 0
cryptoutil/internal/server/application/application_init.go:111.2,111.39 1 1
cryptoutil/internal/server/application/application_listener.go:67.91,72.16 4 1
cryptoutil/internal/server/application/application_listener.go:72.16,74.3 1 0
cryptoutil/internal/server/application/application_listener.go:76.2,76.20 1 1
cryptoutil/internal/server/application/application_listener.go:79.92,84.16 4 1
cryptoutil/internal/server/application/application_listener.go:84.16,86.3 1 0
cryptoutil/internal/server/application/application_listener.go:88.2,88.20 1 1
cryptoutil/internal/server/application/application_listener.go:91.83,96.16 4 0
cryptoutil/internal/server/application/application_listener.go:96.16,98.3 1 0
cryptoutil/internal/server/application/application_listener.go:100.2,100.12 1 0
cryptoutil/internal/server/application/application_listener.go:104.110,108.16 3 1
cryptoutil/internal/server/application/application_listener.go:108.16,110.3 1 0
cryptoutil/internal/server/application/application_listener.go:112.2,116.131 3 1
cryptoutil/internal/server/application/application_listener.go:116.131,118.17 2 1
cryptoutil/internal/server/application/application_listener.go:118.17,120.4 1 0
cryptoutil/internal/server/application/application_listener.go:122.3,123.17 2 1
cryptoutil/internal/server/application/application_listener.go:123.17,125.4 1 0
cryptoutil/internal/server/application/application_listener.go:127.3,128.17 2 1
cryptoutil/internal/server/application/application_listener.go:128.17,130.4 1 0
cryptoutil/internal/server/application/application_listener.go:132.3,151.4 2 1
cryptoutil/internal/server/application/application_listener.go:155.2,173.48 9 1
cryptoutil/internal/server/application/application_listener.go:173.48,175.3 1 1
cryptoutil/internal/server/application/application_listener.go:179.2,190.47 11 1
cryptoutil/internal/server/application/application_listener.go:190.47,192.3 1 1
cryptoutil/internal/server/application/application_listener.go:195.2,198.97 2 1
cryptoutil/internal/server/application/application_listener.go:198.97,201.36 2 0
cryptoutil/internal/server/application/application_listener.go:201.36,202.17 1 0
cryptoutil/internal/server/application/application_listener.go:202.17,205.5 2 0
cryptoutil/internal/server/application/application_listener.go:208.3,208.51 1 0
cryptoutil/internal/server/application/application_listener.go:213.2,214.16 2 1
cryptoutil/internal/server/application/application_listener.go:214.16,219.3 3 0
cryptoutil/internal/server/application/application_listener.go:221.2,227.16 3 1
cryptoutil/internal/server/application/application_listener.go:227.16,232.3 3 0
cryptoutil/internal/server/application/application_listener.go:234.2,234.70 1 1
cryptoutil/internal/server/application/application_listener.go:234.70,238.3 2 1
cryptoutil/internal/server/application/application_listener.go:239.2,239.63 1 1
cryptoutil/internal/server/application/application_listener.go:239.63,250.17 3 1
cryptoutil/internal/server/application/application_listener.go:250.17,252.4 1 0
cryptoutil/internal/server/application/application_listener.go:254.3,254.43 1 1
cryptoutil/internal/server/application/application_listener.go:254.43,256.4 1 0
cryptoutil/internal/server/application/application_listener.go:258.3,258.13 1 1
cryptoutil/internal/server/application/application_listener.go:260.2,260.98 1 1
cryptoutil/internal/server/application/application_listener.go:260.98,267.3 1 0
cryptoutil/internal/server/application/application_listener.go:270.2,293.16 11 1
cryptoutil/internal/server/application/application_listener.go:293.16,297.3 2 0
cryptoutil/internal/server/application/application_listener.go:299.2,300.16 2 1
cryptoutil/internal/server/application/application_listener.go:300.16,301.58 1 0
cryptoutil/internal/server/application/application_listener.go:301.58,303.4 1 0
cryptoutil/internal/server/application/application_listener.go:305.3,307.71 2 0
cryptoutil/internal/server/application/application_listener.go:311.2,312.9 2 1
cryptoutil/internal/server/application/application_listener.go:312.9,314.3 1 0
cryptoutil/internal/server/application/application_listener.go:316.2,316.52 1 1
cryptoutil/internal/server/application/application_listener.go:316.52,318.3 1 0
cryptoutil/internal/server/application/application_listener.go:320.2,323.9 3 1
cryptoutil/internal/server/application/application_listener.go:323.9,325.3 1 0
cryptoutil/internal/server/application/application_listener.go:327.2,327.54 1 1
cryptoutil/internal/server/application/application_listener.go:327.54,329.3 1 0
cryptoutil/internal/server/application/application_listener.go:331.2,353.8 6 1
cryptoutil/internal/server/application/application_listener.go:356.275,357.16 1 1
cryptoutil/internal/server/application/application_listener.go:357.16,363.13 3 1
cryptoutil/internal/server/application/application_listener.go:363.13,368.83 3 1
cryptoutil/internal/server/application/application_listener.go:368.83,372.5 2 1
cryptoutil/internal/server/application/application_listener.go:372.10,374.5 1 0
cryptoutil/internal/server/application/application_listener.go:376.4,376.18 1 0
cryptoutil/internal/server/application/application_listener.go:376.18,378.5 1 0
cryptoutil/internal/server/application/application_listener.go:380.4,380.68 1 0
cryptoutil/internal/server/application/application_listener.go:383.3,387.80 3 1
cryptoutil/internal/server/application/application_listener.go:387.80,391.4 2 1
cryptoutil/internal/server/application/application_listener.go:391.9,393.4 1 0
cryptoutil/internal/server/application/application_listener.go:395.3,395.17 1 0
cryptoutil/internal/server/application/application_listener.go:395.17,397.4 1 0
cryptoutil/internal/server/application/application_listener.go:399.3,399.66 1 0
cryptoutil/internal/server/application/application_listener.go:403.214,404.16 1 1
cryptoutil/internal/server/application/application_listener.go:404.16,405.75 1 0
cryptoutil/internal/server/application/application_listener.go:405.75,407.4 1 0
cryptoutil/internal/server/application/application_listener.go:409.3,412.28 3 0
cryptoutil/internal/server/application/application_listener.go:412.28,415.74 2 0
cryptoutil/internal/server/application/application_listener.go:415.74,417.5 1 0
cryptoutil/internal/server/application/application_listener.go:420.3,420.29 1 0
cryptoutil/internal/server/application/application_listener.go:420.29,423.75 2 0
cryptoutil/internal/server/application/application_listener.go:423.75,425.5 1 0
cryptoutil/internal/server/application/application_listener.go:429.3,429.28 1 0
cryptoutil/internal/server/application/application_listener.go:429.28,430.49 1 0
cryptoutil/internal/server/application/application_listener.go:430.49,432.5 1 0
cryptoutil/internal/server/application/application_listener.go:435.3,435.29 1 0
cryptoutil/internal/server/application/application_listener.go:435.29,436.50 1 0
cryptoutil/internal/server/application/application_listener.go:436.50,438.5 1 0
cryptoutil/internal/server/application/application_listener.go:441.3,441.35 1 0
cryptoutil/internal/server/application/application_listener.go:445.113,446.16 1 1
cryptoutil/internal/server/application/application_listener.go:446.16,453.3 5 1
cryptoutil/internal/server/application/application_listener.go:456.148,464.2 1 1
cryptoutil/internal/server/application/application_listener.go:466.149,469.34 2 1
cryptoutil/internal/server/application/application_listener.go:469.34,470.49 1 1
cryptoutil/internal/server/application/application_listener.go:470.49,472.23 2 1
cryptoutil/internal/server/application/application_listener.go:472.23,474.5 1 0
cryptoutil/internal/server/application/application_listener.go:474.10,477.29 2 1
cryptoutil/internal/server/application/application_listener.go:477.29,479.6 1 0
cryptoutil/internal/server/application/application_listener.go:484.2,486.36 2 1
cryptoutil/internal/server/application/application_listener.go:486.36,487.53 1 1
cryptoutil/internal/server/application/application_listener.go:487.53,489.18 2 1
cryptoutil/internal/server/application/application_listener.go:489.18,491.5 1 0
cryptoutil/internal/server/application/application_listener.go:491.10,494.29 2 1
cryptoutil/internal/server/application/application_listener.go:494.29,496.6 1 0
cryptoutil/internal/server/application/application_listener.go:501.2,501.34 1 1
cryptoutil/internal/server/application/application_listener.go:501.34,502.63 1 1
cryptoutil/internal/server/application/application_listener.go:503.33,507.23 3 1
cryptoutil/internal/server/application/application_listener.go:507.23,511.5 2 0
cryptoutil/internal/server/application/application_listener.go:511.10,511.67 1 1
cryptoutil/internal/server/application/application_listener.go:511.67,512.29 1 1
cryptoutil/internal/server/application/application_listener.go:512.29,514.6 1 0
cryptoutil/internal/server/application/application_listener.go:516.5,516.20 1 1
cryptoutil/internal/server/application/application_listener.go:519.4,519.45 1 0
cryptoutil/internal/server/application/application_listener.go:519.45,520.39 1 0
cryptoutil/internal/server/application/application_listener.go:520.39,521.30 1 0
cryptoutil/internal/server/application/application_listener.go:521.30,523.7 1 0
cryptoutil/internal/server/application/application_listener.go:525.6,525.21 1 0
cryptoutil/internal/server/application/application_listener.go:529.4,531.86 2 0
cryptoutil/internal/server/application/application_listener.go:532.34,533.19 1 1
cryptoutil/internal/server/application/application_listener.go:534.11,537.88 2 0
cryptoutil/internal/server/application/application_listener.go:542.123,546.43 1 1
cryptoutil/internal/server/application/application_listener.go:546.43,548.4 1 1
cryptoutil/internal/server/application/application_listener.go:549.42,553.4 2 0
cryptoutil/internal/server/application/application_listener.go:557.69,558.34 1 1
cryptoutil/internal/server/application/application_listener.go:558.34,564.3 4 1
cryptoutil/internal/server/application/application_listener.go:567.87,568.48 1 1
cryptoutil/internal/server/application/application_listener.go:568.48,573.3 1 0
cryptoutil/internal/server/application/application_listener.go:575.2,579.16 4 1
cryptoutil/internal/server/application/application_listener.go:579.16,581.3 1 0
cryptoutil/internal/server/application/application_listener.go:583.2,583.15 1 1
cryptoutil/internal/server/application/application_listener.go:586.41,596.2 3 1
cryptoutil/internal/server/application/application_listener.go:598.86,600.49 1 1
cryptoutil/internal/server/application/application_listener.go:600.49,605.3 1 1
cryptoutil/internal/server/application/application_listener.go:607.2,612.16 4 0
cryptoutil/internal/server/application/application_listener.go:612.16,617.3 1 0
cryptoutil/internal/server/application/application_listener.go:619.2,622.3 1 0
cryptoutil/internal/server/application/application_listener.go:625.91,633.2 2 1
cryptoutil/internal/server/application/application_listener.go:635.96,636.34 1 1
cryptoutil/internal/server/application/application_listener.go:636.34,638.57 2 1
cryptoutil/internal/server/application/application_listener.go:638.57,639.27 1 1
cryptoutil/internal/server/application/application_listener.go:639.27,641.5 1 1
cryptoutil/internal/server/application/application_listener.go:644.3,644.81 1 1
cryptoutil/internal/server/application/application_listener.go:648.103,649.34 1 1
cryptoutil/internal/server/application/application_listener.go:649.34,662.18 4 1
cryptoutil/internal/server/application/application_listener.go:662.18,670.52 3 1
cryptoutil/internal/server/application/application_listener.go:670.52,672.5 1 1
cryptoutil/internal/server/application/application_listener.go:675.4,675.69 1 1
cryptoutil/internal/server/application/application_listener.go:675.69,676.118 1 1
cryptoutil/internal/server/application/application_listener.go:676.118,678.6 1 0
cryptoutil/internal/server/application/application_listener.go:681.4,681.75 1 1
cryptoutil/internal/server/application/application_listener.go:681.75,682.120 1 1
cryptoutil/internal/server/application/application_listener.go:682.120,684.6 1 0
cryptoutil/internal/server/application/application_listener.go:687.4,687.73 1 1
cryptoutil/internal/server/application/application_listener.go:687.73,688.100 1 1
cryptoutil/internal/server/application/application_listener.go:688.100,690.6 1 0
cryptoutil/internal/server/application/application_listener.go:694.3,695.83 2 1
cryptoutil/internal/server/application/application_listener.go:695.83,697.4 1 0
cryptoutil/internal/server/application/application_listener.go:699.3,699.49 1 1
cryptoutil/internal/server/application/application_listener.go:703.100,716.53 4 1
cryptoutil/internal/server/application/application_listener.go:716.53,724.3 3 1
cryptoutil/internal/server/application/application_listener.go:727.2,732.36 3 1
cryptoutil/internal/server/application/application_listener.go:732.36,734.3 1 1
cryptoutil/internal/server/application/application_listener.go:735.2,735.34 1 1
cryptoutil/internal/server/application/application_listener.go:735.34,737.3 1 1
cryptoutil/internal/server/application/application_listener.go:738.2,738.35 1 1
cryptoutil/internal/server/application/application_listener.go:738.35,740.3 1 1
cryptoutil/internal/server/application/application_listener.go:741.2,741.40 1 1
cryptoutil/internal/server/application/application_listener.go:741.40,743.3 1 1
cryptoutil/internal/server/application/application_listener.go:746.2,746.12 1 1
cryptoutil/internal/server/application/application_listener.go:746.12,749.3 2 1
cryptoutil/internal/server/application/application_listener.go:752.2,752.34 1 1
cryptoutil/internal/server/application/application_listener.go:752.34,754.3 1 1
cryptoutil/internal/server/application/application_listener.go:756.2,756.16 1 1
cryptoutil/internal/server/application/application_listener.go:759.90,760.34 1 1
cryptoutil/internal/server/application/application_listener.go:760.34,764.3 2 1
cryptoutil/internal/server/application/application_listener.go:767.93,775.2 1 1
cryptoutil/internal/server/application/application_listener.go:777.92,795.2 2 1
cryptoutil/internal/server/application/application_listener.go:798.77,840.22 14 1
cryptoutil/internal/server/application/application_listener.go:840.22,846.27 3 1
cryptoutil/internal/server/application/application_listener.go:846.27,848.4 1 0
cryptoutil/internal/server/application/application_listener.go:851.2,851.12 1 1
cryptoutil/internal/server/application/application_listener.go:880.162,889.16 3 1
cryptoutil/internal/server/application/application_listener.go:889.16,891.3 1 0
cryptoutil/internal/server/application/application_listener.go:894.2,903.34 3 1
cryptoutil/internal/server/application/application_listener.go:903.34,908.52 3 1
cryptoutil/internal/server/application/application_listener.go:908.52,909.24 1 1
cryptoutil/internal/server/application/application_listener.go:909.24,911.5 1 1
cryptoutil/internal/server/application/application_listener.go:911.10,913.5 1 0
cryptoutil/internal/server/application/application_listener.go:917.3,917.51 1 1
cryptoutil/internal/server/application/application_listener.go:917.51,926.87 6 1
cryptoutil/internal/server/application/application_listener.go:926.87,928.5 1 0
cryptoutil/internal/server/application/application_listener.go:932.3,935.51 2 1
cryptoutil/internal/server/application/application_listener.go:935.51,937.31 2 1
cryptoutil/internal/server/application/application_listener.go:937.31,944.36 2 1
cryptoutil/internal/server/application/application_listener.go:944.36,946.6 1 1
cryptoutil/internal/server/application/application_listener.go:952.3,952.13 1 1
cryptoutil/internal/server/application/application_listener.go:957.53,960.60 2 1
cryptoutil/internal/server/application/application_listener.go:960.60,961.65 1 1
cryptoutil/internal/server/application/application_listener.go:961.65,963.4 1 1
cryptoutil/internal/server/application/application_listener.go:967.2,967.51 1 1
cryptoutil/internal/server/application/application_listener.go:967.51,968.61 1 1
cryptoutil/internal/server/application/application_listener.go:968.61,970.4 1 1
cryptoutil/internal/server/application/application_listener.go:973.2,973.16 1 1
cryptoutil/internal/server/application/application_listener.go:976.93,986.53 1 1
cryptoutil/internal/server/application/application_listener.go:986.53,987.24 1 0
cryptoutil/internal/server/application/application_listener.go:987.24,990.26 3 0
cryptoutil/internal/server/application/application_listener.go:990.26,992.6 1 0
cryptoutil/internal/server/application/application_listener.go:994.5,1010.7 1 0
cryptoutil/internal/server/application/application_listener.go:1013.4,1015.6 1 0
cryptoutil/internal/server/application/application_listener.go:1019.2,1019.29 1 1
cryptoutil/internal/server/application/application_listener.go:1026.98,1027.33 1 1
cryptoutil/internal/server/application/application_listener.go:1027.33,1029.3 1 1
cryptoutil/internal/server/application/application_listener.go:1032.89,1133.2 2 1
cryptoutil/internal/server/application/fiber_middleware_otel_request_logger.go:43.115,44.34 1 1
cryptoutil/internal/server/application/fiber_middleware_otel_request_logger.go:44.34,110.23 24 1
cryptoutil/internal/server/application/fiber_middleware_otel_request_logger.go:110.23,111.41 1 1
cryptoutil/internal/server/application/fiber_middleware_otel_request_logger.go:111.41,113.5 1 1
cryptoutil/internal/server/application/fiber_middleware_otel_request_logger.go:113.10,116.5 1 0
cryptoutil/internal/server/application/fiber_middleware_otel_request_logger.go:119.3,122.27 2 1
cryptoutil/internal/server/application/fiber_middleware_otel_request_logger.go:122.27,124.4 1 0
cryptoutil/internal/server/application/fiber_middleware_otel_request_logger.go:127.3,127.17 1 1
cryptoutil/internal/server/application/fiber_middleware_otel_request_logger.go:127.17,129.4 1 1
cryptoutil/internal/server/application/fiber_middleware_otel_request_logger.go:132.3,132.35 1 1
cryptoutil/internal/server/application/fiber_middleware_otel_request_logger.go:132.35,134.4 1 0
cryptoutil/internal/server/application/fiber_middleware_otel_request_logger.go:134.9,136.4 1 1
cryptoutil/internal/server/application/fiber_middleware_otel_request_logger.go:140.3,140.13 1 1
