mode: set
cryptoutil/internal/shared/crypto/tls/hsm/hsm.go:165.44,167.2 1 1
cryptoutil/internal/shared/crypto/tls/hsm/hsm.go:174.45,176.2 1 1
cryptoutil/internal/shared/crypto/tls/hsm/hsm.go:183.41,185.2 1 1
cryptoutil/internal/shared/crypto/pbkdf2/pbkdf2.go:37.52,39.2 1 1
cryptoutil/internal/shared/crypto/pbkdf2/pbkdf2.go:42.82,43.20 1 1
cryptoutil/internal/shared/crypto/pbkdf2/pbkdf2.go:43.20,45.3 1 1
cryptoutil/internal/shared/crypto/pbkdf2/pbkdf2.go:47.2,47.41 1 1
cryptoutil/internal/shared/crypto/pbkdf2/pbkdf2.go:47.41,49.3 1 1
cryptoutil/internal/shared/crypto/pbkdf2/pbkdf2.go:52.2,53.44 2 1
cryptoutil/internal/shared/crypto/pbkdf2/pbkdf2.go:53.44,55.3 1 0
cryptoutil/internal/shared/crypto/pbkdf2/pbkdf2.go:58.2,64.82 4 1
cryptoutil/internal/shared/crypto/pbkdf2/pbkdf2.go:69.64,70.20 1 1
cryptoutil/internal/shared/crypto/pbkdf2/pbkdf2.go:70.20,72.3 1 1
cryptoutil/internal/shared/crypto/pbkdf2/pbkdf2.go:74.2,74.22 1 1
cryptoutil/internal/shared/crypto/pbkdf2/pbkdf2.go:74.22,76.3 1 1
cryptoutil/internal/shared/crypto/pbkdf2/pbkdf2.go:79.2,80.34 2 1
cryptoutil/internal/shared/crypto/pbkdf2/pbkdf2.go:80.34,82.3 1 1
cryptoutil/internal/shared/crypto/pbkdf2/pbkdf2.go:84.2,84.20 1 1
cryptoutil/internal/shared/crypto/pbkdf2/pbkdf2.go:84.20,86.3 1 0
cryptoutil/internal/shared/crypto/pbkdf2/pbkdf2.go:88.2,88.33 1 1
cryptoutil/internal/shared/crypto/pbkdf2/pbkdf2.go:88.33,90.3 1 0
cryptoutil/internal/shared/crypto/pbkdf2/pbkdf2.go:92.2,93.67 2 1
cryptoutil/internal/shared/crypto/pbkdf2/pbkdf2.go:93.67,95.3 1 0
cryptoutil/internal/shared/crypto/pbkdf2/pbkdf2.go:97.2,98.16 2 1
cryptoutil/internal/shared/crypto/pbkdf2/pbkdf2.go:98.16,100.3 1 0
cryptoutil/internal/shared/crypto/pbkdf2/pbkdf2.go:102.2,103.16 2 1
cryptoutil/internal/shared/crypto/pbkdf2/pbkdf2.go:103.16,105.3 1 0
cryptoutil/internal/shared/crypto/pbkdf2/pbkdf2.go:108.2,111.68 2 1
cryptoutil/internal/shared/crypto/pbkdf2/pbkdf2.go:111.68,113.3 1 1
cryptoutil/internal/shared/crypto/pbkdf2/pbkdf2.go:115.2,115.19 1 1
cryptoutil/internal/shared/crypto/pbkdf2/pbkdf2.go:120.41,121.107 1 1
cryptoutil/internal/shared/crypto/pbkdf2/pbkdf2.go:121.107,123.3 1 1
cryptoutil/internal/shared/crypto/pbkdf2/pbkdf2.go:125.2,125.48 1 1
cryptoutil/internal/shared/crypto/pbkdf2/pbkdf2.go:125.48,127.3 1 1
cryptoutil/internal/shared/crypto/pbkdf2/pbkdf2.go:129.2,129.18 1 1
cryptoutil/internal/shared/crypto/password/password.go:19.52,21.16 2 1
cryptoutil/internal/shared/crypto/password/password.go:21.16,23.3 1 0
cryptoutil/internal/shared/crypto/password/password.go:25.2,25.18 1 1
cryptoutil/internal/shared/crypto/password/password.go:35.70,36.20 1 1
cryptoutil/internal/shared/crypto/password/password.go:36.20,38.3 1 1
cryptoutil/internal/shared/crypto/password/password.go:40.2,40.22 1 1
cryptoutil/internal/shared/crypto/password/password.go:40.22,42.3 1 1
cryptoutil/internal/shared/crypto/password/password.go:44.2,46.18 2 1
cryptoutil/internal/shared/crypto/password/password.go:47.16,50.17 2 1
cryptoutil/internal/shared/crypto/password/password.go:50.17,51.59 1 1
cryptoutil/internal/shared/crypto/password/password.go:51.59,53.5 1 1
cryptoutil/internal/shared/crypto/password/password.go:55.4,55.78 1 0
cryptoutil/internal/shared/crypto/password/password.go:58.3,58.25 1 1
cryptoutil/internal/shared/crypto/password/password.go:60.16,63.17 2 1
cryptoutil/internal/shared/crypto/password/password.go:63.17,65.4 1 0
cryptoutil/internal/shared/crypto/password/password.go:67.3,67.27 1 1
cryptoutil/internal/shared/crypto/password/password.go:69.10,70.69 1 0
cryptoutil/internal/shared/crypto/password/password.go:76.41,78.2 1 1
cryptoutil/internal/shared/crypto/asn1/der_pem.go:27.45,28.35 1 1
cryptoutil/internal/shared/crypto/asn1/der_pem.go:29.27,32.32 2 1
cryptoutil/internal/shared/crypto/asn1/der_pem.go:32.32,34.18 2 1
cryptoutil/internal/shared/crypto/asn1/der_pem.go:34.18,36.5 1 0
cryptoutil/internal/shared/crypto/asn1/der_pem.go:38.4,38.49 1 1
cryptoutil/internal/shared/crypto/asn1/der_pem.go:41.3,41.27 1 1
cryptoutil/internal/shared/crypto/asn1/der_pem.go:42.10,43.55 1 1
cryptoutil/internal/shared/crypto/asn1/der_pem.go:48.44,51.34 2 1
cryptoutil/internal/shared/crypto/asn1/der_pem.go:52.27,53.32 1 1
cryptoutil/internal/shared/crypto/asn1/der_pem.go:53.32,55.18 2 1
cryptoutil/internal/shared/crypto/asn1/der_pem.go:55.18,57.5 1 0
cryptoutil/internal/shared/crypto/asn1/der_pem.go:59.4,59.49 1 1
cryptoutil/internal/shared/crypto/asn1/der_pem.go:62.3,62.27 1 1
cryptoutil/internal/shared/crypto/asn1/der_pem.go:63.10,64.54 1 1
cryptoutil/internal/shared/crypto/asn1/der_pem.go:69.41,71.16 2 1
cryptoutil/internal/shared/crypto/asn1/der_pem.go:71.16,73.3 1 1
cryptoutil/internal/shared/crypto/asn1/der_pem.go:75.2,77.22 2 1
cryptoutil/internal/shared/crypto/asn1/der_pem.go:81.49,82.32 1 1
cryptoutil/internal/shared/crypto/asn1/der_pem.go:83.80,85.17 2 1
cryptoutil/internal/shared/crypto/asn1/der_pem.go:85.17,87.4 1 0
cryptoutil/internal/shared/crypto/asn1/der_pem.go:89.3,89.82 1 1
cryptoutil/internal/shared/crypto/asn1/der_pem.go:90.76,92.17 2 1
cryptoutil/internal/shared/crypto/asn1/der_pem.go:92.17,94.4 1 0
cryptoutil/internal/shared/crypto/asn1/der_pem.go:96.3,96.79 1 1
cryptoutil/internal/shared/crypto/asn1/der_pem.go:97.25,98.75 1 1
cryptoutil/internal/shared/crypto/asn1/der_pem.go:99.32,100.67 1 1
cryptoutil/internal/shared/crypto/asn1/der_pem.go:101.14,103.10 2 1
cryptoutil/internal/shared/crypto/asn1/der_pem.go:103.10,105.4 1 0
cryptoutil/internal/shared/crypto/asn1/der_pem.go:107.3,107.68 1 1
cryptoutil/internal/shared/crypto/asn1/der_pem.go:108.10,109.61 1 1
cryptoutil/internal/shared/crypto/asn1/der_pem.go:114.60,119.18 3 1
cryptoutil/internal/shared/crypto/asn1/der_pem.go:120.58,121.46 1 1
cryptoutil/internal/shared/crypto/asn1/der_pem.go:122.56,123.44 1 1
cryptoutil/internal/shared/crypto/asn1/der_pem.go:124.56,125.46 1 1
cryptoutil/internal/shared/crypto/asn1/der_pem.go:126.55,127.45 1 1
cryptoutil/internal/shared/crypto/asn1/der_pem.go:128.55,129.43 1 1
cryptoutil/internal/shared/crypto/asn1/der_pem.go:130.54,131.42 1 1
cryptoutil/internal/shared/crypto/asn1/der_pem.go:132.46,133.49 1 1
cryptoutil/internal/shared/crypto/asn1/der_pem.go:134.52,135.24 1 1
cryptoutil/internal/shared/crypto/asn1/der_pem.go:136.10,137.61 1 1
cryptoutil/internal/shared/crypto/asn1/der_pem.go:140.2,140.16 1 1
cryptoutil/internal/shared/crypto/asn1/der_pem.go:140.16,142.3 1 1
cryptoutil/internal/shared/crypto/asn1/der_pem.go:144.2,144.17 1 1
cryptoutil/internal/shared/crypto/asn1/der_pem.go:148.52,149.35 1 1
cryptoutil/internal/shared/crypto/asn1/der_pem.go:149.35,151.17 2 1
cryptoutil/internal/shared/crypto/asn1/der_pem.go:151.17,153.4 1 1
cryptoutil/internal/shared/crypto/asn1/der_pem.go:156.2,156.45 1 0
cryptoutil/internal/shared/crypto/asn1/der_pem.go:160.43,164.18 3 1
cryptoutil/internal/shared/crypto/asn1/der_pem.go:164.18,166.3 1 1
cryptoutil/internal/shared/crypto/asn1/der_pem.go:168.2,168.43 1 1
cryptoutil/internal/shared/crypto/asn1/der_pem.go:172.44,174.16 2 1
cryptoutil/internal/shared/crypto/asn1/der_pem.go:174.16,176.3 1 1
cryptoutil/internal/shared/crypto/asn1/der_pem.go:178.2,178.28 1 1
cryptoutil/internal/shared/crypto/asn1/der_pem.go:182.52,184.16 2 1
cryptoutil/internal/shared/crypto/asn1/der_pem.go:184.16,186.3 1 1
cryptoutil/internal/shared/crypto/asn1/der_pem.go:188.2,189.16 2 1
cryptoutil/internal/shared/crypto/asn1/der_pem.go:189.16,191.3 1 0
cryptoutil/internal/shared/crypto/asn1/der_pem.go:193.2,193.26 1 1
cryptoutil/internal/shared/crypto/asn1/der_pem.go:197.47,199.16 2 1
cryptoutil/internal/shared/crypto/asn1/der_pem.go:199.16,201.3 1 1
cryptoutil/internal/shared/crypto/asn1/der_pem.go:203.2,206.16 3 1
cryptoutil/internal/shared/crypto/asn1/der_pem.go:206.16,208.3 1 0
cryptoutil/internal/shared/crypto/asn1/der_pem.go:210.2,211.16 2 1
cryptoutil/internal/shared/crypto/asn1/der_pem.go:211.16,213.3 1 0
cryptoutil/internal/shared/crypto/asn1/der_pem.go:215.2,215.12 1 1
cryptoutil/internal/shared/crypto/asn1/der_pem.go:219.47,221.16 2 1
cryptoutil/internal/shared/crypto/asn1/der_pem.go:221.16,223.3 1 1
cryptoutil/internal/shared/crypto/asn1/der_pem.go:225.2,228.16 3 1
cryptoutil/internal/shared/crypto/asn1/der_pem.go:228.16,230.3 1 0
cryptoutil/internal/shared/crypto/asn1/der_pem.go:232.2,233.16 2 1
cryptoutil/internal/shared/crypto/asn1/der_pem.go:233.16,235.3 1 0
cryptoutil/internal/shared/crypto/asn1/der_pem.go:237.2,237.12 1 1
cryptoutil/internal/shared/crypto/hash/hash_high_fixed_provider.go:31.66,33.2 1 1
cryptoutil/internal/shared/crypto/hash/hash_high_fixed_provider.go:47.79,48.18 1 1
cryptoutil/internal/shared/crypto/hash/hash_high_fixed_provider.go:48.18,50.3 1 1
cryptoutil/internal/shared/crypto/hash/hash_high_fixed_provider.go:52.2,60.16 5 1
cryptoutil/internal/shared/crypto/hash/hash_high_fixed_provider.go:60.16,62.3 1 0
cryptoutil/internal/shared/crypto/hash/hash_high_fixed_provider.go:65.2,67.93 2 1
cryptoutil/internal/shared/crypto/hash/hash_high_fixed_provider.go:78.81,79.22 1 1
cryptoutil/internal/shared/crypto/hash/hash_high_fixed_provider.go:79.22,81.3 1 1
cryptoutil/internal/shared/crypto/hash/hash_high_fixed_provider.go:83.2,83.26 1 1
cryptoutil/internal/shared/crypto/hash/hash_high_fixed_provider.go:83.26,85.3 1 1
cryptoutil/internal/shared/crypto/hash/hash_high_fixed_provider.go:88.2,91.33 3 1
cryptoutil/internal/shared/crypto/hash/hash_high_fixed_provider.go:91.33,93.3 1 1
cryptoutil/internal/shared/crypto/hash/hash_high_fixed_provider.go:95.2,96.43 2 1
cryptoutil/internal/shared/crypto/hash/hash_high_fixed_provider.go:96.43,98.3 1 1
cryptoutil/internal/shared/crypto/hash/hash_high_fixed_provider.go:100.2,103.16 3 1
cryptoutil/internal/shared/crypto/hash/hash_high_fixed_provider.go:103.16,105.3 1 1
cryptoutil/internal/shared/crypto/hash/hash_high_fixed_provider.go:108.2,109.16 2 1
cryptoutil/internal/shared/crypto/hash/hash_high_fixed_provider.go:109.16,111.3 1 0
cryptoutil/internal/shared/crypto/hash/hash_high_fixed_provider.go:113.2,114.41 2 1
cryptoutil/internal/shared/crypto/hash/hash_high_fixed_provider.go:114.41,116.3 1 0
cryptoutil/internal/shared/crypto/hash/hash_high_fixed_provider.go:118.2,121.16 3 1
cryptoutil/internal/shared/crypto/hash/hash_high_fixed_provider.go:121.16,123.3 1 0
cryptoutil/internal/shared/crypto/hash/hash_high_fixed_provider.go:126.2,126.64 1 1
cryptoutil/internal/shared/crypto/hash/hash_high_fixed_provider.go:131.52,138.33 4 1
cryptoutil/internal/shared/crypto/hash/hash_high_fixed_provider.go:138.33,139.27 1 1
cryptoutil/internal/shared/crypto/hash/hash_high_fixed_provider.go:139.27,142.4 2 1
cryptoutil/internal/shared/crypto/hash/hash_high_fixed_provider.go:145.2,145.23 1 1
cryptoutil/internal/shared/crypto/hash/hash_high_fixed_provider.go:145.23,147.3 1 1
cryptoutil/internal/shared/crypto/hash/hash_high_fixed_provider.go:149.2,149.14 1 1
cryptoutil/internal/shared/crypto/hash/hash_high_fixed_provider.go:156.53,157.22 1 1
cryptoutil/internal/shared/crypto/hash/hash_high_fixed_provider.go:157.22,159.3 1 1
cryptoutil/internal/shared/crypto/hash/hash_high_fixed_provider.go:161.2,162.30 2 1
cryptoutil/internal/shared/crypto/hash/hash_high_fixed_provider.go:162.30,164.3 1 1
cryptoutil/internal/shared/crypto/hash/hash_high_fixed_provider.go:166.2,166.20 1 1
cryptoutil/internal/shared/crypto/hash/hash_high_random_provider.go:29.69,31.2 1 1
cryptoutil/internal/shared/crypto/hash/hash_high_random_provider.go:35.58,36.18 1 1
cryptoutil/internal/shared/crypto/hash/hash_high_random_provider.go:36.18,38.3 1 1
cryptoutil/internal/shared/crypto/hash/hash_high_random_provider.go:41.2,42.44 2 1
cryptoutil/internal/shared/crypto/hash/hash_high_random_provider.go:42.44,44.3 1 0
cryptoutil/internal/shared/crypto/hash/hash_high_random_provider.go:47.2,48.16 2 1
cryptoutil/internal/shared/crypto/hash/hash_high_random_provider.go:48.16,50.3 1 0
cryptoutil/internal/shared/crypto/hash/hash_high_random_provider.go:52.2,57.49 1 1
cryptoutil/internal/shared/crypto/hash/hash_high_random_provider.go:62.68,63.18 1 1
cryptoutil/internal/shared/crypto/hash/hash_high_random_provider.go:63.18,65.3 1 1
cryptoutil/internal/shared/crypto/hash/hash_high_random_provider.go:67.2,67.20 1 1
cryptoutil/internal/shared/crypto/hash/hash_high_random_provider.go:67.20,69.3 1 1
cryptoutil/internal/shared/crypto/hash/hash_high_random_provider.go:72.2,76.33 3 1
cryptoutil/internal/shared/crypto/hash/hash_high_random_provider.go:76.33,78.3 1 0
cryptoutil/internal/shared/crypto/hash/hash_high_random_provider.go:80.2,81.52 2 1
cryptoutil/internal/shared/crypto/hash/hash_high_random_provider.go:81.52,83.3 1 0
cryptoutil/internal/shared/crypto/hash/hash_high_random_provider.go:85.2,86.16 2 1
cryptoutil/internal/shared/crypto/hash/hash_high_random_provider.go:86.16,88.3 1 0
cryptoutil/internal/shared/crypto/hash/hash_high_random_provider.go:90.2,91.16 2 1
cryptoutil/internal/shared/crypto/hash/hash_high_random_provider.go:91.16,93.3 1 0
cryptoutil/internal/shared/crypto/hash/hash_high_random_provider.go:96.2,97.16 2 1
cryptoutil/internal/shared/crypto/hash/hash_high_random_provider.go:97.16,99.3 1 0
cryptoutil/internal/shared/crypto/hash/hash_high_random_provider.go:102.2,104.71 2 1
cryptoutil/internal/shared/crypto/hash/hash_low_fixed_provider.go:30.65,32.2 1 1
cryptoutil/internal/shared/crypto/hash/hash_low_fixed_provider.go:46.75,47.18 1 1
cryptoutil/internal/shared/crypto/hash/hash_low_fixed_provider.go:47.18,49.3 1 1
cryptoutil/internal/shared/crypto/hash/hash_low_fixed_provider.go:51.2,59.16 5 1
cryptoutil/internal/shared/crypto/hash/hash_low_fixed_provider.go:59.16,61.3 1 0
cryptoutil/internal/shared/crypto/hash/hash_low_fixed_provider.go:64.2,66.93 2 1
cryptoutil/internal/shared/crypto/hash/hash_low_fixed_provider.go:77.77,78.22 1 1
cryptoutil/internal/shared/crypto/hash/hash_low_fixed_provider.go:78.22,80.3 1 1
cryptoutil/internal/shared/crypto/hash/hash_low_fixed_provider.go:82.2,82.26 1 1
cryptoutil/internal/shared/crypto/hash/hash_low_fixed_provider.go:82.26,84.3 1 1
cryptoutil/internal/shared/crypto/hash/hash_low_fixed_provider.go:87.2,90.33 3 1
cryptoutil/internal/shared/crypto/hash/hash_low_fixed_provider.go:90.33,92.3 1 1
cryptoutil/internal/shared/crypto/hash/hash_low_fixed_provider.go:94.2,95.38 2 1
cryptoutil/internal/shared/crypto/hash/hash_low_fixed_provider.go:95.38,97.3 1 1
cryptoutil/internal/shared/crypto/hash/hash_low_fixed_provider.go:99.2,102.16 3 1
cryptoutil/internal/shared/crypto/hash/hash_low_fixed_provider.go:102.16,104.3 1 1
cryptoutil/internal/shared/crypto/hash/hash_low_fixed_provider.go:107.2,108.16 2 1
cryptoutil/internal/shared/crypto/hash/hash_low_fixed_provider.go:108.16,110.3 1 0
cryptoutil/internal/shared/crypto/hash/hash_low_fixed_provider.go:112.2,113.41 2 1
cryptoutil/internal/shared/crypto/hash/hash_low_fixed_provider.go:113.41,115.3 1 0
cryptoutil/internal/shared/crypto/hash/hash_low_fixed_provider.go:117.2,120.16 3 1
cryptoutil/internal/shared/crypto/hash/hash_low_fixed_provider.go:120.16,122.3 1 0
cryptoutil/internal/shared/crypto/hash/hash_low_fixed_provider.go:125.2,125.60 1 1
cryptoutil/internal/shared/crypto/hash/hash_low_fixed_provider.go:130.48,137.33 4 1
cryptoutil/internal/shared/crypto/hash/hash_low_fixed_provider.go:137.33,138.27 1 1
cryptoutil/internal/shared/crypto/hash/hash_low_fixed_provider.go:138.27,141.4 2 1
cryptoutil/internal/shared/crypto/hash/hash_low_fixed_provider.go:144.2,144.23 1 1
cryptoutil/internal/shared/crypto/hash/hash_low_fixed_provider.go:144.23,146.3 1 1
cryptoutil/internal/shared/crypto/hash/hash_low_fixed_provider.go:148.2,148.14 1 1
cryptoutil/internal/shared/crypto/hash/hash_low_fixed_provider.go:155.49,156.22 1 1
cryptoutil/internal/shared/crypto/hash/hash_low_fixed_provider.go:156.22,158.3 1 1
cryptoutil/internal/shared/crypto/hash/hash_low_fixed_provider.go:160.2,161.30 2 1
cryptoutil/internal/shared/crypto/hash/hash_low_fixed_provider.go:161.30,163.3 1 1
cryptoutil/internal/shared/crypto/hash/hash_low_fixed_provider.go:165.2,165.20 1 1
cryptoutil/internal/shared/crypto/hash/hash_low_random_provider.go:15.68,17.2 1 1
cryptoutil/internal/shared/crypto/hash/hash_parameter_sets.go:22.54,24.16 2 1
cryptoutil/internal/shared/crypto/hash/hash_parameter_sets.go:24.16,26.3 1 0
cryptoutil/internal/shared/crypto/hash/hash_parameter_sets.go:28.2,28.18 1 1
cryptoutil/internal/shared/crypto/hash/hash_parameter_sets.go:37.116,39.16 2 1
cryptoutil/internal/shared/crypto/hash/hash_parameter_sets.go:39.16,41.3 1 0
cryptoutil/internal/shared/crypto/hash/hash_parameter_sets.go:43.2,43.18 1 1
cryptoutil/internal/shared/crypto/hash/hash_parameter_sets.go:49.126,51.16 2 1
cryptoutil/internal/shared/crypto/hash/hash_parameter_sets.go:51.16,53.3 1 0
cryptoutil/internal/shared/crypto/hash/hash_parameter_sets.go:55.2,55.19 1 1
cryptoutil/internal/shared/crypto/hash/hash_parameter_sets.go:65.78,74.2 1 1
cryptoutil/internal/shared/crypto/hash/hash_parameter_sets.go:77.73,79.2 1 1
cryptoutil/internal/shared/crypto/hash/hash_parameter_sets.go:88.73,97.2 1 1
cryptoutil/internal/shared/crypto/hash/hash_parameter_sets.go:109.73,118.2 1 1
cryptoutil/internal/shared/crypto/hash/hash_parameter_sets.go:127.79,136.2 1 1
cryptoutil/internal/shared/crypto/hash/hash_parameter_sets.go:145.79,154.2 1 1
cryptoutil/internal/shared/crypto/hash/hash_parameter_sets.go:163.79,172.2 1 1
cryptoutil/internal/shared/crypto/hash/hash_parameter_sets.go:181.79,190.2 1 1
cryptoutil/internal/shared/crypto/hash/hash_parameter_sets.go:199.79,208.2 1 1
cryptoutil/internal/shared/crypto/hash/hash_parameter_sets.go:217.79,226.2 1 1
cryptoutil/internal/shared/crypto/hash/hash_registry.go:22.54,34.2 5 1
cryptoutil/internal/shared/crypto/hash/hash_registry.go:37.105,42.2 3 1
cryptoutil/internal/shared/crypto/hash/hash_registry.go:45.117,50.13 4 1
cryptoutil/internal/shared/crypto/hash/hash_registry.go:50.13,52.3 1 1
cryptoutil/internal/shared/crypto/hash/hash_registry.go:54.2,54.20 1 1
cryptoutil/internal/shared/crypto/hash/hash_registry.go:58.101,64.13 4 1
cryptoutil/internal/shared/crypto/hash/hash_registry.go:64.13,66.90 1 0
cryptoutil/internal/shared/crypto/hash/hash_registry.go:69.2,69.15 1 1
cryptoutil/internal/shared/crypto/hash/hash_registry.go:73.56,78.39 4 1
cryptoutil/internal/shared/crypto/hash/hash_registry.go:78.39,80.3 1 1
cryptoutil/internal/shared/crypto/hash/hash_registry.go:82.2,82.17 1 1
cryptoutil/internal/shared/crypto/hash/hash_registry.go:86.59,91.2 3 1
cryptoutil/internal/shared/crypto/hash/hash_registry.go:97.48,99.2 1 1
cryptoutil/internal/shared/crypto/hash/pepper_loader.go:35.62,36.22 1 1
cryptoutil/internal/shared/crypto/hash/pepper_loader.go:36.22,38.3 1 1
cryptoutil/internal/shared/crypto/hash/pepper_loader.go:41.2,42.46 2 1
cryptoutil/internal/shared/crypto/hash/pepper_loader.go:42.46,44.3 1 1
cryptoutil/internal/shared/crypto/hash/pepper_loader.go:47.2,48.16 2 1
cryptoutil/internal/shared/crypto/hash/pepper_loader.go:48.16,50.3 1 1
cryptoutil/internal/shared/crypto/hash/pepper_loader.go:53.2,55.18 2 1
cryptoutil/internal/shared/crypto/hash/pepper_loader.go:55.18,57.3 1 1
cryptoutil/internal/shared/crypto/hash/pepper_loader.go:59.2,59.20 1 1
cryptoutil/internal/shared/crypto/hash/pepper_loader.go:78.85,79.21 1 1
cryptoutil/internal/shared/crypto/hash/pepper_loader.go:79.21,81.3 1 1
cryptoutil/internal/shared/crypto/hash/pepper_loader.go:83.2,83.36 1 1
cryptoutil/internal/shared/crypto/hash/pepper_loader.go:83.36,84.30 1 1
cryptoutil/internal/shared/crypto/hash/pepper_loader.go:84.30,86.4 1 1
cryptoutil/internal/shared/crypto/hash/pepper_loader.go:88.3,88.33 1 1
cryptoutil/internal/shared/crypto/hash/pepper_loader.go:88.33,90.4 1 1
cryptoutil/internal/shared/crypto/hash/pepper_loader.go:93.3,94.17 2 1
cryptoutil/internal/shared/crypto/hash/pepper_loader.go:94.17,96.4 1 1
cryptoutil/internal/shared/crypto/hash/pepper_loader.go:99.3,100.17 2 1
cryptoutil/internal/shared/crypto/hash/pepper_loader.go:100.17,102.4 1 1
cryptoutil/internal/shared/crypto/hash/pepper_loader.go:105.3,105.25 1 1
cryptoutil/internal/shared/crypto/hash/pepper_loader.go:108.2,108.12 1 1
cryptoutil/internal/shared/crypto/password/password.go:19.52,21.16 2 1
cryptoutil/internal/shared/crypto/password/password.go:21.16,23.3 1 0
cryptoutil/internal/shared/crypto/password/password.go:25.2,25.18 1 1
cryptoutil/internal/shared/crypto/password/password.go:35.70,36.20 1 1
cryptoutil/internal/shared/crypto/password/password.go:36.20,38.3 1 1
cryptoutil/internal/shared/crypto/password/password.go:40.2,40.22 1 1
cryptoutil/internal/shared/crypto/password/password.go:40.22,42.3 1 1
cryptoutil/internal/shared/crypto/password/password.go:44.2,46.18 2 1
cryptoutil/internal/shared/crypto/password/password.go:47.16,50.17 2 1
cryptoutil/internal/shared/crypto/password/password.go:50.17,51.59 1 1
cryptoutil/internal/shared/crypto/password/password.go:51.59,53.5 1 1
cryptoutil/internal/shared/crypto/password/password.go:55.4,55.78 1 0
cryptoutil/internal/shared/crypto/password/password.go:58.3,58.25 1 1
cryptoutil/internal/shared/crypto/password/password.go:60.16,63.17 2 1
cryptoutil/internal/shared/crypto/password/password.go:63.17,65.4 1 0
cryptoutil/internal/shared/crypto/password/password.go:67.3,67.27 1 1
cryptoutil/internal/shared/crypto/password/password.go:69.10,70.69 1 0
cryptoutil/internal/shared/crypto/password/password.go:76.41,78.2 1 1
cryptoutil/internal/shared/crypto/pbkdf2/pbkdf2.go:37.52,39.2 1 1
cryptoutil/internal/shared/crypto/pbkdf2/pbkdf2.go:42.82,43.20 1 1
cryptoutil/internal/shared/crypto/pbkdf2/pbkdf2.go:43.20,45.3 1 1
cryptoutil/internal/shared/crypto/pbkdf2/pbkdf2.go:47.2,47.41 1 1
cryptoutil/internal/shared/crypto/pbkdf2/pbkdf2.go:47.41,49.3 1 1
cryptoutil/internal/shared/crypto/pbkdf2/pbkdf2.go:52.2,53.44 2 1
cryptoutil/internal/shared/crypto/pbkdf2/pbkdf2.go:53.44,55.3 1 0
cryptoutil/internal/shared/crypto/pbkdf2/pbkdf2.go:58.2,64.82 4 1
cryptoutil/internal/shared/crypto/pbkdf2/pbkdf2.go:69.64,70.20 1 1
cryptoutil/internal/shared/crypto/pbkdf2/pbkdf2.go:70.20,72.3 1 1
cryptoutil/internal/shared/crypto/pbkdf2/pbkdf2.go:74.2,74.22 1 1
cryptoutil/internal/shared/crypto/pbkdf2/pbkdf2.go:74.22,76.3 1 1
cryptoutil/internal/shared/crypto/pbkdf2/pbkdf2.go:79.2,80.34 2 1
cryptoutil/internal/shared/crypto/pbkdf2/pbkdf2.go:80.34,82.3 1 1
cryptoutil/internal/shared/crypto/pbkdf2/pbkdf2.go:84.2,84.20 1 1
cryptoutil/internal/shared/crypto/pbkdf2/pbkdf2.go:84.20,86.3 1 0
cryptoutil/internal/shared/crypto/pbkdf2/pbkdf2.go:88.2,88.33 1 1
cryptoutil/internal/shared/crypto/pbkdf2/pbkdf2.go:88.33,90.3 1 0
cryptoutil/internal/shared/crypto/pbkdf2/pbkdf2.go:92.2,93.67 2 1
cryptoutil/internal/shared/crypto/pbkdf2/pbkdf2.go:93.67,95.3 1 0
cryptoutil/internal/shared/crypto/pbkdf2/pbkdf2.go:97.2,98.16 2 1
cryptoutil/internal/shared/crypto/pbkdf2/pbkdf2.go:98.16,100.3 1 0
cryptoutil/internal/shared/crypto/pbkdf2/pbkdf2.go:102.2,103.16 2 1
cryptoutil/internal/shared/crypto/pbkdf2/pbkdf2.go:103.16,105.3 1 0
cryptoutil/internal/shared/crypto/pbkdf2/pbkdf2.go:108.2,111.68 2 1
cryptoutil/internal/shared/crypto/pbkdf2/pbkdf2.go:111.68,113.3 1 1
cryptoutil/internal/shared/crypto/pbkdf2/pbkdf2.go:115.2,115.19 1 1
cryptoutil/internal/shared/crypto/pbkdf2/pbkdf2.go:120.41,121.107 1 1
cryptoutil/internal/shared/crypto/pbkdf2/pbkdf2.go:121.107,123.3 1 1
cryptoutil/internal/shared/crypto/pbkdf2/pbkdf2.go:125.2,125.48 1 1
cryptoutil/internal/shared/crypto/pbkdf2/pbkdf2.go:125.48,127.3 1 1
cryptoutil/internal/shared/crypto/pbkdf2/pbkdf2.go:129.2,129.18 1 1
cryptoutil/internal/shared/crypto/tls/hsm/hsm.go:165.44,167.2 1 1
cryptoutil/internal/shared/crypto/tls/hsm/hsm.go:174.45,176.2 1 1
cryptoutil/internal/shared/crypto/tls/hsm/hsm.go:183.41,185.2 1 1
cryptoutil/internal/shared/crypto/tls/hsm/hsm.go:165.44,167.2 1 1
cryptoutil/internal/shared/crypto/tls/hsm/hsm.go:174.45,176.2 1 1
cryptoutil/internal/shared/crypto/tls/hsm/hsm.go:183.41,185.2 1 1
cryptoutil/internal/shared/crypto/tls/chain.go:28.38,29.16 1 1
cryptoutil/internal/shared/crypto/tls/chain.go:29.16,31.3 1 1
cryptoutil/internal/shared/crypto/tls/chain.go:33.2,33.53 1 1
cryptoutil/internal/shared/crypto/tls/chain.go:33.53,35.3 1 0
cryptoutil/internal/shared/crypto/tls/chain.go:37.2,37.36 1 1
cryptoutil/internal/shared/crypto/tls/chain.go:37.36,39.3 1 1
cryptoutil/internal/shared/crypto/tls/chain.go:42.2,43.31 2 1
cryptoutil/internal/shared/crypto/tls/chain.go:43.31,44.60 1 1
cryptoutil/internal/shared/crypto/tls/chain.go:44.60,46.4 1 0
cryptoutil/internal/shared/crypto/tls/chain.go:49.2,49.12 1 1
cryptoutil/internal/shared/crypto/tls/chain.go:109.69,117.2 1 1
cryptoutil/internal/shared/crypto/tls/chain.go:162.108,172.2 1 1
cryptoutil/internal/shared/crypto/tls/chain.go:175.67,183.2 1 1
cryptoutil/internal/shared/crypto/tls/chain.go:198.52,199.15 1 1
cryptoutil/internal/shared/crypto/tls/chain.go:200.17,201.25 1 1
cryptoutil/internal/shared/crypto/tls/chain.go:202.17,203.25 1 1
cryptoutil/internal/shared/crypto/tls/chain.go:204.10,205.25 1 1
cryptoutil/internal/shared/crypto/tls/chain.go:210.60,211.17 1 1
cryptoutil/internal/shared/crypto/tls/chain.go:211.17,213.3 1 1
cryptoutil/internal/shared/crypto/tls/chain.go:213.8,213.33 1 1
cryptoutil/internal/shared/crypto/tls/chain.go:213.33,215.3 1 1
cryptoutil/internal/shared/crypto/tls/chain.go:215.8,215.40 1 1
cryptoutil/internal/shared/crypto/tls/chain.go:215.40,217.3 1 1
cryptoutil/internal/shared/crypto/tls/chain.go:217.8,217.31 1 1
cryptoutil/internal/shared/crypto/tls/chain.go:217.31,219.3 1 1
cryptoutil/internal/shared/crypto/tls/chain.go:222.2,223.19 2 1
cryptoutil/internal/shared/crypto/tls/chain.go:223.19,225.3 1 1
cryptoutil/internal/shared/crypto/tls/chain.go:227.2,227.28 1 1
cryptoutil/internal/shared/crypto/tls/chain.go:227.28,228.61 1 1
cryptoutil/internal/shared/crypto/tls/chain.go:228.61,230.4 1 1
cryptoutil/internal/shared/crypto/tls/chain.go:234.2,237.26 3 1
cryptoutil/internal/shared/crypto/tls/chain.go:237.26,239.17 2 1
cryptoutil/internal/shared/crypto/tls/chain.go:239.17,241.4 1 0
cryptoutil/internal/shared/crypto/tls/chain.go:243.3,243.24 1 1
cryptoutil/internal/shared/crypto/tls/chain.go:249.2,251.17 2 1
cryptoutil/internal/shared/crypto/tls/chain.go:252.19,253.54 1 1
cryptoutil/internal/shared/crypto/tls/chain.go:254.10,255.54 1 1
cryptoutil/internal/shared/crypto/tls/chain.go:258.2,259.16 2 1
cryptoutil/internal/shared/crypto/tls/chain.go:259.16,261.3 1 0
cryptoutil/internal/shared/crypto/tls/chain.go:263.2,267.8 1 1
cryptoutil/internal/shared/crypto/tls/chain.go:271.111,272.17 1 1
cryptoutil/internal/shared/crypto/tls/chain.go:272.17,274.3 1 1
cryptoutil/internal/shared/crypto/tls/chain.go:274.8,274.35 1 1
cryptoutil/internal/shared/crypto/tls/chain.go:274.35,276.3 1 1
cryptoutil/internal/shared/crypto/tls/chain.go:276.8,276.31 1 1
cryptoutil/internal/shared/crypto/tls/chain.go:276.31,278.3 1 0
cryptoutil/internal/shared/crypto/tls/chain.go:281.2,284.16 3 1
cryptoutil/internal/shared/crypto/tls/chain.go:284.16,286.3 1 0
cryptoutil/internal/shared/crypto/tls/chain.go:288.2,289.19 2 1
cryptoutil/internal/shared/crypto/tls/chain.go:289.19,291.3 1 0
cryptoutil/internal/shared/crypto/tls/chain.go:293.2,305.16 2 1
cryptoutil/internal/shared/crypto/tls/chain.go:305.16,307.3 1 0
cryptoutil/internal/shared/crypto/tls/chain.go:309.2,309.21 1 1
cryptoutil/internal/shared/crypto/tls/chain.go:313.48,315.71 2 1
cryptoutil/internal/shared/crypto/tls/chain.go:315.71,317.3 1 1
cryptoutil/internal/shared/crypto/tls/chain.go:319.2,319.13 1 1
cryptoutil/internal/shared/crypto/tls/chain.go:323.56,326.36 2 1
cryptoutil/internal/shared/crypto/tls/chain.go:326.36,327.53 1 1
cryptoutil/internal/shared/crypto/tls/chain.go:327.53,329.4 1 1
cryptoutil/internal/shared/crypto/tls/chain.go:332.2,332.13 1 1
cryptoutil/internal/shared/crypto/tls/config.go:67.66,68.17 1 1
cryptoutil/internal/shared/crypto/tls/config.go:68.17,70.3 1 1
cryptoutil/internal/shared/crypto/tls/config.go:70.8,70.32 1 1
cryptoutil/internal/shared/crypto/tls/config.go:70.32,72.3 1 1
cryptoutil/internal/shared/crypto/tls/config.go:74.2,75.16 2 1
cryptoutil/internal/shared/crypto/tls/config.go:75.16,77.3 1 0
cryptoutil/internal/shared/crypto/tls/config.go:80.2,83.48 2 1
cryptoutil/internal/shared/crypto/tls/config.go:83.48,85.3 1 0
cryptoutil/internal/shared/crypto/tls/config.go:87.2,96.32 2 1
cryptoutil/internal/shared/crypto/tls/config.go:96.32,98.3 1 0
cryptoutil/internal/shared/crypto/tls/config.go:100.2,105.8 1 1
cryptoutil/internal/shared/crypto/tls/config.go:110.66,111.17 1 1
cryptoutil/internal/shared/crypto/tls/config.go:111.17,113.3 1 1
cryptoutil/internal/shared/crypto/tls/config.go:115.2,129.31 5 1
cryptoutil/internal/shared/crypto/tls/config.go:129.31,133.17 3 1
cryptoutil/internal/shared/crypto/tls/config.go:133.17,135.4 1 0
cryptoutil/internal/shared/crypto/tls/config.go:137.3,137.55 1 1
cryptoutil/internal/shared/crypto/tls/config.go:140.2,145.8 1 1
cryptoutil/internal/shared/crypto/tls/config.go:150.47,151.19 1 1
cryptoutil/internal/shared/crypto/tls/config.go:151.19,153.3 1 1
cryptoutil/internal/shared/crypto/tls/config.go:153.8,153.46 1 1
cryptoutil/internal/shared/crypto/tls/config.go:153.46,155.3 1 1
cryptoutil/internal/shared/crypto/tls/config.go:155.8,155.38 1 1
cryptoutil/internal/shared/crypto/tls/config.go:155.38,157.3 1 1
cryptoutil/internal/shared/crypto/tls/config.go:159.2,159.12 1 1
cryptoutil/internal/shared/crypto/tls/storage.go:61.62,71.2 1 1
cryptoutil/internal/shared/crypto/tls/storage.go:87.125,88.20 1 1
cryptoutil/internal/shared/crypto/tls/storage.go:88.20,90.3 1 1
cryptoutil/internal/shared/crypto/tls/storage.go:90.8,90.24 1 1
cryptoutil/internal/shared/crypto/tls/storage.go:90.24,92.3 1 1
cryptoutil/internal/shared/crypto/tls/storage.go:92.8,92.33 1 1
cryptoutil/internal/shared/crypto/tls/storage.go:92.33,94.3 1 1
cryptoutil/internal/shared/crypto/tls/storage.go:97.2,97.66 1 1
cryptoutil/internal/shared/crypto/tls/storage.go:97.66,99.3 1 0
cryptoutil/internal/shared/crypto/tls/storage.go:101.2,101.21 1 1
cryptoutil/internal/shared/crypto/tls/storage.go:102.17,103.33 1 1
cryptoutil/internal/shared/crypto/tls/storage.go:104.20,105.36 1 1
cryptoutil/internal/shared/crypto/tls/storage.go:106.10,107.72 1 0
cryptoutil/internal/shared/crypto/tls/storage.go:112.117,119.60 4 1
cryptoutil/internal/shared/crypto/tls/storage.go:119.60,125.3 2 1
cryptoutil/internal/shared/crypto/tls/storage.go:128.2,128.116 1 1
cryptoutil/internal/shared/crypto/tls/storage.go:128.116,130.3 1 0
cryptoutil/internal/shared/crypto/tls/storage.go:132.2,138.69 2 1
cryptoutil/internal/shared/crypto/tls/storage.go:138.69,140.17 2 1
cryptoutil/internal/shared/crypto/tls/storage.go:140.17,142.4 1 0
cryptoutil/internal/shared/crypto/tls/storage.go:144.3,149.70 2 1
cryptoutil/internal/shared/crypto/tls/storage.go:149.70,151.4 1 0
cryptoutil/internal/shared/crypto/tls/storage.go:153.3,153.34 1 1
cryptoutil/internal/shared/crypto/tls/storage.go:156.2,156.20 1 1
cryptoutil/internal/shared/crypto/tls/storage.go:169.111,171.2 1 1
cryptoutil/internal/shared/crypto/tls/storage.go:182.100,184.2 1 0
cryptoutil/internal/shared/crypto/tls/storage.go:187.103,190.16 2 1
cryptoutil/internal/shared/crypto/tls/storage.go:190.16,192.3 1 1
cryptoutil/internal/shared/crypto/tls/storage.go:195.2,197.6 2 1
cryptoutil/internal/shared/crypto/tls/storage.go:197.6,199.19 2 1
cryptoutil/internal/shared/crypto/tls/storage.go:199.19,200.9 1 1
cryptoutil/internal/shared/crypto/tls/storage.go:203.3,203.34 1 1
cryptoutil/internal/shared/crypto/tls/storage.go:203.34,205.18 2 1
cryptoutil/internal/shared/crypto/tls/storage.go:205.18,207.5 1 0
cryptoutil/internal/shared/crypto/tls/storage.go:209.4,209.31 1 1
cryptoutil/internal/shared/crypto/tls/storage.go:212.3,212.17 1 1
cryptoutil/internal/shared/crypto/tls/storage.go:215.2,215.21 1 1
cryptoutil/internal/shared/crypto/tls/storage.go:215.21,217.3 1 0
cryptoutil/internal/shared/crypto/tls/storage.go:219.2,231.19 2 1
cryptoutil/internal/shared/crypto/tls/storage.go:231.19,233.17 2 1
cryptoutil/internal/shared/crypto/tls/storage.go:233.17,235.4 1 0
cryptoutil/internal/shared/crypto/tls/storage.go:237.3,238.19 2 1
cryptoutil/internal/shared/crypto/tls/storage.go:238.19,240.4 1 0
cryptoutil/internal/shared/crypto/tls/storage.go:242.3,243.17 2 1
cryptoutil/internal/shared/crypto/tls/storage.go:243.17,245.4 1 0
cryptoutil/internal/shared/crypto/tls/storage.go:247.3,247.39 1 1
cryptoutil/internal/shared/crypto/tls/storage.go:251.2,251.20 1 1
cryptoutil/internal/shared/crypto/tls/storage.go:251.20,256.3 4 1
cryptoutil/internal/shared/crypto/tls/storage.go:256.8,258.3 1 0
cryptoutil/internal/shared/crypto/tls/storage.go:260.2,260.21 1 1
cryptoutil/internal/shared/crypto/tls/tls_test_util.go:16.38,26.2 1 0
cryptoutil/internal/shared/crypto/digests/hkdf.go:40.87,42.2 1 1
cryptoutil/internal/shared/crypto/digests/hkdf.go:45.87,47.2 1 1
cryptoutil/internal/shared/crypto/digests/hkdf.go:50.87,52.2 1 1
cryptoutil/internal/shared/crypto/digests/hkdf.go:55.87,57.2 1 1
cryptoutil/internal/shared/crypto/digests/hkdf.go:60.111,65.20 3 1
cryptoutil/internal/shared/crypto/digests/hkdf.go:66.20,68.20 2 1
cryptoutil/internal/shared/crypto/digests/hkdf.go:69.20,71.20 2 1
cryptoutil/internal/shared/crypto/digests/hkdf.go:72.20,74.20 2 1
cryptoutil/internal/shared/crypto/digests/hkdf.go:75.20,78.20 2 1
cryptoutil/internal/shared/crypto/digests/hkdf.go:79.10,80.97 1 1
cryptoutil/internal/shared/crypto/digests/hkdf.go:83.2,84.24 2 1
cryptoutil/internal/shared/crypto/digests/hkdf.go:84.24,86.3 1 1
cryptoutil/internal/shared/crypto/digests/hkdf.go:86.8,86.34 1 1
cryptoutil/internal/shared/crypto/digests/hkdf.go:86.34,88.3 1 1
cryptoutil/internal/shared/crypto/digests/hkdf.go:90.2,90.27 1 1
cryptoutil/internal/shared/crypto/digests/hkdf.go:90.27,92.3 1 1
cryptoutil/internal/shared/crypto/digests/hkdf.go:92.8,92.35 1 1
cryptoutil/internal/shared/crypto/digests/hkdf.go:92.35,94.3 1 1
cryptoutil/internal/shared/crypto/digests/hkdf.go:94.8,94.49 1 1
cryptoutil/internal/shared/crypto/digests/hkdf.go:94.49,96.3 1 1
cryptoutil/internal/shared/crypto/digests/hkdf.go:98.2,98.19 1 1
cryptoutil/internal/shared/crypto/digests/hkdf.go:98.19,100.3 1 1
cryptoutil/internal/shared/crypto/digests/hkdf.go:102.2,106.16 4 1
cryptoutil/internal/shared/crypto/digests/hkdf.go:106.16,108.3 1 0
cryptoutil/internal/shared/crypto/digests/hkdf.go:110.2,110.29 1 1
cryptoutil/internal/shared/crypto/digests/pbkdf2.go:54.76,55.18 1 1
cryptoutil/internal/shared/crypto/digests/pbkdf2.go:55.18,57.3 1 1
cryptoutil/internal/shared/crypto/digests/pbkdf2.go:57.8,57.26 1 1
cryptoutil/internal/shared/crypto/digests/pbkdf2.go:57.26,59.3 1 1
cryptoutil/internal/shared/crypto/digests/pbkdf2.go:61.2,62.44 2 1
cryptoutil/internal/shared/crypto/digests/pbkdf2.go:62.44,64.3 1 0
cryptoutil/internal/shared/crypto/digests/pbkdf2.go:69.2,78.49 3 1
cryptoutil/internal/shared/crypto/digests/pbkdf2.go:91.58,93.2 1 1
cryptoutil/internal/shared/crypto/digests/pbkdf2.go:99.90,101.16 2 1
cryptoutil/internal/shared/crypto/digests/pbkdf2.go:101.16,103.3 1 1
cryptoutil/internal/shared/crypto/digests/pbkdf2.go:106.2,108.18 2 1
cryptoutil/internal/shared/crypto/digests/pbkdf2.go:109.51,110.24 1 1
cryptoutil/internal/shared/crypto/digests/pbkdf2.go:111.50,112.27 1 1
cryptoutil/internal/shared/crypto/digests/pbkdf2.go:113.50,114.24 1 1
cryptoutil/internal/shared/crypto/digests/pbkdf2.go:115.10,116.228 1 1
cryptoutil/internal/shared/crypto/digests/pbkdf2.go:122.2,126.37 3 1
cryptoutil/internal/shared/crypto/digests/pbkdf2.go:126.37,128.3 1 0
cryptoutil/internal/shared/crypto/digests/pbkdf2.go:131.2,133.36 2 1
cryptoutil/internal/shared/crypto/digests/pbkdf2.go:133.36,134.34 1 1
cryptoutil/internal/shared/crypto/digests/pbkdf2.go:134.34,136.4 1 1
cryptoutil/internal/shared/crypto/digests/pbkdf2.go:139.2,141.19 2 1
cryptoutil/internal/shared/crypto/digests/pbkdf2.go:144.84,145.18 1 1
cryptoutil/internal/shared/crypto/digests/pbkdf2.go:145.18,147.3 1 1
cryptoutil/internal/shared/crypto/digests/pbkdf2.go:150.2,150.37 1 1
cryptoutil/internal/shared/crypto/digests/pbkdf2.go:150.37,152.3 1 1
cryptoutil/internal/shared/crypto/digests/pbkdf2.go:154.2,155.68 2 1
cryptoutil/internal/shared/crypto/digests/pbkdf2.go:155.68,157.3 1 1
cryptoutil/internal/shared/crypto/digests/pbkdf2.go:160.2,161.82 2 1
cryptoutil/internal/shared/crypto/digests/pbkdf2.go:161.82,163.3 1 1
cryptoutil/internal/shared/crypto/digests/pbkdf2.go:165.2,169.74 4 1
cryptoutil/internal/shared/crypto/digests/pbkdf2.go:169.74,171.3 1 1
cryptoutil/internal/shared/crypto/digests/pbkdf2.go:173.2,177.16 4 1
cryptoutil/internal/shared/crypto/digests/pbkdf2.go:177.16,179.3 1 1
cryptoutil/internal/shared/crypto/digests/pbkdf2.go:181.2,182.16 2 1
cryptoutil/internal/shared/crypto/digests/pbkdf2.go:182.16,184.3 1 1
cryptoutil/internal/shared/crypto/digests/pbkdf2.go:186.2,186.55 1 1
cryptoutil/internal/shared/crypto/digests/sha2.go:13.34,17.2 2 1
cryptoutil/internal/shared/crypto/digests/sha2.go:20.34,24.2 2 1
cryptoutil/internal/shared/crypto/digests/sha2.go:27.34,31.2 2 1
cryptoutil/internal/shared/crypto/digests/sha2.go:34.34,38.2 2 1
cryptoutil/internal/shared/crypto/certificate/certificates.go:61.145,64.42 2 1
cryptoutil/internal/shared/crypto/certificate/certificates.go:64.42,68.27 3 1
cryptoutil/internal/shared/crypto/certificate/certificates.go:68.27,70.4 1 1
cryptoutil/internal/shared/crypto/certificate/certificates.go:70.9,73.4 2 1
cryptoutil/internal/shared/crypto/certificate/certificates.go:75.3,75.17 1 1
cryptoutil/internal/shared/crypto/certificate/certificates.go:75.17,77.4 1 0
cryptoutil/internal/shared/crypto/certificate/certificates.go:80.2,80.22 1 1
cryptoutil/internal/shared/crypto/certificate/certificates.go:84.214,85.53 1 1
cryptoutil/internal/shared/crypto/certificate/certificates.go:85.53,87.3 1 0
cryptoutil/internal/shared/crypto/certificate/certificates.go:87.8,87.60 1 1
cryptoutil/internal/shared/crypto/certificate/certificates.go:87.60,89.3 1 0
cryptoutil/internal/shared/crypto/certificate/certificates.go:89.8,89.34 1 1
cryptoutil/internal/shared/crypto/certificate/certificates.go:89.34,91.3 1 0
cryptoutil/internal/shared/crypto/certificate/certificates.go:91.8,91.34 1 1
cryptoutil/internal/shared/crypto/certificate/certificates.go:91.34,93.3 1 0
cryptoutil/internal/shared/crypto/certificate/certificates.go:93.8,93.41 1 1
cryptoutil/internal/shared/crypto/certificate/certificates.go:93.41,95.3 1 0
cryptoutil/internal/shared/crypto/certificate/certificates.go:95.8,95.42 1 1
cryptoutil/internal/shared/crypto/certificate/certificates.go:95.42,97.3 1 0
cryptoutil/internal/shared/crypto/certificate/certificates.go:97.8,97.27 1 1
cryptoutil/internal/shared/crypto/certificate/certificates.go:97.27,99.3 1 0
cryptoutil/internal/shared/crypto/certificate/certificates.go:101.2,107.53 4 1
cryptoutil/internal/shared/crypto/certificate/certificates.go:107.53,111.3 3 1
cryptoutil/internal/shared/crypto/certificate/certificates.go:111.8,115.3 3 1
cryptoutil/internal/shared/crypto/certificate/certificates.go:117.2,131.16 3 1
cryptoutil/internal/shared/crypto/certificate/certificates.go:131.16,133.3 1 0
cryptoutil/internal/shared/crypto/certificate/certificates.go:135.2,136.16 2 1
cryptoutil/internal/shared/crypto/certificate/certificates.go:136.16,138.3 1 0
cryptoutil/internal/shared/crypto/certificate/certificates.go:140.2,142.29 2 1
cryptoutil/internal/shared/crypto/certificate/certificates.go:146.304,148.16 2 1
cryptoutil/internal/shared/crypto/certificate/certificates.go:148.16,150.3 1 0
cryptoutil/internal/shared/crypto/certificate/certificates.go:152.2,153.16 2 1
cryptoutil/internal/shared/crypto/certificate/certificates.go:153.16,155.3 1 0
cryptoutil/internal/shared/crypto/certificate/certificates.go:157.2,171.8 1 1
cryptoutil/internal/shared/crypto/certificate/certificates.go:175.111,176.61 1 1
cryptoutil/internal/shared/crypto/certificate/certificates.go:176.61,178.3 1 0
cryptoutil/internal/shared/crypto/certificate/certificates.go:178.8,178.59 1 1
cryptoutil/internal/shared/crypto/certificate/certificates.go:178.59,180.3 1 0
cryptoutil/internal/shared/crypto/certificate/certificates.go:182.2,183.76 2 1
cryptoutil/internal/shared/crypto/certificate/certificates.go:183.76,185.3 1 1
cryptoutil/internal/shared/crypto/certificate/certificates.go:187.2,189.60 2 1
cryptoutil/internal/shared/crypto/certificate/certificates.go:189.60,192.3 2 1
cryptoutil/internal/shared/crypto/certificate/certificates.go:194.2,195.76 2 1
cryptoutil/internal/shared/crypto/certificate/certificates.go:195.76,197.3 1 1
cryptoutil/internal/shared/crypto/certificate/certificates.go:199.2,199.206 1 1
cryptoutil/internal/shared/crypto/certificate/certificates.go:203.127,205.16 2 1
cryptoutil/internal/shared/crypto/certificate/certificates.go:205.16,207.3 1 0
cryptoutil/internal/shared/crypto/certificate/certificates.go:209.2,210.16 2 1
cryptoutil/internal/shared/crypto/certificate/certificates.go:210.16,212.3 1 1
cryptoutil/internal/shared/crypto/certificate/certificates.go:214.2,225.8 1 1
cryptoutil/internal/shared/crypto/certificate/certificates.go:229.257,231.16 2 1
cryptoutil/internal/shared/crypto/certificate/certificates.go:231.16,233.3 1 0
cryptoutil/internal/shared/crypto/certificate/certificates.go:235.2,236.16 2 1
cryptoutil/internal/shared/crypto/certificate/certificates.go:236.16,238.3 1 0
cryptoutil/internal/shared/crypto/certificate/certificates.go:240.2,254.22 2 1
cryptoutil/internal/shared/crypto/certificate/certificates.go:258.255,260.9 2 1
cryptoutil/internal/shared/crypto/certificate/certificates.go:260.9,262.3 1 0
cryptoutil/internal/shared/crypto/certificate/certificates.go:264.2,269.30 4 1
cryptoutil/internal/shared/crypto/certificate/certificates.go:269.30,271.3 1 1
cryptoutil/internal/shared/crypto/certificate/certificates.go:271.8,273.3 1 1
cryptoutil/internal/shared/crypto/certificate/certificates.go:275.2,275.16 1 1
cryptoutil/internal/shared/crypto/certificate/certificates.go:275.16,277.3 1 0
cryptoutil/internal/shared/crypto/certificate/certificates.go:279.2,280.16 2 1
cryptoutil/internal/shared/crypto/certificate/certificates.go:280.16,282.3 1 0
cryptoutil/internal/shared/crypto/certificate/certificates.go:284.2,284.75 1 1
cryptoutil/internal/shared/crypto/certificate/certificates.go:288.87,289.21 1 1
cryptoutil/internal/shared/crypto/certificate/certificates.go:289.21,291.3 1 1
cryptoutil/internal/shared/crypto/certificate/certificates.go:293.2,295.35 2 1
cryptoutil/internal/shared/crypto/certificate/certificates.go:295.35,296.32 1 1
cryptoutil/internal/shared/crypto/certificate/certificates.go:296.32,298.4 1 1
cryptoutil/internal/shared/crypto/certificate/certificates.go:298.9,298.38 1 1
cryptoutil/internal/shared/crypto/certificate/certificates.go:298.38,300.4 1 0
cryptoutil/internal/shared/crypto/certificate/certificates.go:300.9,300.35 1 1
cryptoutil/internal/shared/crypto/certificate/certificates.go:300.35,302.4 1 0
cryptoutil/internal/shared/crypto/certificate/certificates.go:304.3,304.142 1 1
cryptoutil/internal/shared/crypto/certificate/certificates.go:304.142,306.4 1 1
cryptoutil/internal/shared/crypto/certificate/certificates.go:306.9,306.53 1 1
cryptoutil/internal/shared/crypto/certificate/certificates.go:306.53,308.4 1 1
cryptoutil/internal/shared/crypto/certificate/certificates.go:308.9,308.26 1 1
cryptoutil/internal/shared/crypto/certificate/certificates.go:308.26,309.30 1 1
cryptoutil/internal/shared/crypto/certificate/certificates.go:309.30,311.5 1 1
cryptoutil/internal/shared/crypto/certificate/certificates.go:314.3,315.17 2 1
cryptoutil/internal/shared/crypto/certificate/certificates.go:315.17,317.4 1 0
cryptoutil/internal/shared/crypto/certificate/certificates.go:319.3,320.17 2 1
cryptoutil/internal/shared/crypto/certificate/certificates.go:320.17,322.4 1 0
cryptoutil/internal/shared/crypto/certificate/certificates.go:324.3,324.56 1 1
cryptoutil/internal/shared/crypto/certificate/certificates.go:327.2,327.38 1 1
cryptoutil/internal/shared/crypto/certificate/certificates.go:331.84,334.70 2 1
cryptoutil/internal/shared/crypto/certificate/certificates.go:334.70,338.17 3 1
cryptoutil/internal/shared/crypto/certificate/certificates.go:338.17,340.4 1 0
cryptoutil/internal/shared/crypto/certificate/certificates.go:342.3,343.17 2 1
cryptoutil/internal/shared/crypto/certificate/certificates.go:343.17,345.4 1 0
cryptoutil/internal/shared/crypto/certificate/certificates.go:347.3,347.45 1 1
cryptoutil/internal/shared/crypto/certificate/certificates.go:347.45,349.4 1 0
cryptoutil/internal/shared/crypto/certificate/certificates.go:349.9,349.42 1 1
cryptoutil/internal/shared/crypto/certificate/certificates.go:349.42,351.4 1 0
cryptoutil/internal/shared/crypto/certificate/certificates.go:353.3,362.23 3 1
cryptoutil/internal/shared/crypto/certificate/certificates.go:362.23,364.4 1 1
cryptoutil/internal/shared/crypto/certificate/certificates.go:364.9,369.4 4 1
cryptoutil/internal/shared/crypto/certificate/certificates.go:371.3,371.25 1 1
cryptoutil/internal/shared/crypto/certificate/certificates.go:374.2,374.22 1 1
cryptoutil/internal/shared/crypto/certificate/certificates.go:377.106,378.24 1 1
cryptoutil/internal/shared/crypto/certificate/certificates.go:378.24,380.3 1 1
cryptoutil/internal/shared/crypto/certificate/certificates.go:380.8,380.51 1 1
cryptoutil/internal/shared/crypto/certificate/certificates.go:380.51,382.3 1 1
cryptoutil/internal/shared/crypto/certificate/certificates.go:382.8,382.41 1 1
cryptoutil/internal/shared/crypto/certificate/certificates.go:382.41,384.3 1 1
cryptoutil/internal/shared/crypto/certificate/certificates.go:386.2,386.59 1 1
cryptoutil/internal/shared/crypto/certificate/certificates.go:386.59,387.25 1 1
cryptoutil/internal/shared/crypto/certificate/certificates.go:387.25,389.4 1 1
cryptoutil/internal/shared/crypto/certificate/certificates.go:392.2,398.59 5 1
cryptoutil/internal/shared/crypto/certificate/certificates.go:398.59,401.3 2 1
cryptoutil/internal/shared/crypto/certificate/certificates.go:403.2,403.56 1 1
cryptoutil/internal/shared/crypto/certificate/certificates.go:403.56,405.17 2 1
cryptoutil/internal/shared/crypto/certificate/certificates.go:405.17,407.4 1 0
cryptoutil/internal/shared/crypto/certificate/certificates.go:409.3,409.87 1 1
cryptoutil/internal/shared/crypto/certificate/certificates.go:412.2,413.16 2 1
cryptoutil/internal/shared/crypto/certificate/certificates.go:413.16,415.3 1 0
cryptoutil/internal/shared/crypto/certificate/certificates.go:417.2,419.32 2 1
cryptoutil/internal/shared/crypto/certificate/certificates.go:422.91,423.31 1 1
cryptoutil/internal/shared/crypto/certificate/certificates.go:423.31,425.3 1 0
cryptoutil/internal/shared/crypto/certificate/certificates.go:425.8,425.61 1 1
cryptoutil/internal/shared/crypto/certificate/certificates.go:425.61,427.3 1 0
cryptoutil/internal/shared/crypto/certificate/certificates.go:427.8,427.54 1 1
cryptoutil/internal/shared/crypto/certificate/certificates.go:427.54,429.3 1 0
cryptoutil/internal/shared/crypto/certificate/certificates.go:431.2,431.66 1 1
cryptoutil/internal/shared/crypto/certificate/certificates.go:431.66,432.25 1 1
cryptoutil/internal/shared/crypto/certificate/certificates.go:432.25,434.4 1 0
cryptoutil/internal/shared/crypto/certificate/certificates.go:437.2,442.66 4 1
cryptoutil/internal/shared/crypto/certificate/certificates.go:442.66,444.17 2 1
cryptoutil/internal/shared/crypto/certificate/certificates.go:444.17,446.4 1 0
cryptoutil/internal/shared/crypto/certificate/certificates.go:449.2,450.16 2 1
cryptoutil/internal/shared/crypto/certificate/certificates.go:450.16,452.3 1 0
cryptoutil/internal/shared/crypto/certificate/certificates.go:454.2,454.47 1 1
cryptoutil/internal/shared/crypto/certificate/certificates.go:454.47,456.17 2 1
cryptoutil/internal/shared/crypto/certificate/certificates.go:456.17,458.4 1 0
cryptoutil/internal/shared/crypto/certificate/certificates.go:461.2,461.25 1 1
cryptoutil/internal/shared/crypto/certificate/certificates.go:464.53,466.2 1 1
cryptoutil/internal/shared/crypto/certificate/certificates.go:468.51,470.2 1 1
cryptoutil/internal/shared/crypto/certificate/certificates.go:472.49,474.2 1 1
cryptoutil/internal/shared/crypto/certificate/certificates_server_test_util.go:24.177,26.16 2 1
cryptoutil/internal/shared/crypto/certificate/certificates_server_test_util.go:26.16,28.3 1 0
cryptoutil/internal/shared/crypto/certificate/certificates_server_test_util.go:30.2,31.9 2 1
cryptoutil/internal/shared/crypto/certificate/certificates_server_test_util.go:31.9,33.3 1 0
cryptoutil/internal/shared/crypto/certificate/certificates_server_test_util.go:36.2,36.64 1 1
cryptoutil/internal/shared/crypto/certificate/certificates_server_test_util.go:36.64,38.3 1 0
cryptoutil/internal/shared/crypto/certificate/certificates_server_test_util.go:40.2,42.12 2 1
cryptoutil/internal/shared/crypto/certificate/certificates_server_test_util.go:42.12,43.16 1 1
cryptoutil/internal/shared/crypto/certificate/certificates_server_test_util.go:43.16,44.46 1 1
cryptoutil/internal/shared/crypto/certificate/certificates_server_test_util.go:44.46,46.5 1 0
cryptoutil/internal/shared/crypto/certificate/certificates_server_test_util.go:49.3,52.7 3 1
cryptoutil/internal/shared/crypto/certificate/certificates_server_test_util.go:52.7,53.11 1 1
cryptoutil/internal/shared/crypto/certificate/certificates_server_test_util.go:54.34,57.11 2 1
cryptoutil/internal/shared/crypto/certificate/certificates_server_test_util.go:58.30,61.11 2 0
cryptoutil/internal/shared/crypto/certificate/certificates_server_test_util.go:62.12,63.89 1 1
cryptoutil/internal/shared/crypto/certificate/certificates_server_test_util.go:63.89,65.6 1 0
cryptoutil/internal/shared/crypto/certificate/certificates_server_test_util.go:67.5,68.19 2 1
cryptoutil/internal/shared/crypto/certificate/certificates_server_test_util.go:68.19,70.45 2 1
cryptoutil/internal/shared/crypto/certificate/certificates_server_test_util.go:70.45,71.15 1 1
cryptoutil/internal/shared/crypto/certificate/certificates_server_test_util.go:75.6,75.13 1 0
cryptoutil/internal/shared/crypto/certificate/certificates_server_test_util.go:76.61,80.13 2 0
cryptoutil/internal/shared/crypto/certificate/certificates_server_test_util.go:81.14,86.15 3 0
cryptoutil/internal/shared/crypto/certificate/certificates_server_test_util.go:90.5,90.28 1 1
cryptoutil/internal/shared/crypto/certificate/certificates_server_test_util.go:90.28,91.19 1 1
cryptoutil/internal/shared/crypto/certificate/certificates_server_test_util.go:91.19,92.35 1 1
cryptoutil/internal/shared/crypto/certificate/certificates_server_test_util.go:92.35,94.8 1 0
cryptoutil/internal/shared/crypto/certificate/certificates_server_test_util.go:96.7,96.42 1 1
cryptoutil/internal/shared/crypto/certificate/certificates_server_test_util.go:96.42,98.8 1 0
cryptoutil/internal/shared/crypto/certificate/certificates_server_test_util.go:102.6,102.84 1 1
cryptoutil/internal/shared/crypto/certificate/certificates_server_test_util.go:102.84,104.7 1 0
cryptoutil/internal/shared/crypto/certificate/certificates_server_test_util.go:106.6,106.86 1 1
cryptoutil/internal/shared/crypto/certificate/certificates_server_test_util.go:106.86,108.7 1 0
cryptoutil/internal/shared/crypto/certificate/certificates_server_test_util.go:110.6,113.20 3 1
cryptoutil/internal/shared/crypto/certificate/certificates_server_test_util.go:113.20,115.46 2 0
cryptoutil/internal/shared/crypto/certificate/certificates_server_test_util.go:115.46,117.8 1 0
cryptoutil/internal/shared/crypto/certificate/certificates_server_test_util.go:117.13,119.8 1 0
cryptoutil/internal/shared/crypto/certificate/certificates_server_test_util.go:121.7,121.13 1 0
cryptoutil/internal/shared/crypto/certificate/certificates_server_test_util.go:124.6,124.23 1 1
cryptoutil/internal/shared/crypto/certificate/certificates_server_test_util.go:124.23,126.87 1 1
cryptoutil/internal/shared/crypto/certificate/certificates_server_test_util.go:126.87,128.8 1 0
cryptoutil/internal/shared/crypto/certificate/certificates_server_test_util.go:130.7,131.21 2 1
cryptoutil/internal/shared/crypto/certificate/certificates_server_test_util.go:131.21,133.47 2 0
cryptoutil/internal/shared/crypto/certificate/certificates_server_test_util.go:133.47,135.9 1 0
cryptoutil/internal/shared/crypto/certificate/certificates_server_test_util.go:135.14,137.9 1 0
cryptoutil/internal/shared/crypto/certificate/certificates_server_test_util.go:145.2,145.41 1 1
cryptoutil/internal/shared/crypto/certificate/certificates_server_test_util.go:148.155,150.16 2 1
cryptoutil/internal/shared/crypto/certificate/certificates_server_test_util.go:150.16,152.3 1 0
cryptoutil/internal/shared/crypto/certificate/certificates_server_test_util.go:154.2,154.79 1 1
cryptoutil/internal/shared/crypto/certificate/certificates_server_test_util.go:154.79,155.16 1 1
cryptoutil/internal/shared/crypto/certificate/certificates_server_test_util.go:155.16,156.36 1 1
cryptoutil/internal/shared/crypto/certificate/certificates_server_test_util.go:156.36,159.5 2 0
cryptoutil/internal/shared/crypto/certificate/certificates_server_test_util.go:163.3,166.17 3 1
cryptoutil/internal/shared/crypto/certificate/certificates_server_test_util.go:166.17,171.4 3 0
cryptoutil/internal/shared/crypto/certificate/certificates_server_test_util.go:173.3,177.17 4 1
cryptoutil/internal/shared/crypto/certificate/certificates_server_test_util.go:177.17,180.4 1 0
cryptoutil/internal/shared/crypto/certificate/certificates_server_test_util.go:182.2,193.12 2 1
cryptoutil/internal/shared/crypto/certificate/certificates_server_test_util.go:193.12,194.93 1 1
cryptoutil/internal/shared/crypto/certificate/certificates_server_test_util.go:194.93,196.4 1 0
cryptoutil/internal/shared/crypto/certificate/certificates_server_test_util.go:199.2,201.25 2 1
cryptoutil/internal/shared/crypto/certificate/certificates_verify_test_util.go:19.89,23.2 3 1
cryptoutil/internal/shared/crypto/certificate/certificates_verify_test_util.go:25.215,45.2 17 1
cryptoutil/internal/shared/crypto/certificate/certificates_verify_test_util.go:47.270,75.2 20 1
cryptoutil/internal/shared/crypto/certificate/certificates_verify_test_util.go:80.104,92.2 5 0
cryptoutil/internal/shared/crypto/certificate/certificates_verify_test_util.go:94.71,98.37 3 1
cryptoutil/internal/shared/crypto/certificate/certificates_verify_test_util.go:98.37,104.21 5 1
cryptoutil/internal/shared/crypto/certificate/certificates_verify_test_util.go:104.21,106.4 1 1
cryptoutil/internal/shared/crypto/certificate/certificates_verify_test_util.go:106.9,109.4 2 1
cryptoutil/internal/shared/crypto/certificate/certificates_verify_test_util.go:111.3,116.61 4 1
cryptoutil/internal/shared/crypto/certificate/certificates_verify_test_util.go:116.61,119.4 2 1
cryptoutil/internal/shared/crypto/certificate/certificates_verify_test_util.go:121.3,122.82 1 1
cryptoutil/internal/shared/crypto/certificate/certificates_verify_test_util.go:126.81,143.2 8 1
cryptoutil/internal/shared/crypto/certificate/serial_number.go:23.47,25.16 2 1
cryptoutil/internal/shared/crypto/certificate/serial_number.go:25.16,27.3 1 0
cryptoutil/internal/shared/crypto/certificate/serial_number.go:29.2,29.68 1 1
cryptoutil/internal/shared/crypto/certificate/serial_number.go:32.151,33.75 1 1
cryptoutil/internal/shared/crypto/certificate/serial_number.go:33.75,35.3 1 1
cryptoutil/internal/shared/crypto/certificate/serial_number.go:37.2,38.16 2 1
cryptoutil/internal/shared/crypto/certificate/serial_number.go:38.16,40.3 1 1
cryptoutil/internal/shared/crypto/certificate/serial_number.go:40.8,40.88 1 1
cryptoutil/internal/shared/crypto/certificate/serial_number.go:40.88,42.3 1 0
cryptoutil/internal/shared/crypto/certificate/serial_number.go:44.2,44.33 1 1
cryptoutil/internal/shared/crypto/certificate/serial_number.go:47.158,48.80 1 1
cryptoutil/internal/shared/crypto/certificate/serial_number.go:48.80,50.3 1 1
cryptoutil/internal/shared/crypto/certificate/serial_number.go:52.2,53.16 2 1
cryptoutil/internal/shared/crypto/certificate/serial_number.go:53.16,55.3 1 0
cryptoutil/internal/shared/crypto/certificate/serial_number.go:55.8,55.93 1 1
cryptoutil/internal/shared/crypto/certificate/serial_number.go:55.93,57.3 1 0
cryptoutil/internal/shared/crypto/certificate/serial_number.go:59.2,59.33 1 1
cryptoutil/internal/shared/crypto/certificate/serial_number.go:62.147,65.28 2 1
cryptoutil/internal/shared/crypto/certificate/serial_number.go:65.28,67.3 1 1
cryptoutil/internal/shared/crypto/certificate/serial_number.go:67.8,67.29 1 1
cryptoutil/internal/shared/crypto/certificate/serial_number.go:67.29,69.3 1 0
cryptoutil/internal/shared/crypto/certificate/serial_number.go:69.8,69.29 1 1
cryptoutil/internal/shared/crypto/certificate/serial_number.go:69.29,71.3 1 0
cryptoutil/internal/shared/crypto/certificate/serial_number.go:71.8,71.32 1 1
cryptoutil/internal/shared/crypto/certificate/serial_number.go:71.32,73.3 1 0
cryptoutil/internal/shared/crypto/certificate/serial_number.go:75.2,76.16 2 1
cryptoutil/internal/shared/crypto/certificate/serial_number.go:76.16,78.3 1 0
cryptoutil/internal/shared/crypto/certificate/serial_number.go:80.2,83.33 3 1
cryptoutil/internal/shared/crypto/keygenpooltest/keygenpool_test_util.go:23.180,25.2 1 0
cryptoutil/internal/shared/crypto/keygenpooltest/keygenpool_test_util.go:28.180,30.2 1 0
cryptoutil/internal/shared/crypto/keygenpooltest/keygenpool_test_util.go:33.180,35.2 1 0
cryptoutil/internal/shared/crypto/keygenpooltest/keygenpool_test_util.go:38.182,40.2 1 0
cryptoutil/internal/shared/crypto/keygenpooltest/keygenpool_test_util.go:43.182,45.2 1 0
cryptoutil/internal/shared/crypto/keygenpooltest/keygenpool_test_util.go:48.182,50.2 1 0
cryptoutil/internal/shared/crypto/keygenpooltest/keygenpool_test_util.go:53.181,55.2 1 0
cryptoutil/internal/shared/crypto/keygenpooltest/keygenpool_test_util.go:58.181,60.2 1 0
cryptoutil/internal/shared/crypto/keygenpooltest/keygenpool_test_util.go:63.181,65.2 1 0
cryptoutil/internal/shared/crypto/keygenpooltest/keygenpool_test_util.go:68.180,70.2 1 0
cryptoutil/internal/shared/crypto/keygenpooltest/keygenpool_test_util.go:73.183,75.2 1 0
cryptoutil/internal/shared/crypto/keygenpooltest/keygenpool_test_util.go:78.181,80.2 1 0
cryptoutil/internal/shared/crypto/keygenpooltest/keygenpool_test_util.go:83.181,85.2 1 0
cryptoutil/internal/shared/crypto/keygenpooltest/keygenpool_test_util.go:88.191,90.2 1 0
cryptoutil/internal/shared/crypto/keygenpooltest/keygenpool_test_util.go:93.186,95.2 1 0
cryptoutil/internal/shared/crypto/keygenpooltest/keygenpool_test_util.go:98.186,100.2 1 0
cryptoutil/internal/shared/crypto/keygenpooltest/keygenpool_test_util.go:103.158,105.2 1 0
cryptoutil/internal/shared/crypto/keygenpooltest/keygenpool_test_util.go:107.145,112.2 3 0
cryptoutil/internal/shared/crypto/password/password.go:19.52,21.16 2 1
cryptoutil/internal/shared/crypto/password/password.go:21.16,23.3 1 0
cryptoutil/internal/shared/crypto/password/password.go:25.2,25.18 1 1
cryptoutil/internal/shared/crypto/password/password.go:35.70,36.20 1 1
cryptoutil/internal/shared/crypto/password/password.go:36.20,38.3 1 1
cryptoutil/internal/shared/crypto/password/password.go:40.2,40.22 1 1
cryptoutil/internal/shared/crypto/password/password.go:40.22,42.3 1 1
cryptoutil/internal/shared/crypto/password/password.go:44.2,46.18 2 1
cryptoutil/internal/shared/crypto/password/password.go:47.16,50.17 2 1
cryptoutil/internal/shared/crypto/password/password.go:50.17,51.59 1 1
cryptoutil/internal/shared/crypto/password/password.go:51.59,53.5 1 1
cryptoutil/internal/shared/crypto/password/password.go:55.4,55.78 1 0
cryptoutil/internal/shared/crypto/password/password.go:58.3,58.25 1 1
cryptoutil/internal/shared/crypto/password/password.go:60.16,63.17 2 1
cryptoutil/internal/shared/crypto/password/password.go:63.17,65.4 1 0
cryptoutil/internal/shared/crypto/password/password.go:67.3,67.27 1 1
cryptoutil/internal/shared/crypto/password/password.go:69.10,70.69 1 0
cryptoutil/internal/shared/crypto/password/password.go:76.41,78.2 1 1
cryptoutil/internal/shared/crypto/pbkdf2/pbkdf2.go:37.52,39.2 1 1
cryptoutil/internal/shared/crypto/pbkdf2/pbkdf2.go:42.82,43.20 1 1
cryptoutil/internal/shared/crypto/pbkdf2/pbkdf2.go:43.20,45.3 1 1
cryptoutil/internal/shared/crypto/pbkdf2/pbkdf2.go:47.2,47.41 1 1
cryptoutil/internal/shared/crypto/pbkdf2/pbkdf2.go:47.41,49.3 1 1
cryptoutil/internal/shared/crypto/pbkdf2/pbkdf2.go:52.2,53.44 2 1
cryptoutil/internal/shared/crypto/pbkdf2/pbkdf2.go:53.44,55.3 1 0
cryptoutil/internal/shared/crypto/pbkdf2/pbkdf2.go:58.2,64.82 4 1
cryptoutil/internal/shared/crypto/pbkdf2/pbkdf2.go:69.64,70.20 1 1
cryptoutil/internal/shared/crypto/pbkdf2/pbkdf2.go:70.20,72.3 1 1
cryptoutil/internal/shared/crypto/pbkdf2/pbkdf2.go:74.2,74.22 1 1
cryptoutil/internal/shared/crypto/pbkdf2/pbkdf2.go:74.22,76.3 1 1
cryptoutil/internal/shared/crypto/pbkdf2/pbkdf2.go:79.2,80.34 2 1
cryptoutil/internal/shared/crypto/pbkdf2/pbkdf2.go:80.34,82.3 1 1
cryptoutil/internal/shared/crypto/pbkdf2/pbkdf2.go:84.2,84.20 1 1
cryptoutil/internal/shared/crypto/pbkdf2/pbkdf2.go:84.20,86.3 1 0
cryptoutil/internal/shared/crypto/pbkdf2/pbkdf2.go:88.2,88.33 1 1
cryptoutil/internal/shared/crypto/pbkdf2/pbkdf2.go:88.33,90.3 1 0
cryptoutil/internal/shared/crypto/pbkdf2/pbkdf2.go:92.2,93.67 2 1
cryptoutil/internal/shared/crypto/pbkdf2/pbkdf2.go:93.67,95.3 1 0
cryptoutil/internal/shared/crypto/pbkdf2/pbkdf2.go:97.2,98.16 2 1
cryptoutil/internal/shared/crypto/pbkdf2/pbkdf2.go:98.16,100.3 1 0
cryptoutil/internal/shared/crypto/pbkdf2/pbkdf2.go:102.2,103.16 2 1
cryptoutil/internal/shared/crypto/pbkdf2/pbkdf2.go:103.16,105.3 1 0
cryptoutil/internal/shared/crypto/pbkdf2/pbkdf2.go:108.2,111.68 2 1
cryptoutil/internal/shared/crypto/pbkdf2/pbkdf2.go:111.68,113.3 1 1
cryptoutil/internal/shared/crypto/pbkdf2/pbkdf2.go:115.2,115.19 1 1
cryptoutil/internal/shared/crypto/pbkdf2/pbkdf2.go:120.41,121.107 1 1
cryptoutil/internal/shared/crypto/pbkdf2/pbkdf2.go:121.107,123.3 1 1
cryptoutil/internal/shared/crypto/pbkdf2/pbkdf2.go:125.2,125.48 1 1
cryptoutil/internal/shared/crypto/pbkdf2/pbkdf2.go:125.48,127.3 1 1
cryptoutil/internal/shared/crypto/pbkdf2/pbkdf2.go:129.2,129.18 1 1
cryptoutil/internal/shared/crypto/keygen/keygen.go:38.29,38.30 0 1
cryptoutil/internal/shared/crypto/keygen/keygen.go:39.29,39.30 0 1
cryptoutil/internal/shared/crypto/keygen/keygen.go:72.71,73.34 1 1
cryptoutil/internal/shared/crypto/keygen/keygen.go:73.34,73.72 1 1
cryptoutil/internal/shared/crypto/keygen/keygen.go:77.56,79.16 2 1
cryptoutil/internal/shared/crypto/keygen/keygen.go:79.16,81.3 1 0
cryptoutil/internal/shared/crypto/keygen/keygen.go:83.2,83.74 1 1
cryptoutil/internal/shared/crypto/keygen/keygen.go:87.87,88.34 1 1
cryptoutil/internal/shared/crypto/keygen/keygen.go:88.34,88.77 1 1
cryptoutil/internal/shared/crypto/keygen/keygen.go:92.72,94.16 2 1
cryptoutil/internal/shared/crypto/keygen/keygen.go:94.16,96.3 1 0
cryptoutil/internal/shared/crypto/keygen/keygen.go:98.2,98.74 1 1
cryptoutil/internal/shared/crypto/keygen/keygen.go:102.81,103.34 1 1
cryptoutil/internal/shared/crypto/keygen/keygen.go:103.34,103.75 1 1
cryptoutil/internal/shared/crypto/keygen/keygen.go:107.66,109.16 2 1
cryptoutil/internal/shared/crypto/keygen/keygen.go:109.16,111.3 1 0
cryptoutil/internal/shared/crypto/keygen/keygen.go:113.2,113.75 1 1
cryptoutil/internal/shared/crypto/keygen/keygen.go:117.76,118.34 1 1
cryptoutil/internal/shared/crypto/keygen/keygen.go:118.34,118.74 1 1
cryptoutil/internal/shared/crypto/keygen/keygen.go:122.61,123.17 1 1
cryptoutil/internal/shared/crypto/keygen/keygen.go:124.20,126.17 2 1
cryptoutil/internal/shared/crypto/keygen/keygen.go:126.17,128.4 1 0
cryptoutil/internal/shared/crypto/keygen/keygen.go:130.3,130.63 1 1
cryptoutil/internal/shared/crypto/keygen/keygen.go:131.22,133.17 2 1
cryptoutil/internal/shared/crypto/keygen/keygen.go:133.17,135.4 1 0
cryptoutil/internal/shared/crypto/keygen/keygen.go:137.3,137.63 1 1
cryptoutil/internal/shared/crypto/keygen/keygen.go:138.10,139.49 1 1
cryptoutil/internal/shared/crypto/keygen/keygen.go:144.68,145.35 1 1
cryptoutil/internal/shared/crypto/keygen/keygen.go:145.35,145.69 1 1
cryptoutil/internal/shared/crypto/keygen/keygen.go:149.53,150.86 1 1
cryptoutil/internal/shared/crypto/keygen/keygen.go:150.86,152.3 1 1
cryptoutil/internal/shared/crypto/keygen/keygen.go:154.2,155.16 2 1
cryptoutil/internal/shared/crypto/keygen/keygen.go:155.16,157.3 1 0
cryptoutil/internal/shared/crypto/keygen/keygen.go:159.2,159.31 1 1
cryptoutil/internal/shared/crypto/keygen/keygen.go:163.72,164.35 1 1
cryptoutil/internal/shared/crypto/keygen/keygen.go:164.35,164.73 1 1
cryptoutil/internal/shared/crypto/keygen/keygen.go:168.57,169.98 1 1
cryptoutil/internal/shared/crypto/keygen/keygen.go:169.98,171.3 1 1
cryptoutil/internal/shared/crypto/keygen/keygen.go:173.2,174.16 2 1
cryptoutil/internal/shared/crypto/keygen/keygen.go:174.16,176.3 1 0
cryptoutil/internal/shared/crypto/keygen/keygen.go:178.2,178.33 1 1
cryptoutil/internal/shared/crypto/keygen/keygen.go:182.70,183.35 1 1
cryptoutil/internal/shared/crypto/keygen/keygen.go:183.35,183.71 1 1
cryptoutil/internal/shared/crypto/keygen/keygen.go:187.55,188.31 1 1
cryptoutil/internal/shared/crypto/keygen/keygen.go:188.31,190.3 1 1
cryptoutil/internal/shared/crypto/keygen/keygen.go:192.2,193.16 2 1
cryptoutil/internal/shared/crypto/keygen/keygen.go:193.16,195.3 1 0
cryptoutil/internal/shared/crypto/keygen/keygen.go:197.2,197.32 1 1
cryptoutil/internal/shared/crypto/jose/elastic_key_algorithm.go:366.164,367.83 1 1
cryptoutil/internal/shared/crypto/jose/elastic_key_algorithm.go:367.83,369.3 1 1
cryptoutil/internal/shared/crypto/jose/elastic_key_algorithm.go:371.2,371.95 1 1
cryptoutil/internal/shared/crypto/jose/elastic_key_algorithm.go:375.117,376.71 1 1
cryptoutil/internal/shared/crypto/jose/elastic_key_algorithm.go:376.71,378.3 1 1
cryptoutil/internal/shared/crypto/jose/elastic_key_algorithm.go:380.2,380.90 1 1
cryptoutil/internal/shared/crypto/jose/elastic_key_algorithm.go:384.82,388.2 2 1
cryptoutil/internal/shared/crypto/jose/elastic_key_algorithm.go:391.82,395.2 2 1
cryptoutil/internal/shared/crypto/jose/elastic_key_algorithm.go:398.97,400.8 2 1
cryptoutil/internal/shared/crypto/jose/elastic_key_algorithm.go:400.8,402.3 1 1
cryptoutil/internal/shared/crypto/jose/elastic_key_algorithm.go:404.2,404.88 1 1
cryptoutil/internal/shared/crypto/jose/elastic_key_algorithm.go:408.98,410.8 2 1
cryptoutil/internal/shared/crypto/jose/elastic_key_algorithm.go:410.8,412.3 1 1
cryptoutil/internal/shared/crypto/jose/elastic_key_algorithm.go:414.2,414.88 1 1
cryptoutil/internal/shared/crypto/jose/elastic_key_algorithm.go:418.100,419.61 1 1
cryptoutil/internal/shared/crypto/jose/elastic_key_algorithm.go:419.61,421.3 1 1
cryptoutil/internal/shared/crypto/jose/elastic_key_algorithm.go:423.2,423.72 1 1
cryptoutil/internal/shared/crypto/jose/elastic_key_algorithm.go:427.96,428.59 1 1
cryptoutil/internal/shared/crypto/jose/elastic_key_algorithm.go:428.59,430.3 1 1
cryptoutil/internal/shared/crypto/jose/elastic_key_algorithm.go:432.2,432.69 1 1
cryptoutil/internal/shared/crypto/jose/elastic_key_algorithm.go:439.96,440.13 1 0
cryptoutil/internal/shared/crypto/jose/elastic_key_algorithm.go:442.38,443.46 1 0
cryptoutil/internal/shared/crypto/jose/elastic_key_algorithm.go:445.70,446.45 1 0
cryptoutil/internal/shared/crypto/jose/elastic_key_algorithm.go:448.37,449.46 1 0
cryptoutil/internal/shared/crypto/jose/elastic_key_algorithm.go:451.68,452.45 1 0
cryptoutil/internal/shared/crypto/jose/elastic_key_algorithm.go:454.41,455.46 1 0
cryptoutil/internal/shared/crypto/jose/elastic_key_algorithm.go:457.37,458.46 1 0
cryptoutil/internal/shared/crypto/jose/elastic_key_algorithm.go:460.130,461.45 1 0
cryptoutil/internal/shared/crypto/jose/elastic_key_algorithm.go:462.10,463.46 1 0
cryptoutil/internal/shared/crypto/jose/elastic_key_algorithm.go:471.100,472.13 1 0
cryptoutil/internal/shared/crypto/jose/elastic_key_algorithm.go:474.120,475.46 1 0
cryptoutil/internal/shared/crypto/jose/elastic_key_algorithm.go:483.72,484.47 1 0
cryptoutil/internal/shared/crypto/jose/elastic_key_algorithm.go:486.95,487.46 1 0
cryptoutil/internal/shared/crypto/jose/elastic_key_algorithm.go:498.128,499.47 1 0
cryptoutil/internal/shared/crypto/jose/elastic_key_algorithm.go:501.99,502.46 1 0
cryptoutil/internal/shared/crypto/jose/elastic_key_algorithm.go:511.131,512.47 1 0
cryptoutil/internal/shared/crypto/jose/elastic_key_algorithm.go:514.135,515.46 1 0
cryptoutil/internal/shared/crypto/jose/elastic_key_algorithm.go:523.82,524.47 1 0
cryptoutil/internal/shared/crypto/jose/elastic_key_algorithm.go:526.156,527.46 1 0
cryptoutil/internal/shared/crypto/jose/elastic_key_algorithm.go:532.62,533.45 1 0
cryptoutil/internal/shared/crypto/jose/elastic_key_algorithm.go:534.10,535.46 1 0
cryptoutil/internal/shared/crypto/jose/jwe_jwk_test_util.go:18.170,30.18 5 1
cryptoutil/internal/shared/crypto/jose/jwe_jwk_test_util.go:30.18,33.13 2 1
cryptoutil/internal/shared/crypto/jose/jwe_jwk_test_util.go:33.13,38.4 3 1
cryptoutil/internal/shared/crypto/jose/jwe_jwk_test_util.go:41.2,48.29 6 1
cryptoutil/internal/shared/crypto/jose/jwe_jwk_test_util.go:48.29,49.21 1 1
cryptoutil/internal/shared/crypto/jose/jwe_jwk_test_util.go:49.21,51.4 1 1
cryptoutil/internal/shared/crypto/jose/jwe_jwk_test_util.go:51.9,54.4 2 1
cryptoutil/internal/shared/crypto/jose/jwe_jwk_test_util.go:57.2,57.19 1 1
cryptoutil/internal/shared/crypto/jose/jwe_jwk_test_util.go:57.19,59.3 1 1
cryptoutil/internal/shared/crypto/jose/jwe_jwk_test_util.go:61.2,61.39 1 1
cryptoutil/internal/shared/crypto/jose/jwe_jwk_util.go:33.179,35.16 2 1
cryptoutil/internal/shared/crypto/jose/jwe_jwk_util.go:35.16,37.3 1 0
cryptoutil/internal/shared/crypto/jose/jwe_jwk_util.go:39.2,40.16 2 1
cryptoutil/internal/shared/crypto/jose/jwe_jwk_util.go:40.16,42.3 1 1
cryptoutil/internal/shared/crypto/jose/jwe_jwk_util.go:44.2,44.49 1 1
cryptoutil/internal/shared/crypto/jose/jwe_jwk_util.go:48.232,52.16 3 1
cryptoutil/internal/shared/crypto/jose/jwe_jwk_util.go:52.16,54.3 1 1
cryptoutil/internal/shared/crypto/jose/jwe_jwk_util.go:56.2,58.32 2 1
cryptoutil/internal/shared/crypto/jose/jwe_jwk_util.go:59.46,60.71 1 1
cryptoutil/internal/shared/crypto/jose/jwe_jwk_util.go:60.71,62.4 1 0
cryptoutil/internal/shared/crypto/jose/jwe_jwk_util.go:64.3,64.69 1 1
cryptoutil/internal/shared/crypto/jose/jwe_jwk_util.go:64.69,66.4 1 0
cryptoutil/internal/shared/crypto/jose/jwe_jwk_util.go:67.45,68.71 1 1
cryptoutil/internal/shared/crypto/jose/jwe_jwk_util.go:68.71,70.4 1 0
cryptoutil/internal/shared/crypto/jose/jwe_jwk_util.go:72.3,72.34 1 1
cryptoutil/internal/shared/crypto/jose/jwe_jwk_util.go:73.24,74.70 1 1
cryptoutil/internal/shared/crypto/jose/jwe_jwk_util.go:74.70,76.5 1 0
cryptoutil/internal/shared/crypto/jose/jwe_jwk_util.go:77.44,78.69 1 1
cryptoutil/internal/shared/crypto/jose/jwe_jwk_util.go:78.69,80.5 1 0
cryptoutil/internal/shared/crypto/jose/jwe_jwk_util.go:81.45,82.70 1 0
cryptoutil/internal/shared/crypto/jose/jwe_jwk_util.go:82.70,84.5 1 0
cryptoutil/internal/shared/crypto/jose/jwe_jwk_util.go:85.11,86.116 1 0
cryptoutil/internal/shared/crypto/jose/jwe_jwk_util.go:88.10,89.89 1 0
cryptoutil/internal/shared/crypto/jose/jwe_jwk_util.go:92.2,92.72 1 1
cryptoutil/internal/shared/crypto/jose/jwe_jwk_util.go:92.72,94.3 1 0
cryptoutil/internal/shared/crypto/jose/jwe_jwk_util.go:96.2,96.68 1 1
cryptoutil/internal/shared/crypto/jose/jwe_jwk_util.go:96.68,98.3 1 0
cryptoutil/internal/shared/crypto/jose/jwe_jwk_util.go:100.2,100.53 1 1
cryptoutil/internal/shared/crypto/jose/jwe_jwk_util.go:100.53,102.3 1 0
cryptoutil/internal/shared/crypto/jose/jwe_jwk_util.go:104.2,104.52 1 1
cryptoutil/internal/shared/crypto/jose/jwe_jwk_util.go:104.52,106.3 1 0
cryptoutil/internal/shared/crypto/jose/jwe_jwk_util.go:108.2,108.93 1 1
cryptoutil/internal/shared/crypto/jose/jwe_jwk_util.go:108.93,110.3 1 0
cryptoutil/internal/shared/crypto/jose/jwe_jwk_util.go:112.2,112.70 1 1
cryptoutil/internal/shared/crypto/jose/jwe_jwk_util.go:112.70,114.3 1 0
cryptoutil/internal/shared/crypto/jose/jwe_jwk_util.go:116.2,117.16 2 1
cryptoutil/internal/shared/crypto/jose/jwe_jwk_util.go:117.16,119.3 1 0
cryptoutil/internal/shared/crypto/jose/jwe_jwk_util.go:121.2,125.62 3 1
cryptoutil/internal/shared/crypto/jose/jwe_jwk_util.go:125.62,127.17 2 1
cryptoutil/internal/shared/crypto/jose/jwe_jwk_util.go:127.17,129.4 1 0
cryptoutil/internal/shared/crypto/jose/jwe_jwk_util.go:131.3,131.65 1 1
cryptoutil/internal/shared/crypto/jose/jwe_jwk_util.go:131.65,133.4 1 0
cryptoutil/internal/shared/crypto/jose/jwe_jwk_util.go:135.3,136.17 2 1
cryptoutil/internal/shared/crypto/jose/jwe_jwk_util.go:136.17,138.4 1 0
cryptoutil/internal/shared/crypto/jose/jwe_jwk_util.go:141.2,141.87 1 1
cryptoutil/internal/shared/crypto/jose/jwe_jwk_util.go:144.228,145.95 1 1
cryptoutil/internal/shared/crypto/jose/jwe_jwk_util.go:145.95,147.3 1 1
cryptoutil/internal/shared/crypto/jose/jwe_jwk_util.go:147.8,147.23 1 1
cryptoutil/internal/shared/crypto/jose/jwe_jwk_util.go:147.23,149.3 1 1
cryptoutil/internal/shared/crypto/jose/jwe_jwk_util.go:149.8,149.23 1 1
cryptoutil/internal/shared/crypto/jose/jwe_jwk_util.go:149.23,151.3 1 1
cryptoutil/internal/shared/crypto/jose/jwe_jwk_util.go:151.8,151.41 1 1
cryptoutil/internal/shared/crypto/jose/jwe_jwk_util.go:151.41,153.3 1 1
cryptoutil/internal/shared/crypto/jose/jwe_jwk_util.go:155.2,156.16 2 1
cryptoutil/internal/shared/crypto/jose/jwe_jwk_util.go:156.16,158.3 1 1
cryptoutil/internal/shared/crypto/jose/jwe_jwk_util.go:160.2,160.14 1 1
cryptoutil/internal/shared/crypto/jose/jwe_jwk_util.go:161.14,162.163 1 1
cryptoutil/internal/shared/crypto/jose/jwe_jwk_util.go:164.31,165.183 1 1
cryptoutil/internal/shared/crypto/jose/jwe_jwk_util.go:166.31,167.183 1 1
cryptoutil/internal/shared/crypto/jose/jwe_jwk_util.go:168.31,169.183 1 1
cryptoutil/internal/shared/crypto/jose/jwe_jwk_util.go:171.21,172.183 1 1
cryptoutil/internal/shared/crypto/jose/jwe_jwk_util.go:173.21,174.183 1 1
cryptoutil/internal/shared/crypto/jose/jwe_jwk_util.go:175.21,176.183 1 1
cryptoutil/internal/shared/crypto/jose/jwe_jwk_util.go:177.18,178.183 1 1
cryptoutil/internal/shared/crypto/jose/jwe_jwk_util.go:179.16,180.183 1 1
cryptoutil/internal/shared/crypto/jose/jwe_jwk_util.go:182.34,183.159 1 1
cryptoutil/internal/shared/crypto/jose/jwe_jwk_util.go:184.23,185.159 1 1
cryptoutil/internal/shared/crypto/jose/jwe_jwk_util.go:186.23,187.159 1 1
cryptoutil/internal/shared/crypto/jose/jwe_jwk_util.go:189.10,190.61 1 1
cryptoutil/internal/shared/crypto/jose/jwe_jwk_util.go:194.269,195.54 1 1
cryptoutil/internal/shared/crypto/jose/jwe_jwk_util.go:195.54,197.3 1 1
cryptoutil/internal/shared/crypto/jose/jwe_jwk_util.go:199.2,199.16 1 1
cryptoutil/internal/shared/crypto/jose/jwe_jwk_util.go:199.16,204.15 3 1
cryptoutil/internal/shared/crypto/jose/jwe_jwk_util.go:205.82,206.78 1 1
cryptoutil/internal/shared/crypto/jose/jwe_jwk_util.go:208.15,209.16 1 1
cryptoutil/internal/shared/crypto/jose/jwe_jwk_util.go:210.44,211.79 1 1
cryptoutil/internal/shared/crypto/jose/jwe_jwk_util.go:212.59,213.81 1 1
cryptoutil/internal/shared/crypto/jose/jwe_jwk_util.go:214.12,215.83 1 1
cryptoutil/internal/shared/crypto/jose/jwe_jwk_util.go:219.3,219.17 1 1
cryptoutil/internal/shared/crypto/jose/jwe_jwk_util.go:219.17,221.4 1 0
cryptoutil/internal/shared/crypto/jose/jwe_jwk_util.go:223.3,223.23 1 1
cryptoutil/internal/shared/crypto/jose/jwe_jwk_util.go:226.2,227.9 2 1
cryptoutil/internal/shared/crypto/jose/jwe_jwk_util.go:227.9,229.3 1 1
cryptoutil/internal/shared/crypto/jose/jwe_jwk_util.go:231.2,231.21 1 1
cryptoutil/internal/shared/crypto/jose/jwe_jwk_util.go:231.21,233.3 1 1
cryptoutil/internal/shared/crypto/jose/jwe_jwk_util.go:235.2,235.38 1 1
cryptoutil/internal/shared/crypto/jose/jwe_jwk_util.go:235.38,237.3 1 1
cryptoutil/internal/shared/crypto/jose/jwe_jwk_util.go:239.2,239.22 1 1
cryptoutil/internal/shared/crypto/jose/jwe_jwk_util.go:242.268,243.54 1 1
cryptoutil/internal/shared/crypto/jose/jwe_jwk_util.go:243.54,245.3 1 1
cryptoutil/internal/shared/crypto/jose/jwe_jwk_util.go:247.2,247.16 1 1
cryptoutil/internal/shared/crypto/jose/jwe_jwk_util.go:247.16,249.17 2 1
cryptoutil/internal/shared/crypto/jose/jwe_jwk_util.go:249.17,251.4 1 0
cryptoutil/internal/shared/crypto/jose/jwe_jwk_util.go:253.3,253.31 1 1
cryptoutil/internal/shared/crypto/jose/jwe_jwk_util.go:256.2,257.9 2 1
cryptoutil/internal/shared/crypto/jose/jwe_jwk_util.go:257.9,259.3 1 1
cryptoutil/internal/shared/crypto/jose/jwe_jwk_util.go:261.2,262.9 2 1
cryptoutil/internal/shared/crypto/jose/jwe_jwk_util.go:262.9,264.3 1 1
cryptoutil/internal/shared/crypto/jose/jwe_jwk_util.go:266.2,266.26 1 1
cryptoutil/internal/shared/crypto/jose/jwe_jwk_util.go:266.26,268.3 1 1
cryptoutil/internal/shared/crypto/jose/jwe_jwk_util.go:270.2,271.9 2 1
cryptoutil/internal/shared/crypto/jose/jwe_jwk_util.go:271.9,273.3 1 1
cryptoutil/internal/shared/crypto/jose/jwe_jwk_util.go:275.2,275.25 1 1
cryptoutil/internal/shared/crypto/jose/jwe_jwk_util.go:275.25,277.3 1 1
cryptoutil/internal/shared/crypto/jose/jwe_jwk_util.go:279.2,279.21 1 1
cryptoutil/internal/shared/crypto/jose/jwe_jwk_util.go:282.272,283.54 1 1
cryptoutil/internal/shared/crypto/jose/jwe_jwk_util.go:283.54,285.3 1 1
cryptoutil/internal/shared/crypto/jose/jwe_jwk_util.go:287.2,287.16 1 1
cryptoutil/internal/shared/crypto/jose/jwe_jwk_util.go:287.16,289.17 2 1
cryptoutil/internal/shared/crypto/jose/jwe_jwk_util.go:289.17,291.4 1 0
cryptoutil/internal/shared/crypto/jose/jwe_jwk_util.go:293.3,293.31 1 1
cryptoutil/internal/shared/crypto/jose/jwe_jwk_util.go:296.2,297.9 2 1
cryptoutil/internal/shared/crypto/jose/jwe_jwk_util.go:297.9,299.3 1 1
cryptoutil/internal/shared/crypto/jose/jwe_jwk_util.go:301.2,302.9 2 1
cryptoutil/internal/shared/crypto/jose/jwe_jwk_util.go:302.9,304.3 1 1
cryptoutil/internal/shared/crypto/jose/jwe_jwk_util.go:306.2,306.27 1 1
cryptoutil/internal/shared/crypto/jose/jwe_jwk_util.go:306.27,308.3 1 1
cryptoutil/internal/shared/crypto/jose/jwe_jwk_util.go:310.2,311.9 2 1
cryptoutil/internal/shared/crypto/jose/jwe_jwk_util.go:311.9,313.3 1 1
cryptoutil/internal/shared/crypto/jose/jwe_jwk_util.go:315.2,315.26 1 1
cryptoutil/internal/shared/crypto/jose/jwe_jwk_util.go:315.26,317.3 1 1
cryptoutil/internal/shared/crypto/jose/jwe_jwk_util.go:319.2,319.21 1 1
cryptoutil/internal/shared/crypto/jose/jwe_jwk_util.go:323.76,324.14 1 1
cryptoutil/internal/shared/crypto/jose/jwe_jwk_util.go:325.18,326.51 1 1
cryptoutil/internal/shared/crypto/jose/jwe_jwk_util.go:327.18,328.51 1 1
cryptoutil/internal/shared/crypto/jose/jwe_jwk_util.go:329.18,330.51 1 1
cryptoutil/internal/shared/crypto/jose/jwe_jwk_util.go:331.23,332.51 1 1
cryptoutil/internal/shared/crypto/jose/jwe_jwk_util.go:333.23,334.51 1 1
cryptoutil/internal/shared/crypto/jose/jwe_jwk_util.go:335.23,336.51 1 1
cryptoutil/internal/shared/crypto/jose/jwe_jwk_util.go:337.10,338.59 1 1
cryptoutil/internal/shared/crypto/jose/jwe_jwk_util.go:343.132,344.16 1 1
cryptoutil/internal/shared/crypto/jose/jwe_jwk_util.go:344.16,346.3 1 0
cryptoutil/internal/shared/crypto/jose/jwe_jwk_util.go:348.2,351.16 3 1
cryptoutil/internal/shared/crypto/jose/jwe_jwk_util.go:351.16,356.17 3 1
cryptoutil/internal/shared/crypto/jose/jwe_jwk_util.go:356.17,358.4 1 1
cryptoutil/internal/shared/crypto/jose/jwe_jwk_util.go:360.3,360.57 1 1
cryptoutil/internal/shared/crypto/jose/jwe_jwk_util.go:363.2,366.16 3 1
cryptoutil/internal/shared/crypto/jose/jwe_jwk_util.go:366.16,368.3 1 0
cryptoutil/internal/shared/crypto/jose/jwe_jwk_util.go:370.2,370.24 1 1
cryptoutil/internal/shared/crypto/jose/jwe_jwk_util.go:374.63,375.16 1 1
cryptoutil/internal/shared/crypto/jose/jwe_jwk_util.go:375.16,377.3 1 1
cryptoutil/internal/shared/crypto/jose/jwe_jwk_util.go:379.2,381.16 2 1
cryptoutil/internal/shared/crypto/jose/jwe_message_util.go:21.92,23.2 1 1
cryptoutil/internal/shared/crypto/jose/jwe_message_util.go:26.119,27.17 1 1
cryptoutil/internal/shared/crypto/jose/jwe_message_util.go:27.17,29.3 1 1
cryptoutil/internal/shared/crypto/jose/jwe_message_util.go:29.8,29.27 1 1
cryptoutil/internal/shared/crypto/jose/jwe_message_util.go:29.27,31.3 1 1
[...]
cryptoutil/internal/shared/crypto/jose/jwkgen_service.go:202.15,203.88 1 1
cryptoutil/internal/shared/crypto/jose/jwkgen_service.go:204.15,205.90 1 1
cryptoutil/internal/shared/crypto/jose/jwkgen_service.go:206.15,207.90 1 1
cryptoutil/internal/shared/crypto/jose/jwkgen_service.go:208.15,209.90 1 1
cryptoutil/internal/shared/crypto/jose/jwkgen_service.go:210.15,211.88 1 1
cryptoutil/internal/shared/crypto/jose/jwkgen_service.go:212.15,213.88 1 1
cryptoutil/internal/shared/crypto/jose/jwkgen_service.go:214.15,215.88 1 1
cryptoutil/internal/shared/crypto/jose/jwkgen_service.go:216.15,217.88 1 1
cryptoutil/internal/shared/crypto/jose/jwkgen_service.go:218.10,219.81 1 0
cryptoutil/internal/shared/crypto/jose/jwkgen_service.go:224.152,225.14 1 1
cryptoutil/internal/shared/crypto/jose/jwkgen_service.go:226.38,227.84 1 1
cryptoutil/internal/shared/crypto/jose/jwkgen_service.go:228.38,229.84 1 1
cryptoutil/internal/shared/crypto/jose/jwkgen_service.go:230.38,231.84 1 1
cryptoutil/internal/shared/crypto/jose/jwkgen_service.go:232.37,233.86 1 1
cryptoutil/internal/shared/crypto/jose/jwkgen_service.go:234.37,235.86 1 1
cryptoutil/internal/shared/crypto/jose/jwkgen_service.go:236.37,237.86 1 1
cryptoutil/internal/shared/crypto/jose/jwkgen_service.go:238.41,239.84 1 1
cryptoutil/internal/shared/crypto/jose/jwkgen_service.go:240.37,241.88 1 1
cryptoutil/internal/shared/crypto/jose/jwkgen_service.go:242.37,243.88 1 1
cryptoutil/internal/shared/crypto/jose/jwkgen_service.go:244.37,245.88 1 1
cryptoutil/internal/shared/crypto/jose/jwkgen_service.go:246.37,247.83 1 1
cryptoutil/internal/shared/crypto/jose/jwkgen_service.go:248.37,249.83 1 1
cryptoutil/internal/shared/crypto/jose/jwkgen_service.go:250.10,251.77 1 1
cryptoutil/internal/shared/crypto/jose/jwkgen_service.go:256.59,258.2 1 1
cryptoutil/internal/shared/crypto/jose/jwkgen_service_test_util.go:15.122,20.2 3 0
cryptoutil/internal/shared/crypto/jose/jws_jwk_test_util.go:18.125,30.18 5 1
cryptoutil/internal/shared/crypto/jose/jws_jwk_test_util.go:30.18,33.13 2 1
cryptoutil/internal/shared/crypto/jose/jws_jwk_test_util.go:33.13,38.4 3 1
cryptoutil/internal/shared/crypto/jose/jws_jwk_test_util.go:41.2,48.29 6 1
cryptoutil/internal/shared/crypto/jose/jws_jwk_test_util.go:48.29,49.21 1 1
cryptoutil/internal/shared/crypto/jose/jws_jwk_test_util.go:49.21,51.4 1 1
cryptoutil/internal/shared/crypto/jose/jws_jwk_test_util.go:51.9,54.4 2 1
cryptoutil/internal/shared/crypto/jose/jws_jwk_test_util.go:57.2,57.19 1 1
cryptoutil/internal/shared/crypto/jose/jws_jwk_test_util.go:57.19,59.3 1 1
cryptoutil/internal/shared/crypto/jose/jws_jwk_test_util.go:61.2,61.39 1 1
cryptoutil/internal/shared/crypto/jose/jws_jwk_util.go:47.128,49.16 2 1
cryptoutil/internal/shared/crypto/jose/jws_jwk_util.go:49.16,51.3 1 0
cryptoutil/internal/shared/crypto/jose/jws_jwk_util.go:53.2,54.16 2 1
cryptoutil/internal/shared/crypto/jose/jws_jwk_util.go:54.16,56.3 1 1
cryptoutil/internal/shared/crypto/jose/jws_jwk_util.go:58.2,58.44 1 1
cryptoutil/internal/shared/crypto/jose/jws_jwk_util.go:62.187,66.16 3 1
cryptoutil/internal/shared/crypto/jose/jws_jwk_util.go:66.16,68.3 1 1
cryptoutil/internal/shared/crypto/jose/jws_jwk_util.go:70.2,72.32 2 1
cryptoutil/internal/shared/crypto/jose/jws_jwk_util.go:73.46,74.71 1 1
cryptoutil/internal/shared/crypto/jose/jws_jwk_util.go:74.71,76.4 1 0
cryptoutil/internal/shared/crypto/jose/jws_jwk_util.go:78.3,78.69 1 1
cryptoutil/internal/shared/crypto/jose/jws_jwk_util.go:78.69,80.4 1 0
cryptoutil/internal/shared/crypto/jose/jws_jwk_util.go:81.45,82.71 1 1
cryptoutil/internal/shared/crypto/jose/jws_jwk_util.go:82.71,84.4 1 0
cryptoutil/internal/shared/crypto/jose/jws_jwk_util.go:86.3,86.34 1 1
cryptoutil/internal/shared/crypto/jose/jws_jwk_util.go:87.24,88.70 1 1
cryptoutil/internal/shared/crypto/jose/jws_jwk_util.go:88.70,90.5 1 0
cryptoutil/internal/shared/crypto/jose/jws_jwk_util.go:91.26,92.69 1 1
cryptoutil/internal/shared/crypto/jose/jws_jwk_util.go:92.69,94.5 1 0
cryptoutil/internal/shared/crypto/jose/jws_jwk_util.go:95.45,96.70 1 1
cryptoutil/internal/shared/crypto/jose/jws_jwk_util.go:96.70,98.5 1 0
cryptoutil/internal/shared/crypto/jose/jws_jwk_util.go:99.11,100.116 1 0
cryptoutil/internal/shared/crypto/jose/jws_jwk_util.go:102.10,103.89 1 0
cryptoutil/internal/shared/crypto/jose/jws_jwk_util.go:106.2,106.72 1 1
cryptoutil/internal/shared/crypto/jose/jws_jwk_util.go:106.72,108.3 1 0
cryptoutil/internal/shared/crypto/jose/jws_jwk_util.go:110.2,110.68 1 1
cryptoutil/internal/shared/crypto/jose/jws_jwk_util.go:110.68,112.3 1 0
cryptoutil/internal/shared/crypto/jose/jws_jwk_util.go:114.2,114.52 1 1
cryptoutil/internal/shared/crypto/jose/jws_jwk_util.go:114.52,116.3 1 0
cryptoutil/internal/shared/crypto/jose/jws_jwk_util.go:118.2,118.83 1 1
cryptoutil/internal/shared/crypto/jose/jws_jwk_util.go:118.83,120.3 1 0
cryptoutil/internal/shared/crypto/jose/jws_jwk_util.go:122.2,122.70 1 1
cryptoutil/internal/shared/crypto/jose/jws_jwk_util.go:122.70,124.3 1 0
cryptoutil/internal/shared/crypto/jose/jws_jwk_util.go:126.2,127.16 2 1
cryptoutil/internal/shared/crypto/jose/jws_jwk_util.go:127.16,129.3 1 0
cryptoutil/internal/shared/crypto/jose/jws_jwk_util.go:131.2,135.62 3 1
cryptoutil/internal/shared/crypto/jose/jws_jwk_util.go:135.62,137.17 2 1
cryptoutil/internal/shared/crypto/jose/jws_jwk_util.go:137.17,139.4 1 0
cryptoutil/internal/shared/crypto/jose/jws_jwk_util.go:141.3,141.65 1 1
cryptoutil/internal/shared/crypto/jose/jws_jwk_util.go:141.65,143.4 1 0
cryptoutil/internal/shared/crypto/jose/jws_jwk_util.go:145.3,146.17 2 1
cryptoutil/internal/shared/crypto/jose/jws_jwk_util.go:146.17,148.4 1 0
cryptoutil/internal/shared/crypto/jose/jws_jwk_util.go:151.2,151.87 1 1
cryptoutil/internal/shared/crypto/jose/jws_jwk_util.go:154.183,155.95 1 1
cryptoutil/internal/shared/crypto/jose/jws_jwk_util.go:155.95,157.3 1 1
cryptoutil/internal/shared/crypto/jose/jws_jwk_util.go:157.8,157.23 1 1
cryptoutil/internal/shared/crypto/jose/jws_jwk_util.go:157.23,159.3 1 1
cryptoutil/internal/shared/crypto/jose/jws_jwk_util.go:159.8,159.41 1 1
cryptoutil/internal/shared/crypto/jose/jws_jwk_util.go:159.41,161.3 1 1
cryptoutil/internal/shared/crypto/jose/jws_jwk_util.go:163.2,163.25 1 1
cryptoutil/internal/shared/crypto/jose/jws_jwk_util.go:164.26,165.86 1 1
cryptoutil/internal/shared/crypto/jose/jws_jwk_util.go:166.26,167.86 1 1
cryptoutil/internal/shared/crypto/jose/jws_jwk_util.go:168.26,169.86 1 1
cryptoutil/internal/shared/crypto/jose/jws_jwk_util.go:170.16,171.67 1 1
cryptoutil/internal/shared/crypto/jose/jws_jwk_util.go:172.16,173.67 1 1
cryptoutil/internal/shared/crypto/jose/jws_jwk_util.go:174.16,175.67 1 1
cryptoutil/internal/shared/crypto/jose/jws_jwk_util.go:176.16,177.61 1 1
cryptoutil/internal/shared/crypto/jose/jws_jwk_util.go:178.16,179.87 1 1
cryptoutil/internal/shared/crypto/jose/jws_jwk_util.go:180.16,181.87 1 1
cryptoutil/internal/shared/crypto/jose/jws_jwk_util.go:182.16,183.87 1 1
cryptoutil/internal/shared/crypto/jose/jws_jwk_util.go:184.10,185.61 1 1
cryptoutil/internal/shared/crypto/jose/jws_jwk_util.go:189.170,190.16 1 1
cryptoutil/internal/shared/crypto/jose/jws_jwk_util.go:190.16,192.17 2 1
cryptoutil/internal/shared/crypto/jose/jws_jwk_util.go:192.17,194.4 1 0
cryptoutil/internal/shared/crypto/jose/jws_jwk_util.go:196.3,196.27 1 1
cryptoutil/internal/shared/crypto/jose/jws_jwk_util.go:199.2,200.9 2 1
cryptoutil/internal/shared/crypto/jose/jws_jwk_util.go:200.9,202.3 1 1
cryptoutil/internal/shared/crypto/jose/jws_jwk_util.go:204.2,205.9 2 1
cryptoutil/internal/shared/crypto/jose/jws_jwk_util.go:205.9,207.3 1 1
cryptoutil/internal/shared/crypto/jose/jws_jwk_util.go:209.2,209.26 1 1
cryptoutil/internal/shared/crypto/jose/jws_jwk_util.go:209.26,211.3 1 0
cryptoutil/internal/shared/crypto/jose/jws_jwk_util.go:213.2,214.9 2 1
cryptoutil/internal/shared/crypto/jose/jws_jwk_util.go:214.9,216.3 1 1
cryptoutil/internal/shared/crypto/jose/jws_jwk_util.go:218.2,218.25 1 1
cryptoutil/internal/shared/crypto/jose/jws_jwk_util.go:218.25,220.3 1 0
cryptoutil/internal/shared/crypto/jose/jws_jwk_util.go:222.2,222.21 1 1
cryptoutil/internal/shared/crypto/jose/jws_jwk_util.go:225.175,226.16 1 1
cryptoutil/internal/shared/crypto/jose/jws_jwk_util.go:226.16,228.17 2 1
cryptoutil/internal/shared/crypto/jose/jws_jwk_util.go:228.17,230.4 1 0
cryptoutil/internal/shared/crypto/jose/jws_jwk_util.go:232.3,232.27 1 1
cryptoutil/internal/shared/crypto/jose/jws_jwk_util.go:235.2,236.9 2 1
cryptoutil/internal/shared/crypto/jose/jws_jwk_util.go:236.9,238.3 1 1
cryptoutil/internal/shared/crypto/jose/jws_jwk_util.go:240.2,241.9 2 1
cryptoutil/internal/shared/crypto/jose/jws_jwk_util.go:241.9,243.3 1 1
cryptoutil/internal/shared/crypto/jose/jws_jwk_util.go:245.2,245.26 1 1
cryptoutil/internal/shared/crypto/jose/jws_jwk_util.go:245.26,247.3 1 1
cryptoutil/internal/shared/crypto/jose/jws_jwk_util.go:249.2,250.9 2 1
cryptoutil/internal/shared/crypto/jose/jws_jwk_util.go:250.9,252.3 1 0
cryptoutil/internal/shared/crypto/jose/jws_jwk_util.go:254.2,254.25 1 1
cryptoutil/internal/shared/crypto/jose/jws_jwk_util.go:254.25,256.3 1 1
cryptoutil/internal/shared/crypto/jose/jws_jwk_util.go:258.2,258.21 1 1
cryptoutil/internal/shared/crypto/jose/jws_jwk_util.go:261.167,262.16 1 1
cryptoutil/internal/shared/crypto/jose/jws_jwk_util.go:262.16,264.17 2 1
cryptoutil/internal/shared/crypto/jose/jws_jwk_util.go:264.17,266.4 1 0
cryptoutil/internal/shared/crypto/jose/jws_jwk_util.go:268.3,268.27 1 1
cryptoutil/internal/shared/crypto/jose/jws_jwk_util.go:271.2,272.9 2 1
cryptoutil/internal/shared/crypto/jose/jws_jwk_util.go:272.9,274.3 1 1
cryptoutil/internal/shared/crypto/jose/jws_jwk_util.go:276.2,277.9 2 1
cryptoutil/internal/shared/crypto/jose/jws_jwk_util.go:277.9,279.3 1 1
cryptoutil/internal/shared/crypto/jose/jws_jwk_util.go:281.2,281.26 1 1
cryptoutil/internal/shared/crypto/jose/jws_jwk_util.go:281.26,283.3 1 0
cryptoutil/internal/shared/crypto/jose/jws_jwk_util.go:285.2,286.9 2 1
cryptoutil/internal/shared/crypto/jose/jws_jwk_util.go:286.9,288.3 1 1
cryptoutil/internal/shared/crypto/jose/jws_jwk_util.go:290.2,290.25 1 1
cryptoutil/internal/shared/crypto/jose/jws_jwk_util.go:290.25,292.3 1 0
cryptoutil/internal/shared/crypto/jose/jws_jwk_util.go:294.2,294.21 1 1
cryptoutil/internal/shared/crypto/jose/jws_jwk_util.go:297.172,298.16 1 1
cryptoutil/internal/shared/crypto/jose/jws_jwk_util.go:298.16,300.17 2 1
cryptoutil/internal/shared/crypto/jose/jws_jwk_util.go:300.17,302.4 1 0
cryptoutil/internal/shared/crypto/jose/jws_jwk_util.go:304.3,304.27 1 1
cryptoutil/internal/shared/crypto/jose/jws_jwk_util.go:307.2,308.9 2 1
cryptoutil/internal/shared/crypto/jose/jws_jwk_util.go:308.9,310.3 1 1
cryptoutil/internal/shared/crypto/jose/jws_jwk_util.go:312.2,312.20 1 1
cryptoutil/internal/shared/crypto/jose/jws_jwk_util.go:312.20,314.3 1 1
cryptoutil/internal/shared/crypto/jose/jws_jwk_util.go:316.2,316.37 1 1
cryptoutil/internal/shared/crypto/jose/jws_jwk_util.go:316.37,318.3 1 1
cryptoutil/internal/shared/crypto/jose/jws_jwk_util.go:320.2,320.21 1 1
cryptoutil/internal/shared/crypto/jose/jws_jwk_util.go:324.88,325.16 1 1
cryptoutil/internal/shared/crypto/jose/jws_jwk_util.go:325.16,327.3 1 0
cryptoutil/internal/shared/crypto/jose/jws_jwk_util.go:330.2,331.9 2 1
cryptoutil/internal/shared/crypto/jose/jws_jwk_util.go:331.9,333.3 1 0
cryptoutil/internal/shared/crypto/jose/jws_jwk_util.go:336.2,336.65 1 1
cryptoutil/internal/shared/crypto/jose/jws_jwk_util.go:336.65,338.3 1 1
cryptoutil/internal/shared/crypto/jose/jws_jwk_util.go:340.2,340.72 1 1
cryptoutil/internal/shared/crypto/jose/jws_jwk_util.go:344.63,345.16 1 1
cryptoutil/internal/shared/crypto/jose/jws_jwk_util.go:345.16,347.3 1 1
cryptoutil/internal/shared/crypto/jose/jws_jwk_util.go:349.2,351.16 2 1
cryptoutil/internal/shared/crypto/jose/jws_message_util.go:21.89,22.17 1 1
cryptoutil/internal/shared/crypto/jose/jws_message_util.go:22.17,24.3 1 1
cryptoutil/internal/shared/crypto/jose/jws_message_util.go:24.8,24.27 1 1
cryptoutil/internal/shared/crypto/jose/jws_message_util.go:24.27,26.3 1 1
cryptoutil/internal/shared/crypto/jose/jws_message_util.go:26.8,26.30 1 1
cryptoutil/internal/shared/crypto/jose/jws_message_util.go:26.30,28.3 1 1
cryptoutil/internal/shared/crypto/jose/jws_message_util.go:28.8,28.33 1 1
cryptoutil/internal/shared/crypto/jose/jws_message_util.go:28.33,30.3 1 1
cryptoutil/internal/shared/crypto/jose/jws_message_util.go:32.2,32.27 1 1
cryptoutil/internal/shared/crypto/jose/jws_message_util.go:32.27,34.17 2 1
cryptoutil/internal/shared/crypto/jose/jws_message_util.go:34.17,36.4 1 0
cryptoutil/internal/shared/crypto/jose/jws_message_util.go:36.9,36.24 1 1
cryptoutil/internal/shared/crypto/jose/jws_message_util.go:36.24,38.4 1 1
cryptoutil/internal/shared/crypto/jose/jws_message_util.go:41.2,44.19 3 1
cryptoutil/internal/shared/crypto/jose/jws_message_util.go:44.19,46.3 1 1
cryptoutil/internal/shared/crypto/jose/jws_message_util.go:48.2,50.27 2 1
cryptoutil/internal/shared/crypto/jose/jws_message_util.go:50.27,52.17 2 1
cryptoutil/internal/shared/crypto/jose/jws_message_util.go:52.17,54.4 1 0
cryptoutil/internal/shared/crypto/jose/jws_message_util.go:56.3,57.17 2 1
cryptoutil/internal/shared/crypto/jose/jws_message_util.go:57.17,59.4 1 0
cryptoutil/internal/shared/crypto/jose/jws_message_util.go:61.3,62.21 2 1
cryptoutil/internal/shared/crypto/jose/jws_message_util.go:62.21,64.4 1 1
cryptoutil/internal/shared/crypto/jose/jws_message_util.go:66.3,67.61 2 1
cryptoutil/internal/shared/crypto/jose/jws_message_util.go:67.61,69.4 1 0
cryptoutil/internal/shared/crypto/jose/jws_message_util.go:71.3,71.81 1 1
cryptoutil/internal/shared/crypto/jose/jws_message_util.go:71.81,73.4 1 0
cryptoutil/internal/shared/crypto/jose/jws_message_util.go:75.3,75.77 1 1
cryptoutil/internal/shared/crypto/jose/jws_message_util.go:75.77,77.4 1 0
cryptoutil/internal/shared/crypto/jose/jws_message_util.go:79.3,79.121 1 1
cryptoutil/internal/shared/crypto/jose/jws_message_util.go:82.2,83.16 2 1
cryptoutil/internal/shared/crypto/jose/jws_message_util.go:83.16,85.3 1 0
cryptoutil/internal/shared/crypto/jose/jws_message_util.go:87.2,88.16 2 1
cryptoutil/internal/shared/crypto/jose/jws_message_util.go:88.16,90.3 1 0
cryptoutil/internal/shared/crypto/jose/jws_message_util.go:92.2,92.41 1 1
cryptoutil/internal/shared/crypto/jose/jws_message_util.go:96.78,97.17 1 1
cryptoutil/internal/shared/crypto/jose/jws_message_util.go:97.17,99.3 1 1
cryptoutil/internal/shared/crypto/jose/jws_message_util.go:99.8,99.27 1 1
cryptoutil/internal/shared/crypto/jose/jws_message_util.go:99.27,101.3 1 1
cryptoutil/internal/shared/crypto/jose/jws_message_util.go:101.8,101.35 1 1
cryptoutil/internal/shared/crypto/jose/jws_message_util.go:101.35,103.3 1 1
cryptoutil/internal/shared/crypto/jose/jws_message_util.go:103.8,103.38 1 1
cryptoutil/internal/shared/crypto/jose/jws_message_util.go:103.38,105.3 1 1
cryptoutil/internal/shared/crypto/jose/jws_message_util.go:107.2,107.27 1 1
cryptoutil/internal/shared/crypto/jose/jws_message_util.go:107.27,109.17 2 1
cryptoutil/internal/shared/crypto/jose/jws_message_util.go:109.17,111.4 1 0
cryptoutil/internal/shared/crypto/jose/jws_message_util.go:111.9,111.26 1 1
cryptoutil/internal/shared/crypto/jose/jws_message_util.go:111.26,113.4 1 1
cryptoutil/internal/shared/crypto/jose/jws_message_util.go:116.2,117.16 2 1
cryptoutil/internal/shared/crypto/jose/jws_message_util.go:117.16,119.3 1 1
cryptoutil/internal/shared/crypto/jose/jws_message_util.go:121.2,124.27 3 1
cryptoutil/internal/shared/crypto/jose/jws_message_util.go:124.27,126.17 2 1
cryptoutil/internal/shared/crypto/jose/jws_message_util.go:126.17,128.4 1 0
cryptoutil/internal/shared/crypto/jose/jws_message_util.go:130.3,132.21 2 1
cryptoutil/internal/shared/crypto/jose/jws_message_util.go:132.21,134.4 1 1
cryptoutil/internal/shared/crypto/jose/jws_message_util.go:137.2,138.49 2 1
cryptoutil/internal/shared/crypto/jose/jws_message_util.go:138.49,140.3 1 0
cryptoutil/internal/shared/crypto/jose/jws_message_util.go:142.2,146.16 4 1
cryptoutil/internal/shared/crypto/jose/jws_message_util.go:146.16,148.3 1 1
cryptoutil/internal/shared/crypto/jose/jws_message_util.go:150.2,150.27 1 1
cryptoutil/internal/shared/crypto/jose/jws_message_util.go:154.68,155.23 1 1
cryptoutil/internal/shared/crypto/jose/jws_message_util.go:155.23,157.3 1 1
cryptoutil/internal/shared/crypto/jose/jws_message_util.go:159.2,161.62 2 1
cryptoutil/internal/shared/crypto/jose/jws_message_util.go:161.62,163.17 2 1
cryptoutil/internal/shared/crypto/jose/jws_message_util.go:163.17,165.4 1 0
cryptoutil/internal/shared/crypto/jose/jws_message_util.go:167.3,168.41 2 1
cryptoutil/internal/shared/crypto/jose/jws_message_util.go:168.41,170.4 1 1
cryptoutil/internal/shared/crypto/jose/jws_message_util.go:173.2,173.40 1 1
cryptoutil/internal/shared/crypto/jose/jws_message_util.go:177.118,178.39 1 1
cryptoutil/internal/shared/crypto/jose/jws_message_util.go:178.39,180.3 1 1
cryptoutil/internal/shared/crypto/jose/jws_message_util.go:183.2,189.16 5 1
cryptoutil/internal/shared/crypto/jose/jws_message_util.go:189.16,191.3 1 0
cryptoutil/internal/shared/crypto/jose/jws_message_util.go:193.2,194.16 2 1
cryptoutil/internal/shared/crypto/jose/jws_message_util.go:194.16,196.3 1 0
cryptoutil/internal/shared/crypto/jose/jws_message_util.go:198.2,201.16 3 1
cryptoutil/internal/shared/crypto/jose/jws_message_util.go:201.16,203.3 1 0
cryptoutil/internal/shared/crypto/jose/jws_message_util.go:205.2,205.28 1 1
cryptoutil/internal/shared/crypto/jose/jws_message_util.go:209.52,210.23 1 1
cryptoutil/internal/shared/crypto/jose/jws_message_util.go:210.23,212.3 1 1
cryptoutil/internal/shared/crypto/jose/jws_message_util.go:212.8,212.46 1 1
cryptoutil/internal/shared/crypto/jose/jws_message_util.go:212.46,214.3 1 1
cryptoutil/internal/shared/crypto/jose/jws_message_util.go:216.2,216.55 1 1
cryptoutil/internal/shared/crypto/jose/jws_message_util.go:216.55,220.50 3 1
cryptoutil/internal/shared/crypto/jose/jws_message_util.go:220.50,222.4 1 1
cryptoutil/internal/shared/crypto/jose/jws_message_util.go:224.3,224.46 1 1
cryptoutil/internal/shared/crypto/jose/jws_message_util.go:224.46,226.4 1 1
cryptoutil/internal/shared/crypto/jose/jws_message_util.go:228.3,228.45 1 1
cryptoutil/internal/shared/crypto/jose/jws_message_util.go:228.45,230.4 1 1
cryptoutil/internal/shared/crypto/jose/jws_message_util.go:232.3,232.52 1 1
cryptoutil/internal/shared/crypto/jose/jws_message_util.go:232.52,234.4 1 1
cryptoutil/internal/shared/crypto/jose/jws_message_util.go:236.3,236.50 1 1
cryptoutil/internal/shared/crypto/jose/jws_message_util.go:236.50,238.4 1 1
cryptoutil/internal/shared/crypto/jose/jws_message_util.go:240.3,240.48 1 1
cryptoutil/internal/shared/crypto/jose/jws_message_util.go:240.48,242.4 1 1
cryptoutil/internal/shared/crypto/jose/jws_message_util.go:244.3,244.54 1 1
cryptoutil/internal/shared/crypto/jose/jws_message_util.go:244.54,246.4 1 1
cryptoutil/internal/shared/crypto/jose/jws_message_util.go:248.3,248.59 1 1
cryptoutil/internal/shared/crypto/jose/jws_message_util.go:248.59,250.4 1 0
cryptoutil/internal/shared/crypto/jose/jws_message_util.go:252.3,252.67 1 1
cryptoutil/internal/shared/crypto/jose/jws_message_util.go:252.67,254.4 1 0
cryptoutil/internal/shared/crypto/jose/jws_message_util.go:256.3,256.50 1 1
cryptoutil/internal/shared/crypto/jose/jws_message_util.go:256.50,258.4 1 1
cryptoutil/internal/shared/crypto/jose/jws_message_util.go:260.3,261.27 2 1
cryptoutil/internal/shared/crypto/jose/jws_message_util.go:261.27,262.45 1 1
cryptoutil/internal/shared/crypto/jose/jws_message_util.go:262.45,266.19 3 0
cryptoutil/internal/shared/crypto/jose/jws_message_util.go:266.19,268.6 1 0
cryptoutil/internal/shared/crypto/jose/jws_message_util.go:272.3,272.33 1 1
cryptoutil/internal/shared/crypto/jose/jws_message_util.go:275.2,277.55 2 1
cryptoutil/internal/shared/crypto/jose/jws_message_util.go:277.55,279.3 1 1
cryptoutil/internal/shared/crypto/jose/jws_message_util.go:281.2,281.12 1 1
