mode: set
cryptoutil/internal/cmd/cicd/format_go/copyloopvar.go:26.118,28.38 1 1
cryptoutil/internal/cmd/cicd/format_go/copyloopvar.go:28.38,32.3 2 1
cryptoutil/internal/cmd/cicd/format_go/copyloopvar.go:34.2,38.88 3 1
cryptoutil/internal/cmd/cicd/format_go/copyloopvar.go:38.88,39.17 1 1
cryptoutil/internal/cmd/cicd/format_go/copyloopvar.go:39.17,41.4 1 1
cryptoutil/internal/cmd/cicd/format_go/copyloopvar.go:44.3,45.81 1 1
cryptoutil/internal/cmd/cicd/format_go/copyloopvar.go:45.81,47.4 1 1
cryptoutil/internal/cmd/cicd/format_go/copyloopvar.go:49.3,50.20 2 1
cryptoutil/internal/cmd/cicd/format_go/copyloopvar.go:50.20,52.4 1 1
cryptoutil/internal/cmd/cicd/format_go/copyloopvar.go:54.3,55.14 2 1
cryptoutil/internal/cmd/cicd/format_go/copyloopvar.go:55.14,59.4 3 1
cryptoutil/internal/cmd/cicd/format_go/copyloopvar.go:61.3,61.13 1 1
cryptoutil/internal/cmd/cicd/format_go/copyloopvar.go:62.17,64.3 1 1
cryptoutil/internal/cmd/cicd/format_go/copyloopvar.go:66.2,66.46 1 1
cryptoutil/internal/cmd/cicd/format_go/copyloopvar.go:70.98,74.16 3 1
cryptoutil/internal/cmd/cicd/format_go/copyloopvar.go:74.16,76.3 1 1
cryptoutil/internal/cmd/cicd/format_go/copyloopvar.go:78.2,80.42 2 1
cryptoutil/internal/cmd/cicd/format_go/copyloopvar.go:80.42,82.10 2 1
cryptoutil/internal/cmd/cicd/format_go/copyloopvar.go:82.10,84.4 1 1
cryptoutil/internal/cmd/cicd/format_go/copyloopvar.go:87.3,88.41 2 1
cryptoutil/internal/cmd/cicd/format_go/copyloopvar.go:88.41,90.4 1 1
cryptoutil/internal/cmd/cicd/format_go/copyloopvar.go:93.3,94.10 2 1
cryptoutil/internal/cmd/cicd/format_go/copyloopvar.go:94.10,96.4 1 1
cryptoutil/internal/cmd/cicd/format_go/copyloopvar.go:98.3,98.39 1 1
cryptoutil/internal/cmd/cicd/format_go/copyloopvar.go:98.39,102.4 2 1
cryptoutil/internal/cmd/cicd/format_go/copyloopvar.go:104.3,104.14 1 1
cryptoutil/internal/cmd/cicd/format_go/copyloopvar.go:107.2,107.18 1 1
cryptoutil/internal/cmd/cicd/format_go/copyloopvar.go:107.18,110.17 2 1
cryptoutil/internal/cmd/cicd/format_go/copyloopvar.go:110.17,112.4 1 1
cryptoutil/internal/cmd/cicd/format_go/copyloopvar.go:113.3,115.58 2 1
cryptoutil/internal/cmd/cicd/format_go/copyloopvar.go:115.58,117.4 1 0
cryptoutil/internal/cmd/cicd/format_go/copyloopvar.go:119.3,119.29 1 1
cryptoutil/internal/cmd/cicd/format_go/copyloopvar.go:122.2,122.22 1 1
cryptoutil/internal/cmd/cicd/format_go/copyloopvar.go:126.75,128.32 1 1
cryptoutil/internal/cmd/cicd/format_go/copyloopvar.go:128.32,130.3 1 1
cryptoutil/internal/cmd/cicd/format_go/copyloopvar.go:133.2,133.50 1 1
cryptoutil/internal/cmd/cicd/format_go/copyloopvar.go:133.50,135.3 1 1
cryptoutil/internal/cmd/cicd/format_go/copyloopvar.go:137.2,140.18 3 1
cryptoutil/internal/cmd/cicd/format_go/copyloopvar.go:140.18,142.3 1 1
cryptoutil/internal/cmd/cicd/format_go/copyloopvar.go:145.2,145.26 1 1
cryptoutil/internal/cmd/cicd/format_go/copyloopvar.go:145.26,147.3 1 1
cryptoutil/internal/cmd/cicd/format_go/copyloopvar.go:150.2,150.28 1 1
cryptoutil/internal/cmd/cicd/format_go/copyloopvar.go:150.28,151.57 1 1
cryptoutil/internal/cmd/cicd/format_go/copyloopvar.go:151.57,152.35 1 1
cryptoutil/internal/cmd/cicd/format_go/copyloopvar.go:152.35,154.5 1 1
cryptoutil/internal/cmd/cicd/format_go/copyloopvar.go:158.2,158.26 1 1
cryptoutil/internal/cmd/cicd/format_go/copyloopvar.go:158.26,159.53 1 1
cryptoutil/internal/cmd/cicd/format_go/copyloopvar.go:159.53,160.33 1 1
cryptoutil/internal/cmd/cicd/format_go/copyloopvar.go:160.33,162.5 1 1
cryptoutil/internal/cmd/cicd/format_go/copyloopvar.go:166.2,166.14 1 1
cryptoutil/internal/cmd/cicd/format_go/copyloopvar.go:170.48,175.20 3 1
cryptoutil/internal/cmd/cicd/format_go/copyloopvar.go:175.20,177.3 1 1
cryptoutil/internal/cmd/cicd/format_go/copyloopvar.go:179.2,180.16 2 1
cryptoutil/internal/cmd/cicd/format_go/copyloopvar.go:180.16,182.3 1 1
cryptoutil/internal/cmd/cicd/format_go/copyloopvar.go:184.2,185.16 2 1
cryptoutil/internal/cmd/cicd/format_go/copyloopvar.go:185.16,187.3 1 1
cryptoutil/internal/cmd/cicd/format_go/copyloopvar.go:190.2,190.49 1 1
cryptoutil/internal/cmd/cicd/format_go/enforce_any.go:27.101,33.23 3 1
cryptoutil/internal/cmd/cicd/format_go/enforce_any.go:33.23,37.3 2 1
cryptoutil/internal/cmd/cicd/format_go/enforce_any.go:39.2,45.35 4 1
cryptoutil/internal/cmd/cicd/format_go/enforce_any.go:45.35,47.17 2 1
cryptoutil/internal/cmd/cicd/format_go/enforce_any.go:47.17,50.12 2 1
cryptoutil/internal/cmd/cicd/format_go/enforce_any.go:53.3,53.23 1 1
cryptoutil/internal/cmd/cicd/format_go/enforce_any.go:53.23,57.4 3 1
cryptoutil/internal/cmd/cicd/format_go/enforce_any.go:61.2,66.23 5 1
cryptoutil/internal/cmd/cicd/format_go/enforce_any.go:66.23,71.3 3 1
cryptoutil/internal/cmd/cicd/format_go/enforce_any.go:73.2,77.12 3 1
cryptoutil/internal/cmd/cicd/format_go/enforce_any.go:84.50,89.20 2 1
cryptoutil/internal/cmd/cicd/format_go/enforce_any.go:89.20,93.60 1 1
cryptoutil/internal/cmd/cicd/format_go/enforce_any.go:93.60,95.4 1 0
cryptoutil/internal/cmd/cicd/format_go/enforce_any.go:99.2,100.16 2 1
cryptoutil/internal/cmd/cicd/format_go/enforce_any.go:100.16,102.3 1 1
cryptoutil/internal/cmd/cicd/format_go/enforce_any.go:104.2,125.22 6 1
cryptoutil/internal/cmd/cicd/format_go/enforce_any.go:125.22,127.17 2 1
cryptoutil/internal/cmd/cicd/format_go/enforce_any.go:127.17,129.4 1 1
cryptoutil/internal/cmd/cicd/format_go/enforce_any.go:132.2,132.26 1 1
cryptoutil/internal/cmd/cicd/format_go/enforce_any.go:136.67,140.2 1 1
cryptoutil/internal/cmd/cicd/format_go/enforce_time_now_utc.go:42.108,48.23 3 1
cryptoutil/internal/cmd/cicd/format_go/enforce_time_now_utc.go:48.23,52.3 2 1
cryptoutil/internal/cmd/cicd/format_go/enforce_time_now_utc.go:54.2,60.35 4 1
cryptoutil/internal/cmd/cicd/format_go/enforce_time_now_utc.go:60.35,62.17 2 1
cryptoutil/internal/cmd/cicd/format_go/enforce_time_now_utc.go:62.17,65.12 2 1
cryptoutil/internal/cmd/cicd/format_go/enforce_time_now_utc.go:68.3,68.23 1 1
cryptoutil/internal/cmd/cicd/format_go/enforce_time_now_utc.go:68.23,72.4 3 1
cryptoutil/internal/cmd/cicd/format_go/enforce_time_now_utc.go:76.2,81.23 5 1
cryptoutil/internal/cmd/cicd/format_go/enforce_time_now_utc.go:81.23,86.3 3 1
cryptoutil/internal/cmd/cicd/format_go/enforce_time_now_utc.go:88.2,92.12 3 1
cryptoutil/internal/cmd/cicd/format_go/enforce_time_now_utc.go:97.63,100.20 2 1
cryptoutil/internal/cmd/cicd/format_go/enforce_time_now_utc.go:100.20,103.60 1 1
cryptoutil/internal/cmd/cicd/format_go/enforce_time_now_utc.go:103.60,105.4 1 1
cryptoutil/internal/cmd/cicd/format_go/enforce_time_now_utc.go:109.2,110.16 2 1
cryptoutil/internal/cmd/cicd/format_go/enforce_time_now_utc.go:110.16,112.3 1 1
cryptoutil/internal/cmd/cicd/format_go/enforce_time_now_utc.go:114.2,120.16 4 1
cryptoutil/internal/cmd/cicd/format_go/enforce_time_now_utc.go:120.16,122.3 1 1
cryptoutil/internal/cmd/cicd/format_go/enforce_time_now_utc.go:125.2,135.42 3 1
cryptoutil/internal/cmd/cicd/format_go/enforce_time_now_utc.go:135.42,137.10 2 1
cryptoutil/internal/cmd/cicd/format_go/enforce_time_now_utc.go:137.10,139.4 1 1
cryptoutil/internal/cmd/cicd/format_go/enforce_time_now_utc.go:141.3,142.10 2 1
cryptoutil/internal/cmd/cicd/format_go/enforce_time_now_utc.go:142.10,144.4 1 1
cryptoutil/internal/cmd/cicd/format_go/enforce_time_now_utc.go:147.3,147.32 1 1
cryptoutil/internal/cmd/cicd/format_go/enforce_time_now_utc.go:147.32,149.4 1 1
cryptoutil/internal/cmd/cicd/format_go/enforce_time_now_utc.go:152.3,153.10 2 1
cryptoutil/internal/cmd/cicd/format_go/enforce_time_now_utc.go:153.10,155.4 1 0
cryptoutil/internal/cmd/cicd/format_go/enforce_time_now_utc.go:157.3,158.10 2 1
cryptoutil/internal/cmd/cicd/format_go/enforce_time_now_utc.go:158.10,160.4 1 0
cryptoutil/internal/cmd/cicd/format_go/enforce_time_now_utc.go:162.3,162.39 1 1
cryptoutil/internal/cmd/cicd/format_go/enforce_time_now_utc.go:162.39,164.4 1 0
cryptoutil/internal/cmd/cicd/format_go/enforce_time_now_utc.go:166.3,167.39 2 1
cryptoutil/internal/cmd/cicd/format_go/enforce_time_now_utc.go:167.39,169.4 1 0
cryptoutil/internal/cmd/cicd/format_go/enforce_time_now_utc.go:172.3,174.14 2 1
cryptoutil/internal/cmd/cicd/format_go/enforce_time_now_utc.go:178.2,178.42 1 1
cryptoutil/internal/cmd/cicd/format_go/enforce_time_now_utc.go:178.42,180.10 2 1
cryptoutil/internal/cmd/cicd/format_go/enforce_time_now_utc.go:180.10,182.4 1 1
cryptoutil/internal/cmd/cicd/format_go/enforce_time_now_utc.go:185.3,186.10 2 1
cryptoutil/internal/cmd/cicd/format_go/enforce_time_now_utc.go:186.10,188.4 1 1
cryptoutil/internal/cmd/cicd/format_go/enforce_time_now_utc.go:191.3,191.38 1 1
cryptoutil/internal/cmd/cicd/format_go/enforce_time_now_utc.go:191.38,193.4 1 1
cryptoutil/internal/cmd/cicd/format_go/enforce_time_now_utc.go:196.3,197.39 2 1
cryptoutil/internal/cmd/cicd/format_go/enforce_time_now_utc.go:197.39,199.4 1 0
cryptoutil/internal/cmd/cicd/format_go/enforce_time_now_utc.go:202.3,202.31 1 1
cryptoutil/internal/cmd/cicd/format_go/enforce_time_now_utc.go:202.31,204.4 1 1
cryptoutil/internal/cmd/cicd/format_go/enforce_time_now_utc.go:207.3,220.14 4 1
cryptoutil/internal/cmd/cicd/format_go/enforce_time_now_utc.go:223.2,226.22 2 1
cryptoutil/internal/cmd/cicd/format_go/enforce_time_now_utc.go:226.22,231.46 2 1
cryptoutil/internal/cmd/cicd/format_go/enforce_time_now_utc.go:231.46,236.4 4 1
cryptoutil/internal/cmd/cicd/format_go/enforce_time_now_utc.go:238.3,239.17 2 1
cryptoutil/internal/cmd/cicd/format_go/enforce_time_now_utc.go:239.17,241.4 1 1
cryptoutil/internal/cmd/cicd/format_go/enforce_time_now_utc.go:244.2,244.26 1 1
cryptoutil/internal/cmd/cicd/format_go/format_go.go:38.97,47.41 5 1
cryptoutil/internal/cmd/cicd/format_go/format_go.go:47.41,51.17 3 1
cryptoutil/internal/cmd/cicd/format_go/format_go.go:51.17,53.4 1 0
cryptoutil/internal/cmd/cicd/format_go/format_go.go:53.9,55.4 1 1
cryptoutil/internal/cmd/cicd/format_go/format_go.go:59.2,59.47 1 1
cryptoutil/internal/cmd/cicd/format_go/format_go.go:59.47,62.63 2 1
cryptoutil/internal/cmd/cicd/format_go/format_go.go:62.63,64.4 1 1
cryptoutil/internal/cmd/cicd/format_go/format_go.go:67.2,67.21 1 1
cryptoutil/internal/cmd/cicd/format_go/format_go.go:67.21,71.3 2 1
cryptoutil/internal/cmd/cicd/format_go/format_go.go:73.2,75.12 2 1
