mode: atomic
cryptoutil/internal/cmd/cicd/lint_go/circulardeps.go:30.70,37.16 4 9
cryptoutil/internal/cmd/cicd/lint_go/circulardeps.go:37.16,41.3 2 1
cryptoutil/internal/cmd/cicd/lint_go/circulardeps.go:44.2,44.63 1 8
cryptoutil/internal/cmd/cicd/lint_go/circulardeps.go:44.63,50.34 4 4
cryptoutil/internal/cmd/cicd/lint_go/circulardeps.go:50.34,53.29 2 2
cryptoutil/internal/cmd/cicd/lint_go/circulardeps.go:53.29,58.5 3 1
cryptoutil/internal/cmd/cicd/lint_go/circulardeps.go:60.4,64.14 4 1
cryptoutil/internal/cmd/cicd/lint_go/circulardeps.go:67.3,67.16 1 2
cryptoutil/internal/cmd/cicd/lint_go/circulardeps.go:67.16,69.4 1 1
cryptoutil/internal/cmd/cicd/lint_go/circulardeps.go:71.3,71.19 1 2
cryptoutil/internal/cmd/cicd/lint_go/circulardeps.go:71.19,73.4 1 1
cryptoutil/internal/cmd/cicd/lint_go/circulardeps.go:74.8,76.3 1 4
cryptoutil/internal/cmd/cicd/lint_go/circulardeps.go:79.2,84.16 4 6
cryptoutil/internal/cmd/cicd/lint_go/circulardeps.go:84.16,88.3 2 2
cryptoutil/internal/cmd/cicd/lint_go/circulardeps.go:91.2,101.30 3 4
cryptoutil/internal/cmd/cicd/lint_go/circulardeps.go:101.30,104.3 1 0
cryptoutil/internal/cmd/cicd/lint_go/circulardeps.go:106.2,106.63 1 4
cryptoutil/internal/cmd/cicd/lint_go/circulardeps.go:106.63,108.3 1 0
cryptoutil/internal/cmd/cicd/lint_go/circulardeps.go:110.2,110.30 1 4
cryptoutil/internal/cmd/cicd/lint_go/circulardeps.go:110.30,115.3 3 0
cryptoutil/internal/cmd/cicd/lint_go/circulardeps.go:117.2,122.12 4 4
cryptoutil/internal/cmd/cicd/lint_go/circulardeps.go:126.94,128.16 2 11
cryptoutil/internal/cmd/cicd/lint_go/circulardeps.go:128.16,130.3 1 5
cryptoutil/internal/cmd/cicd/lint_go/circulardeps.go:132.2,133.56 2 6
cryptoutil/internal/cmd/cicd/lint_go/circulardeps.go:133.56,135.3 1 1
cryptoutil/internal/cmd/cicd/lint_go/circulardeps.go:137.2,137.20 1 5
cryptoutil/internal/cmd/cicd/lint_go/circulardeps.go:141.97,143.16 2 11
cryptoutil/internal/cmd/cicd/lint_go/circulardeps.go:143.16,145.3 1 0
cryptoutil/internal/cmd/cicd/lint_go/circulardeps.go:148.2,149.94 2 11
cryptoutil/internal/cmd/cicd/lint_go/circulardeps.go:149.94,151.3 1 1
cryptoutil/internal/cmd/cicd/lint_go/circulardeps.go:153.2,153.132 1 10
cryptoutil/internal/cmd/cicd/lint_go/circulardeps.go:153.132,155.3 1 1
cryptoutil/internal/cmd/cicd/lint_go/circulardeps.go:157.2,157.12 1 9
cryptoutil/internal/cmd/cicd/lint_go/circulardeps.go:162.51,168.21 3 14
cryptoutil/internal/cmd/cicd/lint_go/circulardeps.go:168.21,170.46 2 915
cryptoutil/internal/cmd/cicd/lint_go/circulardeps.go:170.46,172.4 1 1
cryptoutil/internal/cmd/cicd/lint_go/circulardeps.go:174.3,174.41 1 914
cryptoutil/internal/cmd/cicd/lint_go/circulardeps.go:178.2,182.41 3 13
cryptoutil/internal/cmd/cicd/lint_go/circulardeps.go:182.41,183.50 1 913
cryptoutil/internal/cmd/cicd/lint_go/circulardeps.go:183.50,184.12 1 1
cryptoutil/internal/cmd/cicd/lint_go/circulardeps.go:187.3,189.31 2 912
cryptoutil/internal/cmd/cicd/lint_go/circulardeps.go:189.31,190.46 1 9342
cryptoutil/internal/cmd/cicd/lint_go/circulardeps.go:190.46,192.5 1 2579
cryptoutil/internal/cmd/cicd/lint_go/circulardeps.go:195.3,195.35 1 912
cryptoutil/internal/cmd/cicd/lint_go/circulardeps.go:199.2,205.31 4 13
cryptoutil/internal/cmd/cicd/lint_go/circulardeps.go:205.31,206.25 1 3001
cryptoutil/internal/cmd/cicd/lint_go/circulardeps.go:206.25,208.4 1 2087
cryptoutil/internal/cmd/cicd/lint_go/circulardeps.go:210.3,210.25 1 914
cryptoutil/internal/cmd/cicd/lint_go/circulardeps.go:210.25,215.4 2 3
cryptoutil/internal/cmd/cicd/lint_go/circulardeps.go:217.3,219.40 2 911
cryptoutil/internal/cmd/cicd/lint_go/circulardeps.go:219.40,220.21 1 2577
cryptoutil/internal/cmd/cicd/lint_go/circulardeps.go:220.21,221.59 1 7
cryptoutil/internal/cmd/cicd/lint_go/circulardeps.go:221.59,223.6 1 0
cryptoutil/internal/cmd/cicd/lint_go/circulardeps.go:225.5,225.16 1 7
cryptoutil/internal/cmd/cicd/lint_go/circulardeps.go:229.3,231.15 2 904
cryptoutil/internal/cmd/cicd/lint_go/circulardeps.go:234.2,234.26 1 13
cryptoutil/internal/cmd/cicd/lint_go/circulardeps.go:234.26,235.25 1 907
cryptoutil/internal/cmd/cicd/lint_go/circulardeps.go:235.25,236.17 1 424
cryptoutil/internal/cmd/cicd/lint_go/circulardeps.go:236.17,238.5 1 3
cryptoutil/internal/cmd/cicd/lint_go/circulardeps.go:242.2,242.12 1 10
cryptoutil/internal/cmd/cicd/lint_go/circulardeps.go:246.57,247.32 1 17
cryptoutil/internal/cmd/cicd/lint_go/circulardeps.go:247.32,249.21 2 15
cryptoutil/internal/cmd/cicd/lint_go/circulardeps.go:249.21,252.4 1 15
cryptoutil/internal/cmd/cicd/lint_go/circulardeps.go:255.2,255.11 1 2
cryptoutil/internal/cmd/cicd/lint_go/lint_go.go:38.57,43.38 3 2
cryptoutil/internal/cmd/cicd/lint_go/lint_go.go:43.38,46.42 2 8
cryptoutil/internal/cmd/cicd/lint_go/lint_go.go:46.42,48.4 1 2
cryptoutil/internal/cmd/cicd/lint_go/lint_go.go:51.2,51.21 1 2
cryptoutil/internal/cmd/cicd/lint_go/lint_go.go:51.21,55.3 2 1
cryptoutil/internal/cmd/cicd/lint_go/lint_go.go:57.2,59.12 2 1
cryptoutil/internal/cmd/cicd/lint_go/lint_go.go:71.71,76.16 3 4
cryptoutil/internal/cmd/cicd/lint_go/lint_go.go:76.16,78.3 1 1
cryptoutil/internal/cmd/cicd/lint_go/lint_go.go:81.2,82.16 2 3
cryptoutil/internal/cmd/cicd/lint_go/lint_go.go:82.16,84.3 1 0
cryptoutil/internal/cmd/cicd/lint_go/lint_go.go:87.2,88.16 2 3
cryptoutil/internal/cmd/cicd/lint_go/lint_go.go:88.16,90.3 1 0
cryptoutil/internal/cmd/cicd/lint_go/lint_go.go:92.2,92.75 1 3
cryptoutil/internal/cmd/cicd/lint_go/lint_go.go:92.75,96.3 2 1
cryptoutil/internal/cmd/cicd/lint_go/lint_go.go:98.2,100.12 2 2
cryptoutil/internal/cmd/cicd/lint_go/lint_go.go:103.54,105.16 2 8
cryptoutil/internal/cmd/cicd/lint_go/lint_go.go:105.16,107.3 1 2
cryptoutil/internal/cmd/cicd/lint_go/lint_go.go:109.2,109.15 1 6
cryptoutil/internal/cmd/cicd/lint_go/lint_go.go:109.15,109.35 1 6
cryptoutil/internal/cmd/cicd/lint_go/lint_go.go:111.2,116.21 4 6
cryptoutil/internal/cmd/cicd/lint_go/lint_go.go:116.21,121.88 3 234
cryptoutil/internal/cmd/cicd/lint_go/lint_go.go:121.88,123.4 1 1
cryptoutil/internal/cmd/cicd/lint_go/lint_go.go:125.3,125.95 1 234
cryptoutil/internal/cmd/cicd/lint_go/lint_go.go:125.95,127.4 1 1
cryptoutil/internal/cmd/cicd/lint_go/lint_go.go:130.2,130.38 1 6
cryptoutil/internal/cmd/cicd/lint_go/lint_go.go:130.38,132.3 1 0
cryptoutil/internal/cmd/cicd/lint_go/lint_go.go:134.2,134.24 1 6
cryptoutil/internal/cmd/cicd/lint_go/lint_go.go:137.56,139.16 2 6
cryptoutil/internal/cmd/cicd/lint_go/lint_go.go:139.16,141.3 1 1
cryptoutil/internal/cmd/cicd/lint_go/lint_go.go:143.2,143.15 1 5
cryptoutil/internal/cmd/cicd/lint_go/lint_go.go:143.15,143.35 1 5
cryptoutil/internal/cmd/cicd/lint_go/lint_go.go:145.2,147.21 2 5
cryptoutil/internal/cmd/cicd/lint_go/lint_go.go:147.21,149.48 2 76
cryptoutil/internal/cmd/cicd/lint_go/lint_go.go:149.48,151.4 1 3
cryptoutil/internal/cmd/cicd/lint_go/lint_go.go:154.2,154.38 1 2
cryptoutil/internal/cmd/cicd/lint_go/lint_go.go:154.38,156.3 1 0
cryptoutil/internal/cmd/cicd/lint_go/lint_go.go:158.2,158.19 1 2
cryptoutil/internal/cmd/cicd/lint_go/lint_go.go:161.45,164.81 2 7
cryptoutil/internal/cmd/cicd/lint_go/lint_go.go:164.81,165.17 1 2367
cryptoutil/internal/cmd/cicd/lint_go/lint_go.go:165.17,167.4 1 0
cryptoutil/internal/cmd/cicd/lint_go/lint_go.go:170.3,170.88 1 2367
cryptoutil/internal/cmd/cicd/lint_go/lint_go.go:170.88,172.4 1 2
cryptoutil/internal/cmd/cicd/lint_go/lint_go.go:175.3,175.54 1 2365
cryptoutil/internal/cmd/cicd/lint_go/lint_go.go:175.54,177.18 2 1277
cryptoutil/internal/cmd/cicd/lint_go/lint_go.go:177.18,179.5 1 1
cryptoutil/internal/cmd/cicd/lint_go/lint_go.go:181.4,181.54 1 1276
cryptoutil/internal/cmd/cicd/lint_go/lint_go.go:184.3,184.13 1 2364
cryptoutil/internal/cmd/cicd/lint_go/lint_go.go:186.2,186.16 1 7
cryptoutil/internal/cmd/cicd/lint_go/lint_go.go:186.16,188.3 1 1
cryptoutil/internal/cmd/cicd/lint_go/lint_go.go:190.2,190.24 1 6
cryptoutil/internal/cmd/cicd/lint_go/lint_go.go:193.55,195.88 1 1282
cryptoutil/internal/cmd/cicd/lint_go/lint_go.go:195.88,197.3 1 14
cryptoutil/internal/cmd/cicd/lint_go/lint_go.go:199.2,200.16 2 1268
cryptoutil/internal/cmd/cicd/lint_go/lint_go.go:200.16,202.3 1 2
cryptoutil/internal/cmd/cicd/lint_go/lint_go.go:204.2,204.15 1 1266
cryptoutil/internal/cmd/cicd/lint_go/lint_go.go:204.15,204.35 1 1266
cryptoutil/internal/cmd/cicd/lint_go/lint_go.go:206.2,211.21 4 1266
cryptoutil/internal/cmd/cicd/lint_go/lint_go.go:211.21,216.60 3 326606
cryptoutil/internal/cmd/cicd/lint_go/lint_go.go:216.60,218.4 1 2
cryptoutil/internal/cmd/cicd/lint_go/lint_go.go:220.3,221.86 1 326606
cryptoutil/internal/cmd/cicd/lint_go/lint_go.go:221.86,223.4 1 1
cryptoutil/internal/cmd/cicd/lint_go/lint_go.go:226.2,226.38 1 1266
cryptoutil/internal/cmd/cicd/lint_go/lint_go.go:226.38,228.3 1 0
cryptoutil/internal/cmd/cicd/lint_go/lint_go.go:230.2,230.24 1 1266
cryptoutil/internal/cmd/cicd/lint_go/lint_go.go:233.87,237.30 3 4
cryptoutil/internal/cmd/cicd/lint_go/lint_go.go:237.30,240.37 2 2
cryptoutil/internal/cmd/cicd/lint_go/lint_go.go:240.37,242.4 1 2
cryptoutil/internal/cmd/cicd/lint_go/lint_go.go:244.3,244.26 1 2
cryptoutil/internal/cmd/cicd/lint_go/lint_go.go:247.2,247.31 1 4
cryptoutil/internal/cmd/cicd/lint_go/lint_go.go:247.31,250.38 2 2
cryptoutil/internal/cmd/cicd/lint_go/lint_go.go:250.38,252.4 1 2
cryptoutil/internal/cmd/cicd/lint_go/lint_go.go:254.3,254.26 1 2
cryptoutil/internal/cmd/cicd/lint_go/lint_go.go:257.2,257.18 1 4
cryptoutil/internal/cmd/cicd/lint_go/lint_go.go:257.18,262.3 4 2
cryptoutil/internal/cmd/cicd/lint_go/lint_go.go:264.2,269.50 6 4
cryptoutil/internal/cmd/cicd/lint_go/lint_go.go:274.86,278.16 3 4
cryptoutil/internal/cmd/cicd/lint_go/lint_go.go:278.16,280.3 1 0
cryptoutil/internal/cmd/cicd/lint_go/lint_go.go:282.2,282.25 1 4
cryptoutil/internal/cmd/cicd/lint_go/lint_go.go:282.25,286.3 2 1
cryptoutil/internal/cmd/cicd/lint_go/lint_go.go:288.2,290.12 2 3
cryptoutil/internal/cmd/cicd/lint_go/lint_go.go:293.57,296.81 2 6
cryptoutil/internal/cmd/cicd/lint_go/lint_go.go:296.81,297.17 1 2366
cryptoutil/internal/cmd/cicd/lint_go/lint_go.go:297.17,299.4 1 0
cryptoutil/internal/cmd/cicd/lint_go/lint_go.go:302.3,302.88 1 2366
cryptoutil/internal/cmd/cicd/lint_go/lint_go.go:302.88,304.4 1 1
cryptoutil/internal/cmd/cicd/lint_go/lint_go.go:307.3,307.54 1 2365
cryptoutil/internal/cmd/cicd/lint_go/lint_go.go:307.54,309.18 2 1280
cryptoutil/internal/cmd/cicd/lint_go/lint_go.go:309.18,311.5 1 1
cryptoutil/internal/cmd/cicd/lint_go/lint_go.go:313.4,313.54 1 1279
cryptoutil/internal/cmd/cicd/lint_go/lint_go.go:316.3,316.13 1 2364
cryptoutil/internal/cmd/cicd/lint_go/lint_go.go:318.2,318.16 1 6
cryptoutil/internal/cmd/cicd/lint_go/lint_go.go:318.16,320.3 1 1
cryptoutil/internal/cmd/cicd/lint_go/lint_go.go:322.2,322.24 1 5
cryptoutil/internal/cmd/cicd/lint_go/lint_go.go:325.78,327.16 2 1284
cryptoutil/internal/cmd/cicd/lint_go/lint_go.go:327.16,329.3 1 2
cryptoutil/internal/cmd/cicd/lint_go/lint_go.go:331.2,331.15 1 1282
cryptoutil/internal/cmd/cicd/lint_go/lint_go.go:331.15,331.35 1 1282
cryptoutil/internal/cmd/cicd/lint_go/lint_go.go:333.2,339.21 5 1282
cryptoutil/internal/cmd/cicd/lint_go/lint_go.go:339.21,345.28 4 333674
cryptoutil/internal/cmd/cicd/lint_go/lint_go.go:345.28,348.12 2 1238
cryptoutil/internal/cmd/cicd/lint_go/lint_go.go:351.3,351.38 1 332436
cryptoutil/internal/cmd/cicd/lint_go/lint_go.go:351.38,354.12 2 1238
cryptoutil/internal/cmd/cicd/lint_go/lint_go.go:361.3,361.61 1 331198
cryptoutil/internal/cmd/cicd/lint_go/lint_go.go:361.61,365.45 2 10897
cryptoutil/internal/cmd/cicd/lint_go/lint_go.go:365.45,367.5 1 53
cryptoutil/internal/cmd/cicd/lint_go/lint_go.go:369.4,372.53 2 10897
cryptoutil/internal/cmd/cicd/lint_go/lint_go.go:372.53,374.5 1 3
cryptoutil/internal/cmd/cicd/lint_go/lint_go.go:378.2,378.38 1 1282
cryptoutil/internal/cmd/cicd/lint_go/lint_go.go:378.38,380.3 1 0
cryptoutil/internal/cmd/cicd/lint_go/lint_go.go:382.2,382.24 1 1282
cryptoutil/internal/cmd/cicd/lint_go/lint_go.go:385.59,389.31 3 2
cryptoutil/internal/cmd/cicd/lint_go/lint_go.go:389.31,391.3 1 3
cryptoutil/internal/cmd/cicd/lint_go/lint_go.go:393.2,397.95 5 2
cryptoutil/internal/cmd/cicd/lint_go/nonfips.go:67.65,72.16 3 5
cryptoutil/internal/cmd/cicd/lint_go/nonfips.go:72.16,74.3 1 0
cryptoutil/internal/cmd/cicd/lint_go/nonfips.go:76.2,78.35 2 5
cryptoutil/internal/cmd/cicd/lint_go/nonfips.go:78.35,80.30 2 623
cryptoutil/internal/cmd/cicd/lint_go/nonfips.go:80.30,82.4 1 1
cryptoutil/internal/cmd/cicd/lint_go/nonfips.go:85.2,85.25 1 5
cryptoutil/internal/cmd/cicd/lint_go/nonfips.go:85.25,89.3 2 1
cryptoutil/internal/cmd/cicd/lint_go/nonfips.go:91.2,93.12 2 4
cryptoutil/internal/cmd/cicd/lint_go/nonfips.go:97.38,100.85 2 7
cryptoutil/internal/cmd/cicd/lint_go/nonfips.go:100.85,101.21 1 2195
cryptoutil/internal/cmd/cicd/lint_go/nonfips.go:101.21,103.4 1 1
cryptoutil/internal/cmd/cicd/lint_go/nonfips.go:106.3,106.19 1 2194
cryptoutil/internal/cmd/cicd/lint_go/nonfips.go:106.19,107.23 1 380
cryptoutil/internal/cmd/cicd/lint_go/nonfips.go:108.57,109.28 1 4
cryptoutil/internal/cmd/cicd/lint_go/nonfips.go:112.4,112.14 1 376
cryptoutil/internal/cmd/cicd/lint_go/nonfips.go:118.3,122.85 1 1814
cryptoutil/internal/cmd/cicd/lint_go/nonfips.go:122.85,124.4 1 625
cryptoutil/internal/cmd/cicd/lint_go/nonfips.go:126.3,126.13 1 1814
cryptoutil/internal/cmd/cicd/lint_go/nonfips.go:128.2,128.16 1 7
cryptoutil/internal/cmd/cicd/lint_go/nonfips.go:128.16,130.3 1 1
cryptoutil/internal/cmd/cicd/lint_go/nonfips.go:132.2,132.19 1 6
cryptoutil/internal/cmd/cicd/lint_go/nonfips.go:137.52,139.16 2 629
cryptoutil/internal/cmd/cicd/lint_go/nonfips.go:139.16,141.3 1 0
cryptoutil/internal/cmd/cicd/lint_go/nonfips.go:143.2,149.52 4 629
cryptoutil/internal/cmd/cicd/lint_go/nonfips.go:149.52,153.38 2 22015
cryptoutil/internal/cmd/cicd/lint_go/nonfips.go:153.38,155.31 1 10
cryptoutil/internal/cmd/cicd/lint_go/nonfips.go:155.31,156.34 1 112
cryptoutil/internal/cmd/cicd/lint_go/nonfips.go:156.34,161.6 1 13
cryptoutil/internal/cmd/cicd/lint_go/nonfips.go:166.2,166.15 1 629
cryptoutil/internal/cmd/cicd/lint_go/nonfips.go:170.61,172.36 2 2
cryptoutil/internal/cmd/cicd/lint_go/nonfips.go:172.36,174.3 1 3
cryptoutil/internal/cmd/cicd/lint_go/nonfips.go:176.2,178.43 2 2
cryptoutil/internal/cmd/cicd/lint_go/nonfips.go:178.43,181.32 2 3
cryptoutil/internal/cmd/cicd/lint_go/nonfips.go:181.32,183.4 1 4
cryptoutil/internal/cmd/cicd/lint_go/nonfips.go:185.3,185.26 1 3
cryptoutil/internal/cmd/cicd/lint_go/nonfips.go:188.2,199.96 12 2
