mode: set
cryptoutil/internal/apps/template/service/client/user_auth.go:31.98,38.16 3 1
cryptoutil/internal/apps/template/service/client/user_auth.go:38.16,40.3 1 0
cryptoutil/internal/apps/template/service/client/user_auth.go:42.2,43.16 2 1
cryptoutil/internal/apps/template/service/client/user_auth.go:43.16,45.3 1 1
cryptoutil/internal/apps/template/service/client/user_auth.go:47.2,50.16 3 1
cryptoutil/internal/apps/template/service/client/user_auth.go:50.16,52.3 1 1
cryptoutil/internal/apps/template/service/client/user_auth.go:54.2,54.15 1 1
cryptoutil/internal/apps/template/service/client/user_auth.go:54.15,54.40 1 1
cryptoutil/internal/apps/template/service/client/user_auth.go:56.2,56.43 1 1
cryptoutil/internal/apps/template/service/client/user_auth.go:56.43,60.3 2 1
cryptoutil/internal/apps/template/service/client/user_auth.go:62.2,63.69 2 1
cryptoutil/internal/apps/template/service/client/user_auth.go:63.69,65.3 1 1
cryptoutil/internal/apps/template/service/client/user_auth.go:67.2,68.16 2 1
cryptoutil/internal/apps/template/service/client/user_auth.go:68.16,70.3 1 1
cryptoutil/internal/apps/template/service/client/user_auth.go:73.2,74.16 2 1
cryptoutil/internal/apps/template/service/client/user_auth.go:74.16,76.3 1 1
cryptoutil/internal/apps/template/service/client/user_auth.go:78.2,83.8 1 1
cryptoutil/internal/apps/template/service/client/user_auth.go:88.98,95.16 3 1
cryptoutil/internal/apps/template/service/client/user_auth.go:95.16,97.3 1 0
cryptoutil/internal/apps/template/service/client/user_auth.go:99.2,100.16 2 1
cryptoutil/internal/apps/template/service/client/user_auth.go:100.16,102.3 1 1
cryptoutil/internal/apps/template/service/client/user_auth.go:104.2,107.16 3 1
cryptoutil/internal/apps/template/service/client/user_auth.go:107.16,109.3 1 1
cryptoutil/internal/apps/template/service/client/user_auth.go:111.2,111.15 1 1
cryptoutil/internal/apps/template/service/client/user_auth.go:111.15,111.40 1 1
cryptoutil/internal/apps/template/service/client/user_auth.go:113.2,113.43 1 1
cryptoutil/internal/apps/template/service/client/user_auth.go:113.43,117.3 2 1
cryptoutil/internal/apps/template/service/client/user_auth.go:119.2,120.69 2 1
cryptoutil/internal/apps/template/service/client/user_auth.go:120.69,122.3 1 1
cryptoutil/internal/apps/template/service/client/user_auth.go:124.2,125.16 2 1
cryptoutil/internal/apps/template/service/client/user_auth.go:125.16,127.3 1 1
cryptoutil/internal/apps/template/service/client/user_auth.go:130.2,131.16 2 1
cryptoutil/internal/apps/template/service/client/user_auth.go:131.16,133.3 1 1
cryptoutil/internal/apps/template/service/client/user_auth.go:135.2,140.8 1 1
cryptoutil/internal/apps/template/service/client/user_auth.go:145.100,152.16 3 1
cryptoutil/internal/apps/template/service/client/user_auth.go:152.16,154.3 1 0
cryptoutil/internal/apps/template/service/client/user_auth.go:156.2,157.16 2 1
cryptoutil/internal/apps/template/service/client/user_auth.go:157.16,159.3 1 1
cryptoutil/internal/apps/template/service/client/user_auth.go:161.2,164.16 3 1
cryptoutil/internal/apps/template/service/client/user_auth.go:164.16,166.3 1 1
cryptoutil/internal/apps/template/service/client/user_auth.go:168.2,168.15 1 1
cryptoutil/internal/apps/template/service/client/user_auth.go:168.15,168.40 1 1
cryptoutil/internal/apps/template/service/client/user_auth.go:170.2,170.38 1 1
cryptoutil/internal/apps/template/service/client/user_auth.go:170.38,174.3 2 1
cryptoutil/internal/apps/template/service/client/user_auth.go:176.2,177.69 2 1
cryptoutil/internal/apps/template/service/client/user_auth.go:177.69,179.3 1 1
cryptoutil/internal/apps/template/service/client/user_auth.go:181.2,182.9 2 1
cryptoutil/internal/apps/template/service/client/user_auth.go:182.9,184.3 1 1
cryptoutil/internal/apps/template/service/client/user_auth.go:186.2,186.19 1 1
cryptoutil/internal/apps/template/service/client/user_auth.go:191.82,193.16 2 1
cryptoutil/internal/apps/template/service/client/user_auth.go:193.16,195.3 1 0
cryptoutil/internal/apps/template/service/client/user_auth.go:197.2,198.16 2 1
cryptoutil/internal/apps/template/service/client/user_auth.go:198.16,200.3 1 0
cryptoutil/internal/apps/template/service/client/user_auth.go:202.2,202.65 1 1
cryptoutil/internal/apps/template/service/client/user_auth.go:207.82,209.16 2 1
cryptoutil/internal/apps/template/service/client/user_auth.go:209.16,211.3 1 0
cryptoutil/internal/apps/template/service/client/user_auth.go:213.2,214.16 2 1
cryptoutil/internal/apps/template/service/client/user_auth.go:214.16,216.3 1 0
cryptoutil/internal/apps/template/service/client/user_auth.go:218.2,218.65 1 1
cryptoutil/internal/apps/template/service/client/user_auth.go:223.116,225.17 2 1
cryptoutil/internal/apps/template/service/client/user_auth.go:225.17,227.3 1 1
cryptoutil/internal/apps/template/service/client/user_auth.go:229.2,230.16 2 1
cryptoutil/internal/apps/template/service/client/user_auth.go:230.16,232.3 1 1
cryptoutil/internal/apps/template/service/client/user_auth.go:234.2,234.17 1 1
cryptoutil/internal/apps/template/service/client/user_auth.go:234.17,236.3 1 1
cryptoutil/internal/apps/template/service/client/user_auth.go:238.2,241.16 3 1
cryptoutil/internal/apps/template/service/client/user_auth.go:241.16,243.3 1 1
cryptoutil/internal/apps/template/service/client/user_auth.go:245.2,245.18 1 1
cryptoutil/internal/apps/template/service/client/user_auth.go:250.64,251.15 1 1
cryptoutil/internal/apps/template/service/client/user_auth.go:251.15,253.3 1 1
cryptoutil/internal/apps/template/service/client/user_auth.go:255.2,255.66 1 1
cryptoutil/internal/apps/template/service/client/user_auth.go:255.66,257.3 1 1
cryptoutil/internal/apps/template/service/client/user_auth.go:259.2,259.12 1 1
cryptoutil/internal/apps/template/service/client/user_auth.go:264.81,266.9 2 1
cryptoutil/internal/apps/template/service/client/user_auth.go:266.9,268.3 1 1
cryptoutil/internal/apps/template/service/client/user_auth.go:270.2,271.16 2 1
cryptoutil/internal/apps/template/service/client/user_auth.go:271.16,273.3 1 1
cryptoutil/internal/apps/template/service/client/user_auth.go:275.2,275.20 1 1
cryptoutil/internal/apps/template/service/client/user_auth.go:280.76,282.16 2 1
cryptoutil/internal/apps/template/service/client/user_auth.go:282.16,284.3 1 1
cryptoutil/internal/apps/template/service/client/user_auth.go:286.2,287.16 2 1
cryptoutil/internal/apps/template/service/client/user_auth.go:287.16,289.3 1 1
cryptoutil/internal/apps/template/service/client/user_auth.go:291.2,291.15 1 1
cryptoutil/internal/apps/template/service/client/user_auth.go:291.15,291.40 1 1
cryptoutil/internal/apps/template/service/client/user_auth.go:293.2,293.38 1 1
cryptoutil/internal/apps/template/service/client/user_auth.go:293.38,297.3 2 1
cryptoutil/internal/apps/template/service/client/user_auth.go:299.2,300.71 2 1
cryptoutil/internal/apps/template/service/client/user_auth.go:300.71,302.3 1 1
cryptoutil/internal/apps/template/service/client/user_auth.go:304.2,305.9 2 1
cryptoutil/internal/apps/template/service/client/user_auth.go:305.9,307.3 1 1
cryptoutil/internal/apps/template/service/client/user_auth.go:309.2,309.25 1 1
cryptoutil/internal/apps/template/service/client/user_auth.go:309.25,311.3 1 1
cryptoutil/internal/apps/template/service/client/user_auth.go:313.2,313.12 1 1
cryptoutil/internal/apps/template/service/config/tls_generator/tls_generator.go:33.111,34.16 1 1
cryptoutil/internal/apps/template/service/config/tls_generator/tls_generator.go:34.16,36.3 1 1
cryptoutil/internal/apps/template/service/config/tls_generator/tls_generator.go:39.2,39.61 1 1
cryptoutil/internal/apps/template/service/config/tls_generator/tls_generator.go:39.61,41.3 1 1
cryptoutil/internal/apps/template/service/config/tls_generator/tls_generator.go:44.2,44.62 1 1
cryptoutil/internal/apps/template/service/config/tls_generator/tls_generator.go:44.62,46.3 1 1
cryptoutil/internal/apps/template/service/config/tls_generator/tls_generator.go:48.2,48.62 1 1
cryptoutil/internal/apps/template/service/config/tls_generator/tls_generator.go:48.62,50.3 1 1
cryptoutil/internal/apps/template/service/config/tls_generator/tls_generator.go:53.2,53.63 1 1
cryptoutil/internal/apps/template/service/config/tls_generator/tls_generator.go:53.63,55.3 1 1
cryptoutil/internal/apps/template/service/config/tls_generator/tls_generator.go:57.2,57.140 1 1
cryptoutil/internal/apps/template/service/config/tls_generator/tls_generator.go:61.117,62.33 1 1
cryptoutil/internal/apps/template/service/config/tls_generator/tls_generator.go:62.33,64.3 1 0
cryptoutil/internal/apps/template/service/config/tls_generator/tls_generator.go:64.8,64.39 1 1
cryptoutil/internal/apps/template/service/config/tls_generator/tls_generator.go:64.39,66.3 1 0
cryptoutil/internal/apps/template/service/config/tls_generator/tls_generator.go:69.2,70.16 2 1
cryptoutil/internal/apps/template/service/config/tls_generator/tls_generator.go:70.16,72.3 1 1
cryptoutil/internal/apps/template/service/config/tls_generator/tls_generator.go:75.2,75.51 1 1
cryptoutil/internal/apps/template/service/config/tls_generator/tls_generator.go:75.51,77.17 2 0
cryptoutil/internal/apps/template/service/config/tls_generator/tls_generator.go:77.17,79.4 1 0
cryptoutil/internal/apps/template/service/config/tls_generator/tls_generator.go:83.2,91.19 5 1
cryptoutil/internal/apps/template/service/config/tls_generator/tls_generator.go:91.19,92.39 1 1
cryptoutil/internal/apps/template/service/config/tls_generator/tls_generator.go:92.39,94.23 2 1
cryptoutil/internal/apps/template/service/config/tls_generator/tls_generator.go:94.23,96.5 1 1
cryptoutil/internal/apps/template/service/config/tls_generator/tls_generator.go:98.4,103.21 2 1
cryptoutil/internal/apps/template/service/config/tls_generator/tls_generator.go:103.21,105.66 1 1
cryptoutil/internal/apps/template/service/config/tls_generator/tls_generator.go:105.66,107.6 1 1
cryptoutil/internal/apps/template/service/config/tls_generator/tls_generator.go:107.11,109.6 1 0
cryptoutil/internal/apps/template/service/config/tls_generator/tls_generator.go:113.3,113.33 1 1
cryptoutil/internal/apps/template/service/config/tls_generator/tls_generator.go:116.2,127.8 2 1
cryptoutil/internal/apps/template/service/config/tls_generator/tls_generator.go:133.136,134.25 1 1
cryptoutil/internal/apps/template/service/config/tls_generator/tls_generator.go:134.25,136.3 1 1
cryptoutil/internal/apps/template/service/config/tls_generator/tls_generator.go:136.8,136.31 1 1
cryptoutil/internal/apps/template/service/config/tls_generator/tls_generator.go:136.31,138.3 1 1
cryptoutil/internal/apps/template/service/config/tls_generator/tls_generator.go:141.2,142.54 2 1
cryptoutil/internal/apps/template/service/config/tls_generator/tls_generator.go:142.54,144.3 1 1
cryptoutil/internal/apps/template/service/config/tls_generator/tls_generator.go:146.2,147.16 2 1
cryptoutil/internal/apps/template/service/config/tls_generator/tls_generator.go:147.16,149.3 1 1
cryptoutil/internal/apps/template/service/config/tls_generator/tls_generator.go:152.2,153.21 2 1
cryptoutil/internal/apps/template/service/config/tls_generator/tls_generator.go:153.21,155.3 1 1
cryptoutil/internal/apps/template/service/config/tls_generator/tls_generator.go:157.2,159.23 2 1
cryptoutil/internal/apps/template/service/config/tls_generator/tls_generator.go:160.25,161.64 1 1
cryptoutil/internal/apps/template/service/config/tls_generator/tls_generator.go:162.24,163.61 1 1
cryptoutil/internal/apps/template/service/config/tls_generator/tls_generator.go:164.21,165.64 1 1
cryptoutil/internal/apps/template/service/config/tls_generator/tls_generator.go:166.10,167.79 1 1
cryptoutil/internal/apps/template/service/config/tls_generator/tls_generator.go:170.2,170.16 1 1
cryptoutil/internal/apps/template/service/config/tls_generator/tls_generator.go:170.16,172.3 1 1
cryptoutil/internal/apps/template/service/config/tls_generator/tls_generator.go:175.2,176.16 2 1
cryptoutil/internal/apps/template/service/config/tls_generator/tls_generator.go:176.16,178.3 1 0
cryptoutil/internal/apps/template/service/config/tls_generator/tls_generator.go:181.2,182.28 2 1
cryptoutil/internal/apps/template/service/config/tls_generator/tls_generator.go:182.28,184.28 2 1
cryptoutil/internal/apps/template/service/config/tls_generator/tls_generator.go:184.28,186.4 1 1
cryptoutil/internal/apps/template/service/config/tls_generator/tls_generator.go:190.2,190.23 1 1
cryptoutil/internal/apps/template/service/config/tls_generator/tls_generator.go:190.23,192.3 1 1
cryptoutil/internal/apps/template/service/config/tls_generator/tls_generator.go:194.2,220.16 4 1
cryptoutil/internal/apps/template/service/config/tls_generator/tls_generator.go:220.16,222.3 1 1
cryptoutil/internal/apps/template/service/config/tls_generator/tls_generator.go:225.2,226.16 2 1
cryptoutil/internal/apps/template/service/config/tls_generator/tls_generator.go:226.16,228.3 1 0
cryptoutil/internal/apps/template/service/config/tls_generator/tls_generator.go:231.2,232.66 2 1
cryptoutil/internal/apps/template/service/config/tls_generator/tls_generator.go:232.66,234.3 1 1
cryptoutil/internal/apps/template/service/config/tls_generator/tls_generator.go:238.2,239.16 2 1
cryptoutil/internal/apps/template/service/config/tls_generator/tls_generator.go:239.16,241.3 1 0
cryptoutil/internal/apps/template/service/config/tls_generator/tls_generator.go:243.2,251.8 2 1
cryptoutil/internal/apps/template/service/config/tls_generator/tls_generator.go:257.116,259.23 1 1
cryptoutil/internal/apps/template/service/config/tls_generator/tls_generator.go:259.23,261.3 1 1
cryptoutil/internal/apps/template/service/config/tls_generator/tls_generator.go:264.2,273.28 5 1
cryptoutil/internal/apps/template/service/config/tls_generator/tls_generator.go:273.28,275.17 2 1
cryptoutil/internal/apps/template/service/config/tls_generator/tls_generator.go:275.17,277.4 1 0
cryptoutil/internal/apps/template/service/config/tls_generator/tls_generator.go:281.2,282.16 2 1
cryptoutil/internal/apps/template/service/config/tls_generator/tls_generator.go:282.16,284.3 1 0
cryptoutil/internal/apps/template/service/config/tls_generator/tls_generator.go:287.2,291.16 3 1
cryptoutil/internal/apps/template/service/config/tls_generator/tls_generator.go:291.16,293.3 1 0
cryptoutil/internal/apps/template/service/config/tls_generator/tls_generator.go:296.2,297.28 2 1
cryptoutil/internal/apps/template/service/config/tls_generator/tls_generator.go:297.28,299.28 2 1
cryptoutil/internal/apps/template/service/config/tls_generator/tls_generator.go:299.28,301.4 1 1
cryptoutil/internal/apps/template/service/config/tls_generator/tls_generator.go:306.2,321.16 4 1
cryptoutil/internal/apps/template/service/config/tls_generator/tls_generator.go:321.16,323.3 1 0
cryptoutil/internal/apps/template/service/config/tls_generator/tls_generator.go:326.2,327.16 2 1
cryptoutil/internal/apps/template/service/config/tls_generator/tls_generator.go:327.16,329.3 1 0
cryptoutil/internal/apps/template/service/config/tls_generator/tls_generator.go:332.2,333.66 2 1
cryptoutil/internal/apps/template/service/config/tls_generator/tls_generator.go:333.66,335.3 1 1
cryptoutil/internal/apps/template/service/config/tls_generator/tls_generator.go:338.2,339.16 2 1
cryptoutil/internal/apps/template/service/config/tls_generator/tls_generator.go:339.16,341.3 1 0
cryptoutil/internal/apps/template/service/config/tls_generator/tls_generator.go:343.2,348.8 2 1
cryptoutil/internal/apps/template/service/config/tls_generator/tls_generator.go:353.70,356.16 2 1
cryptoutil/internal/apps/template/service/config/tls_generator/tls_generator.go:356.16,358.3 1 0
cryptoutil/internal/apps/template/service/config/tls_generator/tls_generator.go:361.2,364.16 3 1
cryptoutil/internal/apps/template/service/config/tls_generator/tls_generator.go:364.16,366.3 1 0
cryptoutil/internal/apps/template/service/config/tls_generator/tls_generator.go:369.2,380.16 5 1
cryptoutil/internal/apps/template/service/config/tls_generator/tls_generator.go:380.16,382.3 1 0
cryptoutil/internal/apps/template/service/config/tls_generator/tls_generator.go:384.2,389.33 2 1
cryptoutil/internal/apps/template/service/config/config.go:220.41,222.2 1 1
cryptoutil/internal/apps/template/service/config/config.go:318.65,320.2 1 1
cryptoutil/internal/apps/template/service/config/config.go:323.64,325.2 1 1
cryptoutil/internal/apps/template/service/config/config.go:881.40,883.16 2 1
cryptoutil/internal/apps/template/service/config/config.go:883.16,885.3 1 1
cryptoutil/internal/apps/template/service/config/config.go:889.2,889.33 1 1
cryptoutil/internal/apps/template/service/config/config.go:889.33,890.16 1 1
cryptoutil/internal/apps/template/service/config/config.go:890.16,892.4 1 1
cryptoutil/internal/apps/template/service/config/config.go:894.3,895.17 2 1
cryptoutil/internal/apps/template/service/config/config.go:895.17,897.4 1 1
cryptoutil/internal/apps/template/service/config/config.go:899.3,899.15 1 1
cryptoutil/internal/apps/template/service/config/config.go:903.2,903.35 1 1
cryptoutil/internal/apps/template/service/config/config.go:903.35,905.3 1 1
cryptoutil/internal/apps/template/service/config/config.go:907.2,907.12 1 0
cryptoutil/internal/apps/template/service/config/config.go:923.127,924.33 1 1
cryptoutil/internal/apps/template/service/config/config.go:924.33,926.3 1 0
cryptoutil/internal/apps/template/service/config/config.go:928.2,929.43 2 1
cryptoutil/internal/apps/template/service/config/config.go:929.43,931.3 1 1
cryptoutil/internal/apps/template/service/config/config.go:933.2,947.70 7 1
cryptoutil/internal/apps/template/service/config/config.go:947.70,948.40 1 1
cryptoutil/internal/apps/template/service/config/config.go:948.40,949.67 1 1
cryptoutil/internal/apps/template/service/config/config.go:949.67,951.5 1 0
cryptoutil/internal/apps/template/service/config/config.go:956.2,1018.16 62 1
cryptoutil/internal/apps/template/service/config/config.go:1018.16,1020.3 1 0
cryptoutil/internal/apps/template/service/config/config.go:1022.2,1023.16 2 1
cryptoutil/internal/apps/template/service/config/config.go:1023.16,1025.3 1 0
cryptoutil/internal/apps/template/service/config/config.go:1031.2,1036.26 5 1
cryptoutil/internal/apps/template/service/config/config.go:1036.26,1038.72 1 1
cryptoutil/internal/apps/template/service/config/config.go:1038.72,1041.47 2 1
cryptoutil/internal/apps/template/service/config/config.go:1041.47,1043.5 1 0
cryptoutil/internal/apps/template/service/config/config.go:1046.3,1046.41 1 1
cryptoutil/internal/apps/template/service/config/config.go:1046.41,1047.73 1 1
cryptoutil/internal/apps/template/service/config/config.go:1047.73,1050.49 2 1
cryptoutil/internal/apps/template/service/config/config.go:1050.49,1052.6 1 0
cryptoutil/internal/apps/template/service/config/config.go:1058.2,1059.23 2 1
cryptoutil/internal/apps/template/service/config/config.go:1059.23,1060.61 1 0
cryptoutil/internal/apps/template/service/config/config.go:1060.61,1062.42 1 0
cryptoutil/internal/apps/template/service/config/config.go:1062.42,1063.26 1 0
cryptoutil/internal/apps/template/service/config/config.go:1063.26,1065.6 1 0
cryptoutil/internal/apps/template/service/config/config.go:1067.9,1069.4 1 0
cryptoutil/internal/apps/template/service/config/config.go:1073.2,1074.28 2 1
cryptoutil/internal/apps/template/service/config/config.go:1074.28,1076.3 1 0
cryptoutil/internal/apps/template/service/config/config.go:1078.2,1079.29 2 1
cryptoutil/internal/apps/template/service/config/config.go:1079.29,1081.3 1 0
cryptoutil/internal/apps/template/service/config/config.go:1083.2,1165.12 4 1
cryptoutil/internal/apps/template/service/config/config.go:1165.12,1262.17 96 1
cryptoutil/internal/apps/template/service/config/config.go:1262.17,1264.4 1 0
cryptoutil/internal/apps/template/service/config/config.go:1268.2,1268.49 1 1
cryptoutil/internal/apps/template/service/config/config.go:1268.49,1270.3 1 0
cryptoutil/internal/apps/template/service/config/config.go:1272.2,1272.15 1 1
cryptoutil/internal/apps/template/service/config/config.go:1278.97,1280.2 1 1
cryptoutil/internal/apps/template/service/config/config.go:1282.52,1283.19 1 1
cryptoutil/internal/apps/template/service/config/config.go:1283.19,1343.71 3 1
cryptoutil/internal/apps/template/service/config/config.go:1343.71,1345.58 2 1
cryptoutil/internal/apps/template/service/config/config.go:1345.58,1347.5 1 1
cryptoutil/internal/apps/template/service/config/config.go:1349.4,1349.70 1 1
cryptoutil/internal/apps/template/service/config/config.go:1352.3,1360.43 5 1
cryptoutil/internal/apps/template/service/config/config.go:1360.43,1362.69 2 1
cryptoutil/internal/apps/template/service/config/config.go:1362.69,1364.5 1 1
cryptoutil/internal/apps/template/service/config/config.go:1364.10,1366.5 1 1
cryptoutil/internal/apps/template/service/config/config.go:1369.3,1372.90 4 1
cryptoutil/internal/apps/template/service/config/config.go:1376.19,1380.2 2 1
cryptoutil/internal/apps/template/service/config/config.go:1383.72,1389.2 3 1
cryptoutil/internal/apps/template/service/config/config.go:1392.45,1393.33 1 1
cryptoutil/internal/apps/template/service/config/config.go:1393.33,1395.3 1 1
cryptoutil/internal/apps/template/service/config/config.go:1397.2,1397.60 1 1
cryptoutil/internal/apps/template/service/config/config.go:1401.49,1402.35 1 1
cryptoutil/internal/apps/template/service/config/config.go:1402.35,1404.3 1 1
cryptoutil/internal/apps/template/service/config/config.go:1406.2,1406.62 1 1
cryptoutil/internal/apps/template/service/config/config.go:1410.49,1411.35 1 1
cryptoutil/internal/apps/template/service/config/config.go:1411.35,1413.3 1 1
cryptoutil/internal/apps/template/service/config/config.go:1415.2,1415.62 1 1
cryptoutil/internal/apps/template/service/config/config.go:1419.56,1420.37 1 1
cryptoutil/internal/apps/template/service/config/config.go:1420.37,1422.3 1 1
cryptoutil/internal/apps/template/service/config/config.go:1424.2,1424.64 1 1
cryptoutil/internal/apps/template/service/config/config.go:1428.56,1429.37 1 1
cryptoutil/internal/apps/template/service/config/config.go:1429.37,1431.3 1 1
cryptoutil/internal/apps/template/service/config/config.go:1433.2,1433.74 1 1
cryptoutil/internal/apps/template/service/config/config.go:1437.58,1438.42 1 1
cryptoutil/internal/apps/template/service/config/config.go:1438.42,1440.3 1 1
cryptoutil/internal/apps/template/service/config/config.go:1442.2,1442.69 1 1
cryptoutil/internal/apps/template/service/config/config.go:1446.43,1447.32 1 1
cryptoutil/internal/apps/template/service/config/config.go:1447.32,1449.3 1 1
cryptoutil/internal/apps/template/service/config/config.go:1451.2,1451.59 1 1
cryptoutil/internal/apps/template/service/config/config.go:1454.38,1455.27 1 1
cryptoutil/internal/apps/template/service/config/config.go:1456.14,1457.34 1 1
cryptoutil/internal/apps/template/service/config/config.go:1458.16,1459.18 1 1
cryptoutil/internal/apps/template/service/config/config.go:1459.18,1461.4 1 1
cryptoutil/internal/apps/template/service/config/config.go:1463.3,1463.51 1 1
cryptoutil/internal/apps/template/service/config/config.go:1464.12,1465.30 1 1
cryptoutil/internal/apps/template/service/config/config.go:1466.14,1467.30 1 1
cryptoutil/internal/apps/template/service/config/config.go:1468.21,1469.20 1 1
cryptoutil/internal/apps/template/service/config/config.go:1470.10,1471.30 1 1
cryptoutil/internal/apps/template/service/config/config.go:1475.58,1480.35 2 1
cryptoutil/internal/apps/template/service/config/config.go:1480.35,1483.30 2 1
cryptoutil/internal/apps/template/service/config/config.go:1483.30,1485.4 1 1
cryptoutil/internal/apps/template/service/config/config.go:1488.2,1488.35 1 1
cryptoutil/internal/apps/template/service/config/config.go:1488.35,1489.52 1 1
cryptoutil/internal/apps/template/service/config/config.go:1489.52,1491.4 1 1
cryptoutil/internal/apps/template/service/config/config.go:1493.3,1493.89 1 1
cryptoutil/internal/apps/template/service/config/config.go:1493.89,1495.4 1 1
cryptoutil/internal/apps/template/service/config/config.go:1498.2,1498.15 1 1
cryptoutil/internal/apps/template/service/config/config.go:1503.68,1507.31 2 1
cryptoutil/internal/apps/template/service/config/config.go:1507.31,1509.3 1 1
cryptoutil/internal/apps/template/service/config/config.go:1511.2,1511.32 1 1
cryptoutil/internal/apps/template/service/config/config.go:1511.32,1513.3 1 1
cryptoutil/internal/apps/template/service/config/config.go:1517.2,1517.78 1 1
cryptoutil/internal/apps/template/service/config/config.go:1517.78,1519.3 1 1
cryptoutil/internal/apps/template/service/config/config.go:1521.2,1521.79 1 1
cryptoutil/internal/apps/template/service/config/config.go:1521.79,1523.3 1 1
cryptoutil/internal/apps/template/service/config/config.go:1526.2,1526.60 1 1
cryptoutil/internal/apps/template/service/config/config.go:1526.60,1528.3 1 0
cryptoutil/internal/apps/template/service/config/config.go:1530.2,1530.61 1 1
cryptoutil/internal/apps/template/service/config/config.go:1530.61,1532.3 1 0
cryptoutil/internal/apps/template/service/config/config.go:1535.2,1535.68 1 1
cryptoutil/internal/apps/template/service/config/config.go:1535.68,1537.3 1 1
cryptoutil/internal/apps/template/service/config/config.go:1540.2,1540.127 1 1
cryptoutil/internal/apps/template/service/config/config.go:1540.127,1542.3 1 1
cryptoutil/internal/apps/template/service/config/config.go:1544.2,1544.129 1 1
cryptoutil/internal/apps/template/service/config/config.go:1544.129,1546.3 1 1
cryptoutil/internal/apps/template/service/config/config.go:1549.2,1549.134 1 1
cryptoutil/internal/apps/template/service/config/config.go:1549.134,1551.3 1 1
cryptoutil/internal/apps/template/service/config/config.go:1553.2,1553.109 1 1
cryptoutil/internal/apps/template/service/config/config.go:1553.109,1555.3 1 1
cryptoutil/internal/apps/template/service/config/config.go:1560.2,1563.43 1 1
cryptoutil/internal/apps/template/service/config/config.go:1563.43,1565.3 1 1
cryptoutil/internal/apps/template/service/config/config.go:1568.2,1568.46 1 1
cryptoutil/internal/apps/template/service/config/config.go:1568.46,1569.39 1 1
cryptoutil/internal/apps/template/service/config/config.go:1569.39,1571.4 1 1
cryptoutil/internal/apps/template/service/config/config.go:1575.2,1578.39 3 1
cryptoutil/internal/apps/template/service/config/config.go:1578.39,1579.43 1 1
cryptoutil/internal/apps/template/service/config/config.go:1579.43,1582.9 2 1
cryptoutil/internal/apps/template/service/config/config.go:1586.2,1586.20 1 1
cryptoutil/internal/apps/template/service/config/config.go:1586.20,1588.3 1 1
cryptoutil/internal/apps/template/service/config/config.go:1591.2,1591.31 1 1
cryptoutil/internal/apps/template/service/config/config.go:1591.31,1593.3 1 1
cryptoutil/internal/apps/template/service/config/config.go:1593.8,1593.72 1 1
cryptoutil/internal/apps/template/service/config/config.go:1593.72,1595.3 1 1
cryptoutil/internal/apps/template/service/config/config.go:1597.2,1597.31 1 1
cryptoutil/internal/apps/template/service/config/config.go:1597.31,1599.3 1 1
cryptoutil/internal/apps/template/service/config/config.go:1599.8,1599.72 1 1
cryptoutil/internal/apps/template/service/config/config.go:1599.72,1601.3 1 1
cryptoutil/internal/apps/template/service/config/config.go:1604.2,1604.43 1 1
cryptoutil/internal/apps/template/service/config/config.go:1604.43,1605.151 1 1
cryptoutil/internal/apps/template/service/config/config.go:1605.151,1607.4 1 1
cryptoutil/internal/apps/template/service/config/config.go:1610.2,1610.21 1 1
cryptoutil/internal/apps/template/service/config/config.go:1610.21,1612.3 1 1
cryptoutil/internal/apps/template/service/config/config.go:1614.2,1614.12 1 1
cryptoutil/internal/apps/template/service/config/config.go:1620.42,1621.42 1 1
cryptoutil/internal/apps/template/service/config/config.go:1621.42,1623.3 1 1
cryptoutil/internal/apps/template/service/config/config.go:1625.2,1628.16 3 1
cryptoutil/internal/apps/template/service/config/config.go:1628.16,1632.3 2 1
cryptoutil/internal/apps/template/service/config/config.go:1634.2,1634.43 1 1
cryptoutil/internal/apps/template/service/config/config.go:1638.102,1647.13 2 1
cryptoutil/internal/apps/template/service/config/config.go:1647.13,1649.3 1 1
cryptoutil/internal/apps/template/service/config/config.go:1651.2,1652.16 2 1
cryptoutil/internal/apps/template/service/config/config.go:1652.16,1654.71 1 0
cryptoutil/internal/apps/template/service/config/config.go:1657.2,1657.17 1 1
cryptoutil/internal/apps/template/service/config/config.go:1661.100,1670.13 2 1
cryptoutil/internal/apps/template/service/config/config.go:1670.13,1672.3 1 1
cryptoutil/internal/apps/template/service/config/config.go:1674.2,1675.16 2 1
cryptoutil/internal/apps/template/service/config/config.go:1675.16,1677.69 1 0
cryptoutil/internal/apps/template/service/config/config.go:1680.2,1680.17 1 1
cryptoutil/internal/apps/template/service/config/config_test_helper.go:27.99,33.13 3 1
cryptoutil/internal/apps/template/service/config/config_test_helper.go:33.13,35.3 1 1
cryptoutil/internal/apps/template/service/config/config_test_helper.go:37.2,107.49 2 1
cryptoutil/internal/apps/template/service/config/config_test_helper.go:107.49,109.65 2 0
cryptoutil/internal/apps/template/service/config/config_test_helper.go:112.2,112.10 1 1
cryptoutil/internal/apps/template/service/config/config_test_util.go:17.79,19.9 2 1
cryptoutil/internal/apps/template/service/config/config_test_util.go:19.9,20.45 1 0
cryptoutil/internal/apps/template/service/config/config_test_util.go:23.2,24.9 2 1
cryptoutil/internal/apps/template/service/config/config_test_util.go:24.9,25.41 1 0
cryptoutil/internal/apps/template/service/config/config_test_util.go:28.2,29.9 2 1
cryptoutil/internal/apps/template/service/config/config_test_util.go:29.9,30.42 1 0
cryptoutil/internal/apps/template/service/config/config_test_util.go:33.2,34.9 2 1
cryptoutil/internal/apps/template/service/config/config_test_util.go:34.9,35.38 1 0
cryptoutil/internal/apps/template/service/config/config_test_util.go:38.2,39.9 2 1
cryptoutil/internal/apps/template/service/config/config_test_util.go:39.9,40.39 1 0
cryptoutil/internal/apps/template/service/config/config_test_util.go:43.2,44.9 2 1
cryptoutil/internal/apps/template/service/config/config_test_util.go:44.9,45.51 1 0
cryptoutil/internal/apps/template/service/config/config_test_util.go:48.2,49.9 2 1
cryptoutil/internal/apps/template/service/config/config_test_util.go:49.9,50.50 1 0
cryptoutil/internal/apps/template/service/config/config_test_util.go:53.2,54.9 2 1
cryptoutil/internal/apps/template/service/config/config_test_util.go:54.9,55.52 1 0
cryptoutil/internal/apps/template/service/config/config_test_util.go:58.2,59.9 2 1
cryptoutil/internal/apps/template/service/config/config_test_util.go:59.9,60.55 1 0
cryptoutil/internal/apps/template/service/config/config_test_util.go:63.2,64.9 2 1
cryptoutil/internal/apps/template/service/config/config_test_util.go:64.9,65.53 1 0
cryptoutil/internal/apps/template/service/config/config_test_util.go:68.2,69.9 2 1
cryptoutil/internal/apps/template/service/config/config_test_util.go:69.9,70.56 1 0
cryptoutil/internal/apps/template/service/config/config_test_util.go:73.2,74.9 2 1
cryptoutil/internal/apps/template/service/config/config_test_util.go:74.9,75.52 1 0
cryptoutil/internal/apps/template/service/config/config_test_util.go:78.2,79.9 2 1
cryptoutil/internal/apps/template/service/config/config_test_util.go:79.9,80.51 1 0
cryptoutil/internal/apps/template/service/config/config_test_util.go:83.2,84.9 2 1
cryptoutil/internal/apps/template/service/config/config_test_util.go:84.9,85.60 1 0
cryptoutil/internal/apps/template/service/config/config_test_util.go:88.2,89.9 2 1
cryptoutil/internal/apps/template/service/config/config_test_util.go:89.9,90.60 1 0
cryptoutil/internal/apps/template/service/config/config_test_util.go:93.2,94.9 2 1
cryptoutil/internal/apps/template/service/config/config_test_util.go:94.9,95.53 1 0
cryptoutil/internal/apps/template/service/config/config_test_util.go:98.2,99.9 2 1
cryptoutil/internal/apps/template/service/config/config_test_util.go:99.9,100.53 1 0
cryptoutil/internal/apps/template/service/config/config_test_util.go:103.2,104.9 2 1
cryptoutil/internal/apps/template/service/config/config_test_util.go:104.9,105.53 1 0
cryptoutil/internal/apps/template/service/config/config_test_util.go:108.2,109.9 2 1
cryptoutil/internal/apps/template/service/config/config_test_util.go:109.9,110.43 1 0
cryptoutil/internal/apps/template/service/config/config_test_util.go:113.2,114.9 2 1
cryptoutil/internal/apps/template/service/config/config_test_util.go:114.9,115.46 1 0
cryptoutil/internal/apps/template/service/config/config_test_util.go:118.2,119.9 2 1
cryptoutil/internal/apps/template/service/config/config_test_util.go:119.9,120.50 1 0
cryptoutil/internal/apps/template/service/config/config_test_util.go:123.2,124.9 2 1
cryptoutil/internal/apps/template/service/config/config_test_util.go:124.9,125.55 1 0
cryptoutil/internal/apps/template/service/config/config_test_util.go:128.2,129.9 2 1
cryptoutil/internal/apps/template/service/config/config_test_util.go:129.9,130.52 1 0
cryptoutil/internal/apps/template/service/config/config_test_util.go:133.2,134.9 2 1
cryptoutil/internal/apps/template/service/config/config_test_util.go:134.9,135.54 1 0
cryptoutil/internal/apps/template/service/config/config_test_util.go:138.2,139.9 2 1
cryptoutil/internal/apps/template/service/config/config_test_util.go:139.9,140.57 1 0
cryptoutil/internal/apps/template/service/config/config_test_util.go:143.2,144.9 2 1
cryptoutil/internal/apps/template/service/config/config_test_util.go:144.9,145.54 1 0
cryptoutil/internal/apps/template/service/config/config_test_util.go:148.2,149.9 2 1
cryptoutil/internal/apps/template/service/config/config_test_util.go:149.9,150.51 1 0
cryptoutil/internal/apps/template/service/config/config_test_util.go:153.2,154.9 2 1
cryptoutil/internal/apps/template/service/config/config_test_util.go:154.9,155.51 1 0
cryptoutil/internal/apps/template/service/config/config_test_util.go:158.2,159.9 2 1
cryptoutil/internal/apps/template/service/config/config_test_util.go:159.9,160.46 1 0
cryptoutil/internal/apps/template/service/config/config_test_util.go:163.2,164.9 2 1
cryptoutil/internal/apps/template/service/config/config_test_util.go:164.9,165.45 1 0
cryptoutil/internal/apps/template/service/config/config_test_util.go:168.2,169.9 2 1
cryptoutil/internal/apps/template/service/config/config_test_util.go:169.9,170.47 1 0
cryptoutil/internal/apps/template/service/config/config_test_util.go:173.2,174.9 2 1
cryptoutil/internal/apps/template/service/config/config_test_util.go:174.9,175.50 1 0
cryptoutil/internal/apps/template/service/config/config_test_util.go:178.2,179.9 2 1
cryptoutil/internal/apps/template/service/config/config_test_util.go:179.9,180.50 1 0
cryptoutil/internal/apps/template/service/config/config_test_util.go:183.2,184.9 2 1
cryptoutil/internal/apps/template/service/config/config_test_util.go:184.9,185.50 1 0
cryptoutil/internal/apps/template/service/config/config_test_util.go:188.2,189.9 2 1
cryptoutil/internal/apps/template/service/config/config_test_util.go:189.9,190.44 1 0
cryptoutil/internal/apps/template/service/config/config_test_util.go:193.2,194.9 2 1
cryptoutil/internal/apps/template/service/config/config_test_util.go:194.9,195.64 1 0
cryptoutil/internal/apps/template/service/config/config_test_util.go:198.2,199.9 2 1
cryptoutil/internal/apps/template/service/config/config_test_util.go:199.9,200.61 1 0
cryptoutil/internal/apps/template/service/config/config_test_util.go:203.2,204.9 2 1
cryptoutil/internal/apps/template/service/config/config_test_util.go:204.9,205.61 1 0
cryptoutil/internal/apps/template/service/config/config_test_util.go:208.2,209.9 2 1
cryptoutil/internal/apps/template/service/config/config_test_util.go:209.9,210.35 1 0
cryptoutil/internal/apps/template/service/config/config_test_util.go:213.2,214.9 2 1
cryptoutil/internal/apps/template/service/config/config_test_util.go:214.9,215.42 1 0
cryptoutil/internal/apps/template/service/config/config_test_util.go:218.2,219.9 2 1
cryptoutil/internal/apps/template/service/config/config_test_util.go:219.9,220.44 1 0
cryptoutil/internal/apps/template/service/config/config_test_util.go:223.2,224.9 2 1
cryptoutil/internal/apps/template/service/config/config_test_util.go:224.9,225.45 1 0
cryptoutil/internal/apps/template/service/config/config_test_util.go:228.2,229.9 2 1
cryptoutil/internal/apps/template/service/config/config_test_util.go:229.9,230.44 1 0
cryptoutil/internal/apps/template/service/config/config_test_util.go:233.2,234.9 2 1
cryptoutil/internal/apps/template/service/config/config_test_util.go:234.9,235.48 1 0
cryptoutil/internal/apps/template/service/config/config_test_util.go:238.2,239.9 2 1
cryptoutil/internal/apps/template/service/config/config_test_util.go:239.9,240.45 1 0
cryptoutil/internal/apps/template/service/config/config_test_util.go:243.2,244.9 2 1
cryptoutil/internal/apps/template/service/config/config_test_util.go:244.9,245.45 1 0
cryptoutil/internal/apps/template/service/config/config_test_util.go:248.2,249.9 2 1
cryptoutil/internal/apps/template/service/config/config_test_util.go:249.9,250.43 1 0
cryptoutil/internal/apps/template/service/config/config_test_util.go:253.2,254.9 2 1
cryptoutil/internal/apps/template/service/config/config_test_util.go:254.9,255.46 1 0
cryptoutil/internal/apps/template/service/config/config_test_util.go:258.2,259.9 2 1
cryptoutil/internal/apps/template/service/config/config_test_util.go:259.9,260.56 1 0
cryptoutil/internal/apps/template/service/config/config_test_util.go:263.2,264.9 2 1
cryptoutil/internal/apps/template/service/config/config_test_util.go:264.9,265.59 1 0
cryptoutil/internal/apps/template/service/config/config_test_util.go:268.2,269.9 2 1
cryptoutil/internal/apps/template/service/config/config_test_util.go:269.9,270.59 1 0
cryptoutil/internal/apps/template/service/config/config_test_util.go:273.2,274.9 2 1
cryptoutil/internal/apps/template/service/config/config_test_util.go:274.9,275.64 1 0
cryptoutil/internal/apps/template/service/config/config_test_util.go:278.2,279.9 2 1
cryptoutil/internal/apps/template/service/config/config_test_util.go:279.9,280.56 1 0
cryptoutil/internal/apps/template/service/config/config_test_util.go:283.2,284.9 2 1
cryptoutil/internal/apps/template/service/config/config_test_util.go:284.9,285.59 1 0
cryptoutil/internal/apps/template/service/config/config_test_util.go:288.2,289.9 2 1
cryptoutil/internal/apps/template/service/config/config_test_util.go:289.9,290.59 1 0
cryptoutil/internal/apps/template/service/config/config_test_util.go:293.2,294.9 2 1
cryptoutil/internal/apps/template/service/config/config_test_util.go:294.9,295.64 1 0
cryptoutil/internal/apps/template/service/config/config_test_util.go:298.2,299.9 2 1
cryptoutil/internal/apps/template/service/config/config_test_util.go:299.9,300.58 1 0
cryptoutil/internal/apps/template/service/config/config_test_util.go:303.2,304.9 2 1
cryptoutil/internal/apps/template/service/config/config_test_util.go:304.9,305.62 1 0
cryptoutil/internal/apps/template/service/config/config_test_util.go:308.2,383.52 9 1
cryptoutil/internal/apps/template/service/config/config_test_util.go:383.52,386.3 1 1
cryptoutil/internal/apps/template/service/config/config_test_util.go:386.8,386.63 1 0
cryptoutil/internal/apps/template/service/config/config_test_util.go:386.63,389.3 1 0
cryptoutil/internal/apps/template/service/config/config_test_util.go:389.8,389.66 1 0
cryptoutil/internal/apps/template/service/config/config_test_util.go:389.66,392.50 2 0
cryptoutil/internal/apps/template/service/config/config_test_util.go:392.50,395.4 1 0
cryptoutil/internal/apps/template/service/config/config_test_util.go:395.9,398.4 1 0
cryptoutil/internal/apps/template/service/config/config_test_util.go:399.8,400.77 1 0
cryptoutil/internal/apps/template/service/config/config_test_util.go:403.2,403.17 1 1
cryptoutil/internal/apps/template/service/config/config_test_util.go:407.75,409.2 1 1
cryptoutil/internal/apps/template/service/server/domain/tenant_join_request.go:26.45,28.2 1 1
cryptoutil/internal/apps/template/service/server/barrier/barrier_repository.go:80.35,82.2 1 1
cryptoutil/internal/apps/template/service/server/barrier/barrier_repository.go:96.43,98.2 1 1
cryptoutil/internal/apps/template/service/server/barrier/barrier_repository.go:112.38,114.2 1 1
cryptoutil/internal/apps/template/service/server/barrier/barrier_service.go:41.21,42.16 1 1
cryptoutil/internal/apps/template/service/server/barrier/barrier_service.go:42.16,44.3 1 1
cryptoutil/internal/apps/template/service/server/barrier/barrier_service.go:46.2,46.29 1 1
cryptoutil/internal/apps/template/service/server/barrier/barrier_service.go:46.29,48.3 1 1
cryptoutil/internal/apps/template/service/server/barrier/barrier_service.go:50.2,50.26 1 1
cryptoutil/internal/apps/template/service/server/barrier/barrier_service.go:50.26,52.3 1 1
cryptoutil/internal/apps/template/service/server/barrier/barrier_service.go:54.2,54.23 1 1
cryptoutil/internal/apps/template/service/server/barrier/barrier_service.go:54.23,56.3 1 1
cryptoutil/internal/apps/template/service/server/barrier/barrier_service.go:58.2,58.30 1 1
cryptoutil/internal/apps/template/service/server/barrier/barrier_service.go:58.30,60.3 1 1
cryptoutil/internal/apps/template/service/server/barrier/barrier_service.go:62.2,63.16 2 1
cryptoutil/internal/apps/template/service/server/barrier/barrier_service.go:63.16,65.3 1 0
cryptoutil/internal/apps/template/service/server/barrier/barrier_service.go:67.2,68.16 2 1
cryptoutil/internal/apps/template/service/server/barrier/barrier_service.go:68.16,72.3 2 0
cryptoutil/internal/apps/template/service/server/barrier/barrier_service.go:74.2,75.16 2 1
cryptoutil/internal/apps/template/service/server/barrier/barrier_service.go:75.16,80.3 3 0
cryptoutil/internal/apps/template/service/server/barrier/barrier_service.go:82.2,91.8 1 1
cryptoutil/internal/apps/template/service/server/barrier/barrier_service.go:95.101,96.14 1 1
cryptoutil/internal/apps/template/service/server/barrier/barrier_service.go:96.14,98.3 1 1
cryptoutil/internal/apps/template/service/server/barrier/barrier_service.go:100.2,102.70 2 1
cryptoutil/internal/apps/template/service/server/barrier/barrier_service.go:102.70,108.3 3 1
cryptoutil/internal/apps/template/service/server/barrier/barrier_service.go:109.2,109.16 1 1
cryptoutil/internal/apps/template/service/server/barrier/barrier_service.go:109.16,111.3 1 1
cryptoutil/internal/apps/template/service/server/barrier/barrier_service.go:113.2,113.28 1 1
cryptoutil/internal/apps/template/service/server/barrier/barrier_service.go:117.122,118.14 1 1
cryptoutil/internal/apps/template/service/server/barrier/barrier_service.go:118.14,120.3 1 1
cryptoutil/internal/apps/template/service/server/barrier/barrier_service.go:122.2,124.70 2 1
cryptoutil/internal/apps/template/service/server/barrier/barrier_service.go:124.70,130.3 3 1
cryptoutil/internal/apps/template/service/server/barrier/barrier_service.go:131.2,131.16 1 1
cryptoutil/internal/apps/template/service/server/barrier/barrier_service.go:131.16,133.3 1 1
cryptoutil/internal/apps/template/service/server/barrier/barrier_service.go:135.2,135.28 1 1
cryptoutil/internal/apps/template/service/server/barrier/barrier_service.go:139.99,141.2 1 1
cryptoutil/internal/apps/template/service/server/barrier/barrier_service.go:144.103,146.2 1 1
cryptoutil/internal/apps/template/service/server/barrier/barrier_service.go:149.30,150.27 1 1
cryptoutil/internal/apps/template/service/server/barrier/barrier_service.go:150.27,152.34 2 1
cryptoutil/internal/apps/template/service/server/barrier/barrier_service.go:152.34,155.4 2 1
cryptoutil/internal/apps/template/service/server/barrier/barrier_service.go:157.3,157.39 1 1
cryptoutil/internal/apps/template/service/server/barrier/barrier_service.go:157.39,160.4 2 1
cryptoutil/internal/apps/template/service/server/barrier/barrier_service.go:162.3,162.31 1 1
cryptoutil/internal/apps/template/service/server/barrier/barrier_service.go:162.31,165.4 2 1
cryptoutil/internal/apps/template/service/server/barrier/barrier_service.go:167.3,169.27 3 1
cryptoutil/internal/apps/template/service/server/barrier/content_keys_service.go:28.249,29.29 1 1
cryptoutil/internal/apps/template/service/server/barrier/content_keys_service.go:29.29,31.3 1 1
cryptoutil/internal/apps/template/service/server/barrier/content_keys_service.go:31.8,31.33 1 1
cryptoutil/internal/apps/template/service/server/barrier/content_keys_service.go:31.33,33.3 1 1
cryptoutil/internal/apps/template/service/server/barrier/content_keys_service.go:33.8,33.30 1 1
cryptoutil/internal/apps/template/service/server/barrier/content_keys_service.go:33.30,35.3 1 1
cryptoutil/internal/apps/template/service/server/barrier/content_keys_service.go:35.8,35.43 1 1
cryptoutil/internal/apps/template/service/server/barrier/content_keys_service.go:35.43,37.3 1 1
cryptoutil/internal/apps/template/service/server/barrier/content_keys_service.go:39.2,39.173 1 1
cryptoutil/internal/apps/template/service/server/barrier/content_keys_service.go:43.133,45.16 2 1
cryptoutil/internal/apps/template/service/server/barrier/content_keys_service.go:45.16,47.3 1 0
cryptoutil/internal/apps/template/service/server/barrier/content_keys_service.go:49.2,50.16 2 1
cryptoutil/internal/apps/template/service/server/barrier/content_keys_service.go:50.16,52.3 1 1
cryptoutil/internal/apps/template/service/server/barrier/content_keys_service.go:54.2,55.16 2 1
cryptoutil/internal/apps/template/service/server/barrier/content_keys_service.go:55.16,57.3 1 0
cryptoutil/internal/apps/template/service/server/barrier/content_keys_service.go:59.2,60.16 2 1
cryptoutil/internal/apps/template/service/server/barrier/content_keys_service.go:60.16,62.3 1 0
cryptoutil/internal/apps/template/service/server/barrier/content_keys_service.go:64.2,64.64 1 1
cryptoutil/internal/apps/template/service/server/barrier/content_keys_service.go:68.129,70.16 2 1
cryptoutil/internal/apps/template/service/server/barrier/content_keys_service.go:70.16,72.3 1 1
cryptoutil/internal/apps/template/service/server/barrier/content_keys_service.go:74.2,77.16 3 1
cryptoutil/internal/apps/template/service/server/barrier/content_keys_service.go:77.16,79.3 1 0
cryptoutil/internal/apps/template/service/server/barrier/content_keys_service.go:81.2,82.16 2 1
cryptoutil/internal/apps/template/service/server/barrier/content_keys_service.go:82.16,84.3 1 0
cryptoutil/internal/apps/template/service/server/barrier/content_keys_service.go:86.2,87.16 2 1
cryptoutil/internal/apps/template/service/server/barrier/content_keys_service.go:87.16,89.3 1 0
cryptoutil/internal/apps/template/service/server/barrier/content_keys_service.go:91.2,92.16 2 1
cryptoutil/internal/apps/template/service/server/barrier/content_keys_service.go:92.16,94.3 1 0
cryptoutil/internal/apps/template/service/server/barrier/content_keys_service.go:96.2,97.16 2 1
cryptoutil/internal/apps/template/service/server/barrier/content_keys_service.go:97.16,99.3 1 0
cryptoutil/internal/apps/template/service/server/barrier/content_keys_service.go:101.2,101.28 1 1
cryptoutil/internal/apps/template/service/server/barrier/content_keys_service.go:105.41,109.2 3 1
cryptoutil/internal/apps/template/service/server/barrier/gorm_barrier_repository.go:31.62,32.15 1 1
cryptoutil/internal/apps/template/service/server/barrier/gorm_barrier_repository.go:32.15,34.3 1 1
cryptoutil/internal/apps/template/service/server/barrier/gorm_barrier_repository.go:36.2,36.37 1 1
cryptoutil/internal/apps/template/service/server/barrier/gorm_barrier_repository.go:40.106,41.71 1 1
cryptoutil/internal/apps/template/service/server/barrier/gorm_barrier_repository.go:41.71,45.3 2 1
cryptoutil/internal/apps/template/service/server/barrier/gorm_barrier_repository.go:46.2,46.16 1 1
cryptoutil/internal/apps/template/service/server/barrier/gorm_barrier_repository.go:46.16,48.3 1 1
cryptoutil/internal/apps/template/service/server/barrier/gorm_barrier_repository.go:50.2,50.12 1 1
cryptoutil/internal/apps/template/service/server/barrier/gorm_barrier_repository.go:54.37,57.2 1 1
cryptoutil/internal/apps/template/service/server/barrier/gorm_barrier_repository.go:65.54,67.2 1 1
cryptoutil/internal/apps/template/service/server/barrier/gorm_barrier_repository.go:70.65,74.44 3 1
cryptoutil/internal/apps/template/service/server/barrier/gorm_barrier_repository.go:74.44,76.3 1 1
cryptoutil/internal/apps/template/service/server/barrier/gorm_barrier_repository.go:78.2,78.16 1 1
cryptoutil/internal/apps/template/service/server/barrier/gorm_barrier_repository.go:78.16,80.3 1 0
cryptoutil/internal/apps/template/service/server/barrier/gorm_barrier_repository.go:82.2,82.18 1 1
cryptoutil/internal/apps/template/service/server/barrier/gorm_barrier_repository.go:86.80,87.17 1 1
cryptoutil/internal/apps/template/service/server/barrier/gorm_barrier_repository.go:87.17,89.3 1 1
cryptoutil/internal/apps/template/service/server/barrier/gorm_barrier_repository.go:91.2,94.16 3 1
cryptoutil/internal/apps/template/service/server/barrier/gorm_barrier_repository.go:94.16,96.3 1 0
cryptoutil/internal/apps/template/service/server/barrier/gorm_barrier_repository.go:98.2,98.18 1 1
cryptoutil/internal/apps/template/service/server/barrier/gorm_barrier_repository.go:102.59,103.16 1 1
cryptoutil/internal/apps/template/service/server/barrier/gorm_barrier_repository.go:103.16,105.3 1 1
cryptoutil/internal/apps/template/service/server/barrier/gorm_barrier_repository.go:107.2,107.52 1 1
cryptoutil/internal/apps/template/service/server/barrier/gorm_barrier_repository.go:107.52,109.3 1 0
cryptoutil/internal/apps/template/service/server/barrier/gorm_barrier_repository.go:111.2,111.12 1 1
cryptoutil/internal/apps/template/service/server/barrier/gorm_barrier_repository.go:115.81,119.44 3 1
cryptoutil/internal/apps/template/service/server/barrier/gorm_barrier_repository.go:119.44,121.3 1 1
cryptoutil/internal/apps/template/service/server/barrier/gorm_barrier_repository.go:123.2,123.16 1 1
cryptoutil/internal/apps/template/service/server/barrier/gorm_barrier_repository.go:123.16,125.3 1 0
cryptoutil/internal/apps/template/service/server/barrier/gorm_barrier_repository.go:127.2,127.18 1 1
cryptoutil/internal/apps/template/service/server/barrier/gorm_barrier_repository.go:131.96,132.17 1 1
cryptoutil/internal/apps/template/service/server/barrier/gorm_barrier_repository.go:132.17,134.3 1 1
cryptoutil/internal/apps/template/service/server/barrier/gorm_barrier_repository.go:136.2,139.16 3 1
cryptoutil/internal/apps/template/service/server/barrier/gorm_barrier_repository.go:139.16,141.3 1 0
cryptoutil/internal/apps/template/service/server/barrier/gorm_barrier_repository.go:143.2,143.18 1 1
cryptoutil/internal/apps/template/service/server/barrier/gorm_barrier_repository.go:147.75,148.16 1 1
cryptoutil/internal/apps/template/service/server/barrier/gorm_barrier_repository.go:148.16,150.3 1 1
cryptoutil/internal/apps/template/service/server/barrier/gorm_barrier_repository.go:152.2,152.52 1 1
cryptoutil/internal/apps/template/service/server/barrier/gorm_barrier_repository.go:152.52,154.3 1 0
cryptoutil/internal/apps/template/service/server/barrier/gorm_barrier_repository.go:156.2,156.12 1 1
cryptoutil/internal/apps/template/service/server/barrier/gorm_barrier_repository.go:160.86,161.17 1 1
cryptoutil/internal/apps/template/service/server/barrier/gorm_barrier_repository.go:161.17,163.3 1 1
cryptoutil/internal/apps/template/service/server/barrier/gorm_barrier_repository.go:165.2,168.16 3 1
cryptoutil/internal/apps/template/service/server/barrier/gorm_barrier_repository.go:168.16,170.3 1 0
cryptoutil/internal/apps/template/service/server/barrier/gorm_barrier_repository.go:172.2,172.18 1 1
cryptoutil/internal/apps/template/service/server/barrier/gorm_barrier_repository.go:176.65,177.16 1 1
cryptoutil/internal/apps/template/service/server/barrier/gorm_barrier_repository.go:177.16,179.3 1 1
cryptoutil/internal/apps/template/service/server/barrier/gorm_barrier_repository.go:181.2,181.52 1 1
cryptoutil/internal/apps/template/service/server/barrier/gorm_barrier_repository.go:181.52,183.3 1 0
cryptoutil/internal/apps/template/service/server/barrier/gorm_barrier_repository.go:185.2,185.12 1 1
cryptoutil/internal/apps/template/service/server/barrier/intermediate_keys_service.go:31.243,32.29 1 1
cryptoutil/internal/apps/template/service/server/barrier/intermediate_keys_service.go:32.29,34.3 1 1
cryptoutil/internal/apps/template/service/server/barrier/intermediate_keys_service.go:34.8,34.33 1 1
cryptoutil/internal/apps/template/service/server/barrier/intermediate_keys_service.go:34.33,36.3 1 1
cryptoutil/internal/apps/template/service/server/barrier/intermediate_keys_service.go:36.8,36.30 1 1
cryptoutil/internal/apps/template/service/server/barrier/intermediate_keys_service.go:36.30,38.3 1 1
cryptoutil/internal/apps/template/service/server/barrier/intermediate_keys_service.go:38.8,38.35 1 1
cryptoutil/internal/apps/template/service/server/barrier/intermediate_keys_service.go:38.35,40.3 1 1
cryptoutil/internal/apps/template/service/server/barrier/intermediate_keys_service.go:42.2,43.16 2 1
cryptoutil/internal/apps/template/service/server/barrier/intermediate_keys_service.go:43.16,45.3 1 0
cryptoutil/internal/apps/template/service/server/barrier/intermediate_keys_service.go:47.2,47.162 1 1
cryptoutil/internal/apps/template/service/server/barrier/intermediate_keys_service.go:50.157,55.96 3 1
cryptoutil/internal/apps/template/service/server/barrier/intermediate_keys_service.go:55.96,58.63 2 1
cryptoutil/internal/apps/template/service/server/barrier/intermediate_keys_service.go:58.63,60.4 1 0
cryptoutil/internal/apps/template/service/server/barrier/intermediate_keys_service.go:62.3,62.13 1 1
cryptoutil/internal/apps/template/service/server/barrier/intermediate_keys_service.go:66.2,69.43 3 1
cryptoutil/internal/apps/template/service/server/barrier/intermediate_keys_service.go:69.43,71.3 1 0
cryptoutil/internal/apps/template/service/server/barrier/intermediate_keys_service.go:73.2,73.43 1 1
cryptoutil/internal/apps/template/service/server/barrier/intermediate_keys_service.go:73.43,77.17 3 1
cryptoutil/internal/apps/template/service/server/barrier/intermediate_keys_service.go:77.17,81.4 2 0
cryptoutil/internal/apps/template/service/server/barrier/intermediate_keys_service.go:83.3,89.97 4 1
cryptoutil/internal/apps/template/service/server/barrier/intermediate_keys_service.go:89.97,91.18 2 1
cryptoutil/internal/apps/template/service/server/barrier/intermediate_keys_service.go:91.18,95.5 2 0
cryptoutil/internal/apps/template/service/server/barrier/intermediate_keys_service.go:97.4,102.18 4 1
cryptoutil/internal/apps/template/service/server/barrier/intermediate_keys_service.go:102.18,106.5 2 0
cryptoutil/internal/apps/template/service/server/barrier/intermediate_keys_service.go:108.4,110.14 2 1
cryptoutil/internal/apps/template/service/server/barrier/intermediate_keys_service.go:112.3,112.17 1 1
cryptoutil/internal/apps/template/service/server/barrier/intermediate_keys_service.go:112.17,116.4 2 0
cryptoutil/internal/apps/template/service/server/barrier/intermediate_keys_service.go:118.3,118.98 1 1
cryptoutil/internal/apps/template/service/server/barrier/intermediate_keys_service.go:121.2,121.12 1 1
cryptoutil/internal/apps/template/service/server/barrier/intermediate_keys_service.go:125.137,127.16 2 1
cryptoutil/internal/apps/template/service/server/barrier/intermediate_keys_service.go:127.16,129.3 1 0
cryptoutil/internal/apps/template/service/server/barrier/intermediate_keys_service.go:131.2,134.16 3 1
cryptoutil/internal/apps/template/service/server/barrier/intermediate_keys_service.go:134.16,136.3 1 0
cryptoutil/internal/apps/template/service/server/barrier/intermediate_keys_service.go:138.2,139.16 2 1
cryptoutil/internal/apps/template/service/server/barrier/intermediate_keys_service.go:139.16,141.3 1 0
cryptoutil/internal/apps/template/service/server/barrier/intermediate_keys_service.go:143.2,143.69 1 1
cryptoutil/internal/apps/template/service/server/barrier/intermediate_keys_service.go:147.128,149.16 2 1
cryptoutil/internal/apps/template/service/server/barrier/intermediate_keys_service.go:149.16,151.3 1 0
cryptoutil/internal/apps/template/service/server/barrier/intermediate_keys_service.go:153.2,156.16 3 1
cryptoutil/internal/apps/template/service/server/barrier/intermediate_keys_service.go:156.16,158.3 1 0
cryptoutil/internal/apps/template/service/server/barrier/intermediate_keys_service.go:160.2,161.16 2 1
cryptoutil/internal/apps/template/service/server/barrier/intermediate_keys_service.go:161.16,163.3 1 0
cryptoutil/internal/apps/template/service/server/barrier/intermediate_keys_service.go:166.2,167.16 2 1
cryptoutil/internal/apps/template/service/server/barrier/intermediate_keys_service.go:167.16,169.3 1 0
cryptoutil/internal/apps/template/service/server/barrier/intermediate_keys_service.go:171.2,172.16 2 1
cryptoutil/internal/apps/template/service/server/barrier/intermediate_keys_service.go:172.16,174.3 1 0
cryptoutil/internal/apps/template/service/server/barrier/intermediate_keys_service.go:176.2,177.16 2 1
cryptoutil/internal/apps/template/service/server/barrier/intermediate_keys_service.go:177.16,179.3 1 0
cryptoutil/internal/apps/template/service/server/barrier/intermediate_keys_service.go:181.2,181.33 1 1
cryptoutil/internal/apps/template/service/server/barrier/intermediate_keys_service.go:185.46,190.2 4 1
cryptoutil/internal/apps/template/service/server/barrier/root_keys_service.go:32.258,33.29 1 1
cryptoutil/internal/apps/template/service/server/barrier/root_keys_service.go:33.29,35.3 1 1
cryptoutil/internal/apps/template/service/server/barrier/root_keys_service.go:35.8,35.33 1 1
cryptoutil/internal/apps/template/service/server/barrier/root_keys_service.go:35.33,37.3 1 1
cryptoutil/internal/apps/template/service/server/barrier/root_keys_service.go:37.8,37.30 1 1
cryptoutil/internal/apps/template/service/server/barrier/root_keys_service.go:37.30,39.3 1 1
cryptoutil/internal/apps/template/service/server/barrier/root_keys_service.go:39.8,39.37 1 1
cryptoutil/internal/apps/template/service/server/barrier/root_keys_service.go:39.37,41.3 1 1
cryptoutil/internal/apps/template/service/server/barrier/root_keys_service.go:43.2,44.16 2 1
cryptoutil/internal/apps/template/service/server/barrier/root_keys_service.go:44.16,46.3 1 0
cryptoutil/internal/apps/template/service/server/barrier/root_keys_service.go:48.2,48.158 1 1
cryptoutil/internal/apps/template/service/server/barrier/root_keys_service.go:51.180,56.84 3 1
cryptoutil/internal/apps/template/service/server/barrier/root_keys_service.go:56.84,59.55 2 1
cryptoutil/internal/apps/template/service/server/barrier/root_keys_service.go:59.55,61.4 1 0
cryptoutil/internal/apps/template/service/server/barrier/root_keys_service.go:63.3,63.13 1 1
cryptoutil/internal/apps/template/service/server/barrier/root_keys_service.go:67.2,70.35 3 1
cryptoutil/internal/apps/template/service/server/barrier/root_keys_service.go:70.35,72.3 1 0
cryptoutil/internal/apps/template/service/server/barrier/root_keys_service.go:74.2,74.35 1 1
cryptoutil/internal/apps/template/service/server/barrier/root_keys_service.go:74.35,78.17 3 1
cryptoutil/internal/apps/template/service/server/barrier/root_keys_service.go:78.17,82.4 2 0
cryptoutil/internal/apps/template/service/server/barrier/root_keys_service.go:84.3,87.17 3 1
cryptoutil/internal/apps/template/service/server/barrier/root_keys_service.go:87.17,91.4 2 0
cryptoutil/internal/apps/template/service/server/barrier/root_keys_service.go:93.3,97.85 3 1
cryptoutil/internal/apps/template/service/server/barrier/root_keys_service.go:97.85,99.4 1 1
cryptoutil/internal/apps/template/service/server/barrier/root_keys_service.go:100.3,100.17 1 1
cryptoutil/internal/apps/template/service/server/barrier/root_keys_service.go:100.17,104.4 2 0
cryptoutil/internal/apps/template/service/server/barrier/root_keys_service.go:106.3,106.82 1 1
cryptoutil/internal/apps/template/service/server/barrier/root_keys_service.go:109.2,109.12 1 1
cryptoutil/internal/apps/template/service/server/barrier/root_keys_service.go:113.122,115.16 2 1
cryptoutil/internal/apps/template/service/server/barrier/root_keys_service.go:115.16,117.3 1 0
cryptoutil/internal/apps/template/service/server/barrier/root_keys_service.go:119.2,122.16 3 1
cryptoutil/internal/apps/template/service/server/barrier/root_keys_service.go:122.16,124.3 1 0
cryptoutil/internal/apps/template/service/server/barrier/root_keys_service.go:126.2,127.16 2 1
cryptoutil/internal/apps/template/service/server/barrier/root_keys_service.go:127.16,129.3 1 0
cryptoutil/internal/apps/template/service/server/barrier/root_keys_service.go:131.2,131.66 1 1
cryptoutil/internal/apps/template/service/server/barrier/root_keys_service.go:135.125,137.16 2 1
cryptoutil/internal/apps/template/service/server/barrier/root_keys_service.go:137.16,139.3 1 0
cryptoutil/internal/apps/template/service/server/barrier/root_keys_service.go:141.2,144.16 3 1
cryptoutil/internal/apps/template/service/server/barrier/root_keys_service.go:144.16,146.3 1 0
cryptoutil/internal/apps/template/service/server/barrier/root_keys_service.go:148.2,149.16 2 1
cryptoutil/internal/apps/template/service/server/barrier/root_keys_service.go:149.16,151.3 1 0
cryptoutil/internal/apps/template/service/server/barrier/root_keys_service.go:153.2,154.16 2 1
cryptoutil/internal/apps/template/service/server/barrier/root_keys_service.go:154.16,156.3 1 0
cryptoutil/internal/apps/template/service/server/barrier/root_keys_service.go:158.2,159.16 2 1
cryptoutil/internal/apps/template/service/server/barrier/root_keys_service.go:159.16,161.3 1 0
cryptoutil/internal/apps/template/service/server/barrier/root_keys_service.go:163.2,164.16 2 1
cryptoutil/internal/apps/template/service/server/barrier/root_keys_service.go:164.16,166.3 1 0
cryptoutil/internal/apps/template/service/server/barrier/root_keys_service.go:168.2,168.38 1 1
cryptoutil/internal/apps/template/service/server/barrier/root_keys_service.go:172.38,177.2 4 1
cryptoutil/internal/apps/template/service/server/barrier/rotation_handlers.go:50.74,51.34 1 1
cryptoutil/internal/apps/template/service/server/barrier/rotation_handlers.go:51.34,53.44 2 1
cryptoutil/internal/apps/template/service/server/barrier/rotation_handlers.go:53.44,58.4 1 0
cryptoutil/internal/apps/template/service/server/barrier/rotation_handlers.go:61.3,61.48 1 1
cryptoutil/internal/apps/template/service/server/barrier/rotation_handlers.go:61.48,66.4 1 1
cryptoutil/internal/apps/template/service/server/barrier/rotation_handlers.go:68.3,68.48 1 1
cryptoutil/internal/apps/template/service/server/barrier/rotation_handlers.go:68.48,73.4 1 0
cryptoutil/internal/apps/template/service/server/barrier/rotation_handlers.go:75.3,76.17 2 1
cryptoutil/internal/apps/template/service/server/barrier/rotation_handlers.go:76.17,81.4 1 0
cryptoutil/internal/apps/template/service/server/barrier/rotation_handlers.go:83.3,88.5 1 1
cryptoutil/internal/apps/template/service/server/barrier/rotation_handlers.go:93.82,94.34 1 1
cryptoutil/internal/apps/template/service/server/barrier/rotation_handlers.go:94.34,96.44 2 1
cryptoutil/internal/apps/template/service/server/barrier/rotation_handlers.go:96.44,101.4 1 0
cryptoutil/internal/apps/template/service/server/barrier/rotation_handlers.go:104.3,104.48 1 1
cryptoutil/internal/apps/template/service/server/barrier/rotation_handlers.go:104.48,109.4 1 1
cryptoutil/internal/apps/template/service/server/barrier/rotation_handlers.go:111.3,111.48 1 1
cryptoutil/internal/apps/template/service/server/barrier/rotation_handlers.go:111.48,116.4 1 0
cryptoutil/internal/apps/template/service/server/barrier/rotation_handlers.go:118.3,119.17 2 1
cryptoutil/internal/apps/template/service/server/barrier/rotation_handlers.go:119.17,124.4 1 0
cryptoutil/internal/apps/template/service/server/barrier/rotation_handlers.go:126.3,131.5 1 1
cryptoutil/internal/apps/template/service/server/barrier/rotation_handlers.go:136.77,137.34 1 1
cryptoutil/internal/apps/template/service/server/barrier/rotation_handlers.go:137.34,139.44 2 1
cryptoutil/internal/apps/template/service/server/barrier/rotation_handlers.go:139.44,144.4 1 0
cryptoutil/internal/apps/template/service/server/barrier/rotation_handlers.go:147.3,147.48 1 1
cryptoutil/internal/apps/template/service/server/barrier/rotation_handlers.go:147.48,152.4 1 1
cryptoutil/internal/apps/template/service/server/barrier/rotation_handlers.go:154.3,154.48 1 1
cryptoutil/internal/apps/template/service/server/barrier/rotation_handlers.go:154.48,159.4 1 0
cryptoutil/internal/apps/template/service/server/barrier/rotation_handlers.go:161.3,162.17 2 1
cryptoutil/internal/apps/template/service/server/barrier/rotation_handlers.go:162.17,167.4 1 0
cryptoutil/internal/apps/template/service/server/barrier/rotation_handlers.go:169.3,173.5 1 1
cryptoutil/internal/apps/template/service/server/barrier/rotation_handlers.go:182.87,183.24 1 1
cryptoutil/internal/apps/template/service/server/barrier/rotation_handlers.go:183.24,184.39 1 0
cryptoutil/internal/apps/template/service/server/barrier/rotation_handlers.go:187.2,187.28 1 1
cryptoutil/internal/apps/template/service/server/barrier/rotation_handlers.go:187.28,188.43 1 0
cryptoutil/internal/apps/template/service/server/barrier/rotation_handlers.go:191.2,195.67 4 1
cryptoutil/internal/apps/template/service/server/barrier/rotation_service.go:34.29,35.26 1 1
cryptoutil/internal/apps/template/service/server/barrier/rotation_service.go:35.26,37.3 1 1
cryptoutil/internal/apps/template/service/server/barrier/rotation_service.go:39.2,39.23 1 1
cryptoutil/internal/apps/template/service/server/barrier/rotation_service.go:39.23,41.3 1 1
cryptoutil/internal/apps/template/service/server/barrier/rotation_service.go:43.2,43.30 1 1
cryptoutil/internal/apps/template/service/server/barrier/rotation_service.go:43.30,45.3 1 1
cryptoutil/internal/apps/template/service/server/barrier/rotation_service.go:47.2,51.8 1 1
cryptoutil/internal/apps/template/service/server/barrier/rotation_service.go:64.107,67.70 2 1
cryptoutil/internal/apps/template/service/server/barrier/rotation_service.go:67.70,70.17 2 1
cryptoutil/internal/apps/template/service/server/barrier/rotation_service.go:70.17,72.4 1 0
cryptoutil/internal/apps/template/service/server/barrier/rotation_service.go:74.3,74.24 1 1
cryptoutil/internal/apps/template/service/server/barrier/rotation_service.go:74.24,76.4 1 0
cryptoutil/internal/apps/template/service/server/barrier/rotation_service.go:79.3,83.17 2 1
cryptoutil/internal/apps/template/service/server/barrier/rotation_service.go:83.17,85.4 1 0
cryptoutil/internal/apps/template/service/server/barrier/rotation_service.go:88.3,89.17 2 1
cryptoutil/internal/apps/template/service/server/barrier/rotation_service.go:89.17,91.4 1 0
cryptoutil/internal/apps/template/service/server/barrier/rotation_service.go:94.3,100.51 2 1
cryptoutil/internal/apps/template/service/server/barrier/rotation_service.go:100.51,102.4 1 0
cryptoutil/internal/apps/template/service/server/barrier/rotation_service.go:105.3,111.13 2 1
cryptoutil/internal/apps/template/service/server/barrier/rotation_service.go:113.2,113.16 1 1
cryptoutil/internal/apps/template/service/server/barrier/rotation_service.go:113.16,115.3 1 0
cryptoutil/internal/apps/template/service/server/barrier/rotation_service.go:117.2,117.20 1 1
cryptoutil/internal/apps/template/service/server/barrier/rotation_service.go:130.123,133.70 2 1
cryptoutil/internal/apps/template/service/server/barrier/rotation_service.go:133.70,136.17 2 1
cryptoutil/internal/apps/template/service/server/barrier/rotation_service.go:136.17,138.4 1 0
cryptoutil/internal/apps/template/service/server/barrier/rotation_service.go:140.3,140.32 1 1
cryptoutil/internal/apps/template/service/server/barrier/rotation_service.go:140.32,142.4 1 0
cryptoutil/internal/apps/template/service/server/barrier/rotation_service.go:145.3,146.17 2 1
cryptoutil/internal/apps/template/service/server/barrier/rotation_service.go:146.17,148.4 1 0
cryptoutil/internal/apps/template/service/server/barrier/rotation_service.go:150.3,150.28 1 1
cryptoutil/internal/apps/template/service/server/barrier/rotation_service.go:150.28,152.4 1 0
cryptoutil/internal/apps/template/service/server/barrier/rotation_service.go:155.3,156.17 2 1
cryptoutil/internal/apps/template/service/server/barrier/rotation_service.go:156.17,158.4 1 0
cryptoutil/internal/apps/template/service/server/barrier/rotation_service.go:161.3,165.17 2 1
cryptoutil/internal/apps/template/service/server/barrier/rotation_service.go:165.17,167.4 1 0
cryptoutil/internal/apps/template/service/server/barrier/rotation_service.go:170.3,171.17 2 1
cryptoutil/internal/apps/template/service/server/barrier/rotation_service.go:171.17,173.4 1 0
cryptoutil/internal/apps/template/service/server/barrier/rotation_service.go:176.3,182.67 2 1
cryptoutil/internal/apps/template/service/server/barrier/rotation_service.go:182.67,184.4 1 0
cryptoutil/internal/apps/template/service/server/barrier/rotation_service.go:187.3,193.13 2 1
cryptoutil/internal/apps/template/service/server/barrier/rotation_service.go:195.2,195.16 1 1
cryptoutil/internal/apps/template/service/server/barrier/rotation_service.go:195.16,197.3 1 0
cryptoutil/internal/apps/template/service/server/barrier/rotation_service.go:199.2,199.20 1 1
cryptoutil/internal/apps/template/service/server/barrier/rotation_service.go:212.113,215.70 2 1
cryptoutil/internal/apps/template/service/server/barrier/rotation_service.go:215.70,218.17 2 1
cryptoutil/internal/apps/template/service/server/barrier/rotation_service.go:218.17,220.4 1 0
cryptoutil/internal/apps/template/service/server/barrier/rotation_service.go:222.3,222.36 1 1
cryptoutil/internal/apps/template/service/server/barrier/rotation_service.go:222.36,224.4 1 0
cryptoutil/internal/apps/template/service/server/barrier/rotation_service.go:227.3,228.17 2 1
cryptoutil/internal/apps/template/service/server/barrier/rotation_service.go:228.17,230.4 1 0
cryptoutil/internal/apps/template/service/server/barrier/rotation_service.go:233.3,236.17 3 1
cryptoutil/internal/apps/template/service/server/barrier/rotation_service.go:236.17,238.4 1 0
cryptoutil/internal/apps/template/service/server/barrier/rotation_service.go:240.3,241.17 2 1
cryptoutil/internal/apps/template/service/server/barrier/rotation_service.go:241.17,243.4 1 0
cryptoutil/internal/apps/template/service/server/barrier/rotation_service.go:246.3,247.17 2 1
cryptoutil/internal/apps/template/service/server/barrier/rotation_service.go:247.17,249.4 1 0
cryptoutil/internal/apps/template/service/server/barrier/rotation_service.go:251.3,252.17 2 1
cryptoutil/internal/apps/template/service/server/barrier/rotation_service.go:252.17,254.4 1 0
cryptoutil/internal/apps/template/service/server/barrier/rotation_service.go:257.3,258.17 2 1
cryptoutil/internal/apps/template/service/server/barrier/rotation_service.go:258.17,260.4 1 0
cryptoutil/internal/apps/template/service/server/barrier/rotation_service.go:263.3,267.17 2 1
cryptoutil/internal/apps/template/service/server/barrier/rotation_service.go:267.17,269.4 1 0
cryptoutil/internal/apps/template/service/server/barrier/rotation_service.go:272.3,273.17 2 1
cryptoutil/internal/apps/template/service/server/barrier/rotation_service.go:273.17,275.4 1 0
cryptoutil/internal/apps/template/service/server/barrier/rotation_service.go:278.3,284.57 2 1
cryptoutil/internal/apps/template/service/server/barrier/rotation_service.go:284.57,286.4 1 0
cryptoutil/internal/apps/template/service/server/barrier/rotation_service.go:289.3,294.13 2 1
cryptoutil/internal/apps/template/service/server/barrier/rotation_service.go:296.2,296.16 1 1
cryptoutil/internal/apps/template/service/server/barrier/rotation_service.go:296.16,298.3 1 0
cryptoutil/internal/apps/template/service/server/barrier/rotation_service.go:300.2,300.20 1 1
cryptoutil/internal/apps/template/service/server/barrier/status_handlers.go:33.64,34.17 1 1
cryptoutil/internal/apps/template/service/server/barrier/status_handlers.go:34.17,36.3 1 1
cryptoutil/internal/apps/template/service/server/barrier/status_handlers.go:38.2,38.40 1 1
cryptoutil/internal/apps/template/service/server/barrier/status_handlers.go:44.96,47.64 2 1
cryptoutil/internal/apps/template/service/server/barrier/status_handlers.go:47.64,50.17 2 1
cryptoutil/internal/apps/template/service/server/barrier/status_handlers.go:50.17,52.4 1 0
cryptoutil/internal/apps/template/service/server/barrier/status_handlers.go:54.3,54.21 1 1
cryptoutil/internal/apps/template/service/server/barrier/status_handlers.go:54.21,60.4 1 1
cryptoutil/internal/apps/template/service/server/barrier/status_handlers.go:63.3,64.17 2 1
cryptoutil/internal/apps/template/service/server/barrier/status_handlers.go:64.17,66.4 1 0
cryptoutil/internal/apps/template/service/server/barrier/status_handlers.go:68.3,68.29 1 1
cryptoutil/internal/apps/template/service/server/barrier/status_handlers.go:68.29,74.4 1 1
cryptoutil/internal/apps/template/service/server/barrier/status_handlers.go:76.3,76.13 1 1
cryptoutil/internal/apps/template/service/server/barrier/status_handlers.go:78.2,78.16 1 1
cryptoutil/internal/apps/template/service/server/barrier/status_handlers.go:78.16,80.3 1 0
cryptoutil/internal/apps/template/service/server/barrier/status_handlers.go:82.2,82.23 1 1
cryptoutil/internal/apps/template/service/server/barrier/status_handlers.go:87.77,88.34 1 1
cryptoutil/internal/apps/template/service/server/barrier/status_handlers.go:88.34,93.17 3 1
cryptoutil/internal/apps/template/service/server/barrier/status_handlers.go:93.17,97.4 1 0
cryptoutil/internal/apps/template/service/server/barrier/status_handlers.go:99.3,99.47 1 1
cryptoutil/internal/apps/template/service/server/barrier/status_handlers.go:109.73,111.2 1 1
cryptoutil/internal/apps/template/service/server/application.go:82.25,83.16 1 1
cryptoutil/internal/apps/template/service/server/application.go:83.16,85.3 1 1
cryptoutil/internal/apps/template/service/server/application.go:85.8,85.32 1 1
cryptoutil/internal/apps/template/service/server/application.go:85.32,87.3 1 1
cryptoutil/internal/apps/template/service/server/application.go:87.8,87.31 1 1
cryptoutil/internal/apps/template/service/server/application.go:87.31,89.3 1 1
cryptoutil/internal/apps/template/service/server/application.go:91.2,95.8 1 1
cryptoutil/internal/apps/template/service/server/application.go:115.56,116.16 1 1
cryptoutil/internal/apps/template/service/server/application.go:116.16,118.3 1 1
cryptoutil/internal/apps/template/service/server/application.go:121.2,123.12 2 1
cryptoutil/internal/apps/template/service/server/application.go:123.12,124.51 1 1
cryptoutil/internal/apps/template/service/server/application.go:124.51,126.4 1 1
cryptoutil/internal/apps/template/service/server/application.go:129.2,129.12 1 1
cryptoutil/internal/apps/template/service/server/application.go:129.12,130.50 1 1
cryptoutil/internal/apps/template/service/server/application.go:130.50,132.4 1 1
cryptoutil/internal/apps/template/service/server/application.go:136.2,136.9 1 1
cryptoutil/internal/apps/template/service/server/application.go:137.24,141.13 2 1
cryptoutil/internal/apps/template/service/server/application.go:142.20,146.68 2 1
cryptoutil/internal/apps/template/service/server/application.go:164.59,165.16 1 1
cryptoutil/internal/apps/template/service/server/application.go:165.16,167.3 1 1
cryptoutil/internal/apps/template/service/server/application.go:169.2,176.27 5 1
cryptoutil/internal/apps/template/service/server/application.go:176.27,177.54 1 1
cryptoutil/internal/apps/template/service/server/application.go:177.54,179.4 1 1
cryptoutil/internal/apps/template/service/server/application.go:183.2,183.26 1 1
cryptoutil/internal/apps/template/service/server/application.go:183.26,184.53 1 1
cryptoutil/internal/apps/template/service/server/application.go:184.53,185.26 1 1
cryptoutil/internal/apps/template/service/server/application.go:185.26,187.5 1 1
cryptoutil/internal/apps/template/service/server/application.go:189.4,189.65 1 1
cryptoutil/internal/apps/template/service/server/application.go:193.2,193.20 1 1
cryptoutil/internal/apps/template/service/server/application.go:203.40,204.27 1 1
cryptoutil/internal/apps/template/service/server/application.go:204.27,206.3 1 0
cryptoutil/internal/apps/template/service/server/application.go:208.2,208.36 1 1
cryptoutil/internal/apps/template/service/server/application.go:218.39,219.26 1 1
cryptoutil/internal/apps/template/service/server/application.go:219.26,221.3 1 0
cryptoutil/internal/apps/template/service/server/application.go:223.2,223.35 1 1
cryptoutil/internal/apps/template/service/server/application.go:233.46,234.27 1 1
cryptoutil/internal/apps/template/service/server/application.go:234.27,236.3 1 0
cryptoutil/internal/apps/template/service/server/application.go:238.2,238.39 1 1
cryptoutil/internal/apps/template/service/server/application.go:248.45,249.26 1 1
cryptoutil/internal/apps/template/service/server/application.go:249.26,251.3 1 0
cryptoutil/internal/apps/template/service/server/application.go:253.2,253.37 1 1
cryptoutil/internal/apps/template/service/server/application.go:262.41,267.2 3 1
cryptoutil/internal/apps/template/service/server/application.go:278.44,279.26 1 1
cryptoutil/internal/apps/template/service/server/application.go:279.26,281.3 1 1
cryptoutil/internal/apps/template/service/server/application.go:287.60,288.56 1 0
cryptoutil/internal/apps/template/service/server/application.go:288.56,290.3 1 0
cryptoutil/internal/apps/template/service/server/application.go:292.2,292.12 1 0
cryptoutil/internal/apps/template/service/server/public_server_base.go:39.78,40.16 1 0
cryptoutil/internal/apps/template/service/server/public_server_base.go:40.16,42.3 1 0
cryptoutil/internal/apps/template/service/server/public_server_base.go:44.2,44.27 1 0
cryptoutil/internal/apps/template/service/server/public_server_base.go:44.27,46.3 1 0
cryptoutil/internal/apps/template/service/server/public_server_base.go:48.2,48.28 1 0
cryptoutil/internal/apps/template/service/server/public_server_base.go:48.28,50.3 1 0
cryptoutil/internal/apps/template/service/server/public_server_base.go:52.2,61.15 3 0
cryptoutil/internal/apps/template/service/server/public_server_base.go:65.54,68.2 2 0
cryptoutil/internal/apps/template/service/server/public_server_base.go:71.68,75.16 3 0
cryptoutil/internal/apps/template/service/server/public_server_base.go:75.16,80.3 1 0
cryptoutil/internal/apps/template/service/server/public_server_base.go:83.2,85.4 1 0
cryptoutil/internal/apps/template/service/server/public_server_base.go:89.68,93.16 3 0
cryptoutil/internal/apps/template/service/server/public_server_base.go:93.16,98.3 1 0
cryptoutil/internal/apps/template/service/server/public_server_base.go:101.2,103.4 1 0
cryptoutil/internal/apps/template/service/server/public_server_base.go:107.61,108.16 1 0
cryptoutil/internal/apps/template/service/server/public_server_base.go:108.16,110.3 1 0
cryptoutil/internal/apps/template/service/server/public_server_base.go:112.2,120.16 7 0
cryptoutil/internal/apps/template/service/server/public_server_base.go:120.16,122.3 1 0
cryptoutil/internal/apps/template/service/server/public_server_base.go:124.2,127.9 3 0
cryptoutil/internal/apps/template/service/server/public_server_base.go:127.9,131.3 2 0
cryptoutil/internal/apps/template/service/server/public_server_base.go:133.2,140.12 5 0
cryptoutil/internal/apps/template/service/server/public_server_base.go:140.12,141.53 1 0
cryptoutil/internal/apps/template/service/server/public_server_base.go:141.53,143.4 1 0
cryptoutil/internal/apps/template/service/server/public_server_base.go:143.9,145.4 1 0
cryptoutil/internal/apps/template/service/server/public_server_base.go:148.2,148.9 1 0
[...]
cryptoutil/internal/apps/template/service/server/testutil/database_test_helpers.go:231.47,238.19 4 0
cryptoutil/internal/apps/template/service/server/testutil/database_test_helpers.go:238.19,240.6 1 0
cryptoutil/internal/apps/template/service/server/testutil/database_test_helpers.go:242.5,245.15 3 0
cryptoutil/internal/apps/template/service/server/testutil/database_test_helpers.go:251.47,254.19 2 0
cryptoutil/internal/apps/template/service/server/testutil/database_test_helpers.go:254.19,256.6 1 0
cryptoutil/internal/apps/template/service/server/testutil/database_test_helpers.go:258.5,261.15 3 0
cryptoutil/internal/apps/template/service/server/testutil/database_test_helpers.go:267.2,267.27 1 0
cryptoutil/internal/apps/template/service/server/testutil/database_test_helpers.go:267.27,268.37 1 0
cryptoutil/internal/apps/template/service/server/testutil/database_test_helpers.go:268.37,276.31 5 0
cryptoutil/internal/apps/template/service/server/testutil/database_test_helpers.go:276.31,278.5 1 0
cryptoutil/internal/apps/template/service/server/testutil/helpers.go:20.25,44.16 4 0
cryptoutil/internal/apps/template/service/server/testutil/helpers.go:44.16,46.3 1 0
cryptoutil/internal/apps/template/service/server/testutil/helpers.go:48.2,49.16 2 0
cryptoutil/internal/apps/template/service/server/testutil/helpers.go:49.16,51.3 1 0
cryptoutil/internal/apps/template/service/server/testutil/helpers.go:53.2,53.12 1 0
cryptoutil/internal/apps/template/service/server/testutil/helpers.go:57.105,59.2 1 0
cryptoutil/internal/apps/template/service/server/testutil/helpers.go:62.88,64.2 1 0
cryptoutil/internal/apps/template/service/server/testutil/helpers.go:67.89,69.2 1 0
cryptoutil/internal/apps/template/service/server/testutil/mocks.go:23.60,28.2 1 0
cryptoutil/internal/apps/template/service/server/testutil/mocks.go:31.61,36.23 4 0
cryptoutil/internal/apps/template/service/server/testutil/mocks.go:36.23,38.3 1 0
cryptoutil/internal/apps/template/service/server/testutil/mocks.go:41.2,41.9 1 0
cryptoutil/internal/apps/template/service/server/testutil/mocks.go:42.22,43.13 1 0
cryptoutil/internal/apps/template/service/server/testutil/mocks.go:44.20,45.56 1 0
cryptoutil/internal/apps/template/service/server/testutil/mocks.go:50.62,56.9 4 0
cryptoutil/internal/apps/template/service/server/testutil/mocks.go:57.22,57.22 0 0
cryptoutil/internal/apps/template/service/server/testutil/mocks.go:59.10,60.22 1 0
cryptoutil/internal/apps/template/service/server/testutil/mocks.go:63.2,63.22 1 0
cryptoutil/internal/apps/template/service/server/testutil/mocks.go:67.45,69.2 1 0
cryptoutil/internal/apps/template/service/server/testutil/mocks.go:72.51,74.2 1 0
cryptoutil/internal/apps/template/service/server/testutil/mocks.go:89.58,94.2 1 0
cryptoutil/internal/apps/template/service/server/testutil/mocks.go:97.60,102.23 4 0
cryptoutil/internal/apps/template/service/server/testutil/mocks.go:102.23,104.3 1 0
cryptoutil/internal/apps/template/service/server/testutil/mocks.go:107.2,107.9 1 0
cryptoutil/internal/apps/template/service/server/testutil/mocks.go:108.22,109.13 1 0
cryptoutil/internal/apps/template/service/server/testutil/mocks.go:110.20,111.56 1 0
cryptoutil/internal/apps/template/service/server/testutil/mocks.go:116.61,122.9 4 0
cryptoutil/internal/apps/template/service/server/testutil/mocks.go:123.22,123.22 0 0
cryptoutil/internal/apps/template/service/server/testutil/mocks.go:125.10,126.22 1 0
cryptoutil/internal/apps/template/service/server/testutil/mocks.go:129.2,129.22 1 0
cryptoutil/internal/apps/template/service/server/testutil/mocks.go:133.44,135.2 1 0
cryptoutil/internal/apps/template/service/server/testutil/mocks.go:138.49,140.2 1 0
cryptoutil/internal/apps/template/service/server/testutil/mocks.go:143.48,148.2 3 0
cryptoutil/internal/apps/template/service/testutil/http_test_helpers.go:17.63,26.2 1 0
cryptoutil/internal/apps/template/service/testutil/http_test_helpers.go:30.41,31.75 1 0
cryptoutil/internal/apps/template/service/testutil/http_test_helpers.go:31.75,34.3 2 0
cryptoutil/internal/apps/template/service/testutil/http_test_helpers.go:36.2,36.39 1 0
cryptoutil/internal/apps/template/service/testutil/http_test_helpers.go:41.44,42.75 1 0
cryptoutil/internal/apps/template/service/testutil/http_test_helpers.go:42.75,45.3 2 0
cryptoutil/internal/apps/template/service/testutil/http_test_helpers.go:47.2,47.39 1 0
cryptoutil/internal/apps/template/service/testutil/http_test_helpers.go:52.62,53.75 1 0
cryptoutil/internal/apps/template/service/testutil/http_test_helpers.go:53.75,57.3 3 0
cryptoutil/internal/apps/template/service/testutil/http_test_helpers.go:59.2,59.39 1 0
cryptoutil/internal/apps/template/service/testutil/http_test_helpers.go:64.45,65.75 1 0
cryptoutil/internal/apps/template/service/testutil/http_test_helpers.go:65.75,66.21 1 0
cryptoutil/internal/apps/template/service/testutil/http_test_helpers.go:67.31,69.53 2 0
cryptoutil/internal/apps/template/service/testutil/http_test_helpers.go:70.30,72.58 2 0
cryptoutil/internal/apps/template/service/testutil/http_test_helpers.go:73.31,75.65 2 0
cryptoutil/internal/apps/template/service/testutil/http_test_helpers.go:76.33,78.57 2 0
cryptoutil/internal/apps/template/service/testutil/http_test_helpers.go:79.11,81.39 2 0
cryptoutil/internal/apps/template/service/testutil/http_test_helpers.go:85.2,85.39 1 0
cryptoutil/internal/apps/template/service/testing/e2e/config_helpers.go:18.97,51.2 1 0
cryptoutil/internal/apps/template/service/testing/e2e/config_helpers.go:55.126,60.2 3 0
cryptoutil/internal/apps/template/service/testing/e2e/db_cleanup_helpers.go:21.58,22.31 1 0
cryptoutil/internal/apps/template/service/testing/e2e/db_cleanup_helpers.go:22.31,23.63 1 0
cryptoutil/internal/apps/template/service/testing/e2e/db_cleanup_helpers.go:23.63,25.4 1 0
cryptoutil/internal/apps/template/service/testing/e2e/db_cleanup_helpers.go:28.2,28.12 1 0
cryptoutil/internal/apps/template/service/testing/e2e/db_cleanup_helpers.go:33.64,35.2 1 0
cryptoutil/internal/apps/template/service/testing/e2e/db_helpers.go:28.93,31.16 2 0
cryptoutil/internal/apps/template/service/testing/e2e/db_helpers.go:31.16,33.3 1 0
cryptoutil/internal/apps/template/service/testing/e2e/db_helpers.go:35.2,38.16 3 0
cryptoutil/internal/apps/template/service/testing/e2e/db_helpers.go:38.16,40.3 1 0
cryptoutil/internal/apps/template/service/testing/e2e/db_helpers.go:43.2,44.16 2 0
cryptoutil/internal/apps/template/service/testing/e2e/db_helpers.go:44.16,46.3 1 0
cryptoutil/internal/apps/template/service/testing/e2e/db_helpers.go:48.2,49.16 2 0
cryptoutil/internal/apps/template/service/testing/e2e/db_helpers.go:49.16,51.3 1 0
cryptoutil/internal/apps/template/service/testing/e2e/db_helpers.go:54.2,62.16 5 0
cryptoutil/internal/apps/template/service/testing/e2e/db_helpers.go:62.16,64.3 1 0
cryptoutil/internal/apps/template/service/testing/e2e/db_helpers.go:67.2,67.28 1 0
cryptoutil/internal/apps/template/service/testing/e2e/db_helpers.go:67.28,69.17 2 0
cryptoutil/internal/apps/template/service/testing/e2e/db_helpers.go:69.17,71.4 1 0
cryptoutil/internal/apps/template/service/testing/e2e/db_helpers.go:74.2,74.16 1 0
cryptoutil/internal/apps/template/service/testing/e2e/http_helpers.go:20.58,31.2 2 0
cryptoutil/internal/apps/template/service/testing/e2e/http_helpers.go:35.84,46.2 2 0
cryptoutil/internal/apps/template/service/testing/e2e/server_helpers.go:30.49,40.2 2 0
cryptoutil/internal/apps/template/service/testing/e2e/server_helpers.go:50.98,53.50 2 0
cryptoutil/internal/apps/template/service/testing/e2e/server_helpers.go:53.50,55.21 2 0
cryptoutil/internal/apps/template/service/testing/e2e/server_helpers.go:55.21,56.9 1 0
cryptoutil/internal/apps/template/service/testing/e2e/server_helpers.go:59.3,59.38 1 0
cryptoutil/internal/apps/template/service/testing/e2e/server_helpers.go:62.2,62.21 1 0
cryptoutil/internal/apps/template/service/testing/e2e/server_helpers.go:62.21,64.3 1 0
cryptoutil/internal/apps/template/service/testing/e2e/server_helpers.go:66.2,68.21 2 0
cryptoutil/internal/apps/template/service/testing/e2e/server_helpers.go:79.84,82.12 2 0
cryptoutil/internal/apps/template/service/testing/e2e/server_helpers.go:82.12,83.53 1 0
cryptoutil/internal/apps/template/service/testing/e2e/server_helpers.go:83.53,85.4 1 0
cryptoutil/internal/apps/template/service/testing/e2e/server_helpers.go:88.2,88.16 1 0
cryptoutil/internal/apps/template/service/testing/e2e/user_auth_helpers.go:33.107,51.15 10 0
cryptoutil/internal/apps/template/service/testing/e2e/user_auth_helpers.go:51.15,51.40 1 0
cryptoutil/internal/apps/template/service/testing/e2e/user_auth_helpers.go:53.2,71.3 8 0
cryptoutil/internal/apps/template/service/testing/e2e/user_auth_helpers.go:76.107,94.15 10 0
cryptoutil/internal/apps/template/service/testing/e2e/user_auth_helpers.go:94.15,94.40 1 0
cryptoutil/internal/apps/template/service/testing/e2e/user_auth_helpers.go:96.2,114.3 8 0
cryptoutil/internal/apps/template/service/testing/e2e/user_auth_helpers.go:119.105,137.15 10 0
cryptoutil/internal/apps/template/service/testing/e2e/user_auth_helpers.go:137.15,137.40 1 0
cryptoutil/internal/apps/template/service/testing/e2e/user_auth_helpers.go:139.2,146.26 5 0
cryptoutil/internal/apps/template/service/testing/e2e/user_auth_helpers.go:151.91,161.2 6 0
cryptoutil/internal/apps/template/service/testing/e2e/user_auth_helpers.go:165.91,175.2 6 0
cryptoutil/internal/apps/template/service/testing/e2e/user_auth_helpers.go:179.121,183.17 3 0
cryptoutil/internal/apps/template/service/testing/e2e/user_auth_helpers.go:183.17,185.3 1 0
cryptoutil/internal/apps/template/service/testing/e2e/user_auth_helpers.go:187.2,190.17 3 0
cryptoutil/internal/apps/template/service/testing/e2e/user_auth_helpers.go:190.17,192.3 1 0
cryptoutil/internal/apps/template/service/testing/e2e/user_auth_helpers.go:194.2,199.13 4 0
cryptoutil/internal/apps/template/service/testing/e2e/user_auth_helpers.go:204.72,207.15 2 0
cryptoutil/internal/apps/template/service/testing/e2e/user_auth_helpers.go:207.15,210.3 2 0
cryptoutil/internal/apps/template/service/testing/e2e/user_auth_helpers.go:212.2,213.25 2 0
cryptoutil/internal/apps/template/service/testing/e2e/user_auth_helpers.go:218.86,228.2 6 0
cryptoutil/internal/apps/template/service/testing/e2e/user_auth_helpers.go:232.84,241.15 6 0
cryptoutil/internal/apps/template/service/testing/e2e/user_auth_helpers.go:241.15,244.3 2 0
cryptoutil/internal/apps/template/service/testing/e2e/user_auth_helpers.go:246.2,255.67 7 0
cryptoutil/internal/apps/template/service/testing/httpservertests/shutdown_tests.go:33.85,48.12 8 0
cryptoutil/internal/apps/template/service/testing/httpservertests/shutdown_tests.go:48.12,52.3 2 0
cryptoutil/internal/apps/template/service/testing/httpservertests/shutdown_tests.go:55.2,67.21 7 0
cryptoutil/internal/apps/template/service/testing/httpservertests/shutdown_tests.go:67.21,69.3 1 0
cryptoutil/internal/apps/template/service/testing/httpservertests/shutdown_tests.go:72.2,72.33 1 0
cryptoutil/internal/apps/template/service/testing/httpservertests/shutdown_tests.go:76.87,89.12 7 0
cryptoutil/internal/apps/template/service/testing/httpservertests/shutdown_tests.go:89.12,93.3 2 0
cryptoutil/internal/apps/template/service/testing/httpservertests/shutdown_tests.go:96.2,105.33 5 0
cryptoutil/internal/apps/template/service/testing/httpservertests/shutdown_tests.go:109.87,122.12 7 0
cryptoutil/internal/apps/template/service/testing/httpservertests/shutdown_tests.go:122.12,126.3 2 0
cryptoutil/internal/apps/template/service/testing/httpservertests/shutdown_tests.go:129.2,150.33 12 0
cryptoutil/internal/apps/template/service/testing/httpservertests/shutdown_tests.go:154.84,162.2 5 0
cryptoutil/internal/apps/template/service/server/apis/rate_limiter.go:34.65,47.2 3 1
cryptoutil/internal/apps/template/service/server/apis/rate_limiter.go:51.53,56.13 4 1
cryptoutil/internal/apps/template/service/server/apis/rate_limiter.go:56.13,63.3 2 1
cryptoutil/internal/apps/template/service/server/apis/rate_limiter.go:66.2,70.21 4 1
cryptoutil/internal/apps/template/service/server/apis/rate_limiter.go:70.21,72.35 2 1
cryptoutil/internal/apps/template/service/server/apis/rate_limiter.go:72.35,74.4 1 0
cryptoutil/internal/apps/template/service/server/apis/rate_limiter.go:76.3,76.30 1 1
cryptoutil/internal/apps/template/service/server/apis/rate_limiter.go:80.2,80.23 1 1
cryptoutil/internal/apps/template/service/server/apis/rate_limiter.go:80.23,84.3 2 1
cryptoutil/internal/apps/template/service/server/apis/rate_limiter.go:86.2,86.14 1 1
cryptoutil/internal/apps/template/service/server/apis/rate_limiter.go:90.38,91.6 1 1
cryptoutil/internal/apps/template/service/server/apis/rate_limiter.go:91.6,92.10 1 1
cryptoutil/internal/apps/template/service/server/apis/rate_limiter.go:93.29,94.16 1 0
cryptoutil/internal/apps/template/service/server/apis/rate_limiter.go:95.25,96.10 1 1
cryptoutil/internal/apps/template/service/server/apis/rate_limiter.go:102.34,109.37 5 1
cryptoutil/internal/apps/template/service/server/apis/rate_limiter.go:109.37,110.49 1 1
cryptoutil/internal/apps/template/service/server/apis/rate_limiter.go:110.49,112.4 1 1
cryptoutil/internal/apps/template/service/server/apis/rate_limiter.go:117.31,120.2 2 1
cryptoutil/internal/apps/template/service/server/apis/registration_handlers.go:23.25,27.2 1 1
cryptoutil/internal/apps/template/service/server/apis/registration_handlers.go:46.71,48.43 2 1
cryptoutil/internal/apps/template/service/server/apis/registration_handlers.go:48.43,52.3 1 1
cryptoutil/internal/apps/template/service/server/apis/registration_handlers.go:59.2,67.16 3 1
cryptoutil/internal/apps/template/service/server/apis/registration_handlers.go:67.16,71.3 1 0
cryptoutil/internal/apps/template/service/server/apis/registration_handlers.go:73.2,78.19 2 1
cryptoutil/internal/apps/template/service/server/apis/registration_handlers.go:78.19,81.3 2 1
cryptoutil/internal/apps/template/service/server/apis/registration_handlers.go:83.2,83.52 1 1
cryptoutil/internal/apps/template/service/server/apis/registration_handlers.go:99.75,102.24 2 1
cryptoutil/internal/apps/template/service/server/apis/registration_handlers.go:102.24,106.3 1 1
cryptoutil/internal/apps/template/service/server/apis/registration_handlers.go:108.2,109.9 2 1
cryptoutil/internal/apps/template/service/server/apis/registration_handlers.go:109.9,113.3 1 1
cryptoutil/internal/apps/template/service/server/apis/registration_handlers.go:117.2,118.16 2 1
cryptoutil/internal/apps/template/service/server/apis/registration_handlers.go:118.16,122.3 1 0
cryptoutil/internal/apps/template/service/server/apis/registration_handlers.go:124.2,126.31 2 1
cryptoutil/internal/apps/template/service/server/apis/registration_handlers.go:126.31,134.24 2 1
cryptoutil/internal/apps/template/service/server/apis/registration_handlers.go:134.24,137.4 2 1
cryptoutil/internal/apps/template/service/server/apis/registration_handlers.go:139.3,139.26 1 1
cryptoutil/internal/apps/template/service/server/apis/registration_handlers.go:139.26,142.4 2 1
cryptoutil/internal/apps/template/service/server/apis/registration_handlers.go:144.3,144.29 1 1
cryptoutil/internal/apps/template/service/server/apis/registration_handlers.go:144.29,147.4 2 1
cryptoutil/internal/apps/template/service/server/apis/registration_handlers.go:149.3,149.29 1 1
cryptoutil/internal/apps/template/service/server/apis/registration_handlers.go:149.29,152.4 2 1
cryptoutil/internal/apps/template/service/server/apis/registration_handlers.go:154.3,154.25 1 1
cryptoutil/internal/apps/template/service/server/apis/registration_handlers.go:157.2,159.4 1 1
cryptoutil/internal/apps/template/service/server/apis/registration_handlers.go:169.77,171.16 2 1
cryptoutil/internal/apps/template/service/server/apis/registration_handlers.go:171.16,175.3 1 1
cryptoutil/internal/apps/template/service/server/apis/registration_handlers.go:177.2,178.43 2 1
cryptoutil/internal/apps/template/service/server/apis/registration_handlers.go:178.43,182.3 1 1
cryptoutil/internal/apps/template/service/server/apis/registration_handlers.go:185.2,186.22 2 1
cryptoutil/internal/apps/template/service/server/apis/registration_handlers.go:186.22,190.3 1 1
cryptoutil/internal/apps/template/service/server/apis/registration_handlers.go:192.2,193.9 2 1
cryptoutil/internal/apps/template/service/server/apis/registration_handlers.go:193.9,197.3 1 1
cryptoutil/internal/apps/template/service/server/apis/registration_handlers.go:199.2,205.16 2 1
cryptoutil/internal/apps/template/service/server/apis/registration_handlers.go:205.16,209.3 1 0
cryptoutil/internal/apps/template/service/server/apis/registration_handlers.go:211.2,212.18 2 1
cryptoutil/internal/apps/template/service/server/apis/registration_handlers.go:212.18,214.3 1 1
cryptoutil/internal/apps/template/service/server/apis/registration_handlers.go:216.2,218.4 1 1
cryptoutil/internal/apps/template/service/server/apis/registration_routes.go:23.3,31.50 3 1
cryptoutil/internal/apps/template/service/server/apis/registration_routes.go:31.50,33.36 2 1
cryptoutil/internal/apps/template/service/server/apis/registration_routes.go:33.36,37.4 1 0
cryptoutil/internal/apps/template/service/server/apis/registration_routes.go:39.3,39.18 1 1
cryptoutil/internal/apps/template/service/server/apis/registration_routes.go:43.2,44.93 2 1
cryptoutil/internal/apps/template/service/server/apis/registration_routes.go:53.3,61.2 3 1
cryptoutil/internal/apps/template/service/server/apis/sessions.go:39.71,43.2 1 1
cryptoutil/internal/apps/template/service/server/apis/sessions.go:76.59,78.43 2 1
cryptoutil/internal/apps/template/service/server/apis/sessions.go:78.43,82.3 2 1
cryptoutil/internal/apps/template/service/server/apis/sessions.go:85.2,86.16 2 1
cryptoutil/internal/apps/template/service/server/apis/sessions.go:86.16,90.3 2 1
cryptoutil/internal/apps/template/service/server/apis/sessions.go:92.2,93.16 2 1
cryptoutil/internal/apps/template/service/server/apis/sessions.go:93.16,97.3 2 1
cryptoutil/internal/apps/template/service/server/apis/sessions.go:100.2,104.43 3 1
cryptoutil/internal/apps/template/service/server/apis/sessions.go:104.43,106.3 1 1
cryptoutil/internal/apps/template/service/server/apis/sessions.go:106.8,108.3 1 1
cryptoutil/internal/apps/template/service/server/apis/sessions.go:110.2,110.16 1 1
cryptoutil/internal/apps/template/service/server/apis/sessions.go:110.16,114.3 2 0
cryptoutil/internal/apps/template/service/server/apis/sessions.go:117.2,121.37 2 1
cryptoutil/internal/apps/template/service/server/apis/sessions.go:121.37,123.3 1 0
cryptoutil/internal/apps/template/service/server/apis/sessions.go:125.2,125.12 1 1
cryptoutil/internal/apps/template/service/server/apis/sessions.go:129.62,131.43 2 1
cryptoutil/internal/apps/template/service/server/apis/sessions.go:131.43,135.3 2 1
cryptoutil/internal/apps/template/service/server/apis/sessions.go:138.2,146.43 3 1
cryptoutil/internal/apps/template/service/server/apis/sessions.go:146.43,148.17 2 1
cryptoutil/internal/apps/template/service/server/apis/sessions.go:148.17,150.4 1 1
cryptoutil/internal/apps/template/service/server/apis/sessions.go:150.9,151.36 1 1
cryptoutil/internal/apps/template/service/server/apis/sessions.go:151.36,153.5 1 1
cryptoutil/internal/apps/template/service/server/apis/sessions.go:155.4,157.16 3 1
cryptoutil/internal/apps/template/service/server/apis/sessions.go:159.8,161.17 2 1
cryptoutil/internal/apps/template/service/server/apis/sessions.go:161.17,163.4 1 1
cryptoutil/internal/apps/template/service/server/apis/sessions.go:163.9,164.38 1 1
cryptoutil/internal/apps/template/service/server/apis/sessions.go:164.38,166.5 1 1
cryptoutil/internal/apps/template/service/server/apis/sessions.go:168.4,170.16 3 1
cryptoutil/internal/apps/template/service/server/apis/sessions.go:175.2,182.37 2 1
cryptoutil/internal/apps/template/service/server/apis/sessions.go:182.37,184.3 1 0
cryptoutil/internal/apps/template/service/server/apis/sessions.go:186.2,186.12 1 1
