mode: set
cryptoutil/internal/common/config/config.go:146.41,148.2 1 1
cryptoutil/internal/common/config/config.go:219.44,221.2 1 0
cryptoutil/internal/common/config/config.go:224.43,226.2 1 0
cryptoutil/internal/common/config/config.go:603.76,604.33 1 1
cryptoutil/internal/common/config/config.go:604.33,606.3 1 0
cryptoutil/internal/common/config/config.go:608.2,609.43 2 1
cryptoutil/internal/common/config/config.go:609.43,611.3 1 0
cryptoutil/internal/common/config/config.go:613.2,622.71 5 1
cryptoutil/internal/common/config/config.go:622.71,624.3 1 0
cryptoutil/internal/common/config/config.go:626.2,626.68 1 1
cryptoutil/internal/common/config/config.go:626.68,628.3 1 0
cryptoutil/internal/common/config/config.go:630.2,630.71 1 1
cryptoutil/internal/common/config/config.go:630.71,632.3 1 0
cryptoutil/internal/common/config/config.go:634.2,634.65 1 1
cryptoutil/internal/common/config/config.go:634.65,636.3 1 0
cryptoutil/internal/common/config/config.go:638.2,638.83 1 1
cryptoutil/internal/common/config/config.go:638.83,640.3 1 0
cryptoutil/internal/common/config/config.go:642.2,642.81 1 1
cryptoutil/internal/common/config/config.go:642.81,644.3 1 0
cryptoutil/internal/common/config/config.go:646.2,646.105 1 1
cryptoutil/internal/common/config/config.go:646.105,648.3 1 0
cryptoutil/internal/common/config/config.go:650.2,650.111 1 1
cryptoutil/internal/common/config/config.go:650.111,652.3 1 0
cryptoutil/internal/common/config/config.go:654.2,654.117 1 1
cryptoutil/internal/common/config/config.go:654.117,656.3 1 0
cryptoutil/internal/common/config/config.go:658.2,658.111 1 1
cryptoutil/internal/common/config/config.go:658.111,660.3 1 0
cryptoutil/internal/common/config/config.go:663.2,715.16 52 1
cryptoutil/internal/common/config/config.go:715.16,717.3 1 0
cryptoutil/internal/common/config/config.go:719.2,720.16 2 1
cryptoutil/internal/common/config/config.go:720.16,722.3 1 0
cryptoutil/internal/common/config/config.go:724.2,725.26 2 1
cryptoutil/internal/common/config/config.go:725.26,727.72 1 1
cryptoutil/internal/common/config/config.go:727.72,730.47 2 0
cryptoutil/internal/common/config/config.go:730.47,732.5 1 0
cryptoutil/internal/common/config/config.go:735.3,735.41 1 1
cryptoutil/internal/common/config/config.go:735.41,736.73 1 0
cryptoutil/internal/common/config/config.go:736.73,739.49 2 0
cryptoutil/internal/common/config/config.go:739.49,741.6 1 0
cryptoutil/internal/common/config/config.go:747.2,748.23 2 1
cryptoutil/internal/common/config/config.go:748.23,749.61 1 0
cryptoutil/internal/common/config/config.go:749.61,751.42 1 0
cryptoutil/internal/common/config/config.go:751.42,752.26 1 0
cryptoutil/internal/common/config/config.go:752.26,754.6 1 0
cryptoutil/internal/common/config/config.go:756.9,758.4 1 0
cryptoutil/internal/common/config/config.go:761.2,815.49 2 1
cryptoutil/internal/common/config/config.go:815.49,818.56 2 0
cryptoutil/internal/common/config/config.go:818.56,820.4 1 0
cryptoutil/internal/common/config/config.go:820.9,822.4 1 0
cryptoutil/internal/common/config/config.go:825.2,827.12 2 1
cryptoutil/internal/common/config/config.go:827.12,920.17 92 1
cryptoutil/internal/common/config/config.go:920.17,922.4 1 0
cryptoutil/internal/common/config/config.go:926.2,926.49 1 1
cryptoutil/internal/common/config/config.go:926.49,928.3 1 0
cryptoutil/internal/common/config/config.go:930.2,930.15 1 1
cryptoutil/internal/common/config/config.go:933.31,934.19 1 1
cryptoutil/internal/common/config/config.go:934.19,990.49 3 1
cryptoutil/internal/common/config/config.go:990.49,992.57 2 1
cryptoutil/internal/common/config/config.go:992.57,994.5 1 0
cryptoutil/internal/common/config/config.go:996.4,996.70 1 1
cryptoutil/internal/common/config/config.go:999.3,1007.43 5 1
cryptoutil/internal/common/config/config.go:1007.43,1009.69 2 1
cryptoutil/internal/common/config/config.go:1009.69,1011.5 1 1
cryptoutil/internal/common/config/config.go:1011.10,1013.5 1 1
cryptoutil/internal/common/config/config.go:1016.3,1019.90 4 1
cryptoutil/internal/common/config/config.go:1023.19,1027.2 2 1
cryptoutil/internal/common/config/config.go:1029.49,1033.2 2 1
cryptoutil/internal/common/config/config.go:1036.45,1037.33 1 1
cryptoutil/internal/common/config/config.go:1037.33,1039.3 1 1
cryptoutil/internal/common/config/config.go:1041.2,1041.60 1 0
cryptoutil/internal/common/config/config.go:1044.49,1045.35 1 1
cryptoutil/internal/common/config/config.go:1045.35,1047.3 1 1
cryptoutil/internal/common/config/config.go:1049.2,1049.62 1 0
cryptoutil/internal/common/config/config.go:1052.49,1053.35 1 1
cryptoutil/internal/common/config/config.go:1053.35,1055.3 1 1
cryptoutil/internal/common/config/config.go:1057.2,1057.62 1 0
cryptoutil/internal/common/config/config.go:1060.56,1061.37 1 1
cryptoutil/internal/common/config/config.go:1061.37,1063.3 1 1
cryptoutil/internal/common/config/config.go:1065.2,1065.64 1 0
cryptoutil/internal/common/config/config.go:1068.56,1069.37 1 1
cryptoutil/internal/common/config/config.go:1069.37,1071.3 1 1
cryptoutil/internal/common/config/config.go:1073.2,1073.74 1 0
cryptoutil/internal/common/config/config.go:1076.58,1077.42 1 1
cryptoutil/internal/common/config/config.go:1077.42,1079.3 1 1
cryptoutil/internal/common/config/config.go:1081.2,1081.69 1 0
cryptoutil/internal/common/config/config.go:1084.43,1085.32 1 1
cryptoutil/internal/common/config/config.go:1085.32,1087.3 1 1
cryptoutil/internal/common/config/config.go:1089.2,1089.59 1 0
cryptoutil/internal/common/config/config.go:1092.38,1093.27 1 1
cryptoutil/internal/common/config/config.go:1094.14,1095.34 1 1
cryptoutil/internal/common/config/config.go:1096.16,1097.18 1 1
cryptoutil/internal/common/config/config.go:1097.18,1099.4 1 0
cryptoutil/internal/common/config/config.go:1101.3,1101.51 1 1
cryptoutil/internal/common/config/config.go:1102.12,1103.30 1 1
cryptoutil/internal/common/config/config.go:1104.14,1105.30 1 1
cryptoutil/internal/common/config/config.go:1106.21,1107.20 1 1
cryptoutil/internal/common/config/config.go:1108.10,1109.30 1 1
cryptoutil/internal/common/config/config.go:1113.58,1118.35 2 1
cryptoutil/internal/common/config/config.go:1118.35,1121.3 2 1
cryptoutil/internal/common/config/config.go:1123.2,1123.35 1 1
cryptoutil/internal/common/config/config.go:1123.35,1124.52 1 1
cryptoutil/internal/common/config/config.go:1124.52,1126.4 1 1
cryptoutil/internal/common/config/config.go:1128.3,1128.89 1 1
cryptoutil/internal/common/config/config.go:1128.89,1130.4 1 1
cryptoutil/internal/common/config/config.go:1133.2,1133.15 1 1
cryptoutil/internal/common/config/config.go:1138.47,1142.26 2 1
cryptoutil/internal/common/config/config.go:1142.26,1144.3 1 0
cryptoutil/internal/common/config/config.go:1146.2,1146.27 1 1
cryptoutil/internal/common/config/config.go:1146.27,1148.3 1 0
cryptoutil/internal/common/config/config.go:1150.2,1150.43 1 1
cryptoutil/internal/common/config/config.go:1150.43,1152.3 1 0
cryptoutil/internal/common/config/config.go:1155.2,1155.115 1 1
cryptoutil/internal/common/config/config.go:1155.115,1157.3 1 0
cryptoutil/internal/common/config/config.go:1159.2,1159.117 1 1
cryptoutil/internal/common/config/config.go:1159.117,1161.3 1 0
cryptoutil/internal/common/config/config.go:1164.2,1164.128 1 1
cryptoutil/internal/common/config/config.go:1164.128,1166.3 1 0
cryptoutil/internal/common/config/config.go:1168.2,1168.109 1 1
cryptoutil/internal/common/config/config.go:1168.109,1170.3 1 0
cryptoutil/internal/common/config/config.go:1173.2,1173.68 1 1
cryptoutil/internal/common/config/config.go:1173.68,1175.3 1 0
cryptoutil/internal/common/config/config.go:1178.2,1178.46 1 1
cryptoutil/internal/common/config/config.go:1178.46,1179.39 1 1
cryptoutil/internal/common/config/config.go:1179.39,1181.4 1 0
cryptoutil/internal/common/config/config.go:1185.2,1188.39 3 1
cryptoutil/internal/common/config/config.go:1188.39,1189.43 1 1
cryptoutil/internal/common/config/config.go:1189.43,1192.9 2 1
cryptoutil/internal/common/config/config.go:1196.2,1196.20 1 1
cryptoutil/internal/common/config/config.go:1196.20,1198.3 1 0
cryptoutil/internal/common/config/config.go:1201.2,1201.31 1 1
cryptoutil/internal/common/config/config.go:1201.31,1203.3 1 0
cryptoutil/internal/common/config/config.go:1203.8,1203.66 1 1
cryptoutil/internal/common/config/config.go:1203.66,1205.3 1 0
cryptoutil/internal/common/config/config.go:1207.2,1207.31 1 1
cryptoutil/internal/common/config/config.go:1207.31,1209.3 1 0
cryptoutil/internal/common/config/config.go:1209.8,1209.66 1 1
cryptoutil/internal/common/config/config.go:1209.66,1211.3 1 0
cryptoutil/internal/common/config/config.go:1214.2,1214.43 1 1
cryptoutil/internal/common/config/config.go:1214.43,1215.151 1 1
cryptoutil/internal/common/config/config.go:1215.151,1217.4 1 0
cryptoutil/internal/common/config/config.go:1220.2,1220.21 1 1
cryptoutil/internal/common/config/config.go:1220.21,1222.3 1 0
cryptoutil/internal/common/config/config.go:1224.2,1224.12 1 1
cryptoutil/internal/common/config/config_test_util.go:12.58,14.9 2 0
cryptoutil/internal/common/config/config_test_util.go:14.9,15.45 1 0
cryptoutil/internal/common/config/config_test_util.go:18.2,19.9 2 0
cryptoutil/internal/common/config/config_test_util.go:19.9,20.41 1 0
cryptoutil/internal/common/config/config_test_util.go:23.2,24.9 2 0
cryptoutil/internal/common/config/config_test_util.go:24.9,25.42 1 0
cryptoutil/internal/common/config/config_test_util.go:28.2,29.9 2 0
cryptoutil/internal/common/config/config_test_util.go:29.9,30.38 1 0
cryptoutil/internal/common/config/config_test_util.go:33.2,34.9 2 0
cryptoutil/internal/common/config/config_test_util.go:34.9,35.51 1 0
cryptoutil/internal/common/config/config_test_util.go:38.2,39.9 2 0
cryptoutil/internal/common/config/config_test_util.go:39.9,40.50 1 0
cryptoutil/internal/common/config/config_test_util.go:43.2,44.9 2 0
cryptoutil/internal/common/config/config_test_util.go:44.9,45.52 1 0
cryptoutil/internal/common/config/config_test_util.go:48.2,49.9 2 0
cryptoutil/internal/common/config/config_test_util.go:49.9,50.55 1 0
cryptoutil/internal/common/config/config_test_util.go:53.2,54.9 2 0
cryptoutil/internal/common/config/config_test_util.go:54.9,55.53 1 0
cryptoutil/internal/common/config/config_test_util.go:58.2,59.9 2 0
cryptoutil/internal/common/config/config_test_util.go:59.9,60.56 1 0
cryptoutil/internal/common/config/config_test_util.go:63.2,64.9 2 0
cryptoutil/internal/common/config/config_test_util.go:64.9,65.52 1 0
cryptoutil/internal/common/config/config_test_util.go:68.2,69.9 2 0
cryptoutil/internal/common/config/config_test_util.go:69.9,70.51 1 0
cryptoutil/internal/common/config/config_test_util.go:73.2,74.9 2 0
cryptoutil/internal/common/config/config_test_util.go:74.9,75.60 1 0
cryptoutil/internal/common/config/config_test_util.go:78.2,79.9 2 0
cryptoutil/internal/common/config/config_test_util.go:79.9,80.60 1 0
cryptoutil/internal/common/config/config_test_util.go:83.2,84.9 2 0
cryptoutil/internal/common/config/config_test_util.go:84.9,85.53 1 0
cryptoutil/internal/common/config/config_test_util.go:88.2,89.9 2 0
cryptoutil/internal/common/config/config_test_util.go:89.9,90.53 1 0
cryptoutil/internal/common/config/config_test_util.go:93.2,94.9 2 0
cryptoutil/internal/common/config/config_test_util.go:94.9,95.53 1 0
cryptoutil/internal/common/config/config_test_util.go:98.2,99.9 2 0
cryptoutil/internal/common/config/config_test_util.go:99.9,100.43 1 0
cryptoutil/internal/common/config/config_test_util.go:103.2,104.9 2 0
cryptoutil/internal/common/config/config_test_util.go:104.9,105.46 1 0
cryptoutil/internal/common/config/config_test_util.go:108.2,109.9 2 0
cryptoutil/internal/common/config/config_test_util.go:109.9,110.50 1 0
cryptoutil/internal/common/config/config_test_util.go:113.2,114.9 2 0
cryptoutil/internal/common/config/config_test_util.go:114.9,115.55 1 0
cryptoutil/internal/common/config/config_test_util.go:118.2,119.9 2 0
cryptoutil/internal/common/config/config_test_util.go:119.9,120.52 1 0
cryptoutil/internal/common/config/config_test_util.go:123.2,124.9 2 0
cryptoutil/internal/common/config/config_test_util.go:124.9,125.54 1 0
cryptoutil/internal/common/config/config_test_util.go:128.2,129.9 2 0
cryptoutil/internal/common/config/config_test_util.go:129.9,130.57 1 0
cryptoutil/internal/common/config/config_test_util.go:133.2,134.9 2 0
cryptoutil/internal/common/config/config_test_util.go:134.9,135.54 1 0
cryptoutil/internal/common/config/config_test_util.go:138.2,139.9 2 0
cryptoutil/internal/common/config/config_test_util.go:139.9,140.51 1 0
cryptoutil/internal/common/config/config_test_util.go:143.2,144.9 2 0
cryptoutil/internal/common/config/config_test_util.go:144.9,145.51 1 0
cryptoutil/internal/common/config/config_test_util.go:148.2,149.9 2 0
cryptoutil/internal/common/config/config_test_util.go:149.9,150.46 1 0
cryptoutil/internal/common/config/config_test_util.go:153.2,154.9 2 0
cryptoutil/internal/common/config/config_test_util.go:154.9,155.45 1 0
cryptoutil/internal/common/config/config_test_util.go:158.2,159.9 2 0
cryptoutil/internal/common/config/config_test_util.go:159.9,160.47 1 0
cryptoutil/internal/common/config/config_test_util.go:163.2,164.9 2 0
cryptoutil/internal/common/config/config_test_util.go:164.9,165.50 1 0
cryptoutil/internal/common/config/config_test_util.go:168.2,169.9 2 0
cryptoutil/internal/common/config/config_test_util.go:169.9,170.44 1 0
cryptoutil/internal/common/config/config_test_util.go:173.2,174.9 2 0
cryptoutil/internal/common/config/config_test_util.go:174.9,175.64 1 0
cryptoutil/internal/common/config/config_test_util.go:178.2,179.9 2 0
cryptoutil/internal/common/config/config_test_util.go:179.9,180.61 1 0
cryptoutil/internal/common/config/config_test_util.go:183.2,184.9 2 0
cryptoutil/internal/common/config/config_test_util.go:184.9,185.61 1 0
cryptoutil/internal/common/config/config_test_util.go:188.2,189.9 2 0
cryptoutil/internal/common/config/config_test_util.go:189.9,190.35 1 0
cryptoutil/internal/common/config/config_test_util.go:193.2,194.9 2 0
cryptoutil/internal/common/config/config_test_util.go:194.9,195.42 1 0
cryptoutil/internal/common/config/config_test_util.go:198.2,199.9 2 0
cryptoutil/internal/common/config/config_test_util.go:199.9,200.44 1 0
cryptoutil/internal/common/config/config_test_util.go:203.2,204.9 2 0
cryptoutil/internal/common/config/config_test_util.go:204.9,205.45 1 0
cryptoutil/internal/common/config/config_test_util.go:208.2,209.9 2 0
cryptoutil/internal/common/config/config_test_util.go:209.9,210.44 1 0
cryptoutil/internal/common/config/config_test_util.go:213.2,214.9 2 0
cryptoutil/internal/common/config/config_test_util.go:214.9,215.48 1 0
cryptoutil/internal/common/config/config_test_util.go:218.2,219.9 2 0
cryptoutil/internal/common/config/config_test_util.go:219.9,220.45 1 0
cryptoutil/internal/common/config/config_test_util.go:223.2,224.9 2 0
cryptoutil/internal/common/config/config_test_util.go:224.9,225.45 1 0
cryptoutil/internal/common/config/config_test_util.go:228.2,229.9 2 0
cryptoutil/internal/common/config/config_test_util.go:229.9,230.43 1 0
cryptoutil/internal/common/config/config_test_util.go:233.2,234.9 2 0
cryptoutil/internal/common/config/config_test_util.go:234.9,235.46 1 0
cryptoutil/internal/common/config/config_test_util.go:238.2,296.52 9 0
cryptoutil/internal/common/config/config_test_util.go:296.52,299.3 1 0
cryptoutil/internal/common/config/config_test_util.go:299.8,299.63 1 0
cryptoutil/internal/common/config/config_test_util.go:299.63,302.3 1 0
cryptoutil/internal/common/config/config_test_util.go:302.8,302.66 1 0
cryptoutil/internal/common/config/config_test_util.go:302.66,305.50 2 0
cryptoutil/internal/common/config/config_test_util.go:305.50,308.4 1 0
cryptoutil/internal/common/config/config_test_util.go:308.9,311.4 1 0
cryptoutil/internal/common/config/config_test_util.go:312.8,313.77 1 0
cryptoutil/internal/common/config/config_test_util.go:316.2,316.17 1 0
