mode: set
cryptoutil/internal/common/telemetry/log_level.go:34.76,35.41 1 1
cryptoutil/internal/common/telemetry/log_level.go:36.13,37.23 1 1
cryptoutil/internal/common/telemetry/log_level.go:38.15,39.25 1 0
cryptoutil/internal/common/telemetry/log_level.go:40.15,41.25 1 0
cryptoutil/internal/common/telemetry/log_level.go:42.16,43.26 1 0
cryptoutil/internal/common/telemetry/log_level.go:44.14,45.24 1 0
cryptoutil/internal/common/telemetry/log_level.go:46.16,47.26 1 0
cryptoutil/internal/common/telemetry/log_level.go:48.14,49.24 1 0
cryptoutil/internal/common/telemetry/log_level.go:50.15,51.25 1 0
cryptoutil/internal/common/telemetry/log_level.go:52.15,53.25 1 0
cryptoutil/internal/common/telemetry/log_level.go:54.13,55.23 1 0
cryptoutil/internal/common/telemetry/log_level.go:56.10,57.71 1 0
cryptoutil/internal/common/telemetry/telemetry_service.go:71.111,74.16 2 1
cryptoutil/internal/common/telemetry/telemetry_service.go:74.16,76.3 1 0
cryptoutil/internal/common/telemetry/telemetry_service.go:76.8,76.43 1 1
cryptoutil/internal/common/telemetry/telemetry_service.go:76.43,78.3 1 0
cryptoutil/internal/common/telemetry/telemetry_service.go:81.2,85.26 3 1
cryptoutil/internal/common/telemetry/telemetry_service.go:85.26,87.3 1 0
cryptoutil/internal/common/telemetry/telemetry_service.go:89.2,90.16 2 1
cryptoutil/internal/common/telemetry/telemetry_service.go:90.16,92.3 1 0
cryptoutil/internal/common/telemetry/telemetry_service.go:96.2,96.23 1 1
cryptoutil/internal/common/telemetry/telemetry_service.go:96.23,97.27 1 1
cryptoutil/internal/common/telemetry/telemetry_service.go:97.27,99.4 1 0
cryptoutil/internal/common/telemetry/telemetry_service.go:99.9,101.4 1 1
cryptoutil/internal/common/telemetry/telemetry_service.go:102.8,104.27 1 0
cryptoutil/internal/common/telemetry/telemetry_service.go:104.27,106.4 1 0
cryptoutil/internal/common/telemetry/telemetry_service.go:106.9,108.4 1 0
cryptoutil/internal/common/telemetry/telemetry_service.go:111.2,112.16 2 1
cryptoutil/internal/common/telemetry/telemetry_service.go:112.16,114.3 1 0
cryptoutil/internal/common/telemetry/telemetry_service.go:116.2,117.16 2 1
cryptoutil/internal/common/telemetry/telemetry_service.go:117.16,119.3 1 0
cryptoutil/internal/common/telemetry/telemetry_service.go:121.2,123.26 2 1
cryptoutil/internal/common/telemetry/telemetry_service.go:123.26,125.3 1 0
cryptoutil/internal/common/telemetry/telemetry_service.go:127.2,139.8 1 1
cryptoutil/internal/common/telemetry/telemetry_service.go:142.39,143.27 1 0
cryptoutil/internal/common/telemetry/telemetry_service.go:143.27,144.20 1 0
cryptoutil/internal/common/telemetry/telemetry_service.go:144.20,146.4 1 0
cryptoutil/internal/common/telemetry/telemetry_service.go:148.3,148.92 1 0
cryptoutil/internal/common/telemetry/telemetry_service.go:148.92,154.34 4 0
cryptoutil/internal/common/telemetry/telemetry_service.go:154.34,155.22 1 0
cryptoutil/internal/common/telemetry/telemetry_service.go:155.22,157.6 1 0
cryptoutil/internal/common/telemetry/telemetry_service.go:159.5,161.73 2 0
cryptoutil/internal/common/telemetry/telemetry_service.go:161.73,163.6 1 0
cryptoutil/internal/common/telemetry/telemetry_service.go:163.11,163.29 1 0
cryptoutil/internal/common/telemetry/telemetry_service.go:163.29,165.6 1 0
cryptoutil/internal/common/telemetry/telemetry_service.go:168.4,168.35 1 0
cryptoutil/internal/common/telemetry/telemetry_service.go:168.35,169.22 1 0
cryptoutil/internal/common/telemetry/telemetry_service.go:169.22,171.6 1 0
cryptoutil/internal/common/telemetry/telemetry_service.go:173.5,175.74 2 0
cryptoutil/internal/common/telemetry/telemetry_service.go:175.74,177.6 1 0
cryptoutil/internal/common/telemetry/telemetry_service.go:177.11,177.29 1 0
cryptoutil/internal/common/telemetry/telemetry_service.go:177.29,179.6 1 0
cryptoutil/internal/common/telemetry/telemetry_service.go:182.4,182.32 1 0
cryptoutil/internal/common/telemetry/telemetry_service.go:182.32,183.22 1 0
cryptoutil/internal/common/telemetry/telemetry_service.go:183.22,185.6 1 0
cryptoutil/internal/common/telemetry/telemetry_service.go:187.5,189.71 2 0
cryptoutil/internal/common/telemetry/telemetry_service.go:189.71,191.6 1 0
cryptoutil/internal/common/telemetry/telemetry_service.go:191.11,191.29 1 0
cryptoutil/internal/common/telemetry/telemetry_service.go:191.29,193.6 1 0
cryptoutil/internal/common/telemetry/telemetry_service.go:196.4,201.34 4 0
cryptoutil/internal/common/telemetry/telemetry_service.go:201.34,202.22 1 0
cryptoutil/internal/common/telemetry/telemetry_service.go:202.22,204.6 1 0
cryptoutil/internal/common/telemetry/telemetry_service.go:206.5,208.69 2 0
cryptoutil/internal/common/telemetry/telemetry_service.go:208.69,210.6 1 0
cryptoutil/internal/common/telemetry/telemetry_service.go:210.11,210.29 1 0
cryptoutil/internal/common/telemetry/telemetry_service.go:210.29,212.6 1 0
cryptoutil/internal/common/telemetry/telemetry_service.go:215.4,215.35 1 0
cryptoutil/internal/common/telemetry/telemetry_service.go:215.35,216.22 1 0
cryptoutil/internal/common/telemetry/telemetry_service.go:216.22,218.6 1 0
cryptoutil/internal/common/telemetry/telemetry_service.go:220.5,222.70 2 0
cryptoutil/internal/common/telemetry/telemetry_service.go:222.70,224.6 1 0
cryptoutil/internal/common/telemetry/telemetry_service.go:224.11,224.29 1 0
cryptoutil/internal/common/telemetry/telemetry_service.go:224.29,226.6 1 0
cryptoutil/internal/common/telemetry/telemetry_service.go:229.4,229.32 1 0
cryptoutil/internal/common/telemetry/telemetry_service.go:229.32,230.22 1 0
cryptoutil/internal/common/telemetry/telemetry_service.go:230.22,232.6 1 0
cryptoutil/internal/common/telemetry/telemetry_service.go:234.5,236.67 2 0
cryptoutil/internal/common/telemetry/telemetry_service.go:236.67,238.6 1 0
cryptoutil/internal/common/telemetry/telemetry_service.go:238.11,238.29 1 0
cryptoutil/internal/common/telemetry/telemetry_service.go:238.29,240.6 1 0
cryptoutil/internal/common/telemetry/telemetry_service.go:243.4,243.147 1 0
cryptoutil/internal/common/telemetry/telemetry_service.go:248.134,250.16 2 1
cryptoutil/internal/common/telemetry/telemetry_service.go:250.16,252.3 1 0
cryptoutil/internal/common/telemetry/telemetry_service.go:254.2,260.26 4 1
cryptoutil/internal/common/telemetry/telemetry_service.go:260.26,262.3 1 0
cryptoutil/internal/common/telemetry/telemetry_service.go:264.2,267.16 3 1
cryptoutil/internal/common/telemetry/telemetry_service.go:267.16,271.3 2 0
cryptoutil/internal/common/telemetry/telemetry_service.go:273.2,274.12 2 1
cryptoutil/internal/common/telemetry/telemetry_service.go:274.12,276.3 1 0
cryptoutil/internal/common/telemetry/telemetry_service.go:276.8,276.20 1 1
cryptoutil/internal/common/telemetry/telemetry_service.go:276.20,278.3 1 0
cryptoutil/internal/common/telemetry/telemetry_service.go:278.8,278.19 1 1
cryptoutil/internal/common/telemetry/telemetry_service.go:278.19,280.3 1 1
cryptoutil/internal/common/telemetry/telemetry_service.go:280.8,280.20 1 0
cryptoutil/internal/common/telemetry/telemetry_service.go:280.20,282.3 1 0
cryptoutil/internal/common/telemetry/telemetry_service.go:282.8,284.3 1 0
cryptoutil/internal/common/telemetry/telemetry_service.go:286.2,286.16 1 1
cryptoutil/internal/common/telemetry/telemetry_service.go:286.16,290.3 2 0
cryptoutil/internal/common/telemetry/telemetry_service.go:292.2,300.26 3 1
cryptoutil/internal/common/telemetry/telemetry_service.go:300.26,303.3 2 0
cryptoutil/internal/common/telemetry/telemetry_service.go:305.2,307.35 2 1
cryptoutil/internal/common/telemetry/telemetry_service.go:310.145,311.26 1 1
cryptoutil/internal/common/telemetry/telemetry_service.go:311.26,313.3 1 0
cryptoutil/internal/common/telemetry/telemetry_service.go:315.2,318.16 3 1
cryptoutil/internal/common/telemetry/telemetry_service.go:318.16,322.3 2 0
cryptoutil/internal/common/telemetry/telemetry_service.go:324.2,326.26 2 1
cryptoutil/internal/common/telemetry/telemetry_service.go:326.26,328.17 2 0
cryptoutil/internal/common/telemetry/telemetry_service.go:328.17,332.4 2 0
cryptoutil/internal/common/telemetry/telemetry_service.go:334.3,338.13 3 0
cryptoutil/internal/common/telemetry/telemetry_service.go:338.13,340.4 1 0
cryptoutil/internal/common/telemetry/telemetry_service.go:340.9,340.21 1 0
cryptoutil/internal/common/telemetry/telemetry_service.go:340.21,342.4 1 0
cryptoutil/internal/common/telemetry/telemetry_service.go:342.9,342.20 1 0
cryptoutil/internal/common/telemetry/telemetry_service.go:342.20,344.4 1 0
cryptoutil/internal/common/telemetry/telemetry_service.go:344.9,344.21 1 0
cryptoutil/internal/common/telemetry/telemetry_service.go:344.21,346.4 1 0
cryptoutil/internal/common/telemetry/telemetry_service.go:346.9,350.4 2 0
cryptoutil/internal/common/telemetry/telemetry_service.go:352.3,352.17 1 0
cryptoutil/internal/common/telemetry/telemetry_service.go:352.17,356.4 2 0
cryptoutil/internal/common/telemetry/telemetry_service.go:358.3,359.33 2 0
cryptoutil/internal/common/telemetry/telemetry_service.go:359.33,361.4 1 0
cryptoutil/internal/common/telemetry/telemetry_service.go:361.9,361.40 1 0
cryptoutil/internal/common/telemetry/telemetry_service.go:361.40,363.4 1 0
cryptoutil/internal/common/telemetry/telemetry_service.go:363.9,365.4 1 0
cryptoutil/internal/common/telemetry/telemetry_service.go:367.3,367.79 1 0
cryptoutil/internal/common/telemetry/telemetry_service.go:370.2,370.26 1 1
cryptoutil/internal/common/telemetry/telemetry_service.go:370.26,372.17 2 0
cryptoutil/internal/common/telemetry/telemetry_service.go:372.17,376.4 2 0
cryptoutil/internal/common/telemetry/telemetry_service.go:378.3,379.148 2 0
cryptoutil/internal/common/telemetry/telemetry_service.go:382.2,386.29 3 1
cryptoutil/internal/common/telemetry/telemetry_service.go:389.144,390.26 1 1
cryptoutil/internal/common/telemetry/telemetry_service.go:390.26,392.3 1 0
cryptoutil/internal/common/telemetry/telemetry_service.go:394.2,397.16 3 1
cryptoutil/internal/common/telemetry/telemetry_service.go:397.16,401.3 2 0
cryptoutil/internal/common/telemetry/telemetry_service.go:403.2,405.26 2 1
cryptoutil/internal/common/telemetry/telemetry_service.go:405.26,407.17 2 0
cryptoutil/internal/common/telemetry/telemetry_service.go:407.17,411.4 2 0
cryptoutil/internal/common/telemetry/telemetry_service.go:413.3,414.13 2 0
cryptoutil/internal/common/telemetry/telemetry_service.go:414.13,416.4 1 0
cryptoutil/internal/common/telemetry/telemetry_service.go:416.9,416.21 1 0
cryptoutil/internal/common/telemetry/telemetry_service.go:416.21,418.4 1 0
cryptoutil/internal/common/telemetry/telemetry_service.go:418.9,418.20 1 0
cryptoutil/internal/common/telemetry/telemetry_service.go:418.20,420.4 1 0
cryptoutil/internal/common/telemetry/telemetry_service.go:420.9,420.21 1 0
cryptoutil/internal/common/telemetry/telemetry_service.go:420.21,422.4 1 0
cryptoutil/internal/common/telemetry/telemetry_service.go:422.9,426.4 2 0
cryptoutil/internal/common/telemetry/telemetry_service.go:428.3,428.17 1 0
cryptoutil/internal/common/telemetry/telemetry_service.go:428.17,432.4 2 0
cryptoutil/internal/common/telemetry/telemetry_service.go:434.3,436.58 1 0
cryptoutil/internal/common/telemetry/telemetry_service.go:439.2,439.26 1 1
cryptoutil/internal/common/telemetry/telemetry_service.go:439.26,441.17 2 0
cryptoutil/internal/common/telemetry/telemetry_service.go:441.17,445.4 2 0
cryptoutil/internal/common/telemetry/telemetry_service.go:447.3,449.58 1 0
cryptoutil/internal/common/telemetry/telemetry_service.go:452.2,456.28 3 1
cryptoutil/internal/common/telemetry/telemetry_service.go:459.64,466.2 2 1
cryptoutil/internal/common/telemetry/telemetry_service.go:468.124,473.2 3 0
cryptoutil/internal/common/telemetry/telemetry_service.go:475.137,480.2 3 0
cryptoutil/internal/common/telemetry/telemetry_service.go:482.98,490.2 1 1
cryptoutil/internal/common/telemetry/telemetry_service.go:492.89,494.2 1 1
cryptoutil/internal/common/telemetry/telemetry_service.go:496.92,500.40 3 1
cryptoutil/internal/common/telemetry/telemetry_service.go:500.40,502.3 1 1
cryptoutil/internal/common/telemetry/telemetry_service.go:504.2,504.18 1 1
cryptoutil/internal/common/telemetry/telemetry_service.go:507.94,508.66 1 1
cryptoutil/internal/common/telemetry/telemetry_service.go:508.66,510.3 1 0
cryptoutil/internal/common/telemetry/telemetry_service.go:510.8,510.74 1 1
cryptoutil/internal/common/telemetry/telemetry_service.go:510.74,512.3 1 0
cryptoutil/internal/common/telemetry/telemetry_service.go:512.8,512.73 1 1
cryptoutil/internal/common/telemetry/telemetry_service.go:512.73,514.3 1 1
cryptoutil/internal/common/telemetry/telemetry_service.go:514.8,514.74 1 0
cryptoutil/internal/common/telemetry/telemetry_service.go:514.74,516.3 1 0
cryptoutil/internal/common/telemetry/telemetry_service.go:518.2,518.143 1 0
cryptoutil/internal/common/telemetry/telemetry_service.go:522.89,525.16 2 0
cryptoutil/internal/common/telemetry/telemetry_service.go:525.16,527.3 1 0
cryptoutil/internal/common/telemetry/telemetry_service.go:531.2,531.12 1 0
cryptoutil/internal/common/telemetry/telemetry_service.go:531.12,535.17 2 0
cryptoutil/internal/common/telemetry/telemetry_service.go:535.17,537.4 1 0
cryptoutil/internal/common/telemetry/telemetry_service.go:538.8,538.20 1 0
cryptoutil/internal/common/telemetry/telemetry_service.go:538.20,541.17 2 0
cryptoutil/internal/common/telemetry/telemetry_service.go:541.17,543.4 1 0
cryptoutil/internal/common/telemetry/telemetry_service.go:544.8,544.19 1 0
cryptoutil/internal/common/telemetry/telemetry_service.go:544.19,548.17 2 0
cryptoutil/internal/common/telemetry/telemetry_service.go:548.17,550.4 1 0
cryptoutil/internal/common/telemetry/telemetry_service.go:551.8,551.20 1 0
cryptoutil/internal/common/telemetry/telemetry_service.go:551.20,554.17 2 0
cryptoutil/internal/common/telemetry/telemetry_service.go:554.17,556.4 1 0
cryptoutil/internal/common/telemetry/telemetry_service.go:559.2,559.12 1 0
cryptoutil/internal/common/telemetry/telemetry_service.go:563.109,570.53 4 0
cryptoutil/internal/common/telemetry/telemetry_service.go:570.53,571.18 1 0
cryptoutil/internal/common/telemetry/telemetry_service.go:571.18,572.11 1 0
cryptoutil/internal/common/telemetry/telemetry_service.go:573.22,574.110 1 0
cryptoutil/internal/common/telemetry/telemetry_service.go:575.34,575.34 0 0
cryptoutil/internal/common/telemetry/telemetry_service.go:580.3,581.17 2 0
cryptoutil/internal/common/telemetry/telemetry_service.go:581.17,583.4 1 0
cryptoutil/internal/common/telemetry/telemetry_service.go:585.3,585.51 1 0
cryptoutil/internal/common/telemetry/telemetry_service.go:588.2,588.175 1 0
cryptoutil/internal/common/telemetry/telemetry_service.go:592.74,594.28 1 0
cryptoutil/internal/common/telemetry/telemetry_service.go:594.28,596.17 2 0
cryptoutil/internal/common/telemetry/telemetry_service.go:596.17,598.4 1 0
cryptoutil/internal/common/telemetry/telemetry_service.go:601.2,601.12 1 0
cryptoutil/internal/common/telemetry/telemetry_service_test_util.go:10.100,15.2 3 1
